CLIENT_HANDSHAKE_TRAFFIC_SECRET 1a74e403565561db6df09d5a6f205daf4b2016b92a584f3ecc1670d4143d8fd2 d79e79785ca8cc61b4209577f0a44b661ea801f3396f50665858689ebc04aa0f
SERVER_HANDSHAKE_TRAFFIC_SECRET 1a74e403565561db6df09d5a6f205daf4b2016b92a584f3ecc1670d4143d8fd2 d44b860630007171160b54c843c748e87022d87826cb511fd872754d69c5017b
CLIENT_HANDSHAKE_TRAFFIC_SECRET 2eae40a18023dec7464f4e377956864e8d85f9226adb83579e6a0b33281b44c2 de4cd35aa4b0aefbd6feb39e416763f7b990c347d533cf8c0929cc2a673f8523
SERVER_HANDSHAKE_TRAFFIC_SECRET 2eae40a18023dec7464f4e377956864e8d85f9226adb83579e6a0b33281b44c2 60b24e62167f4404fd69806642825330a52e4e614e4553d84d9f89807697151d
CLIENT_HANDSHAKE_TRAFFIC_SECRET 40714240b054683eee2c16034abd4c33855e329db05409b5136e573836459310 7007b9f2bb116ba07afabc12426b20f1fffd1ba741cab36fc10e327866a6535e
SERVER_HANDSHAKE_TRAFFIC_SECRET 40714240b054683eee2c16034abd4c33855e329db05409b5136e573836459310 51424f03cf32b6594364610adc2a01ef3d6fd45499a99a2916e7aa079c737f56
CLIENT_HANDSHAKE_TRAFFIC_SECRET 0d428b7f55c4f64b49f3ec57f1977e8caca41d708579f7c256f39780d050fdd6 4b179b707d50481308338655b44bc4e9933f4babbbd50f4b810737f9a3a92e23
SERVER_HANDSHAKE_TRAFFIC_SECRET 0d428b7f55c4f64b49f3ec57f1977e8caca41d708579f7c256f39780d050fdd6 4aa355e49c86cdc21c611b8bef1d814fd86f42755417ccad4510c9679d114040
CLIENT_HANDSHAKE_TRAFFIC_SECRET 684eb1d1366eb3b2e26e4cdd8ad5c071f352f09618cf3a028423b1e9f83c7de2 45287deec79574a40f20176194d5aa27c6e9c8d3ea584fbf5f5508f3800d47d8
SERVER_HANDSHAKE_TRAFFIC_SECRET 684eb1d1366eb3b2e26e4cdd8ad5c071f352f09618cf3a028423b1e9f83c7de2 c108471976ccfdd05253653f59988ea50b1a2ad39d955a996a7f1facc997690f
CLIENT_TRAFFIC_SECRET_0 0d428b7f55c4f64b49f3ec57f1977e8caca41d708579f7c256f39780d050fdd6 d033f89db619f1536a82f79af77b27c36feb153d86607566c32e6f23499f29a4
SERVER_TRAFFIC_SECRET_0 0d428b7f55c4f64b49f3ec57f1977e8caca41d708579f7c256f39780d050fdd6 536a7b6584c1d7331c1de24251abb4a3847feb33ff5803932b12a299c6030722
EXPORTER_SECRET 0d428b7f55c4f64b49f3ec57f1977e8caca41d708579f7c256f39780d050fdd6 cde03f1e432c32f954464d2035b73a7337306d2f009aa1d3ef7c8df8d5061d4a
CLIENT_HANDSHAKE_TRAFFIC_SECRET 42e6630fb61ef728175f5b18619ad884d9f6558d7e9f58a961476fadea75020b ac9637adce0a92b85d75193b8ff80514dabbaa209f10d66bd8dc861da7c874b6
SERVER_HANDSHAKE_TRAFFIC_SECRET 42e6630fb61ef728175f5b18619ad884d9f6558d7e9f58a961476fadea75020b 8d3d943831e74ff3eb612c1ca08f79b3d7793390d39dd459087008dc23092c5d
CLIENT_TRAFFIC_SECRET_0 42e6630fb61ef728175f5b18619ad884d9f6558d7e9f58a961476fadea75020b 5bbc3e0543ba093b6e01d781dccd2fd5939723b8f6817597e2ae6eb5bc6051ef
SERVER_TRAFFIC_SECRET_0 42e6630fb61ef728175f5b18619ad884d9f6558d7e9f58a961476fadea75020b 1d19c7ab190614938f143a2dbe581a2c707e08daf6b013693c72856cfd4e623f
EXPORTER_SECRET 42e6630fb61ef728175f5b18619ad884d9f6558d7e9f58a961476fadea75020b a50fa0e2ea9cf579031e98a45db7d3c572b1640890a4e3bcd97f919f41122a2c
CLIENT_HANDSHAKE_TRAFFIC_SECRET 84b074ab056cdfa71aa849768b55a04ede3ea9c0aa995a4108c082d50183cc78 3942df3cabbdbc9bec569b22f9de811b4e9f10ac573bbcb6af952f9d62999d18
SERVER_HANDSHAKE_TRAFFIC_SECRET 84b074ab056cdfa71aa849768b55a04ede3ea9c0aa995a4108c082d50183cc78 48d0fcc899951870dddfc7074cacc198598514ffe736614f810fc74dbd64aa50
CLIENT_TRAFFIC_SECRET_0 84b074ab056cdfa71aa849768b55a04ede3ea9c0aa995a4108c082d50183cc78 d9a6c6904723864df351c1356f805de7bf4dbf2c4644cacd6632f6a14448e342
SERVER_TRAFFIC_SECRET_0 84b074ab056cdfa71aa849768b55a04ede3ea9c0aa995a4108c082d50183cc78 02a9cbf05a4a22baf600e815e9fcac6ab50eed0262490e7aaf0639f016f4c0c0
EXPORTER_SECRET 84b074ab056cdfa71aa849768b55a04ede3ea9c0aa995a4108c082d50183cc78 cae02d857ed22d54f9300aa651253810fdf24d7cf775ea5f150d36cc1a85c1df
CLIENT_HANDSHAKE_TRAFFIC_SECRET a78d614304b3cab87bb02a0262629b746beee7520047bed2eb216946ec5ce7a0 524d3d3fe71c11818ef83a01ffbd0396c7114aec32ef410d73285411e5fed421
SERVER_HANDSHAKE_TRAFFIC_SECRET a78d614304b3cab87bb02a0262629b746beee7520047bed2eb216946ec5ce7a0 455300e699f879fc26f45523ed19dd2240e66742d8be03cb702027bf98aafaed
CLIENT_HANDSHAKE_TRAFFIC_SECRET 831fa24f4535ac76d83b596a4641b4726e5f5ee6fb62c2625e01592e029de028 e95588b86d0929675f3bc0bcd46eaea3f1e407a68589759b626612a3244beceb
SERVER_HANDSHAKE_TRAFFIC_SECRET 831fa24f4535ac76d83b596a4641b4726e5f5ee6fb62c2625e01592e029de028 b20326665e889aa360c719a651744bf91cfa9f508631be1278a0fb863c7273ad
CLIENT_TRAFFIC_SECRET_0 831fa24f4535ac76d83b596a4641b4726e5f5ee6fb62c2625e01592e029de028 c05e2671ff65f0f4551a323be1cac89cb572b5dd2907d963fcff36ed0bf89608
SERVER_TRAFFIC_SECRET_0 831fa24f4535ac76d83b596a4641b4726e5f5ee6fb62c2625e01592e029de028 03d55236a927d5d3f33e2038e2cdd26107ceef51c8eb5a070012f20ab3dc7a9e
EXPORTER_SECRET 831fa24f4535ac76d83b596a4641b4726e5f5ee6fb62c2625e01592e029de028 7e3e27b40c1757977d0c109d9ae83ab32398e3eb72c24ba7f1fadb1f90566c03
CLIENT_TRAFFIC_SECRET_0 a78d614304b3cab87bb02a0262629b746beee7520047bed2eb216946ec5ce7a0 65f4181ee8c11dca19cf09f9c02ac0f6750fef9f699127e2dcf0106cfebdb99a
SERVER_TRAFFIC_SECRET_0 a78d614304b3cab87bb02a0262629b746beee7520047bed2eb216946ec5ce7a0 1447162d89ad96fd2dc9787442bba9d0bb7c94e2ed8dad4e3fe9e4128e045ee4
EXPORTER_SECRET a78d614304b3cab87bb02a0262629b746beee7520047bed2eb216946ec5ce7a0 bcfc95860755b7e52e465f42a793d1ba79b336ca4589668207a772ed0d797b1d
CLIENT_HANDSHAKE_TRAFFIC_SECRET 0ae2c593bd952a64b8da5b325a41a8a16df9cea6cd5e7e4b4cc6d7eb71929a96 0e1bf7a25d319df00df0049d8796682fd755312e14a0bdc44bc612f3e03dedaf
SERVER_HANDSHAKE_TRAFFIC_SECRET 0ae2c593bd952a64b8da5b325a41a8a16df9cea6cd5e7e4b4cc6d7eb71929a96 a6f0443843c348ef2289e20957a03e421c00abe5ca2099747aff23a002ba6398
CLIENT_TRAFFIC_SECRET_0 0ae2c593bd952a64b8da5b325a41a8a16df9cea6cd5e7e4b4cc6d7eb71929a96 ead9fc7e935bc1a5b0d5d31af3c064ebcfaee95f9ce6e4cf79649c79ddb8b29b
SERVER_TRAFFIC_SECRET_0 0ae2c593bd952a64b8da5b325a41a8a16df9cea6cd5e7e4b4cc6d7eb71929a96 4d591d8c62fddfb9ec8630cd198cc7094b5e69d433d2cf7ce526420765ffa7df
EXPORTER_SECRET 0ae2c593bd952a64b8da5b325a41a8a16df9cea6cd5e7e4b4cc6d7eb71929a96 b5a6edc1a38547578f76dab0a3244088dced4fcde9fc628ccf48ee7ae5c1daa5
CLIENT_HANDSHAKE_TRAFFIC_SECRET 8cd58ecf2f8b84fdab68e871d6fccf25be4982776c17fbd373460528ea3c31de 2cbb8b6d8b8a8b8e838a41cc71157a1b34fc46f4cf5b0f789a02bbab467e8f83
SERVER_HANDSHAKE_TRAFFIC_SECRET 8cd58ecf2f8b84fdab68e871d6fccf25be4982776c17fbd373460528ea3c31de 5608994733afb5cf4b746ab338d3bb5b1abd219ff1b435d4ff170718534e06bb
CLIENT_TRAFFIC_SECRET_0 8cd58ecf2f8b84fdab68e871d6fccf25be4982776c17fbd373460528ea3c31de f792df360e35eafefee9792a3e39f814ad43bcb2954533f02ffebce58879b7d7
SERVER_TRAFFIC_SECRET_0 8cd58ecf2f8b84fdab68e871d6fccf25be4982776c17fbd373460528ea3c31de 73bd8cee1251688221109f25710b16860a3aa3ac2878a6e27b2cba97a6ebfc71
EXPORTER_SECRET 8cd58ecf2f8b84fdab68e871d6fccf25be4982776c17fbd373460528ea3c31de 39ee3eb2b3aa7e8d603194e0ab1fab436ced9602b41920d28ef8b215ea33cad5
CLIENT_HANDSHAKE_TRAFFIC_SECRET 9bd9759ae1e0bea2ebf4e3800b1446dd121e9025745ebb722a2eaa2c528b7e15 b7f15a5fcdd1a7ddf0da1cf7970fae06179c4feec5fbfa7256adf2d4a4827e47
SERVER_HANDSHAKE_TRAFFIC_SECRET 9bd9759ae1e0bea2ebf4e3800b1446dd121e9025745ebb722a2eaa2c528b7e15 7f4b470bfbe2d6d6cc78a869cbaca1b3d1bde00273f920f247dee74bd6d2290f
CLIENT_TRAFFIC_SECRET_0 9bd9759ae1e0bea2ebf4e3800b1446dd121e9025745ebb722a2eaa2c528b7e15 36ba17a3cd64a2b608bbadb370160e4ea2c88693961f694e6e4bdb1a1cb8bf18
SERVER_TRAFFIC_SECRET_0 9bd9759ae1e0bea2ebf4e3800b1446dd121e9025745ebb722a2eaa2c528b7e15 e7cd5d627bb4fef6abc1bbd67e6936c452875d76af455a46d844adccbfb09079
EXPORTER_SECRET 9bd9759ae1e0bea2ebf4e3800b1446dd121e9025745ebb722a2eaa2c528b7e15 b2eb21d2579ef76bdd927a8651cb8ffe63a51b67a02a719a9119cb4e0ab19e09
CLIENT_HANDSHAKE_TRAFFIC_SECRET 87863ef642a4db50a4d599c77573f45831fcf6b03cafe0dc8af2f9bf791a1041 0c02442366f5f364d61c75f53b034c98eff9563651c6e7ec75a14cd7386e8e5d
SERVER_HANDSHAKE_TRAFFIC_SECRET 87863ef642a4db50a4d599c77573f45831fcf6b03cafe0dc8af2f9bf791a1041 dbb611bc516df36131af0b0d92d11e0c9c9c13bcf8d027aa11630fcb3aa263d8
CLIENT_HANDSHAKE_TRAFFIC_SECRET b66af273647b076c4982fe10f6bd1be6059b51a3fb4daff8dbd28414ddb46126 7059437eddfed8294d862934be0a0044ff9caf7767cdea9caedf55a5b89c37b9
SERVER_HANDSHAKE_TRAFFIC_SECRET b66af273647b076c4982fe10f6bd1be6059b51a3fb4daff8dbd28414ddb46126 5ff5e710492fd58af96caae9f43a2e7dfd7175c17fa12c5fc480d43a290ed152
CLIENT_HANDSHAKE_TRAFFIC_SECRET 6fd84ba1a376716eb72203f9a2822530d59886cf69a1216a3797be9741c014cd f01ad0bed1cab409b1ac23d4f53c839b487a7deb8fc9403dde5e05b2c3252c77
SERVER_HANDSHAKE_TRAFFIC_SECRET 6fd84ba1a376716eb72203f9a2822530d59886cf69a1216a3797be9741c014cd 902699b6f34d5970422527283d7e53ab7097c859184c6cd7054d2db81886309a
CLIENT_TRAFFIC_SECRET_0 b66af273647b076c4982fe10f6bd1be6059b51a3fb4daff8dbd28414ddb46126 7d84f1622278b7f9ca4257a8dbb222edf71e98c086abe785172a216238ee148b
SERVER_TRAFFIC_SECRET_0 b66af273647b076c4982fe10f6bd1be6059b51a3fb4daff8dbd28414ddb46126 27fa5c01f25ce9e59012f17245388cffc7b8dd71185c4e0cd53cf69934c17bbe
EXPORTER_SECRET b66af273647b076c4982fe10f6bd1be6059b51a3fb4daff8dbd28414ddb46126 82c6df8e9f7320e2b990828efbb7a560e8891d7d5746c81e0ff3744e3a2bb37e
CLIENT_TRAFFIC_SECRET_0 87863ef642a4db50a4d599c77573f45831fcf6b03cafe0dc8af2f9bf791a1041 be9f4385fa82f911416be628eeac7f4814b314c8175db90fbd1e610f86bfebd2
SERVER_TRAFFIC_SECRET_0 87863ef642a4db50a4d599c77573f45831fcf6b03cafe0dc8af2f9bf791a1041 72d786a373545b9425bd8fb096cbfc6167b82619fb7069d78b7bc3e4e045aaa0
EXPORTER_SECRET 87863ef642a4db50a4d599c77573f45831fcf6b03cafe0dc8af2f9bf791a1041 4e92c49f3773321929c3075ba635efdbbdd8aca9c9e43522c6065347c84a2fc1
CLIENT_TRAFFIC_SECRET_0 6fd84ba1a376716eb72203f9a2822530d59886cf69a1216a3797be9741c014cd fa79025c018d11484bee1ac5dd599e7822f647e5934bc2f5730d738be5f72a42
SERVER_TRAFFIC_SECRET_0 6fd84ba1a376716eb72203f9a2822530d59886cf69a1216a3797be9741c014cd 19e7a2e48db8d0983e9ac1944dab278cb63ed75be12ca1b78e69074a7cebccad
EXPORTER_SECRET 6fd84ba1a376716eb72203f9a2822530d59886cf69a1216a3797be9741c014cd 6f012f50244a914a3b789a2570bc14873f5c9552797bc1f141c41df494c1befb
CLIENT_HANDSHAKE_TRAFFIC_SECRET 4e4f5d39fca5ce6b6ee87883b257482c87ea4d6247a5fe0df59d983772b8921f fdf84bfd1fd0aaa7e159bacca065b4ddb9949065f835cc672c6e2af06130121d
SERVER_HANDSHAKE_TRAFFIC_SECRET 4e4f5d39fca5ce6b6ee87883b257482c87ea4d6247a5fe0df59d983772b8921f f90a304407de2bbbede864a68b7e6b8ba11666201507a37f8652e56b99ca6945
CLIENT_TRAFFIC_SECRET_0 4e4f5d39fca5ce6b6ee87883b257482c87ea4d6247a5fe0df59d983772b8921f 1348d1ef3e7c9f062a7ece2bdaec7c8dcffa99e8f976deb26cef637629d2858b
SERVER_TRAFFIC_SECRET_0 4e4f5d39fca5ce6b6ee87883b257482c87ea4d6247a5fe0df59d983772b8921f 0d07f6c7715cbda441ca13a85e5d9c73fd7a1189cc3644da6dd76da82dc844f0
EXPORTER_SECRET 4e4f5d39fca5ce6b6ee87883b257482c87ea4d6247a5fe0df59d983772b8921f 56868a3d4ef164576b5b1a6a0a8b6184a2a76bf0e6d659ed819c9ddf4f33c389
CLIENT_HANDSHAKE_TRAFFIC_SECRET 25c8049dcb15fcc0d01724f52f29a28886edddf1e7b0a12b64f4be5ec2e27098 cbf4152d2da270cf076d439dcf2edc660a243f2a010ee84a745166f8340f9f631c5adbd16b87a97f43f338a3990b4901
SERVER_HANDSHAKE_TRAFFIC_SECRET 25c8049dcb15fcc0d01724f52f29a28886edddf1e7b0a12b64f4be5ec2e27098 b3a29978ca6e213d7c74a5633406eee084ba5dc84f7a947678dd9015b7ede0a6083976c0fe6508a0d8bcd432ebf0c185
CLIENT_TRAFFIC_SECRET_0 25c8049dcb15fcc0d01724f52f29a28886edddf1e7b0a12b64f4be5ec2e27098 700de45f580e4f069d9d314e27eba7d09c313f3d5c574af8ab12f766e25632173ffb55183efd2c2280ad690946deaa9a
SERVER_TRAFFIC_SECRET_0 25c8049dcb15fcc0d01724f52f29a28886edddf1e7b0a12b64f4be5ec2e27098 cb8420db9a3d01d6f9717e3266456c5a5f936051a7f912d1af5ad88a9a7c8c4b4d56e69b84001c2e52c9662fea1aa832
EXPORTER_SECRET 25c8049dcb15fcc0d01724f52f29a28886edddf1e7b0a12b64f4be5ec2e27098 321f22ab631d7d5b5688e6f139c9ecf38e82bb2700ea126bfae0caaa606043edf6ce459f66601977dbb1f394ec877d1d
CLIENT_HANDSHAKE_TRAFFIC_SECRET a44664868cb852f835543079d62802e92936cdd01206280407af18bd96177422 91212e7b245b28aa8eb23ec50eca469ef33e6a5c08ef1578c89e941275c1d398
SERVER_HANDSHAKE_TRAFFIC_SECRET a44664868cb852f835543079d62802e92936cdd01206280407af18bd96177422 cbf47abca2e84bec495b4c6a5d23eedf6d23dfd60881a5927e3c13e48e27cac3
CLIENT_TRAFFIC_SECRET_0 a44664868cb852f835543079d62802e92936cdd01206280407af18bd96177422 1fe93862dbb583577e958f96ac7300ac4050d48235f04ba82c46deba78cdc02b
SERVER_TRAFFIC_SECRET_0 a44664868cb852f835543079d62802e92936cdd01206280407af18bd96177422 35a904f8654a02ebded7c0a4a36d25a6a40c371beb5383c711418500b0c8c025
EXPORTER_SECRET a44664868cb852f835543079d62802e92936cdd01206280407af18bd96177422 fea9e832a817288023732fc81f27e9f075dcdaf7ab4b19f53fe5afa73839b8fe
CLIENT_HANDSHAKE_TRAFFIC_SECRET de7c40444ab479f85f0404a723a13143c708554a962a2fcee483d8a1e0c7970d b2c0c4a073f087af5d73c7c9071b1900e8891e4b62d55ede8dc3b0805b4ab3e1
SERVER_HANDSHAKE_TRAFFIC_SECRET de7c40444ab479f85f0404a723a13143c708554a962a2fcee483d8a1e0c7970d 1253601d1bac3996aa183bf405cf8eaf1d94fb147459921cd33ea0db8efeea37
CLIENT_TRAFFIC_SECRET_0 de7c40444ab479f85f0404a723a13143c708554a962a2fcee483d8a1e0c7970d 9186d472d82f9c582dcb98f4f918ffb4b5772e3b30a5a0256b2f5b5e2b0793c6
SERVER_TRAFFIC_SECRET_0 de7c40444ab479f85f0404a723a13143c708554a962a2fcee483d8a1e0c7970d 2cad2502c1b5aaafcb1929dee5817213b00afcd58553c4a69ed643f1031919a2
EXPORTER_SECRET de7c40444ab479f85f0404a723a13143c708554a962a2fcee483d8a1e0c7970d 1222b8e179fb57cbdea095e15dc6efd6313ca10e53424cb6ea9128510c08b357
CLIENT_HANDSHAKE_TRAFFIC_SECRET 29fd006c1e4095abd7428b5d3b6947f5b9c9ba58c465b571e883e6742c62ddfc 2d59b7d4b584231d080c06e451fd3e1dfa0ba96f007a50f354b6e2b6a4453ec7
SERVER_HANDSHAKE_TRAFFIC_SECRET 29fd006c1e4095abd7428b5d3b6947f5b9c9ba58c465b571e883e6742c62ddfc a9ef4697b00b1732cd725b4b523dda4a41e6b4a43fd8b698bc19283dbd8a1850
CLIENT_TRAFFIC_SECRET_0 29fd006c1e4095abd7428b5d3b6947f5b9c9ba58c465b571e883e6742c62ddfc 1c35c0887c376e538b588f1e89a7fcdd863540af3e5c6c5e24e3dba825c8b5f6
SERVER_TRAFFIC_SECRET_0 29fd006c1e4095abd7428b5d3b6947f5b9c9ba58c465b571e883e6742c62ddfc 279d9ea5e1c347c18df5aed51677dfe21c2d0e084d8a6fdf858dd6c1eca2dfb2
EXPORTER_SECRET 29fd006c1e4095abd7428b5d3b6947f5b9c9ba58c465b571e883e6742c62ddfc 5ef890aeb4672354b9cc86312178e37d3eb9e395063e34b2f0a1afc632ba9ee3
CLIENT_HANDSHAKE_TRAFFIC_SECRET a983e837933aba02579df49e11069a1311575d7a9b0e8b83003ea4b6d45b46a6 77d0840d91455f2b25a06a3711c308e75f5d326a9fb3df641f89d9e2ac5e59a0
SERVER_HANDSHAKE_TRAFFIC_SECRET a983e837933aba02579df49e11069a1311575d7a9b0e8b83003ea4b6d45b46a6 d618629fbdff127d27600e7df0e7546ada4b646d0c56357038728cf931be3aff
CLIENT_TRAFFIC_SECRET_0 a983e837933aba02579df49e11069a1311575d7a9b0e8b83003ea4b6d45b46a6 ad4336d3f48bf7ca2115e876dc4f3cf07262bdc81300e1cb78c7d1a27f00033b
SERVER_TRAFFIC_SECRET_0 a983e837933aba02579df49e11069a1311575d7a9b0e8b83003ea4b6d45b46a6 4d3180a7494e3b5ad968ff3340690413419b31e52ed0d9098829db891ea47b35
EXPORTER_SECRET a983e837933aba02579df49e11069a1311575d7a9b0e8b83003ea4b6d45b46a6 de92174a516d932b03117d2d06e575958eb2b5bd966534b72a830bee29236e9c
CLIENT_HANDSHAKE_TRAFFIC_SECRET fba92124614a35027bcb181276b99e7aa42b08eb8883880a2de6e557eb0a7adf 2c06f3e34cdd134ec267bda0f0bad8b859e5bfcaa9147118e7bfc280650ffea6
SERVER_HANDSHAKE_TRAFFIC_SECRET fba92124614a35027bcb181276b99e7aa42b08eb8883880a2de6e557eb0a7adf 7a8a233cc675cc319ebfcb83f81b6c2ed1653400e301f5d26a4fbf99609e389f
CLIENT_TRAFFIC_SECRET_0 fba92124614a35027bcb181276b99e7aa42b08eb8883880a2de6e557eb0a7adf 4c36119daa492fefffed8b3bdaa9d8b62e9f595a35d4877856d918fc01a57fea
SERVER_TRAFFIC_SECRET_0 fba92124614a35027bcb181276b99e7aa42b08eb8883880a2de6e557eb0a7adf 18b7e0dcc0b1a4a3dd91ff65287a0a12150aa8ce9f54c33566f018a579301e97
EXPORTER_SECRET fba92124614a35027bcb181276b99e7aa42b08eb8883880a2de6e557eb0a7adf f91d6574a27e5a98da0727d6be096f2903b3b26ef2a7e00043abfe11b8430b0e
CLIENT_HANDSHAKE_TRAFFIC_SECRET 582d03b85c38ef9a41208577e8395e9dfa7589f58c45b8386875789c8f3ea9bc 9c5810e80a5257bca50b45c74245bc20da270f08bb8344fd5ddf3f71abf754ab
SERVER_HANDSHAKE_TRAFFIC_SECRET 582d03b85c38ef9a41208577e8395e9dfa7589f58c45b8386875789c8f3ea9bc 1f213de3422430efaf473fded2fec4d3eaf828fe8dcc4bbb526171d892665caf
CLIENT_TRAFFIC_SECRET_0 582d03b85c38ef9a41208577e8395e9dfa7589f58c45b8386875789c8f3ea9bc 576e46c0876a1a88f00ed431eb6a861c4fd6510b5564af55a0c63fcc239e984c
SERVER_TRAFFIC_SECRET_0 582d03b85c38ef9a41208577e8395e9dfa7589f58c45b8386875789c8f3ea9bc f570cf4bedb01f111d01a8cee26ea7133ba2a68e2d4654f7932a8232977047ca
EXPORTER_SECRET 582d03b85c38ef9a41208577e8395e9dfa7589f58c45b8386875789c8f3ea9bc 0ec867f092e2741a00aab538c6da5dc9dfed6538008eb96966f824b1da8ed142
CLIENT_HANDSHAKE_TRAFFIC_SECRET 5a3d6ab313a2315696f585ba33b66393dc6937c472c520b162c09e8ced12541c 861abdd3a5986e99609dd617e6d02ac5e7d796dc0822726f2473c25e9b1ae14a
SERVER_HANDSHAKE_TRAFFIC_SECRET 5a3d6ab313a2315696f585ba33b66393dc6937c472c520b162c09e8ced12541c 996e2a5dc03478775c98776051ad2df674a0ad58a5528769b374f7eb2601da50
CLIENT_TRAFFIC_SECRET_0 5a3d6ab313a2315696f585ba33b66393dc6937c472c520b162c09e8ced12541c 9c057e87e0383788e1f962410111d32b3d58ffeba571accac09fe2858b3af701
SERVER_TRAFFIC_SECRET_0 5a3d6ab313a2315696f585ba33b66393dc6937c472c520b162c09e8ced12541c 471005f93be0cc3a57d161f4586caa440b4a132d5c7566b79e9b05a7cea2b32f
EXPORTER_SECRET 5a3d6ab313a2315696f585ba33b66393dc6937c472c520b162c09e8ced12541c 6a4b34040100f084c32f318733dbb9b93bc1fe79086b31f07a2a89e51832aa51
CLIENT_HANDSHAKE_TRAFFIC_SECRET 4cd625f49d77f3362e88d0586908b27077a793bf7d01c81d1a95ec2da724689e 697c68bec6082eec6b86fc32b6d64216a751c29f552753b2a4cdbbb0b5cc7988
SERVER_HANDSHAKE_TRAFFIC_SECRET 4cd625f49d77f3362e88d0586908b27077a793bf7d01c81d1a95ec2da724689e efe17e58f6ea1cbfdb04047dbf821cb0c06a5125081be38ae2b2a4c3a5d1f989
CLIENT_TRAFFIC_SECRET_0 4cd625f49d77f3362e88d0586908b27077a793bf7d01c81d1a95ec2da724689e fd4b397adadec1ce5fdaefb9f3d7de53b25d58fc6895dd6ed3293acd5a378eda
SERVER_TRAFFIC_SECRET_0 4cd625f49d77f3362e88d0586908b27077a793bf7d01c81d1a95ec2da724689e 9bd468e9a2285ef87696b2249b6dbcc50919b6338c114615cc5d9428fabd3570
EXPORTER_SECRET 4cd625f49d77f3362e88d0586908b27077a793bf7d01c81d1a95ec2da724689e eb968b6e8cbe39be076a4fbc17283ee0a24c27c898ab954d34fd772b7aa23009
CLIENT_HANDSHAKE_TRAFFIC_SECRET 3a55d2dc655d0285abbf000db2bc174f7b1e6942a1cd2b714fdd99b71878d510 f9cb21652bd01b71fa7bd29f5e5138c70d2b1d9d59c8454d1e3c6521583c6aa6
SERVER_HANDSHAKE_TRAFFIC_SECRET 3a55d2dc655d0285abbf000db2bc174f7b1e6942a1cd2b714fdd99b71878d510 92124e8400327433b6391ecf7ab11c3175739b2768487e051a4eed8d57487ada
CLIENT_HANDSHAKE_TRAFFIC_SECRET 32b51bfdbcbae94b5cc87917bc2d247987f8a1b058b79e02f73c961be1a53188 8ea63ef9a043ef864020ba0786666007d6b83c17308a5682537dfdeb08a683c6
SERVER_HANDSHAKE_TRAFFIC_SECRET 32b51bfdbcbae94b5cc87917bc2d247987f8a1b058b79e02f73c961be1a53188 5ddc5525d562652d4b13fae562b064bc0f5e835e4336accb2dbf51af7055521d
CLIENT_TRAFFIC_SECRET_0 3a55d2dc655d0285abbf000db2bc174f7b1e6942a1cd2b714fdd99b71878d510 abedbf64dadbc66b41beb3b0d030f3e7d2505960ca398a4556b32e2b1569924e
SERVER_TRAFFIC_SECRET_0 3a55d2dc655d0285abbf000db2bc174f7b1e6942a1cd2b714fdd99b71878d510 3608824175fb57d01512535285bc6246b64c9fe936c289dbd20ac2fff8ab0f1c
EXPORTER_SECRET 3a55d2dc655d0285abbf000db2bc174f7b1e6942a1cd2b714fdd99b71878d510 4af2f1cc89d58c8366e4af93892de22e3b515d01f69ecba33087da03861341d8
CLIENT_TRAFFIC_SECRET_0 32b51bfdbcbae94b5cc87917bc2d247987f8a1b058b79e02f73c961be1a53188 c00cfd3b261dd6ecd6863538a6464130e03cf0e012ea4e40a1ffeaeafc46326b
SERVER_TRAFFIC_SECRET_0 32b51bfdbcbae94b5cc87917bc2d247987f8a1b058b79e02f73c961be1a53188 4cb1a8ce187220d37c9b40905e4bd357fa2daa814e0074176400bbef013b3d9c
EXPORTER_SECRET 32b51bfdbcbae94b5cc87917bc2d247987f8a1b058b79e02f73c961be1a53188 1c36dc5bd9d57bdc5f5d344c354c57079d821aca7bb6625acf2c1abb25e12f98
CLIENT_HANDSHAKE_TRAFFIC_SECRET 38dbca498f2926002ab6d1717877e5351fe211133fcbf8afcb8a1dedc61eb931 05d88816f9dd8a81899ab15f88e2b3d0490f97c45d252575ed72c94133072c98
SERVER_HANDSHAKE_TRAFFIC_SECRET 38dbca498f2926002ab6d1717877e5351fe211133fcbf8afcb8a1dedc61eb931 df393e8e660df547690c25b6c4e6c2b60f3ad4d182ffe829503385814ff4f0b0
CLIENT_TRAFFIC_SECRET_0 38dbca498f2926002ab6d1717877e5351fe211133fcbf8afcb8a1dedc61eb931 6926d688b3834ca11101378530578440275ac372c9d210387f91043d6bdbec5d
SERVER_TRAFFIC_SECRET_0 38dbca498f2926002ab6d1717877e5351fe211133fcbf8afcb8a1dedc61eb931 bb79f611d9e4fc9630108bb426dfbef8055c57099ff2a4f951e4ab672112f0ab
EXPORTER_SECRET 38dbca498f2926002ab6d1717877e5351fe211133fcbf8afcb8a1dedc61eb931 70ed2a78d2a81f3de78131c044abbd9cd684d7d28fcd8c0a95c20beb28136aa0
CLIENT_HANDSHAKE_TRAFFIC_SECRET 90b6de9b210dc69ca0ffd98712604e870807a183922ac88d825c334c1f66fb8d 6df70cccf1a2c4020c721b282ef8a5a5707876864d5112d6817ac62c9146df84
SERVER_HANDSHAKE_TRAFFIC_SECRET 90b6de9b210dc69ca0ffd98712604e870807a183922ac88d825c334c1f66fb8d 147337f35aa7274a11d85647094089c0bbe9129b1a242db308c53f14dc6e33fc
CLIENT_TRAFFIC_SECRET_0 90b6de9b210dc69ca0ffd98712604e870807a183922ac88d825c334c1f66fb8d 896194fbec0adc7eb6b6a3715839f7b70640268146bb34c5802013c3fb60b265
SERVER_TRAFFIC_SECRET_0 90b6de9b210dc69ca0ffd98712604e870807a183922ac88d825c334c1f66fb8d 3a3b681ec8ae29d8bb6d13e3bdf752e268af75cb7fd1c0d409e66e7333508389
EXPORTER_SECRET 90b6de9b210dc69ca0ffd98712604e870807a183922ac88d825c334c1f66fb8d 2b76b9b19a3e998d78355e78eaaa332ae364c2136d08a5dc26f63e19d89f1e46
CLIENT_HANDSHAKE_TRAFFIC_SECRET 6f8f9b87bb44285ccd35ca69b79cbe2ab6ba5dfd06fb852dc57c2f8d1f0e65ac b0bd3578e8593c73e78b10c6be5d934b84c566db71087ba25e30a436d0ceb3e1
SERVER_HANDSHAKE_TRAFFIC_SECRET 6f8f9b87bb44285ccd35ca69b79cbe2ab6ba5dfd06fb852dc57c2f8d1f0e65ac 51889a53137febde8197162fad912358ab4cd84e63015f4979cb42cdd0c1aa66
CLIENT_TRAFFIC_SECRET_0 6f8f9b87bb44285ccd35ca69b79cbe2ab6ba5dfd06fb852dc57c2f8d1f0e65ac e8a5f39b72dc7b5aec677849cb7d86b652b79be4b0754e5fdcabd9377836ad56
SERVER_TRAFFIC_SECRET_0 6f8f9b87bb44285ccd35ca69b79cbe2ab6ba5dfd06fb852dc57c2f8d1f0e65ac 4ba33f28949720af7c78bcca620b7a6657ed1d67ff97ed234fa59f03d9782a9e
EXPORTER_SECRET 6f8f9b87bb44285ccd35ca69b79cbe2ab6ba5dfd06fb852dc57c2f8d1f0e65ac 2d96b2981ccdbffeccca478e87c2c43cf2c8f01e9ca39eaed8a897db9b7379d5
CLIENT_HANDSHAKE_TRAFFIC_SECRET 7feca92a719ca67346faa0f9300eb1738baa518f830dd61fc9e5ddd66be538ea 0214328c76a00e99bc966d686ff0b96d8de8ff1d63c907b3bd35094b029fdc4f
SERVER_HANDSHAKE_TRAFFIC_SECRET 7feca92a719ca67346faa0f9300eb1738baa518f830dd61fc9e5ddd66be538ea 3a56542f520b19a744986007680126bd13b1e4fa16beb43247459e7a97ba2335
CLIENT_TRAFFIC_SECRET_0 7feca92a719ca67346faa0f9300eb1738baa518f830dd61fc9e5ddd66be538ea d7157722bee555374c68dc5327c1f12808192786c7328f1ef5cd2fd8d058778f
SERVER_TRAFFIC_SECRET_0 7feca92a719ca67346faa0f9300eb1738baa518f830dd61fc9e5ddd66be538ea 85896f38dfb8bd213d8616b081991e2313ad1c3f01ad8535ab447191b40ea5f4
EXPORTER_SECRET 7feca92a719ca67346faa0f9300eb1738baa518f830dd61fc9e5ddd66be538ea efd46e98b4035e48ada99a7ee0fc04afb1c37c1531148310902d000cd0c42bfb
CLIENT_HANDSHAKE_TRAFFIC_SECRET 43175f6371d9ec538ec7f3dbc471adc23ce3a9d890712283c2cc7a86479ce355 d555b55ffa025355bd765704d646a2929a3d9526e79bcedfb19c6e24564f058a
SERVER_HANDSHAKE_TRAFFIC_SECRET 43175f6371d9ec538ec7f3dbc471adc23ce3a9d890712283c2cc7a86479ce355 904b1a4cd7eb32ed5c3ce07d090d8df0171b03da6eab16db44a0b3fa18dbe873
CLIENT_TRAFFIC_SECRET_0 43175f6371d9ec538ec7f3dbc471adc23ce3a9d890712283c2cc7a86479ce355 ef1c91a30a6f31d2c1e75f725d1f10bfb365cb79a361f71f45b4537fa24b1cb6
SERVER_TRAFFIC_SECRET_0 43175f6371d9ec538ec7f3dbc471adc23ce3a9d890712283c2cc7a86479ce355 104f1c96fd3dec78e5c250be5c5168d42694ff8007ca9879c47492151388305b
EXPORTER_SECRET 43175f6371d9ec538ec7f3dbc471adc23ce3a9d890712283c2cc7a86479ce355 6aa4d59dc6ce7cff098b96a8fd8fe28a9693b35ca3b0a1fbf5f8f8cf5924db92
CLIENT_HANDSHAKE_TRAFFIC_SECRET e1e136f28febbb06145b05a1d0658c93637c12352a8b8cf23b67b39828101ca5 afd758a97c5b39d8a7b43756a1afd93f199f4e1b4a95af117c4bbb98fdf90205
SERVER_HANDSHAKE_TRAFFIC_SECRET e1e136f28febbb06145b05a1d0658c93637c12352a8b8cf23b67b39828101ca5 484d45bdc39124fb783efc18b950828fd09b10fac84d92884a21d4095d93faff
CLIENT_TRAFFIC_SECRET_0 e1e136f28febbb06145b05a1d0658c93637c12352a8b8cf23b67b39828101ca5 bce58d80807a8fae220949a68df5fca82628181ce84f38e21bd47d1528029f4a
SERVER_TRAFFIC_SECRET_0 e1e136f28febbb06145b05a1d0658c93637c12352a8b8cf23b67b39828101ca5 c2d2afef0f85fee82b9f5c6761449afefa449596e6efd519ba158c4e2d4f3ff3
EXPORTER_SECRET e1e136f28febbb06145b05a1d0658c93637c12352a8b8cf23b67b39828101ca5 459fe62a50526ed3abb4c7fc1069961dd81e657bdc352ef64ad30b37e4933f09
CLIENT_RANDOM 0c1f337254a448e91389ea5933e823903a23b64eb16c8c6487d10f60cb481a1a d821b0993893d91386f486d8b86267f51ae47482a857a33816ecb9105d3d951319b65ee98fa9f19eec4ba1ab3a6cec7f
CLIENT_HANDSHAKE_TRAFFIC_SECRET a1c31a101a03963fba51604e1be9bf74b7bad1193d3d9801e84c6f54e994aac1 9848e2d434664cd52633b74d53f4b50fb15e5a385fbd7bdd09d0659c3e5cb4790e42f70f33e5245d20d23e6d349fe3c6
SERVER_HANDSHAKE_TRAFFIC_SECRET a1c31a101a03963fba51604e1be9bf74b7bad1193d3d9801e84c6f54e994aac1 784fd91fa060fd1c6d15d6529c439803502ecae268a82d0b6a6334e7b47c8e7c1dd880d102852d2ff1df1ca9c2f2880d
CLIENT_HANDSHAKE_TRAFFIC_SECRET 368ad7f7629980a4f9397fcfaa2d87bde30ad00fd917cb1c6833822068851c2c b0bc8fb384ed620905bddd730a5e4e1eaa581339f06c2ef7e7f49945c7363703
SERVER_HANDSHAKE_TRAFFIC_SECRET 368ad7f7629980a4f9397fcfaa2d87bde30ad00fd917cb1c6833822068851c2c e482fc87071760f0fdfb7f309f6fbd17090f4a1e4ff5a9c577d8f690ae976773
CLIENT_TRAFFIC_SECRET_0 a1c31a101a03963fba51604e1be9bf74b7bad1193d3d9801e84c6f54e994aac1 c2bc315d16b512b8c923e1a56d92a7902d60d710ceae8b90e854fc81a480035195a377977e10515292ec6b8dc30c0dd3
SERVER_TRAFFIC_SECRET_0 a1c31a101a03963fba51604e1be9bf74b7bad1193d3d9801e84c6f54e994aac1 e0cfa49c2f5e871b4e71fee7922251d4d9222efcc1c56e96dd1b9e048c492a49653cd5ce131583d8731b13872330cb31
EXPORTER_SECRET a1c31a101a03963fba51604e1be9bf74b7bad1193d3d9801e84c6f54e994aac1 91a826cbb4c7b2c84a846a7bf11a4a151f7ea9a5c9e262e8d2719fddea0459f24dffed8457662918d9c41158a8331c2a
CLIENT_TRAFFIC_SECRET_0 368ad7f7629980a4f9397fcfaa2d87bde30ad00fd917cb1c6833822068851c2c be2c246f43bd8a589f6b9b5b8ab1fa4ec2fe014b41f376581f5b10a51bf74695
SERVER_TRAFFIC_SECRET_0 368ad7f7629980a4f9397fcfaa2d87bde30ad00fd917cb1c6833822068851c2c 6cc86d2c21405e02cd75c3c7cbf669e598945488ef00835fb796b514045c1cbe
EXPORTER_SECRET 368ad7f7629980a4f9397fcfaa2d87bde30ad00fd917cb1c6833822068851c2c 38ad2b38647a443508137dac0a52df642b97cb4b3d3443917927f41d6c04416c
CLIENT_RANDOM 55a4de9f631c5732bf08a62f25c806d075dcc959ee35180a0502014905eccbde b07b1e1bf71ce9ce8dcc4ac5b3de5962995b223ff57a680efbcf3c81754ac9bd631bb71ac01405f619bb808ad04169d5
CLIENT_HANDSHAKE_TRAFFIC_SECRET cb0f9bdd7d2e219b8cdc277cf815874dcdf93a1cbe5056650ca86dd825a97ccb 2f71c6a9e6c166bc6b82fe627363b2822c4ba4d43b54f762236b8444e31d3534
SERVER_HANDSHAKE_TRAFFIC_SECRET cb0f9bdd7d2e219b8cdc277cf815874dcdf93a1cbe5056650ca86dd825a97ccb 2213279b75f7e3fa50015470ea5bb6711eb2c9a5c45b5af1444e63a7d246e064
CLIENT_HANDSHAKE_TRAFFIC_SECRET 534503a4656cb666ff029bca35353480a8413e2ca442751a64e4712d3664184c 7f4ed45bed0f1e361d6d6d8b2c60fd4e985c8e92b61f3b0807e98351a2263d3a
SERVER_HANDSHAKE_TRAFFIC_SECRET 534503a4656cb666ff029bca35353480a8413e2ca442751a64e4712d3664184c 85e12373da203e20387abff4f99c538a20c64635647c438b18010038a415d7fc
CLIENT_TRAFFIC_SECRET_0 534503a4656cb666ff029bca35353480a8413e2ca442751a64e4712d3664184c f2f926f7e9d38eeaf28e1f8333452b542ab73bc57a321060de2ac0dce96bbd0b
SERVER_TRAFFIC_SECRET_0 534503a4656cb666ff029bca35353480a8413e2ca442751a64e4712d3664184c affa957d185c489295f90048ef48b39013a878cf7adadf785400b03912660aba
EXPORTER_SECRET 534503a4656cb666ff029bca35353480a8413e2ca442751a64e4712d3664184c 243156642289327a3bae40ca87219fb6b9a882278f16df2ec0c22604a41c7167
CLIENT_TRAFFIC_SECRET_0 cb0f9bdd7d2e219b8cdc277cf815874dcdf93a1cbe5056650ca86dd825a97ccb f1c6e949214948ac18d907173b23fbca10b63826a8bec70e304f9cd9620839fb
SERVER_TRAFFIC_SECRET_0 cb0f9bdd7d2e219b8cdc277cf815874dcdf93a1cbe5056650ca86dd825a97ccb 5f0e92520529baf7f5b20cbcd23b30e6455a79d71bb2b1f04014209dcbe473c0
EXPORTER_SECRET cb0f9bdd7d2e219b8cdc277cf815874dcdf93a1cbe5056650ca86dd825a97ccb 260d1a2f0a045ef31bd26c98d57407faf58e16e7af311f127cf1add6193cec68
CLIENT_HANDSHAKE_TRAFFIC_SECRET 5264f3a3c98edba37dfc3eeef796bf7db04123bff3cc53106219be75b2a81520 fc27bc4017d093b7e446c9d00fe7ffe70711c32eb15f3e256bd45844548dd515
SERVER_HANDSHAKE_TRAFFIC_SECRET 5264f3a3c98edba37dfc3eeef796bf7db04123bff3cc53106219be75b2a81520 87d381db5436a400aef123730ec950a792dc3c2fd2068cf1bf9d8ade6c16b91c
CLIENT_TRAFFIC_SECRET_0 5264f3a3c98edba37dfc3eeef796bf7db04123bff3cc53106219be75b2a81520 47c769890c60455e5ab425cb348055bfa2a5fe9491bc34bcf1ac44ce8428d05d
SERVER_TRAFFIC_SECRET_0 5264f3a3c98edba37dfc3eeef796bf7db04123bff3cc53106219be75b2a81520 6b1bfe7b95d0c5ff7fc5618f6259eed6709dd8b3682f9f8d274aecfa844996c5
EXPORTER_SECRET 5264f3a3c98edba37dfc3eeef796bf7db04123bff3cc53106219be75b2a81520 89cdb6b3c07d9521ffe4d70838bba7a09aeb55dac21172b449511bd0e251c772
CLIENT_HANDSHAKE_TRAFFIC_SECRET 27d160559b9f4896335a65dfe17cfe40f02af0251d852a4c074952a7795d22c1 e2a72789eb51dc78b21a3846cd488c32db7dd2f31a2cfe7ce94791ea4943b7d1
SERVER_HANDSHAKE_TRAFFIC_SECRET 27d160559b9f4896335a65dfe17cfe40f02af0251d852a4c074952a7795d22c1 381408a2ec4ca627b1953e0b21fbb94fbb67fadbcac83cab4ff75ed3ca4cbb25
CLIENT_TRAFFIC_SECRET_0 27d160559b9f4896335a65dfe17cfe40f02af0251d852a4c074952a7795d22c1 652a51566f1d4e52608305dd346631efdc5ffbb20fe3d187edbe8f1fb471cb59
SERVER_TRAFFIC_SECRET_0 27d160559b9f4896335a65dfe17cfe40f02af0251d852a4c074952a7795d22c1 e1228c7d9b15e93145747518bbacf6820507144c410513e90c371f4a3f322bbe
EXPORTER_SECRET 27d160559b9f4896335a65dfe17cfe40f02af0251d852a4c074952a7795d22c1 e588bdb3c84108165e926da32bc143f9c17684fb1c09090de4e904dd69294b13
CLIENT_HANDSHAKE_TRAFFIC_SECRET 3b762d8d7cf115b42859f6d972da1c0fc07f0b020974eaa1b2ee5a3c0ade11a5 31f8667cf689ac6ea4608b6fee72b6f6d285d59c5409dd986445d8d4e2a6d337
SERVER_HANDSHAKE_TRAFFIC_SECRET 3b762d8d7cf115b42859f6d972da1c0fc07f0b020974eaa1b2ee5a3c0ade11a5 2fbed6537f47dfd9fe25c5d747bc75b53bcb1db208b933b1d0afbf9487ae5035
CLIENT_HANDSHAKE_TRAFFIC_SECRET b4cd704b559dae9dfd9606e693b59016d01eb6a0f97096a662b6dab8283c4901 1548a3a02376d259cc1861b3bed77046e857fcb2c38cefe88982b6d41a09e1bc
SERVER_HANDSHAKE_TRAFFIC_SECRET b4cd704b559dae9dfd9606e693b59016d01eb6a0f97096a662b6dab8283c4901 d3d8c085231955deeff8ab2f437c00a587fc5b5e54899f8fe7fb0665c2d3bbe9
CLIENT_TRAFFIC_SECRET_0 3b762d8d7cf115b42859f6d972da1c0fc07f0b020974eaa1b2ee5a3c0ade11a5 1e90579e403cfa9781b3666ad39bd969c4826a91a22ec674af4e9f75588233b9
SERVER_TRAFFIC_SECRET_0 3b762d8d7cf115b42859f6d972da1c0fc07f0b020974eaa1b2ee5a3c0ade11a5 4da6b466fdfb58afbf5c79ae33b989e4b724a5df424ee950325925b8fb782ca8
EXPORTER_SECRET 3b762d8d7cf115b42859f6d972da1c0fc07f0b020974eaa1b2ee5a3c0ade11a5 2952ed8831201ca5d7d2a9212d9506b04d3a81b5eec6003e9541a550035ec001
CLIENT_TRAFFIC_SECRET_0 b4cd704b559dae9dfd9606e693b59016d01eb6a0f97096a662b6dab8283c4901 e84e0f08eddd4da0a69e90da4e22e714dc3a47802edf3bd605aefcdfcc67653a
SERVER_TRAFFIC_SECRET_0 b4cd704b559dae9dfd9606e693b59016d01eb6a0f97096a662b6dab8283c4901 d5d8043cc857b9071cc817558c5ef99bc0dc0b550d614306b1691af3f3f98084
EXPORTER_SECRET b4cd704b559dae9dfd9606e693b59016d01eb6a0f97096a662b6dab8283c4901 506af5be70ae76b93e036b7b6e137748493c613f6ade5f94192c83464ea118a5
CLIENT_HANDSHAKE_TRAFFIC_SECRET 1f05876ab42960e5c86fa3fb58b2b0267741c0aea9da0cb8baa48873c39e9e0c b7d69b5adc9cd0af11ad8942caf06452459d4e6ba6e2761b6941a94302760ab4e6aa7ce06b0234dfca0605c615b22bf7
SERVER_HANDSHAKE_TRAFFIC_SECRET 1f05876ab42960e5c86fa3fb58b2b0267741c0aea9da0cb8baa48873c39e9e0c 255333746a32c2b4341c7fa44fb5ca4365214f40613f3ca0a5e396acfdf2ee2f848c23c113a475a9f42a20a6b21e1eba
CLIENT_TRAFFIC_SECRET_0 1f05876ab42960e5c86fa3fb58b2b0267741c0aea9da0cb8baa48873c39e9e0c 4e81e173b20138d6ac19895e13d1720601ec7c0fa3d44e23d5f7d1286818218756d39f1af126a07cf72c60936326895c
SERVER_TRAFFIC_SECRET_0 1f05876ab42960e5c86fa3fb58b2b0267741c0aea9da0cb8baa48873c39e9e0c 045849dc3ebe179398c9355172ab350e36c28c6ba3eb88a26b1d465fb72f0dc858e417820a3aa69ec1d9546e890acc91
EXPORTER_SECRET 1f05876ab42960e5c86fa3fb58b2b0267741c0aea9da0cb8baa48873c39e9e0c 1e83d2393d49e562e98a2359eb847ab286fd7ba3a080b1a7c76262c889310ad2ebb5bbc4b2145c559d25e845ea9e921a
CLIENT_HANDSHAKE_TRAFFIC_SECRET 51a5bcafb8ccdb3498e5fac4684112a7802b09acd2f82341e5ffa6c4be88f1d2 d4352ce538e4c81aa92ad1580e21ef2a059d263e4d440843c04d6fedaeefaf3b
SERVER_HANDSHAKE_TRAFFIC_SECRET 51a5bcafb8ccdb3498e5fac4684112a7802b09acd2f82341e5ffa6c4be88f1d2 39677ee5af545679b0adb25adc611c39eacd506c38b57586ed835214f271c96e
CLIENT_HANDSHAKE_TRAFFIC_SECRET e35853f320f6e31fafa2d9abefc51349fe6fad6d636fc6ca9ebb7277bb165584 99d3aa21b8295901a06e269b9bc9203e7d7eaaf5701019393a40c4e34f68be45
SERVER_HANDSHAKE_TRAFFIC_SECRET e35853f320f6e31fafa2d9abefc51349fe6fad6d636fc6ca9ebb7277bb165584 87d5f3599b2520ae22e545f028ee9ff697f47e4c3d0204ed6c265c89d477d530
CLIENT_TRAFFIC_SECRET_0 51a5bcafb8ccdb3498e5fac4684112a7802b09acd2f82341e5ffa6c4be88f1d2 8f7bebe35d041f2cfd5b2402cef7d065ee85e2fda41c075046908d63388362b3
SERVER_TRAFFIC_SECRET_0 51a5bcafb8ccdb3498e5fac4684112a7802b09acd2f82341e5ffa6c4be88f1d2 84016dc21a3e86ffd024530556a7ef099d3e0ce3c9776e6ef4210a897957dd96
EXPORTER_SECRET 51a5bcafb8ccdb3498e5fac4684112a7802b09acd2f82341e5ffa6c4be88f1d2 35c87875d1eb1c9d238ae226e713428d84deec5e96af499fa7d0083e8d1d50d5
CLIENT_TRAFFIC_SECRET_0 e35853f320f6e31fafa2d9abefc51349fe6fad6d636fc6ca9ebb7277bb165584 f8f53dd649561c76e88715f3d459c2f454ece4e9702a5eb12da9e600c3467349
SERVER_TRAFFIC_SECRET_0 e35853f320f6e31fafa2d9abefc51349fe6fad6d636fc6ca9ebb7277bb165584 7436e2d63b519f7e19539fafb3a8c8ae3a5575a096bc6bbee385da7cb858b6b8
EXPORTER_SECRET e35853f320f6e31fafa2d9abefc51349fe6fad6d636fc6ca9ebb7277bb165584 7d0af7b2f9fffdcb85e79a29d2c7544112be53a57390b990f6f84c7995472298
CLIENT_HANDSHAKE_TRAFFIC_SECRET 610071797d181256a554319a83ce55536a3ac2e1ca65b30f321e3cf106bd6513 e37c5178fb36addbff90f61f3703090cd549a80826d4435ae880491dce1f0f77
SERVER_HANDSHAKE_TRAFFIC_SECRET 610071797d181256a554319a83ce55536a3ac2e1ca65b30f321e3cf106bd6513 f0212b4450e565dc651bacb5349642f110df8b7f044261ed5dfed625346da42e
CLIENT_HANDSHAKE_TRAFFIC_SECRET ece4c51e2b5faaeae297cce71f43c981a5a73d084a0bf88e8dc916a077d86734 952f085519f417b51d8391e62d3952c8a8b9b2161c2d51b350e70c18e0a5db4c
SERVER_HANDSHAKE_TRAFFIC_SECRET ece4c51e2b5faaeae297cce71f43c981a5a73d084a0bf88e8dc916a077d86734 f312719ad3d835f6e7a9da57e8ae6d42cfd8dbcdabee2028284ac817eaac3ad8
CLIENT_TRAFFIC_SECRET_0 610071797d181256a554319a83ce55536a3ac2e1ca65b30f321e3cf106bd6513 c462d89c40ea2c120fbaff105cf3fc27c2818c7048b02f166363a58015d1e5c2
SERVER_TRAFFIC_SECRET_0 610071797d181256a554319a83ce55536a3ac2e1ca65b30f321e3cf106bd6513 13bb5f7f3479b150911f51464cf13fdaed6a49971b709e6a115bdd41c522a2d8
EXPORTER_SECRET 610071797d181256a554319a83ce55536a3ac2e1ca65b30f321e3cf106bd6513 e24c07f56dd790f228862724c7a0b6d490425b038e932e8a6b73d372a937e7ee
CLIENT_TRAFFIC_SECRET_0 ece4c51e2b5faaeae297cce71f43c981a5a73d084a0bf88e8dc916a077d86734 05a7d81d78730ff08fe908b58554a0bbc528e58aae2638b0e613028998516ba8
SERVER_TRAFFIC_SECRET_0 ece4c51e2b5faaeae297cce71f43c981a5a73d084a0bf88e8dc916a077d86734 91ef1ae5c3c620d2d980cbe110795bdaca39fd8fa093c786447b4c698eca7df8
EXPORTER_SECRET ece4c51e2b5faaeae297cce71f43c981a5a73d084a0bf88e8dc916a077d86734 b0a4f749e4fc285995cdee2d7af00533d7fd12b4308456aa57f9f39dd52ad7bc
CLIENT_HANDSHAKE_TRAFFIC_SECRET 725b6cd370dd7434460df872766170b3ef6de84e52bc059d7f27c32a3f26b54d 4d6e7a40494ae49cb0fc567934baf252840c381d805af6af3b60804b44dc0eb8
SERVER_HANDSHAKE_TRAFFIC_SECRET 725b6cd370dd7434460df872766170b3ef6de84e52bc059d7f27c32a3f26b54d edf6c67f0c02d7a11cc1caad0cb83e5fed6fe3a28a24fb81c323a17a0ccb6780
CLIENT_TRAFFIC_SECRET_0 725b6cd370dd7434460df872766170b3ef6de84e52bc059d7f27c32a3f26b54d 936f3a31d1dbcd0a4106f47ef32e5211734f28367f9748efd4dff2b7fe30b390
SERVER_TRAFFIC_SECRET_0 725b6cd370dd7434460df872766170b3ef6de84e52bc059d7f27c32a3f26b54d bdb1f668fd074c76682b3244a5f307305e9af172da083293d6b972cfc4cfa7c8
EXPORTER_SECRET 725b6cd370dd7434460df872766170b3ef6de84e52bc059d7f27c32a3f26b54d 651963c1fbdcf45b812269e9512679149f0c6afac139998b7884cd752bd412f6
CLIENT_HANDSHAKE_TRAFFIC_SECRET f1c659a86ff6d0d09f3f91bf236b72acf1ef20bc5d8f4a1c18a365689d12491c 8fda371f8d2c34bdc7d6c6a7074320eb94b5a030f025b86cde807e601bd37001
SERVER_HANDSHAKE_TRAFFIC_SECRET f1c659a86ff6d0d09f3f91bf236b72acf1ef20bc5d8f4a1c18a365689d12491c 9572bd55d523dbfc08f8b144909a42a7e59dd4132e5147d5e80a2f384e530759
CLIENT_TRAFFIC_SECRET_0 f1c659a86ff6d0d09f3f91bf236b72acf1ef20bc5d8f4a1c18a365689d12491c e656e6fb54046db1bfb9566fcc496c9a2134eccf3c8adae221b21578034a48f5
SERVER_TRAFFIC_SECRET_0 f1c659a86ff6d0d09f3f91bf236b72acf1ef20bc5d8f4a1c18a365689d12491c e633c2a3ceea4047a3a2c56dc78260cc3d8e47e306662c20d62a972e463bfd0c
EXPORTER_SECRET f1c659a86ff6d0d09f3f91bf236b72acf1ef20bc5d8f4a1c18a365689d12491c a367fd15443effc485925ebabbffda8087cd69340656d263f1b1c08c5124954e
CLIENT_HANDSHAKE_TRAFFIC_SECRET 17c9fcbe8d5a991ac024e8197c3babd2cd1762ec6aadad9e028cb8e6bdae0005 cf9bbd389595b36b44f4f9f9c9911df4e100e3ccb169d1759df0c81293ec5348
SERVER_HANDSHAKE_TRAFFIC_SECRET 17c9fcbe8d5a991ac024e8197c3babd2cd1762ec6aadad9e028cb8e6bdae0005 6f7fe9e8447c40acc8d5326cdaf7f7652554f3d8b89605ac16daa55abcaee2b0
CLIENT_TRAFFIC_SECRET_0 17c9fcbe8d5a991ac024e8197c3babd2cd1762ec6aadad9e028cb8e6bdae0005 9a597f88776007f1ae666046f07417a7af2b08a74b605a27080c6eeb8b01d478
SERVER_TRAFFIC_SECRET_0 17c9fcbe8d5a991ac024e8197c3babd2cd1762ec6aadad9e028cb8e6bdae0005 d5ad3c0d1a59c105cb92b83eb7add36cfe65ee37c56d00f131b9e3d17ba398f1
EXPORTER_SECRET 17c9fcbe8d5a991ac024e8197c3babd2cd1762ec6aadad9e028cb8e6bdae0005 a33b7a2d8b417ce8407e638043c183a8607d7347a597d64218dd7c4099a9eb66
CLIENT_HANDSHAKE_TRAFFIC_SECRET 90fae249932c2514e436f1c939b4a6e71f48a27f40784358e3e1754981269354 9fad1c3f82754977799d59caa3b719a43713ed798be7d16f0d39f40ec33ac373
SERVER_HANDSHAKE_TRAFFIC_SECRET 90fae249932c2514e436f1c939b4a6e71f48a27f40784358e3e1754981269354 020a9563f14641d786fc266a0a731549f1b047676223f6dd422a9efb08b27041
CLIENT_TRAFFIC_SECRET_0 90fae249932c2514e436f1c939b4a6e71f48a27f40784358e3e1754981269354 d7c1fe1ead409f1d7fca71575ad24178f7c81bce25dd411552d84d0a98fd8076
SERVER_TRAFFIC_SECRET_0 90fae249932c2514e436f1c939b4a6e71f48a27f40784358e3e1754981269354 091c024c168a71811a7708ad6d22b06ee57a029576cfd476a3c2ca616c0ec195
EXPORTER_SECRET 90fae249932c2514e436f1c939b4a6e71f48a27f40784358e3e1754981269354 1b67d9912a8adc7b237286b872cfcf375456a9a19ee3b98fa86da48a5047308f
CLIENT_HANDSHAKE_TRAFFIC_SECRET 5304481d0954e33c61eaa09d35d8f5ab598d345e488f0e4583f6053bba39f8ca 8c2940618e4eac5f52548e4422e30cf10fd8c543acb8f87d3cd85746c5446d6eb8d1b2b2d356be1f057c40f49153afe0
SERVER_HANDSHAKE_TRAFFIC_SECRET 5304481d0954e33c61eaa09d35d8f5ab598d345e488f0e4583f6053bba39f8ca 398bebdb98842b1aa565bd07bff48b55570c70091c3997d36abbd52f421d8e4b50b142b6ecd944cb20d2cdb1e4dd0563
CLIENT_TRAFFIC_SECRET_0 5304481d0954e33c61eaa09d35d8f5ab598d345e488f0e4583f6053bba39f8ca 672419323bd5991270a6789fbd59a4c9402806735a9d9bb89071ec9e443fd2d0e41f0f3da78c4ffcf43386cfc361ec54
SERVER_TRAFFIC_SECRET_0 5304481d0954e33c61eaa09d35d8f5ab598d345e488f0e4583f6053bba39f8ca 2914b0b2f34496955cb846a3e5faf898dbaf47d255ae74cf229ec8343bb76fcd851f4b7582ea331472ba254e36cab20e
EXPORTER_SECRET 5304481d0954e33c61eaa09d35d8f5ab598d345e488f0e4583f6053bba39f8ca a1ded6d57fbd796a972ab476ff43053024b35a0f36ad268a4e205bf00b90a1dce7340bfb8e2fddcfa9500b150916cf13
CLIENT_HANDSHAKE_TRAFFIC_SECRET bb84d3c05dcae78576e7fd5d8aa42d9f28d56e113d8c77523fb2ff7eeeeb11a4 6238e7749244e79194ac49b7ac1aca6f7c9b49a3ca03215e06a25cfb0702a461
SERVER_HANDSHAKE_TRAFFIC_SECRET bb84d3c05dcae78576e7fd5d8aa42d9f28d56e113d8c77523fb2ff7eeeeb11a4 6e05bd811a49bddfe5837c73b48281cc6d0491a417882b647e977a98d17b44f3
CLIENT_TRAFFIC_SECRET_0 bb84d3c05dcae78576e7fd5d8aa42d9f28d56e113d8c77523fb2ff7eeeeb11a4 5b38bd8e133169c35a6e2263d6a38c753ec4f9ea1f775dcd4bdb18575a40e0e5
SERVER_TRAFFIC_SECRET_0 bb84d3c05dcae78576e7fd5d8aa42d9f28d56e113d8c77523fb2ff7eeeeb11a4 75198337a546a912838c48f03f16ce70d659849b435fc77da00e27300b841546
EXPORTER_SECRET bb84d3c05dcae78576e7fd5d8aa42d9f28d56e113d8c77523fb2ff7eeeeb11a4 46c3061322111b7a039cbe665d15745d85e829ac9428830c64fb59160742efc3
CLIENT_HANDSHAKE_TRAFFIC_SECRET 893f329647fb29489f69b99cf5dce8a39fb768e18005c7810cc951180ec032ca 6f0af901ab91967f8b751130132310a336ab4f250a77d609dd814d385bb110b7
SERVER_HANDSHAKE_TRAFFIC_SECRET 893f329647fb29489f69b99cf5dce8a39fb768e18005c7810cc951180ec032ca 6d6dc1dac2dab65805eb4036aad35a1707aae9a76fc4cea293a050298c178970
CLIENT_HANDSHAKE_TRAFFIC_SECRET f5ce48c1728f0bccbedea9833efb6edb5a8f61d63df2cb0d3b9e32da09d5a3d4 d0ef2482c9f7217b6599a4753e014033ece683ff0e0d3202cb1c6a3163668856
SERVER_HANDSHAKE_TRAFFIC_SECRET f5ce48c1728f0bccbedea9833efb6edb5a8f61d63df2cb0d3b9e32da09d5a3d4 70ada04c481f76f258a8dd70895ceeb1464da17337d0210e057343e55b48901b
CLIENT_TRAFFIC_SECRET_0 893f329647fb29489f69b99cf5dce8a39fb768e18005c7810cc951180ec032ca 9ef6d946e8c50a9d7d6ff178736a861d97651e3204c1b963aaab7e790085ac1c
SERVER_TRAFFIC_SECRET_0 893f329647fb29489f69b99cf5dce8a39fb768e18005c7810cc951180ec032ca 48386b84060d23128dbc95d2b3543951fe6359ac3a6ba3a8eba8ea14c1d9c9b7
EXPORTER_SECRET 893f329647fb29489f69b99cf5dce8a39fb768e18005c7810cc951180ec032ca 7d159708cab0af8bcaf44c42b27c0a3921646dca83bf6a2a9e9f8280d9c67840
CLIENT_HANDSHAKE_TRAFFIC_SECRET 888bcd721104bc53090aab4b0c0eea34b594a6a0f9a9c1d8a0e58809562c6515 1f605bca8becb3ebb12b9c9617f62aa87462ec52e472e39430e22ac784b6caa6
SERVER_HANDSHAKE_TRAFFIC_SECRET 888bcd721104bc53090aab4b0c0eea34b594a6a0f9a9c1d8a0e58809562c6515 9a3e996c1683e2d7bdd7478aeac0df7e0490712860e3459cafe6525110beaaa3
CLIENT_TRAFFIC_SECRET_0 f5ce48c1728f0bccbedea9833efb6edb5a8f61d63df2cb0d3b9e32da09d5a3d4 14ef148adae54cae860d786305c05eef00efcf603a22caba4f4333f972640b5c
SERVER_TRAFFIC_SECRET_0 f5ce48c1728f0bccbedea9833efb6edb5a8f61d63df2cb0d3b9e32da09d5a3d4 07e29d050c902d18d0dad1bdb7271e673f7e974791a66f27afbfba5eef91d152
EXPORTER_SECRET f5ce48c1728f0bccbedea9833efb6edb5a8f61d63df2cb0d3b9e32da09d5a3d4 2c312be742d416765b96529b42858de5b642bab086b1b181285d63e27eee1e8e
CLIENT_TRAFFIC_SECRET_0 888bcd721104bc53090aab4b0c0eea34b594a6a0f9a9c1d8a0e58809562c6515 35a756daa04babaf6defea4c9a8895f7ae5aa4073a8b1a1fa60812d3c17594de
SERVER_TRAFFIC_SECRET_0 888bcd721104bc53090aab4b0c0eea34b594a6a0f9a9c1d8a0e58809562c6515 609f029bdd0327bc304b27f202fe019d46d89ebc9148521f2a94884332fc0660
EXPORTER_SECRET 888bcd721104bc53090aab4b0c0eea34b594a6a0f9a9c1d8a0e58809562c6515 235d33eee441bb7a8d1560ce91ab0475fb47df232b402d4d45d270b5869903cf
CLIENT_RANDOM 3b64c30459983e0a0779288be34907f058cb232bc3d1505987466eb340ee3b5b e8c5d5373ccfa941a5758b231b0bfa2311b93fd7b1f1516673836d2a30794b058b2c471c4b53fb0a9d3298b0a660face
CLIENT_HANDSHAKE_TRAFFIC_SECRET 5dd61d392347662db24c1dc1901f2e4e797d212315c795e7efe682971e816b5d e3cd68f68adc53efd5e732708e492e8af53d8c16e8a3f2f19baad8f9a7c5fd1f18a74b0797cad54a440dc11340c84fec
SERVER_HANDSHAKE_TRAFFIC_SECRET 5dd61d392347662db24c1dc1901f2e4e797d212315c795e7efe682971e816b5d 29a21ca3ede22237f4091e803e7dc403d7c6c6aef2cec61d74e9f070f4d81d9592f7a1ab67676c2d5f85687be85d7723
CLIENT_TRAFFIC_SECRET_0 5dd61d392347662db24c1dc1901f2e4e797d212315c795e7efe682971e816b5d 7f470811d45d3b2aa479114a0331852c104c25e11d78cd4c111c5ba44c3f4d258dc3391bef27203ee9cfe93a61e7f3ea
SERVER_TRAFFIC_SECRET_0 5dd61d392347662db24c1dc1901f2e4e797d212315c795e7efe682971e816b5d 8cb5b5d7095cc7d2e27c386c247e650d7ca4e3136f7a9f5906b884afdc722440cc79a2edc328f19a80535f18d6d39871
EXPORTER_SECRET 5dd61d392347662db24c1dc1901f2e4e797d212315c795e7efe682971e816b5d 39d423015886bc3a5627261b72a76b0b17549e7b2c3c0c981b91d129f03b5b4063caba36b838234a1aa5470f6ca3b3e9
CLIENT_HANDSHAKE_TRAFFIC_SECRET 54c38e82ab15bf47c17da8cb0cf397a7d8ddfacdcd618023854c3965b0847e94 75d464b329a1b5c20138ce9b197624b5bc323e499e7d90f163b14099eb6f15ea
SERVER_HANDSHAKE_TRAFFIC_SECRET 54c38e82ab15bf47c17da8cb0cf397a7d8ddfacdcd618023854c3965b0847e94 8d0d754a6f33c681f1d5954968380ef19e14500221d591aaf802fbc438e92c1e
CLIENT_HANDSHAKE_TRAFFIC_SECRET 3e2dac2e85d28e329cd9147ccb7400006b539ab10268674bdc22fe1bbf5557c0 80b08349f555ea1b628197b3d3b1847bbb6300ff795a28ea21422388311bf08d
SERVER_HANDSHAKE_TRAFFIC_SECRET 3e2dac2e85d28e329cd9147ccb7400006b539ab10268674bdc22fe1bbf5557c0 5e14d2184995d6aad32615a216ffdc46fbe5f7f2ab645b8221a01b62416e6c74
CLIENT_HANDSHAKE_TRAFFIC_SECRET fcab6dfd0f1fefd83a0b54cc8c17f09ffc452ee34ebcc0c6b8850ca716322c57 18ae57f3a26196631f897d70057ee294d4f4428ee98dc102ff4e2d5349c4f911
SERVER_HANDSHAKE_TRAFFIC_SECRET fcab6dfd0f1fefd83a0b54cc8c17f09ffc452ee34ebcc0c6b8850ca716322c57 a1d23d0da8c3f0ef15bb44580a34520e27df0cbae53179a6c21bf584dc52c1cf
CLIENT_HANDSHAKE_TRAFFIC_SECRET 66367a7217bbd528f7d0b45aada797ecef871aaf4a63da4cab763a80b62d5b4a 8bbb6e972200179b1d8edccbf7c9110b443c4dbec8be81c7e9eb26048253fce9
SERVER_HANDSHAKE_TRAFFIC_SECRET 66367a7217bbd528f7d0b45aada797ecef871aaf4a63da4cab763a80b62d5b4a 3e54a88d97b8649fbfd8d239ddfa86639e6cd237d7707407f997e5a3adcf754c
CLIENT_HANDSHAKE_TRAFFIC_SECRET 21f7ef1014403749776ab23e4e462662f53881c27935b7dc3b96082f831102b5 081146205c2f9e3d364fc93788299fcd8fea6cef22a8244bdf6ed9bf24900e2a
SERVER_HANDSHAKE_TRAFFIC_SECRET 21f7ef1014403749776ab23e4e462662f53881c27935b7dc3b96082f831102b5 a3f84253af2d1e39ec5482ce844abe7d30be3f56db7a1f937b090d7e5612f818
CLIENT_RANDOM f1320744f91d0d4114a3746515ea896f194188d7bd4c0a19bbb1c49d6f46463f 3961780e11d8c87052763d39555f6f9183b761eb0c999d4b81b33bb4510a36046189c35c0a0454d929b1b3aa8ede9a42
CLIENT_TRAFFIC_SECRET_0 66367a7217bbd528f7d0b45aada797ecef871aaf4a63da4cab763a80b62d5b4a d259497a1369114db73e0cf6fb125d4d9e6c1681724413610d918a85501843d2
SERVER_TRAFFIC_SECRET_0 66367a7217bbd528f7d0b45aada797ecef871aaf4a63da4cab763a80b62d5b4a 4873c1b3ecea8aea2cb6cf5ea9e7077b331a384ed7f5a12c9b244502eb28e6c2
EXPORTER_SECRET 66367a7217bbd528f7d0b45aada797ecef871aaf4a63da4cab763a80b62d5b4a ee0f91faca4f14bad969fd22274863e58a0d6456ede6f4abe3249bf072c55280
CLIENT_TRAFFIC_SECRET_0 54c38e82ab15bf47c17da8cb0cf397a7d8ddfacdcd618023854c3965b0847e94 bd79504a90db0b1411044994bc37f3b8232cb97c6f99a0ce50f874aab7059a5c
SERVER_TRAFFIC_SECRET_0 54c38e82ab15bf47c17da8cb0cf397a7d8ddfacdcd618023854c3965b0847e94 081971612ef76b25b01a225fc4159a7802db20f2c1dafe5d3670dc5204ce7004
EXPORTER_SECRET 54c38e82ab15bf47c17da8cb0cf397a7d8ddfacdcd618023854c3965b0847e94 d38ad438f73e33a23e8a84679e4aa074e8b28ea0991c0e046daa85dd688060d7
CLIENT_TRAFFIC_SECRET_0 3e2dac2e85d28e329cd9147ccb7400006b539ab10268674bdc22fe1bbf5557c0 196c39ab07f0eb739fec54c369981cbae615beaf9481821625b28cc00553a3f3
SERVER_TRAFFIC_SECRET_0 3e2dac2e85d28e329cd9147ccb7400006b539ab10268674bdc22fe1bbf5557c0 d606a324864a32e61758efb14ca50bcb9e703f93301e65c8e1e5457f10035a4d
EXPORTER_SECRET 3e2dac2e85d28e329cd9147ccb7400006b539ab10268674bdc22fe1bbf5557c0 ab4bbd9043a5bbb0fefa5b25e7eac6d2cd27d3d7755be11536025d3c945acac3
CLIENT_TRAFFIC_SECRET_0 fcab6dfd0f1fefd83a0b54cc8c17f09ffc452ee34ebcc0c6b8850ca716322c57 b31369e5c2ed9351aad9c3124d146f431c46dfa6521fa847f928dd20d3fb7169
SERVER_TRAFFIC_SECRET_0 fcab6dfd0f1fefd83a0b54cc8c17f09ffc452ee34ebcc0c6b8850ca716322c57 8b9293481c42a623e08854e959ab33c174519f3d34e6238de7a10e3acecc052e
EXPORTER_SECRET fcab6dfd0f1fefd83a0b54cc8c17f09ffc452ee34ebcc0c6b8850ca716322c57 02a7c953ebd7df831ce21cef69a958ecdfb02c321af594ed984b8869810eda3e
CLIENT_HANDSHAKE_TRAFFIC_SECRET a9dbb1fbdcbf56c0bbea1857baaf3cfaff2ca427f0ae9a1d0c3ce628620b586c fa38bb2d6ca71f51e17c38243cd99d2fd7fde2b401fdbc251e37613ce8403f62
SERVER_HANDSHAKE_TRAFFIC_SECRET a9dbb1fbdcbf56c0bbea1857baaf3cfaff2ca427f0ae9a1d0c3ce628620b586c 3506e8d08f811ea8d70d9152897fce6ccfcd41f62bc3253081f5e06107671c3a
CLIENT_TRAFFIC_SECRET_0 a9dbb1fbdcbf56c0bbea1857baaf3cfaff2ca427f0ae9a1d0c3ce628620b586c f02747fa875a1debdb17c995a237a840bee9b119276d8f7235393f435925323d
SERVER_TRAFFIC_SECRET_0 a9dbb1fbdcbf56c0bbea1857baaf3cfaff2ca427f0ae9a1d0c3ce628620b586c 3827ed9c2d26bd1a523cf2f497ae5422f60eb788f07fd87bdc344f065bbb1488
EXPORTER_SECRET a9dbb1fbdcbf56c0bbea1857baaf3cfaff2ca427f0ae9a1d0c3ce628620b586c 8db86033e1ae673875b5d6f43eb3c935976752250577324c6d02e2cc49701442
CLIENT_HANDSHAKE_TRAFFIC_SECRET d66c21004d91312f00c0c45173abf9da2f9e3f93c79960d87a784c65a1d6162d b025d8b60db946c2fc20197ac43c76bd81f53acaa5ce3b022f37fe500b0b4861
SERVER_HANDSHAKE_TRAFFIC_SECRET d66c21004d91312f00c0c45173abf9da2f9e3f93c79960d87a784c65a1d6162d 0c17fc1799254f3b36c4e90285ae451ceead42e2108002e0bed2066e96a608cb
CLIENT_RANDOM 66302b8554beb67c6e38a029cd6187b80901d7731b3bc1c9513f555ea1573c8b c613be16a2d48c47b4866fdc6b98d8d1d6d159424cd03f78663fb90a0436900292ef1d5e8a59a0901c68b14804c5ec08
CLIENT_HANDSHAKE_TRAFFIC_SECRET 857ec488b2ddd811c347371c809b48faa665c5ded695a5ad019f94840beb97c8 56c97aefb638069680257d33e86f5887e371b0cc74b85b551b086b317ce5719c
SERVER_HANDSHAKE_TRAFFIC_SECRET 857ec488b2ddd811c347371c809b48faa665c5ded695a5ad019f94840beb97c8 5b919191ecc41857870b3aa74b2094ac15efeb732e660504e5bbc903194612b1
CLIENT_HANDSHAKE_TRAFFIC_SECRET e516cb1325427fba0939d4cf94b14b7387cb1c64511f2c349d84d7a5c16b514a f7bc427b9b74ea6dc5875f7a5f707e8054171454ac2ddfbe430787a3e99796a8
SERVER_HANDSHAKE_TRAFFIC_SECRET e516cb1325427fba0939d4cf94b14b7387cb1c64511f2c349d84d7a5c16b514a bf9f68cd645b15c438edf5ba87c0ef57a95946e6314299d90ce86492b7e1e41d
CLIENT_HANDSHAKE_TRAFFIC_SECRET 9301be793e5c2202964030b7491e13014bf051764358a0bb729619ca08f3edd8 429b83e624e8363b099b7ff1df2566ebb9fcf6051ecb5f20f95d8d52fa5e89b9
SERVER_HANDSHAKE_TRAFFIC_SECRET 9301be793e5c2202964030b7491e13014bf051764358a0bb729619ca08f3edd8 dcd25b12dad7b3756d156401f803d482882d8b75dd4b36262c94270a2a6bbbd0
CLIENT_TRAFFIC_SECRET_0 9301be793e5c2202964030b7491e13014bf051764358a0bb729619ca08f3edd8 da07d064bcc7e2b07245efa232e6f640c1da3777ccf0e680ba1bfbe34a98a1d5
SERVER_TRAFFIC_SECRET_0 9301be793e5c2202964030b7491e13014bf051764358a0bb729619ca08f3edd8 4b8a8d2cf356d0332912fd85f9a4183aaa7517771075dbb50b3ec8390285122b
EXPORTER_SECRET 9301be793e5c2202964030b7491e13014bf051764358a0bb729619ca08f3edd8 25448a6b840e64f8ab51c48de5b2fd371bcdccf2c78c5c4b1cb76c9ceeb3d859
CLIENT_TRAFFIC_SECRET_0 d66c21004d91312f00c0c45173abf9da2f9e3f93c79960d87a784c65a1d6162d 60603827904a928ce49c320da26af6a7c177c2ab33d652a0a3411476adcf1a35
SERVER_TRAFFIC_SECRET_0 d66c21004d91312f00c0c45173abf9da2f9e3f93c79960d87a784c65a1d6162d e2b62ca3a248e1c7335c62a68ba7bd759a0e39d0b0bc2d62e46c75e47ccdf781
EXPORTER_SECRET d66c21004d91312f00c0c45173abf9da2f9e3f93c79960d87a784c65a1d6162d 9f1c73f07854c0bfc5d38967475108b9cbd35ad7d2ab4e9edbe902b5fa55913b
CLIENT_TRAFFIC_SECRET_0 857ec488b2ddd811c347371c809b48faa665c5ded695a5ad019f94840beb97c8 c64df987539314e999c6a0653d4ff368c9d809eda888a3eeb1d1e234883afd6d
SERVER_TRAFFIC_SECRET_0 857ec488b2ddd811c347371c809b48faa665c5ded695a5ad019f94840beb97c8 9cf89b71b2b48649a44b340873866796ade0ac1ea7e82b35b863033da48611a2
EXPORTER_SECRET 857ec488b2ddd811c347371c809b48faa665c5ded695a5ad019f94840beb97c8 200c0e6fc9ad2605a0ac8667aadd309ac18f9ddd29c90090349085d219898875
CLIENT_TRAFFIC_SECRET_0 e516cb1325427fba0939d4cf94b14b7387cb1c64511f2c349d84d7a5c16b514a da228d82cb6ed8cb6bac9a1cd415c2c6935d5463aa49761870fe9f66087ff5f3
SERVER_TRAFFIC_SECRET_0 e516cb1325427fba0939d4cf94b14b7387cb1c64511f2c349d84d7a5c16b514a 8b77e57f7aa3c8400fc056931d9b41844251e53dfbc2d14a43ed4010e46f1b86
EXPORTER_SECRET e516cb1325427fba0939d4cf94b14b7387cb1c64511f2c349d84d7a5c16b514a 1778759098698e1542b7f648a9547f2685bfdc73bcb1f785607f69e6cdf47147
CLIENT_HANDSHAKE_TRAFFIC_SECRET fecac079c7a57a7819b904e9543bd2bb77934cf405b57d2d308fee4561f79d97 8037ab740fe8d3253ec16e6876d653563968744ab5bff1260f1e61edaecee131
SERVER_HANDSHAKE_TRAFFIC_SECRET fecac079c7a57a7819b904e9543bd2bb77934cf405b57d2d308fee4561f79d97 75f484643e987910570b1f030e365cb1303d5ccf471cd65bd53bcce75836a121
CLIENT_TRAFFIC_SECRET_0 fecac079c7a57a7819b904e9543bd2bb77934cf405b57d2d308fee4561f79d97 93e4947f2d8045763c420e8d86b7386ceb771db729f8435f52baaef635e0a8ae
SERVER_TRAFFIC_SECRET_0 fecac079c7a57a7819b904e9543bd2bb77934cf405b57d2d308fee4561f79d97 6858c6e4305bbee953372fb546277bd39d71dbe0b2ac97b66b7d4a8f4545d69a
EXPORTER_SECRET fecac079c7a57a7819b904e9543bd2bb77934cf405b57d2d308fee4561f79d97 7c935171e267cb469c7b476bf9b36bc1d24dcdeaf69df75a1182586ddf467a82
CLIENT_HANDSHAKE_TRAFFIC_SECRET acc60eb9070121bdb8b707169b4daa8516cc042d6e4ab6593e8ca44fbc907e51 aaa233c1fb01cee5ec1b975bed8102a18d0e4dd0ce1c6f70b21005c45dbd88a2
SERVER_HANDSHAKE_TRAFFIC_SECRET acc60eb9070121bdb8b707169b4daa8516cc042d6e4ab6593e8ca44fbc907e51 30e17038c0f22414dc09eb4a700a1c866a53b295624fa0b19ebde1f5f2b4bb54
CLIENT_HANDSHAKE_TRAFFIC_SECRET 9c9e338ecc6f9e4f8ce110ae79728baedc8d52699c0cf129da3b0b786bfed8a0 d21a7af34b9faccefb129be7b55ad88d81e882a4d9138c6f612db254e1ec13a6
SERVER_HANDSHAKE_TRAFFIC_SECRET 9c9e338ecc6f9e4f8ce110ae79728baedc8d52699c0cf129da3b0b786bfed8a0 f66ef35feedefd0cfd7453df9f868c6e0ed57b711529d4107c4b3db8214c18f8
CLIENT_TRAFFIC_SECRET_0 9c9e338ecc6f9e4f8ce110ae79728baedc8d52699c0cf129da3b0b786bfed8a0 11e2566ad66730f2d0d2602e08e539c32c0d8ab7a20f6282b990902052e82475
SERVER_TRAFFIC_SECRET_0 9c9e338ecc6f9e4f8ce110ae79728baedc8d52699c0cf129da3b0b786bfed8a0 5d6d4e2df78ef6c04bacd585fa37275234f32c073c7902dac7ec97be75ebcc6a
EXPORTER_SECRET 9c9e338ecc6f9e4f8ce110ae79728baedc8d52699c0cf129da3b0b786bfed8a0 2bc4e3714788bbe0fb88029217e2837a803abcac20f5a1fa1d801d0065ef045d
CLIENT_TRAFFIC_SECRET_0 acc60eb9070121bdb8b707169b4daa8516cc042d6e4ab6593e8ca44fbc907e51 73441558b36604fe0835872c6fc8c5cc32d2334521e95e5477435ade8fc08b70
SERVER_TRAFFIC_SECRET_0 acc60eb9070121bdb8b707169b4daa8516cc042d6e4ab6593e8ca44fbc907e51 e3812317db2da0df11f5764f0f47bc98b17cd1d43691c95cd29fd944bf2e40b1
EXPORTER_SECRET acc60eb9070121bdb8b707169b4daa8516cc042d6e4ab6593e8ca44fbc907e51 f41805a9d454a174c4f09168f4178222ca813100abc2d0df4689ba813c292bf6
CLIENT_HANDSHAKE_TRAFFIC_SECRET 976a0be05645b48149c96601d0159597592fd9d5dcde1c19a9d08d22a9af07ba e3e2a571ef511589bfac1ae2b80fdbe7e3d2e7f5ae15e2c537c46361bea12e3f
SERVER_HANDSHAKE_TRAFFIC_SECRET 976a0be05645b48149c96601d0159597592fd9d5dcde1c19a9d08d22a9af07ba c817ad1263df604500d1dc18a996ee364aa0b2aa89a615e9b9cb535539ec952f
CLIENT_TRAFFIC_SECRET_0 976a0be05645b48149c96601d0159597592fd9d5dcde1c19a9d08d22a9af07ba 55616cd836f2f5006a032945cd5cb1b080ebcdd3dfde05566d8c6d00094dccec
SERVER_TRAFFIC_SECRET_0 976a0be05645b48149c96601d0159597592fd9d5dcde1c19a9d08d22a9af07ba 022ed5c413bc9eabc02cd4259b595d811eca7d476564e19f93a8c458e5abb434
EXPORTER_SECRET 976a0be05645b48149c96601d0159597592fd9d5dcde1c19a9d08d22a9af07ba 39ca35eb6018eb0574ee151b96fdb3d8b8bf8415782f4b938865bdac9d5b016e
CLIENT_HANDSHAKE_TRAFFIC_SECRET 0651c219627860fdf737a164fe0c153ac255b9305eebb2b81374f79721ae430c da2d8b72f01bd750878f26006390bf064b8855086d93e88d6beac628c21a64a6
SERVER_HANDSHAKE_TRAFFIC_SECRET 0651c219627860fdf737a164fe0c153ac255b9305eebb2b81374f79721ae430c 534719da2f8a56b50533305e0823879a6301029950fd2aaa2875dbf5d330569d
CLIENT_TRAFFIC_SECRET_0 0651c219627860fdf737a164fe0c153ac255b9305eebb2b81374f79721ae430c 15c9d929f229dbb6338c3c4dee97026f9c3725124fa846ab30a5ee21f60f513d
SERVER_TRAFFIC_SECRET_0 0651c219627860fdf737a164fe0c153ac255b9305eebb2b81374f79721ae430c 4bf704c18ade07f7ae47a36697a1694308dc4d8160e889e953876a76fe2a9a22
EXPORTER_SECRET 0651c219627860fdf737a164fe0c153ac255b9305eebb2b81374f79721ae430c 722dcd14be73cc6de1e784dbce38e7ec10d3495b0088aa64bda36d709d3899b3
CLIENT_HANDSHAKE_TRAFFIC_SECRET d14fedd66f7e3a6966a24a24bbb26a2a0e8c1a2f3d86c0c720356f29e9e65210 43b76d0451bee821a2ee0f763ccaee0550b6796f346f9fec9a5ee6e60afd74ea
SERVER_HANDSHAKE_TRAFFIC_SECRET d14fedd66f7e3a6966a24a24bbb26a2a0e8c1a2f3d86c0c720356f29e9e65210 d291e754e1507121c58e670ed7955972bab68b6313b421d668cdbe926196a4cb
CLIENT_TRAFFIC_SECRET_0 d14fedd66f7e3a6966a24a24bbb26a2a0e8c1a2f3d86c0c720356f29e9e65210 b23ecef3d60f76435bd8b50e50f58379b16c1f43eec9a1e192309eee92c7af0a
SERVER_TRAFFIC_SECRET_0 d14fedd66f7e3a6966a24a24bbb26a2a0e8c1a2f3d86c0c720356f29e9e65210 60292248e9d65274e45d1ebbf3f1b2d4875ff9f3fe01065a7860dfb9235b5369
EXPORTER_SECRET d14fedd66f7e3a6966a24a24bbb26a2a0e8c1a2f3d86c0c720356f29e9e65210 73f77b6c50495e902c0a1fe80f56df9a7e5a71a833a2c3cf27157e6693395837
CLIENT_HANDSHAKE_TRAFFIC_SECRET 43baf8b405c13ee7c22cc191a9b27e1ef33646b34b0ee067d028dc7acfa1ce16 a7bfa5c72fffbb15acf1bcfc8e75d46d35d57c7171085a04e7881727e624ba84
SERVER_HANDSHAKE_TRAFFIC_SECRET 43baf8b405c13ee7c22cc191a9b27e1ef33646b34b0ee067d028dc7acfa1ce16 d3e3c53b9982713c6958e3f2f0f8928924a4aa9a58bf8d8454c97c108d86f420
CLIENT_TRAFFIC_SECRET_0 43baf8b405c13ee7c22cc191a9b27e1ef33646b34b0ee067d028dc7acfa1ce16 0b1d6a708732e7198b65b85bb99c85489ebd40c4f430b82335a634d1b9439ff5
SERVER_TRAFFIC_SECRET_0 43baf8b405c13ee7c22cc191a9b27e1ef33646b34b0ee067d028dc7acfa1ce16 eab243db13ec971632d7ec4ffb99afe3e357b117437a86869fb1d18608f6aecf
EXPORTER_SECRET 43baf8b405c13ee7c22cc191a9b27e1ef33646b34b0ee067d028dc7acfa1ce16 cfbb3cd622a5ebc825ef8f5f155aa06058dbf06b6aa8a1a8a4c8da0f9bf18677
CLIENT_RANDOM 23f2590e5f3a57f978473c93cc5eb26965fe4b86040f6630b6deae9ac5580691 93d314d73c01b1ae8b96543cd05739cd92a9692f1092473dba99b9a6aafdb2e16a4d2c33a1da493f3f72f60a1a63328a
CLIENT_HANDSHAKE_TRAFFIC_SECRET fccf686f2e85c241bda401d2533c385c892bdc2ecb0bd2c4f25688b90a86ebf7 2331db1f09292462c712b8539ffae45133eca905fa8b860b34cf1724b5acdd2f
SERVER_HANDSHAKE_TRAFFIC_SECRET fccf686f2e85c241bda401d2533c385c892bdc2ecb0bd2c4f25688b90a86ebf7 712ac2ff2624cdf8cd39bf14b01fa4a2afbe55fda9b2ddfbcbcef5c3925a6913
CLIENT_TRAFFIC_SECRET_0 fccf686f2e85c241bda401d2533c385c892bdc2ecb0bd2c4f25688b90a86ebf7 7d6495cdd250164c61df3a31cccef81568aa87a703a87f75724ca561aa23d5c6
SERVER_TRAFFIC_SECRET_0 fccf686f2e85c241bda401d2533c385c892bdc2ecb0bd2c4f25688b90a86ebf7 ebc53eeb28f21b7ea6ef818fa8ae748c6426954673c8dcbe7eb65d9bb14426c1
EXPORTER_SECRET fccf686f2e85c241bda401d2533c385c892bdc2ecb0bd2c4f25688b90a86ebf7 4e2d238eba3132686c4a13b88abd96a9fb1a2b3f06338d97fc3748477681be0c
CLIENT_HANDSHAKE_TRAFFIC_SECRET f0910f69fd33550161bce6e883f788456bbea00e4ada13dbb9d694fdb5cf1235 c27bbf53206b06e028dfa2ec3980907293b20c538c0504f72b30a1bb3c69fa43
SERVER_HANDSHAKE_TRAFFIC_SECRET f0910f69fd33550161bce6e883f788456bbea00e4ada13dbb9d694fdb5cf1235 a4751bfd72de23e2b9d28b3d7d73089585a82c877b525230a0e7efaf3e48d0dd
CLIENT_HANDSHAKE_TRAFFIC_SECRET 59aafe7667ba3a0a9c2a01368a816a9cd6f26e1a2ed13ade39bb2f9122267326 76c22779620a1d04d70a36b00e6c13401364818953e40387ea73f259f6370304
SERVER_HANDSHAKE_TRAFFIC_SECRET 59aafe7667ba3a0a9c2a01368a816a9cd6f26e1a2ed13ade39bb2f9122267326 b305fe320eb9add999cdfead9afbf22306b263094f06cc742d35e9efcea5c564
CLIENT_TRAFFIC_SECRET_0 f0910f69fd33550161bce6e883f788456bbea00e4ada13dbb9d694fdb5cf1235 7efa0f97ffb7fdacae12388f37c0c25270b9a16f086dac2df9c3ddd07284aa26
SERVER_TRAFFIC_SECRET_0 f0910f69fd33550161bce6e883f788456bbea00e4ada13dbb9d694fdb5cf1235 6ac0bd64dda46d38045a0c7d8fec8213d5bd92dee125ad66f8958fbed1707837
EXPORTER_SECRET f0910f69fd33550161bce6e883f788456bbea00e4ada13dbb9d694fdb5cf1235 f07114d0eafee492260ffe1b9aef89276a37b1f7546f96a1a82b4944b02bdd20
CLIENT_HANDSHAKE_TRAFFIC_SECRET 38d93e6a943e07d97f54ab946b58bdca54ad0abc1ab734d34f66ddf70e7b9841 42e68125b2f30503da5f01623156db0c7f79a0fac490dc204f14d26953d104ae
SERVER_HANDSHAKE_TRAFFIC_SECRET 38d93e6a943e07d97f54ab946b58bdca54ad0abc1ab734d34f66ddf70e7b9841 406eb143dea2e9220c48dd18e998d7c6621cf9a7f75fdf5175bf2d4e799fa9b1
CLIENT_TRAFFIC_SECRET_0 38d93e6a943e07d97f54ab946b58bdca54ad0abc1ab734d34f66ddf70e7b9841 596171d8e70a471db7cc566543950b9b946f616ab5288cf435a8f83c93249c2d
SERVER_TRAFFIC_SECRET_0 38d93e6a943e07d97f54ab946b58bdca54ad0abc1ab734d34f66ddf70e7b9841 33e65593bed0990aa36aed0179dae169cecca3e3200315e2ac597d686702f44b
EXPORTER_SECRET 38d93e6a943e07d97f54ab946b58bdca54ad0abc1ab734d34f66ddf70e7b9841 f39de7c704ebe58e752c5653149ed2e161de05fc3dec468eabd625200bb34c25
CLIENT_HANDSHAKE_TRAFFIC_SECRET 8a2e418d5cb78f2973375416c069c593091dbc8cb10411ee162afc325c3d6b45 2d899ef5efe6adf92c99cccca904f7f080a0329bb13a57fcfde4c65475e67d87
SERVER_HANDSHAKE_TRAFFIC_SECRET 8a2e418d5cb78f2973375416c069c593091dbc8cb10411ee162afc325c3d6b45 bee93059ac52a983ebb73004f5873d2ee8af2f6afa4c231da09165ca82c47781
CLIENT_TRAFFIC_SECRET_0 8a2e418d5cb78f2973375416c069c593091dbc8cb10411ee162afc325c3d6b45 c0fc1c0d679c32b7779dca07bcee6d3df451c8407fff380600f1299705388a09
SERVER_TRAFFIC_SECRET_0 8a2e418d5cb78f2973375416c069c593091dbc8cb10411ee162afc325c3d6b45 a574a5fabeb9c11c36f7ae9de59ecddfee374955463511115b8b0634d3008735
EXPORTER_SECRET 8a2e418d5cb78f2973375416c069c593091dbc8cb10411ee162afc325c3d6b45 9841ec276c7f94ed903475a696d6dc9c7347e77f70f7bcb0480175842391a881
CLIENT_HANDSHAKE_TRAFFIC_SECRET 9819ee70ee2b5b2d23575349dfb1f082c2755ba7045a1840eed04c2791d9d34a e388d3836045bc6a8add3a59782778b0a9ccea31d1a6151b2406608e0c437dd1dd3e1af6d9582cc627ca2e6c232d6835
SERVER_HANDSHAKE_TRAFFIC_SECRET 9819ee70ee2b5b2d23575349dfb1f082c2755ba7045a1840eed04c2791d9d34a 3d5c8774273d92b0d5154f84c72fb0b7d8b58ef6467c403b1f8b989940f6c607c72a3c5bc78c749c675b9a086252885c
CLIENT_TRAFFIC_SECRET_0 9819ee70ee2b5b2d23575349dfb1f082c2755ba7045a1840eed04c2791d9d34a c912e37cee23d0ecb9b5ae2ded5bd2ad862c1dcca31d3568040bf0c8e926ef49557640131fdbed63e1b0f8b6c25c5a42
SERVER_TRAFFIC_SECRET_0 9819ee70ee2b5b2d23575349dfb1f082c2755ba7045a1840eed04c2791d9d34a c5d4cd7afe7f89bb3e90b59736a024ec4ee416fad8d7e4777e6ba2396f8baf09bcf1b246e8bdd351fb4bb56de02ab145
EXPORTER_SECRET 9819ee70ee2b5b2d23575349dfb1f082c2755ba7045a1840eed04c2791d9d34a 181a5849085a549c98ebdf2785bd220b041ac03bebb16b5495b1b0a34a07ab2e6b503a970e2ea650f757678ed0f85fe7
CLIENT_HANDSHAKE_TRAFFIC_SECRET b2c06718b2719153a20f6fef4d187c27c6777a70cdc6e130761ea55f215206a9 42f25ee8dfb204ae8c571513940779b96caeae6cc87a65cc23cb7574e767a0e922841eab2f2b05ffd92fa4ce12ed649d
SERVER_HANDSHAKE_TRAFFIC_SECRET b2c06718b2719153a20f6fef4d187c27c6777a70cdc6e130761ea55f215206a9 88fb6b5368828c5fbefe1160b787e3c0e669a7d88e308efb88d35db065cd36188bfa27c726c2ce08a8f4231efb38a34b
CLIENT_TRAFFIC_SECRET_0 b2c06718b2719153a20f6fef4d187c27c6777a70cdc6e130761ea55f215206a9 dc14256fa5025733419103f9a615a2a409f292d6f4dc3fc728815316a07f888a295545c7374be2524ed4986138337cc6
SERVER_TRAFFIC_SECRET_0 b2c06718b2719153a20f6fef4d187c27c6777a70cdc6e130761ea55f215206a9 e1850031f9558c6616de0f2cf3cc06af2e39f3e9c0e3d91aef820a4bd12c894deef31a8c83e936724af54e5e3e701944
EXPORTER_SECRET b2c06718b2719153a20f6fef4d187c27c6777a70cdc6e130761ea55f215206a9 3aac416a8148cda92650a30537052abacbe3ce4f5b11b377d7f4874366886aa18a7917cd40840cad13e01dd4d5863228
CLIENT_RANDOM 2ab5412853ff459b15d95cef563261a5806a98ddcb5a12de0c18de63ca814115 6b90ae9bf8312fbe80d2740bccc22a1d364cce5593351080474302fd33031e8917e51d39de9e31a0c1801533aa8e0a21
CLIENT_HANDSHAKE_TRAFFIC_SECRET e7fdb25ca6ebf042944dd1bb47c5fa94d0147147b0b19dadb22088cc98a86b86 a2b5f42b1f64580c53904f89adb48b0b6a560349ed30c6d86458d63bf1839dd722541ba1c04d39af620ce9ba09361620
SERVER_HANDSHAKE_TRAFFIC_SECRET e7fdb25ca6ebf042944dd1bb47c5fa94d0147147b0b19dadb22088cc98a86b86 6d17a69c194ba2b8aad4e6b3abf2a9e8e796a917c7a79bbd857369da90019226ddbc38e057cc9b2fd72a22f276847109
CLIENT_TRAFFIC_SECRET_0 e7fdb25ca6ebf042944dd1bb47c5fa94d0147147b0b19dadb22088cc98a86b86 365a98930e9e1e1132932efc93c8aea708985205fc1c8360d2a3fdab96047b606e41a1d53c7e9620ee457394b6d21e2c
SERVER_TRAFFIC_SECRET_0 e7fdb25ca6ebf042944dd1bb47c5fa94d0147147b0b19dadb22088cc98a86b86 8752626f00b88cf6e0beaf9acbd014a8a08be96feab1a21c7efc633be5a62a216cd7a810e7e1330b6bfbdc426f3942e1
EXPORTER_SECRET e7fdb25ca6ebf042944dd1bb47c5fa94d0147147b0b19dadb22088cc98a86b86 2b07679cae01b8342732e613f1d202c612299942a37f9b34b906dd04f5b78b122d3a5ae87f71201b40460d4792329355
CLIENT_RANDOM 49298a05ebf3f89505213431085081505e38ec94e036472430679c2106e0ce53 5b96419dc3c8147297e2811b4883a9312c76fbb435132ca6202d7b81ad1bffde80d2e86d62db96018745f01c4fdea35d
CLIENT_RANDOM d98b95bed5060a8db944bff3b979bf946b9ac99d7b42cd2b9e0e42c4289cd6cc 4868b5b7acd2210d3679a325fdfdfea835e2b59c18ee06c5c18cef37ee2a4d1bc67ef00385833e7c65fab46ab773f535
CLIENT_HANDSHAKE_TRAFFIC_SECRET 0a6be64821aaa6bfc1f339fed8f05891221e2d8ff30cdada3aad9c3f2e7a9bb0 62c0559ae01819b77329098a8ae53d69e20784faa113a890eefd6d3a639c191c39798a7895e828d80fda335ecfc320cd
SERVER_HANDSHAKE_TRAFFIC_SECRET 0a6be64821aaa6bfc1f339fed8f05891221e2d8ff30cdada3aad9c3f2e7a9bb0 f28449595bee570882f76e5c05562852c6bf1ba271abff21111cf9593e82c9eb938011c2fefcfa9126c3126245142288
CLIENT_HANDSHAKE_TRAFFIC_SECRET 66ed5f11f7707bfa1b87bbe8cf4caae31e5a57e4a010fd6cfbc4e5f068639289 5f06ea2011121a087b4231649432afdad75ea781cd0e658b53b090dc0442d971
SERVER_HANDSHAKE_TRAFFIC_SECRET 66ed5f11f7707bfa1b87bbe8cf4caae31e5a57e4a010fd6cfbc4e5f068639289 c9951dd02fcaa04b665880f5e9179f07fd5c99cf46e500dbc6324429e1c3dabd
CLIENT_TRAFFIC_SECRET_0 66ed5f11f7707bfa1b87bbe8cf4caae31e5a57e4a010fd6cfbc4e5f068639289 6d64579be6dc35f4ed394f5326cd6a7c83a64784d176e7c508c44c9309593107
SERVER_TRAFFIC_SECRET_0 66ed5f11f7707bfa1b87bbe8cf4caae31e5a57e4a010fd6cfbc4e5f068639289 8dc8d53b875df1e0489234b07f32d09b9277bd7420ee726b92f4c04cc3f77e44
EXPORTER_SECRET 66ed5f11f7707bfa1b87bbe8cf4caae31e5a57e4a010fd6cfbc4e5f068639289 c13f1fc09b2cbc33a27c5652108cb8b37201ac304f99103fe37c6b29df886e94
CLIENT_TRAFFIC_SECRET_0 0a6be64821aaa6bfc1f339fed8f05891221e2d8ff30cdada3aad9c3f2e7a9bb0 6695dfdfa18ac6e75686829b3bdbdb2d9479eef6686559d3738457c27e57169a328045d811837c6301303870dfc64c40
SERVER_TRAFFIC_SECRET_0 0a6be64821aaa6bfc1f339fed8f05891221e2d8ff30cdada3aad9c3f2e7a9bb0 a57345cc83d91ae24ea15440d597ace594484a785acca0ca41936e8d4b83da8dcf3651e9a822164da0d3fd5c4fa08704
EXPORTER_SECRET 0a6be64821aaa6bfc1f339fed8f05891221e2d8ff30cdada3aad9c3f2e7a9bb0 6ab85cd3f52c6b7c0c63df8a3f5c73e86600e8a4933496813ea002b7934965df3d96af4fa345a0e504ba8b59a3863f8e
CLIENT_RANDOM 938cbc138c2fee728c8c27903952bd3697669d990f9fd24f2a2574cffcd467f4 28817d6673322f0466ac7758a8c7813f79f6b710766f7cf34e36f88cf0aaed1dc7dca71ef9e34d8d84ad922b9b62c219
CLIENT_RANDOM b69a8d5f5f4ac24641b0ccda424673e22f35ab4f6c934e4d3afa2af99596a915 3634232de25799db7f088ca684244a9462e8b7b62f2eea283e1bda250ff47e4f31687d787344a9dd6291b489bf48ed4c
CLIENT_HANDSHAKE_TRAFFIC_SECRET f193f813072ecfa95c2efb13acebafe2deccdde34b2141664df71a678d39b2d0 741ca69182a9170d068a374e049a7945549c3eb13290133ce0dfa8f0205d15f9
SERVER_HANDSHAKE_TRAFFIC_SECRET f193f813072ecfa95c2efb13acebafe2deccdde34b2141664df71a678d39b2d0 4d6a00d123abd759e71a45685de2af2de96b73821b4934948485b95c285dc8d0
CLIENT_TRAFFIC_SECRET_0 f193f813072ecfa95c2efb13acebafe2deccdde34b2141664df71a678d39b2d0 7bf89645f8cb08baf99b7bef3e666d62cd21b95aba2eade0cae9b300e6b7ab6a
SERVER_TRAFFIC_SECRET_0 f193f813072ecfa95c2efb13acebafe2deccdde34b2141664df71a678d39b2d0 f40a503bbc8e80e926cef6c814a2acc57a4777428fb7d9717e7152a879d51960
EXPORTER_SECRET f193f813072ecfa95c2efb13acebafe2deccdde34b2141664df71a678d39b2d0 c88d94c33d4a7ddbe3f17250dcbd0b4a57cfed1d5a2c4f0315ac96039e6a5f59
CLIENT_HANDSHAKE_TRAFFIC_SECRET bded7f33277e0d0ac8836a82e6d4511f3e25840f481c7d441115eda39c4edffa 5c2fcc39304713f8f682646360102a2a5a79be50f7e5c9d855bfa296487526e4
SERVER_HANDSHAKE_TRAFFIC_SECRET bded7f33277e0d0ac8836a82e6d4511f3e25840f481c7d441115eda39c4edffa 760d5b405f36e2882eae0f733e509dfe4aae97ddb370be37df188637a4ab282c
CLIENT_TRAFFIC_SECRET_0 bded7f33277e0d0ac8836a82e6d4511f3e25840f481c7d441115eda39c4edffa e7f6813d936770041b9372277db57aa7b971e4b14e334e6a7d959d501124ed7c
SERVER_TRAFFIC_SECRET_0 bded7f33277e0d0ac8836a82e6d4511f3e25840f481c7d441115eda39c4edffa 1be1482dcef4449902029885fba256655b68d3f160eda8b771182961c2b0fcf5
EXPORTER_SECRET bded7f33277e0d0ac8836a82e6d4511f3e25840f481c7d441115eda39c4edffa 382489d8d737989d70de7514708e3a0de8308fcdfead403e0408c916bdc40114
CLIENT_HANDSHAKE_TRAFFIC_SECRET 6b6e4addf7e5ea8cdb69c6e46d6ad3796e2ac12ca715c417ca482c5978fb6153 0bdc9dbadfbee45a62eadc77c8584e322c729d6f5c75eacefd1d2f4fe46d7476
SERVER_HANDSHAKE_TRAFFIC_SECRET 6b6e4addf7e5ea8cdb69c6e46d6ad3796e2ac12ca715c417ca482c5978fb6153 fb06da13f5ee8194f732a4a1469acd3ea0be2c7dbfc286711ab90cb023355311
CLIENT_TRAFFIC_SECRET_0 6b6e4addf7e5ea8cdb69c6e46d6ad3796e2ac12ca715c417ca482c5978fb6153 e4a4d39aa18a698c952b36eeb47c57a4567db1b608291f0bb9af6a88baeea31b
SERVER_TRAFFIC_SECRET_0 6b6e4addf7e5ea8cdb69c6e46d6ad3796e2ac12ca715c417ca482c5978fb6153 578b908cd051e5b5c5c4736d13e098427996bf63f9c6902446c0acac0e4672a4
EXPORTER_SECRET 6b6e4addf7e5ea8cdb69c6e46d6ad3796e2ac12ca715c417ca482c5978fb6153 a5ecd1bcb44314419fd063d8f2e34f3edf3075fdf94ab972d176d030d76d28f1
CLIENT_HANDSHAKE_TRAFFIC_SECRET 5731f0587961489ece8ca41a5f26d6478550a41a706cffb5272ff78ec04ca97e ad79b713b12d699d96f86de6f9350da30e0779eda2787f411cf709d5422453e4
SERVER_HANDSHAKE_TRAFFIC_SECRET 5731f0587961489ece8ca41a5f26d6478550a41a706cffb5272ff78ec04ca97e 3e0d293ef5bc0fd9768abeee1041625e90a8d979c5aad8a082ec72788cbc76dd
CLIENT_TRAFFIC_SECRET_0 5731f0587961489ece8ca41a5f26d6478550a41a706cffb5272ff78ec04ca97e b83d7b4ea47f2288b22e2ce0fd6676c6bb533a19ec76d035338e4a49c65c4b86
SERVER_TRAFFIC_SECRET_0 5731f0587961489ece8ca41a5f26d6478550a41a706cffb5272ff78ec04ca97e c669f8bc76276aa08d71adf2f613c2ff96b8d9f6ab723f36face4cd2f806ddd4
EXPORTER_SECRET 5731f0587961489ece8ca41a5f26d6478550a41a706cffb5272ff78ec04ca97e 5f6a81b04d1edd0f0d40afde4e84fecc275d51403afb81048f6a7ee4f174c7de
CLIENT_HANDSHAKE_TRAFFIC_SECRET 791f61b431ee679bc193ce17f20dee62504c35bd4c9cbcfee8e53955665a2e2f e5e10c3fea13a91f70aab4ac1d4511ad4e53070ce8ae9d128159e3d98c510a9d
SERVER_HANDSHAKE_TRAFFIC_SECRET 791f61b431ee679bc193ce17f20dee62504c35bd4c9cbcfee8e53955665a2e2f 58dd0873035a58e21872089decb29276604d19e1089c5f0c5f9e56a9ffed9edb
CLIENT_TRAFFIC_SECRET_0 791f61b431ee679bc193ce17f20dee62504c35bd4c9cbcfee8e53955665a2e2f 3d1bbc73eb182a74034e210241df202f24033e0f4fa59aad8cdfbc4d7ef9feb1
SERVER_TRAFFIC_SECRET_0 791f61b431ee679bc193ce17f20dee62504c35bd4c9cbcfee8e53955665a2e2f b684ed18c05f60bf8c486ec6895582c21864bce4cc26cec4ceba1f7057f31251
EXPORTER_SECRET 791f61b431ee679bc193ce17f20dee62504c35bd4c9cbcfee8e53955665a2e2f 1dc14135b1c41f4c10403a85431cdb7b164379397392de5fc02fdc7ccfcd364d
CLIENT_RANDOM a0d40596ccc9c0a67b601c2cb787c6157f33b82fad54cc8c96460f69014bcbf6 5b96419dc3c8147297e2811b4883a9312c76fbb435132ca6202d7b81ad1bffde80d2e86d62db96018745f01c4fdea35d
CLIENT_RANDOM b14d679c68bdeed45da7733bb78e5823855be51d4f96d3f4fe07acf4b32d3812 4868b5b7acd2210d3679a325fdfdfea835e2b59c18ee06c5c18cef37ee2a4d1bc67ef00385833e7c65fab46ab773f535
CLIENT_HANDSHAKE_TRAFFIC_SECRET d0984d6d6ff7456aec69013f8dafd1d72724e2120e6a92f7d729af0f5a9f4aa4 e6513c30bb076a999e049bf36ca419d60ce2f045c7061e1db36325a8cbec9414
SERVER_HANDSHAKE_TRAFFIC_SECRET d0984d6d6ff7456aec69013f8dafd1d72724e2120e6a92f7d729af0f5a9f4aa4 885507aade745a84223782915cf57d7dd6b06d5b1f9ca4ff8f840c05def9289c
CLIENT_TRAFFIC_SECRET_0 d0984d6d6ff7456aec69013f8dafd1d72724e2120e6a92f7d729af0f5a9f4aa4 69e2419602c2ce85d948f88b5d2a29dfc1ce8daf32e114f276635ae52f205380
SERVER_TRAFFIC_SECRET_0 d0984d6d6ff7456aec69013f8dafd1d72724e2120e6a92f7d729af0f5a9f4aa4 6900b10c6a4207f13763c47aa18ba16352690e7bf72d87558754f38bf9dc037a
EXPORTER_SECRET d0984d6d6ff7456aec69013f8dafd1d72724e2120e6a92f7d729af0f5a9f4aa4 55c2ede61a4d1e0e0b13b86452d78dc87af304300a55fd030d552906a03385e2
CLIENT_HANDSHAKE_TRAFFIC_SECRET a90387279fda503881e99acac9cf1f42ffc8ea7224854ed0b8e88a8904bb0353 dfdf18edaa844d9d5dfb47091039f7c4d04fe24c91a1a670d608696f57e13752
SERVER_HANDSHAKE_TRAFFIC_SECRET a90387279fda503881e99acac9cf1f42ffc8ea7224854ed0b8e88a8904bb0353 82e4162f552148610393faed0dc20ca62f94f9b58f641a2095ff8735bebe5606
CLIENT_TRAFFIC_SECRET_0 a90387279fda503881e99acac9cf1f42ffc8ea7224854ed0b8e88a8904bb0353 d0724046b13bf476255eab8f4a04c33174e5d49ddc1caff1559285a70ece5c65
SERVER_TRAFFIC_SECRET_0 a90387279fda503881e99acac9cf1f42ffc8ea7224854ed0b8e88a8904bb0353 5f4b801c73a767d07999afb07f7f2d774ab1e142a56c42f86c48748f2e01a8b7
EXPORTER_SECRET a90387279fda503881e99acac9cf1f42ffc8ea7224854ed0b8e88a8904bb0353 f3e68826fe21079e74a9459e26b55cdbb26cfd3301dfc7a30a058bfb2d05a62c
CLIENT_EARLY_TRAFFIC_SECRET ba6ce10a525dc7938512fe9832360910523acfaf0b89fb5cdccc3a9f115a2466 dfeda97d415c15edbde010800262e6a35d0234433f4c43a1e2290cfa73b4f2b7
CLIENT_HANDSHAKE_TRAFFIC_SECRET ba6ce10a525dc7938512fe9832360910523acfaf0b89fb5cdccc3a9f115a2466 f8dd132286ece9700b1c5990a50902bc4db66a3796f1bf1165ebdf2373813fe4
SERVER_HANDSHAKE_TRAFFIC_SECRET ba6ce10a525dc7938512fe9832360910523acfaf0b89fb5cdccc3a9f115a2466 114adf7defcb80adaabbb9c869c2c86b891911bc88ec4125098b0b43871a303e
CLIENT_TRAFFIC_SECRET_0 ba6ce10a525dc7938512fe9832360910523acfaf0b89fb5cdccc3a9f115a2466 e1f04c0f3eb473c6dad5e59e6460e60bf287363798920a7daa5f3f71565afc89
SERVER_TRAFFIC_SECRET_0 ba6ce10a525dc7938512fe9832360910523acfaf0b89fb5cdccc3a9f115a2466 18b47d14a221fdc661b6ad416ca5c4acec9da271b5a83648a679dc0a2ad917a6
EXPORTER_SECRET ba6ce10a525dc7938512fe9832360910523acfaf0b89fb5cdccc3a9f115a2466 50eb32b6597de7d715c3fd3061aea1550ac5941330572fe869aef62730e2b39d
CLIENT_RANDOM a67327bd5b3e2c05dc8e3cf79a20385e0ee3883a719096c53dbbbe122bc7d07d 93d314d73c01b1ae8b96543cd05739cd92a9692f1092473dba99b9a6aafdb2e16a4d2c33a1da493f3f72f60a1a63328a
CLIENT_RANDOM 33a6e8fd3e7cb0bfe03425f9d2a4ba90e13ba566c7b6549c861ed0c4de906e0a 96a271d7a4c5cf6bfee91e716829ac05194f4dbdb5c33ef2c6966114654febad763da4c8e3238903fa7a7b26c4c6175d
CLIENT_HANDSHAKE_TRAFFIC_SECRET ce3e25f7b63b0810347eba72b5702efb8116f8d8ba831280655dfe54c5554b41 09a589e0c42ffa3ba96741ab47ae2dac4459c95a2ff884986fb8d4768fe3e67b
SERVER_HANDSHAKE_TRAFFIC_SECRET ce3e25f7b63b0810347eba72b5702efb8116f8d8ba831280655dfe54c5554b41 65cb337d8383d4c8c6bab8e3be9dd59bea5f978d2e0a3550dafef34164a7057b
CLIENT_TRAFFIC_SECRET_0 ce3e25f7b63b0810347eba72b5702efb8116f8d8ba831280655dfe54c5554b41 a5f583e18134e7381dc277d80b76615f8accad665af7a539b19eff9376693715
SERVER_TRAFFIC_SECRET_0 ce3e25f7b63b0810347eba72b5702efb8116f8d8ba831280655dfe54c5554b41 b8e501ab9ddc76e5d0020e2e9daffb572c5c72fb6565dfb0a8df7ba17a1e956e
EXPORTER_SECRET ce3e25f7b63b0810347eba72b5702efb8116f8d8ba831280655dfe54c5554b41 097a62cb98743654307d91da8ec7b2183bcbbfc9704b45157859dd79df504ade
CLIENT_EARLY_TRAFFIC_SECRET 243b34bff10664ce42c379a874594dacdd054c90d968f4d25caf5abbebe73a05 e55626d4a5cbce9aa4b3e68b4bc4a04226bffe6de93ffa0a5cf55986b6de1de1
CLIENT_HANDSHAKE_TRAFFIC_SECRET 243b34bff10664ce42c379a874594dacdd054c90d968f4d25caf5abbebe73a05 90adcc03bdea8d60c571d4d22a9fa14a463c5cd88439e2e8ebd8587784c3865f
SERVER_HANDSHAKE_TRAFFIC_SECRET 243b34bff10664ce42c379a874594dacdd054c90d968f4d25caf5abbebe73a05 6e4f15949e8ea363e6d55b20c829b6a6bb7f062071ada68b82935b0c6b2c03c0
CLIENT_TRAFFIC_SECRET_0 243b34bff10664ce42c379a874594dacdd054c90d968f4d25caf5abbebe73a05 ccaa3414cd43f4b50adf8b6211f0872f655de1ca216771a2d1a4eebd3b705ee7
SERVER_TRAFFIC_SECRET_0 243b34bff10664ce42c379a874594dacdd054c90d968f4d25caf5abbebe73a05 7131a17a32bc71101d6565c6430ef3f865ca501be7c143a37eea74a5cf037208
EXPORTER_SECRET 243b34bff10664ce42c379a874594dacdd054c90d968f4d25caf5abbebe73a05 f2db2364fd96f906fde1fd2791d981097c2850b8747aa8cc589895c6b447a395
CLIENT_RANDOM d1ed92d4351bdc7b91a619c44bf20ed637a641b31c7717a1eb10f70561a88933 4cd67daa50f65ee6a946b47133140cdaa3f76511c1f11c17960aa5ebcdc435fb9688612eaa8a20edf077e355e9dfd218
CLIENT_RANDOM a42c1445b9d46ae99534e0755674e0e6203c99fa1231475127cf632e5ce64302 0b7a05b0681fceb5c75f1edbe86ea384ac782689cefc035de75391580bcdbf12d795c66c02a1d3346a0adfc7bf028bfb
CLIENT_RANDOM b23988eccc379dee0c45c83723397ba4d7aac93a5b6635e607ae2695b6f87898 67d777ec8c20701fe5024b37e694c86b98622f5409a4c783332d9d2b90150bbcef39b996a38043ef2b418ac09b898f48
CLIENT_EARLY_TRAFFIC_SECRET ef50be0a242f8604f7859c41fb8fd3ca784443c8c766aab90f08c773c080781d 2182aecae35b119c7353dd47977998a17cc4cfec7b9d164cc736196a44621a65
CLIENT_HANDSHAKE_TRAFFIC_SECRET ef50be0a242f8604f7859c41fb8fd3ca784443c8c766aab90f08c773c080781d 849e10483188635b27e8217cd89fc45a2a86d20e08387a7a3ff9526fc25c26e6
SERVER_HANDSHAKE_TRAFFIC_SECRET ef50be0a242f8604f7859c41fb8fd3ca784443c8c766aab90f08c773c080781d ed9dbd088c9d725631dbc27d376745a54e4c61d830dceba7be10caf08069191a
CLIENT_TRAFFIC_SECRET_0 ef50be0a242f8604f7859c41fb8fd3ca784443c8c766aab90f08c773c080781d 2abb84618a2711e719c209237a07310e2316ae4eaa2a455754ba5d3304771eb1
SERVER_TRAFFIC_SECRET_0 ef50be0a242f8604f7859c41fb8fd3ca784443c8c766aab90f08c773c080781d d62b78acb277a9131b97801a2c239d63fde5b956cf24d10e8575b51006010e7f
EXPORTER_SECRET ef50be0a242f8604f7859c41fb8fd3ca784443c8c766aab90f08c773c080781d 3b3997dc250801af11f4768585745705919efffbe56cdeae958a58e0a8ba5b19
CLIENT_RANDOM 55b1b97fd1ace76f27d87182e6503b6dbce9abb8b7042e526f32e104c53aad6d 6d0580393ddd9e65db3b0c07a86d83930124bfaa5b2e2b018553fae5eceffa61d2ffc64631b7cd682b51991da6c88d4b
CLIENT_EARLY_TRAFFIC_SECRET c15a16c4330c6b07cf914503c0cfbeb0becaf6f2c69748c47ce3fecc3b28d749 b29e3347b767c4b0c0867582249d1717c319a6f0354c9a096537b0aeab80712d
CLIENT_HANDSHAKE_TRAFFIC_SECRET c15a16c4330c6b07cf914503c0cfbeb0becaf6f2c69748c47ce3fecc3b28d749 8400125e07872082d411485c69d1d70a1f4a38b79c3ec4df0196466f552e2057
SERVER_HANDSHAKE_TRAFFIC_SECRET c15a16c4330c6b07cf914503c0cfbeb0becaf6f2c69748c47ce3fecc3b28d749 1c0e2a3adaef36fde298958ab5a4deb69ef6306d2c52e21d0791c3ffc77355c3
CLIENT_TRAFFIC_SECRET_0 c15a16c4330c6b07cf914503c0cfbeb0becaf6f2c69748c47ce3fecc3b28d749 1a65019d03dbb22884539d5d44676a5e4ada7fd1c906532dc00fdf947d9203dd
SERVER_TRAFFIC_SECRET_0 c15a16c4330c6b07cf914503c0cfbeb0becaf6f2c69748c47ce3fecc3b28d749 afb97e0ba5c3fd2d994100a788a42d4b1a94986adabca11e62819d3bb96f6800
EXPORTER_SECRET c15a16c4330c6b07cf914503c0cfbeb0becaf6f2c69748c47ce3fecc3b28d749 9146b64c24def25d90b989a730c6ef1655515791de59dfde35425e8aaf5b30ae
CLIENT_EARLY_TRAFFIC_SECRET a0bb287cbc109e77bf49f9307a17b3e16241701c6ae9d19da949433ebec6d8e6 08d6311b7c2dcdabb7744ca7bff7b64ae386d947a00805fd9f1e27b0198476fa
CLIENT_HANDSHAKE_TRAFFIC_SECRET a0bb287cbc109e77bf49f9307a17b3e16241701c6ae9d19da949433ebec6d8e6 5562cbac8c8b0262bc723cb6dcb37303fc8bf4d8c97366d2b5e02fde76ffc191
SERVER_HANDSHAKE_TRAFFIC_SECRET a0bb287cbc109e77bf49f9307a17b3e16241701c6ae9d19da949433ebec6d8e6 47284ff56e34ac66d0d708271a99fd90a46fe6a77a6afa2b637399888f1a09c2
CLIENT_TRAFFIC_SECRET_0 a0bb287cbc109e77bf49f9307a17b3e16241701c6ae9d19da949433ebec6d8e6 588130ba543cc2eacd6941af710a7268869fe15e2b826be9d907abb9aae539ee
SERVER_TRAFFIC_SECRET_0 a0bb287cbc109e77bf49f9307a17b3e16241701c6ae9d19da949433ebec6d8e6 6b464fcf0ffc53f31e84cffb5688d8e2ca9988cdc389a611b395d26f89f5b4d4
EXPORTER_SECRET a0bb287cbc109e77bf49f9307a17b3e16241701c6ae9d19da949433ebec6d8e6 7572e3cd52eff809c138c29daa2e7a64f11750513ea38175ab50f81771115dfc
CLIENT_HANDSHAKE_TRAFFIC_SECRET a7cb9a7d03d849d050362cd504f24fa55f5ce86c464dd3d3a04b0ba8d1a7f599 7edf6b7cabce8edd885b0ca843279afd79e2ff690a14d519cc2ce0dc2e565741
SERVER_HANDSHAKE_TRAFFIC_SECRET a7cb9a7d03d849d050362cd504f24fa55f5ce86c464dd3d3a04b0ba8d1a7f599 b92d8c52796dd8569a2fad922e8327373584b496b99ec94190d00123f9228dd2
CLIENT_HANDSHAKE_TRAFFIC_SECRET f0cda7e0fca399b54264a28f1b3a185f1347ba466f19ee7b8b679c6e00d2624c 998607f4ccc4c812e5ea6da9ef0d0683f17a0e0b047ff35e1a730d7295eb6c77
SERVER_HANDSHAKE_TRAFFIC_SECRET f0cda7e0fca399b54264a28f1b3a185f1347ba466f19ee7b8b679c6e00d2624c 62e33e35a482921141f8dd7e651e928f8c4ad88dbeae40769f526f641858e6fe
CLIENT_TRAFFIC_SECRET_0 a7cb9a7d03d849d050362cd504f24fa55f5ce86c464dd3d3a04b0ba8d1a7f599 51a565d09a1daff117ba0b5bcf3d3f43ce74bd24102ab74a914f59d8edeeed1c
SERVER_TRAFFIC_SECRET_0 a7cb9a7d03d849d050362cd504f24fa55f5ce86c464dd3d3a04b0ba8d1a7f599 5f0c19653a0fddb97bdb56610af99c7ebd1ef21ab381572ad1aa1aeb691875b7
EXPORTER_SECRET a7cb9a7d03d849d050362cd504f24fa55f5ce86c464dd3d3a04b0ba8d1a7f599 f38229e7cf00f70b2167b456022b6c1c5cbde0c0695321530508f633bc9a79de
CLIENT_RANDOM e0add45cc99de9d7d17b1f4ada93988a645be89ef0d4afe1748688ccf04304f6 1882c864988b25f2e2d6ec98a9a5045addfcec49b260e0302cbfa88cd570755584caecbcf3516ad732cb9908875be9fc
CLIENT_HANDSHAKE_TRAFFIC_SECRET d9f11935f995b00ee82be62f69642c2c4c271874d1407fbfd29503c47d3a5dbb 15fb84c093b53753ff3d478eb8f721dec1d0f8835733bfcd5cf8d1ade4626c30
SERVER_HANDSHAKE_TRAFFIC_SECRET d9f11935f995b00ee82be62f69642c2c4c271874d1407fbfd29503c47d3a5dbb 3b63f9214a41fd54ae59363c84cb1e150a468fafde27b9f5a74a0f78ef205536
CLIENT_HANDSHAKE_TRAFFIC_SECRET 8e3f4a6a727399b0ac8cbaa18c82dbf752fd5305521fae10ee6b38e1acabe8bd 8913cfcf309c090ec3817d19984321774ccc67f417368a66eeed7b46a999e0e8
SERVER_HANDSHAKE_TRAFFIC_SECRET 8e3f4a6a727399b0ac8cbaa18c82dbf752fd5305521fae10ee6b38e1acabe8bd 8f3bacb8dd0d2cb51e906c6da92842bbe06b52c90cace2b14d1690584af3996b
CLIENT_EARLY_TRAFFIC_SECRET 6b16cb3e6e9e44837a6d8d5f575218eece048dbe99846d5446f32d09598ae2fe b7d5809dfefbc5cad833362c97d3521fb8e5aae0b7e1c2e1a9c17f12d0429e90
CLIENT_HANDSHAKE_TRAFFIC_SECRET 6b16cb3e6e9e44837a6d8d5f575218eece048dbe99846d5446f32d09598ae2fe 93633ac881115c18439c68abaf233d1f366e29984a9f3362fa42fded76e4a54f
SERVER_HANDSHAKE_TRAFFIC_SECRET 6b16cb3e6e9e44837a6d8d5f575218eece048dbe99846d5446f32d09598ae2fe 025a3b9885bff631974b8fc7c1b51cbaa2dea2fa146a7f5fa93cc93626120828
CLIENT_TRAFFIC_SECRET_0 6b16cb3e6e9e44837a6d8d5f575218eece048dbe99846d5446f32d09598ae2fe 03fa8f02dae2811ca4a9ca215a5b6059782373d7ea63bbdffbdb7c51e102a51f
SERVER_TRAFFIC_SECRET_0 6b16cb3e6e9e44837a6d8d5f575218eece048dbe99846d5446f32d09598ae2fe 4939b1640ab7953281e411605db793c8a08a785d9c1893cd0af129ac4f0a2364
EXPORTER_SECRET 6b16cb3e6e9e44837a6d8d5f575218eece048dbe99846d5446f32d09598ae2fe 4319dde1b81a1ea9e20c2f22f7686defbbaf779f2f822889ef2103df7a76f053
CLIENT_TRAFFIC_SECRET_0 d9f11935f995b00ee82be62f69642c2c4c271874d1407fbfd29503c47d3a5dbb 88c7e3dd5d6bf3fa5614db151bf3afc311ce7e3d53b9972991690d7c7e509bf1
SERVER_TRAFFIC_SECRET_0 d9f11935f995b00ee82be62f69642c2c4c271874d1407fbfd29503c47d3a5dbb 73ee762bc8823b8e13fba845ccffdc34b0d0f8fdf4e7bb09006ad141cdbf27af
EXPORTER_SECRET d9f11935f995b00ee82be62f69642c2c4c271874d1407fbfd29503c47d3a5dbb 920a9ef0d8b0f41787645a1f6f829eedb71d17b33c5110dd0f8b77e64ddc6305
CLIENT_HANDSHAKE_TRAFFIC_SECRET a6a82484f1ecf0421036053eae8e7c0ea27f215051205e3120b41283e2b35b0e e6916dd416c1baaab462446eecc8cbcee966fda62affc3c475e6b71f09beef3a
SERVER_HANDSHAKE_TRAFFIC_SECRET a6a82484f1ecf0421036053eae8e7c0ea27f215051205e3120b41283e2b35b0e 59e1777b0c69c68d834de64559fa7301806489aa41b958aa8619c0879407b051
CLIENT_TRAFFIC_SECRET_0 a6a82484f1ecf0421036053eae8e7c0ea27f215051205e3120b41283e2b35b0e ef6c6bd129e71d39c9484397f5bd3b14dc8d4cd30abc4d80c1dd3bba671af1a9
SERVER_TRAFFIC_SECRET_0 a6a82484f1ecf0421036053eae8e7c0ea27f215051205e3120b41283e2b35b0e 070f83ee0d89f64dd474a7fbbd9a76107545c552a04996ebb8c05543599e2d0d
EXPORTER_SECRET a6a82484f1ecf0421036053eae8e7c0ea27f215051205e3120b41283e2b35b0e ec2cf2b1f5a6c612a671c2c34a3792d9aaf3388edbd89b9271755a49a204771e
CLIENT_TRAFFIC_SECRET_0 8e3f4a6a727399b0ac8cbaa18c82dbf752fd5305521fae10ee6b38e1acabe8bd 998e2a4ce67cc63e7230feec051c76c3cccc0cc22df5116855b489e0369a0510
SERVER_TRAFFIC_SECRET_0 8e3f4a6a727399b0ac8cbaa18c82dbf752fd5305521fae10ee6b38e1acabe8bd bf8907e3ed7518aeaa44750e5dcb0a700fee3491d548014272cf80736e08e9ea
EXPORTER_SECRET 8e3f4a6a727399b0ac8cbaa18c82dbf752fd5305521fae10ee6b38e1acabe8bd 087ad41ad76cfe64ca850def4bba074aebd780b7ca7313c54878cb924c91feb2
CLIENT_EARLY_TRAFFIC_SECRET 47c8b330eb04d592ca0836d4673c60e6e2290bc94b2e6990e29fbaf1a5a14f9a b5f41af3fd043696ce53651e4a79a20e1c1d695ee1541cd05fd848b628c731ef
CLIENT_HANDSHAKE_TRAFFIC_SECRET 47c8b330eb04d592ca0836d4673c60e6e2290bc94b2e6990e29fbaf1a5a14f9a 168eed3cfcc123ab6de3ccab8f8efcd205c257b540eb88f41c5c9f13adfecf13
SERVER_HANDSHAKE_TRAFFIC_SECRET 47c8b330eb04d592ca0836d4673c60e6e2290bc94b2e6990e29fbaf1a5a14f9a 586395673887694cbe44d4eeed3f4564383cffba8d672c82d952979f98015288
CLIENT_TRAFFIC_SECRET_0 47c8b330eb04d592ca0836d4673c60e6e2290bc94b2e6990e29fbaf1a5a14f9a 03ab4db305adc9661c247fb3415e66ccdde674dd566c213579ddd0a3363351ec
SERVER_TRAFFIC_SECRET_0 47c8b330eb04d592ca0836d4673c60e6e2290bc94b2e6990e29fbaf1a5a14f9a 7edd43f7d22d09a6540621659fa62117a313da61881dcb2d0a6bef002076d3f1
EXPORTER_SECRET 47c8b330eb04d592ca0836d4673c60e6e2290bc94b2e6990e29fbaf1a5a14f9a 594eb7a30212e416271da9fa7445f2aad0cdb9ce69505e64bc58c9433c2c197d
CLIENT_RANDOM baa3385ff925b29fa6446baafc56029f589be08720b92f6402d91109750d21bd e77fd12a3243a489a40c00e24af3e8ff68e6f358f8880415e6fa78cae07340c49edc6570b02ee3c5afe4c9d2dfe6a3d0
CLIENT_HANDSHAKE_TRAFFIC_SECRET 7d7c6b6a11111f80fe548e08c3285e61414dda8506aa8e6aa31a3f8c02ed00aa 93e18e19bda25a9a921b382d441ca0fa710df9e6aede66eafb9820c7c93f8434
SERVER_HANDSHAKE_TRAFFIC_SECRET 7d7c6b6a11111f80fe548e08c3285e61414dda8506aa8e6aa31a3f8c02ed00aa 978d0a74840611b3f47dce49e11f9bf420c238daef55bd3342d88aa8e450dbad
CLIENT_TRAFFIC_SECRET_0 7d7c6b6a11111f80fe548e08c3285e61414dda8506aa8e6aa31a3f8c02ed00aa 19d48d878940ab815dac4371e19097d6165c004adfe8ee708cb8153a0668f0b3
SERVER_TRAFFIC_SECRET_0 7d7c6b6a11111f80fe548e08c3285e61414dda8506aa8e6aa31a3f8c02ed00aa 2163bdf0317fd547cddf8f942afb06368fc8b4a31799804bc3a27ba1610989ad
EXPORTER_SECRET 7d7c6b6a11111f80fe548e08c3285e61414dda8506aa8e6aa31a3f8c02ed00aa d133cb5455f049ff3fdcd9b56b2484912ef60f325852fb3bcc2858d92cc0dff9
CLIENT_RANDOM dcf700475ccb6b8e334199fad210c52d9d9215ef6bba2c97e98a5617ead7d9ff 7219099622e8a0051672f123d8dddea5996c86ddff19499b55e140e48dd8384301e788d12c8a52f60397c83005277b84
CLIENT_RANDOM 8fd3baa68cdc985d45d1357b9118885b38682fb10e545e5e83425dd682552f5a dc5051ad65dd79e685eb16c24f1679664f53029a49e77d9906a58f1491a7bff3e3b1b41d2617c7201575de11cc0aa47b
CLIENT_RANDOM 436626790a63e02b7042ea6a15392f211d03db2f5c642fed159e45279fcd32b8 c3ae094e6494e33f446bbb8bc972c75c3b9db052091ef65e76d59791a53189aab50ef6d2ce5f09eb7989c368ab79d01f
CLIENT_RANDOM 79d06091e1e5d6cdb5f7b31beb851886fc91307c533f6e5fafbbe1acb9678147 b3303883d87805f6efe1c8602ef13e36423f2d419ad2243cebb0d9c1c54442f841a6ec3839c8507e80e8a1c37f518cb2
CLIENT_RANDOM 884db3a20e3ba1b911f1648b48dcd0b283f9b03151bf26d7e59b8e5ef5bdce9c f44754198043ab5ea5e5c756728271ee81769c82c3dc1a96ecedb25d6154ea16f9b2a0351ccb2c7bad1f3e4c2a318d3b
CLIENT_RANDOM 149b5550d70b309ee1c947c868f7dc1a7ac13b3dc826ad8a083a856fa5fc4421 1ede786d4c475163304bce3e035cdab36bfd7718846bc13a5c48433ea8a065fdef7dfe3f000b0708471d1aa61c7a9d20
CLIENT_EARLY_TRAFFIC_SECRET f9914060aee0523fb7435c48137bba3f201344748b8a744d8b25bc861119a6e4 cfb090e1181f9c09fe4192c9184aefcb5f036fb621da6ba18aa568e01167c3a0
CLIENT_HANDSHAKE_TRAFFIC_SECRET f9914060aee0523fb7435c48137bba3f201344748b8a744d8b25bc861119a6e4 d803accb9f3d3a140aebc02cde1e6ad75a2eded12a0fd09919e864b645ab1c3e
SERVER_HANDSHAKE_TRAFFIC_SECRET f9914060aee0523fb7435c48137bba3f201344748b8a744d8b25bc861119a6e4 d9f4dccb1c9873a57ba1c0a62f18b2de4f2541e5e513594cd08749b3bf87602e
CLIENT_TRAFFIC_SECRET_0 f9914060aee0523fb7435c48137bba3f201344748b8a744d8b25bc861119a6e4 9ea2a8db30b0f98fb6a5104af8cd40a5daba3b6da6f2a2840ddf677138b3944c
SERVER_TRAFFIC_SECRET_0 f9914060aee0523fb7435c48137bba3f201344748b8a744d8b25bc861119a6e4 54bef7c3787895dbd893f203c044f65868d55cc2d8b211c9ce7b6c04f1b8d8fc
EXPORTER_SECRET f9914060aee0523fb7435c48137bba3f201344748b8a744d8b25bc861119a6e4 cdf763969ebf2d956c296aeb0e9ce0487dec2e60fa7729fdc2c22c4c35f3bb83
CLIENT_HANDSHAKE_TRAFFIC_SECRET 72186cef5e0a8cc9c821c23323f3d2903914849c589a6dc14c9b47ef683d5a19 0dcb4874de0407264621736a6f0b26cd3ccd685f796a38d81ca122c417ce95a4
SERVER_HANDSHAKE_TRAFFIC_SECRET 72186cef5e0a8cc9c821c23323f3d2903914849c589a6dc14c9b47ef683d5a19 4fe5180f1f75b505ed06cf85a49c3cd099ad3c26c290e5b520393b715a7d1a41
CLIENT_TRAFFIC_SECRET_0 72186cef5e0a8cc9c821c23323f3d2903914849c589a6dc14c9b47ef683d5a19 51ae932d3ee24e6084b5f92503716ccd9f640bdeb64c6796e8b743d307b74ac1
SERVER_TRAFFIC_SECRET_0 72186cef5e0a8cc9c821c23323f3d2903914849c589a6dc14c9b47ef683d5a19 5cdb4b61b72ee24b69c19f867a33593abb4c67a69d380ed8904aa1606ed3ac5d
EXPORTER_SECRET 72186cef5e0a8cc9c821c23323f3d2903914849c589a6dc14c9b47ef683d5a19 bc6c6ad1f749e5dee86e9adf598190fdecaf6f61e61cf5fb99a2988e41769902
CLIENT_EARLY_TRAFFIC_SECRET bcb787838d419b27ba86f50fb7dfcbc24142d0ecd94bf51171918a65ad0b8e4e 4582d415076b53b5b760223b345aad0b7a02851c6dc4a3393a8af6a9a6de1b91
CLIENT_HANDSHAKE_TRAFFIC_SECRET bcb787838d419b27ba86f50fb7dfcbc24142d0ecd94bf51171918a65ad0b8e4e 08077aa28747349c403665a2f2684d36d067babb37289d1112b80a9bd09132e5
SERVER_HANDSHAKE_TRAFFIC_SECRET bcb787838d419b27ba86f50fb7dfcbc24142d0ecd94bf51171918a65ad0b8e4e a37ab4538c2b07295d55b549ec649f068d070c4120e4daf4c35b3fc80c96984b
CLIENT_TRAFFIC_SECRET_0 bcb787838d419b27ba86f50fb7dfcbc24142d0ecd94bf51171918a65ad0b8e4e 88457c8d1f01ae208991b27d54134c81751aad3217ffeaa5e14cdd8d0932baa1
SERVER_TRAFFIC_SECRET_0 bcb787838d419b27ba86f50fb7dfcbc24142d0ecd94bf51171918a65ad0b8e4e 6e199597d4c05247bbed3b9772802c1dd2a74cebcf75bbc4a85515da6cfe7c94
EXPORTER_SECRET bcb787838d419b27ba86f50fb7dfcbc24142d0ecd94bf51171918a65ad0b8e4e e653a76c88719caad236eb40b1dd91c310aa4df3d5bde4d8406320ce874114dc
CLIENT_EARLY_TRAFFIC_SECRET 4211dbbe88ffedb1ee64731d3d9f40b312c64ee47d617999ca9c84f8f01c1c21 03453fbc4c951f82abc26eca0c22757f5fa1a2c1cfe78e558dfa0fd17492ec90
CLIENT_HANDSHAKE_TRAFFIC_SECRET 4211dbbe88ffedb1ee64731d3d9f40b312c64ee47d617999ca9c84f8f01c1c21 4af49ff13b557368810db650280a2a4067035e3ca12c28353dc922ce8aee6123
SERVER_HANDSHAKE_TRAFFIC_SECRET 4211dbbe88ffedb1ee64731d3d9f40b312c64ee47d617999ca9c84f8f01c1c21 7be5579cfab829c13ca78e1ad8d5d65ea97cfdec3a4405025b53fff17e01f21b
CLIENT_TRAFFIC_SECRET_0 4211dbbe88ffedb1ee64731d3d9f40b312c64ee47d617999ca9c84f8f01c1c21 3ee7b13e3938062a84b10320aeb140499e82e5f5f3cbee8c62dc7e92a568a74e
SERVER_TRAFFIC_SECRET_0 4211dbbe88ffedb1ee64731d3d9f40b312c64ee47d617999ca9c84f8f01c1c21 df5ce0e6bf0171327e00bffbd9d83ffe9b050ad75c8c3cb65a8cada00fab0c00
EXPORTER_SECRET 4211dbbe88ffedb1ee64731d3d9f40b312c64ee47d617999ca9c84f8f01c1c21 d9c5b49de1539b08b9ed87690a172a382cfcce7d5c9988f2c339649aded7bd52
CLIENT_HANDSHAKE_TRAFFIC_SECRET 877504c61e78742fe22c26425c39584541821c438a1c73f92c683e90a1e4969a 25962bcf980a6e3bdc5de7432a7f4798884bfc9c727e646716a499325c29bcf9
SERVER_HANDSHAKE_TRAFFIC_SECRET 877504c61e78742fe22c26425c39584541821c438a1c73f92c683e90a1e4969a 7d906eb92498e3773d0d8bd86c212feb220631102e9a951fde2050d3c7ab0200
CLIENT_TRAFFIC_SECRET_0 877504c61e78742fe22c26425c39584541821c438a1c73f92c683e90a1e4969a 8c1ac4fc813fa1c98ee5d54e7fdc1bed814f66245c9880e7bd27cc00d7d2bb87
SERVER_TRAFFIC_SECRET_0 877504c61e78742fe22c26425c39584541821c438a1c73f92c683e90a1e4969a f2254995d76914d6eb654f84818782206a8bf2eaad8cc1a17f1eb53cd2817c3b
EXPORTER_SECRET 877504c61e78742fe22c26425c39584541821c438a1c73f92c683e90a1e4969a 10560839437e14d8cccf9436775fca5c36174c96f643a1b32f4544a9befe5138
CLIENT_EARLY_TRAFFIC_SECRET 6b11c77974b6a3be45dc56ca4e4bd74a0df9b06a0c9d9ac519572f36d358b497 09e586acdb08926aa75078d144cff9b0a03e99d08388b80df11f9bd1b0a3ed37
CLIENT_HANDSHAKE_TRAFFIC_SECRET 6b11c77974b6a3be45dc56ca4e4bd74a0df9b06a0c9d9ac519572f36d358b497 70f9402dee6c0c07b854e3e5d0c8898a2de1131e82704ae86c28a1b81f35ff04
SERVER_HANDSHAKE_TRAFFIC_SECRET 6b11c77974b6a3be45dc56ca4e4bd74a0df9b06a0c9d9ac519572f36d358b497 3323e504c34de53c1cb6771276c8f0a64fbf45b70f16f62aef7dce9052702d6a
CLIENT_TRAFFIC_SECRET_0 6b11c77974b6a3be45dc56ca4e4bd74a0df9b06a0c9d9ac519572f36d358b497 50cf6a344ad960d6866d61e7de2f056b04bea7388a5b7a1cd827b08969eeaad0
SERVER_TRAFFIC_SECRET_0 6b11c77974b6a3be45dc56ca4e4bd74a0df9b06a0c9d9ac519572f36d358b497 ed42ec7b1f22496a88f90e76d3953874660b97f9d7356d7095de100ba7950cf2
EXPORTER_SECRET 6b11c77974b6a3be45dc56ca4e4bd74a0df9b06a0c9d9ac519572f36d358b497 6233a0faef1710df84bf70b645dba2dba393339808851775077dda1ab2344134
CLIENT_EARLY_TRAFFIC_SECRET ad042db1975e2d776f30c83b6fa6b4bf24f3426a210795b891ea4d44f1c2d96c 23cca90f3601260ed9b3b4e62d1250bc052ddaffcf6086bf22328f61c8cae6cc
CLIENT_HANDSHAKE_TRAFFIC_SECRET ad042db1975e2d776f30c83b6fa6b4bf24f3426a210795b891ea4d44f1c2d96c ceaa1aa1556b9e63b658ce354529c80a11e6360ccb6ec9eae39a02fb0474bbed
SERVER_HANDSHAKE_TRAFFIC_SECRET ad042db1975e2d776f30c83b6fa6b4bf24f3426a210795b891ea4d44f1c2d96c 989e8293e488eeeb879100d762d79b0b58a00b69d3882f659cb9a467e3487187
CLIENT_TRAFFIC_SECRET_0 ad042db1975e2d776f30c83b6fa6b4bf24f3426a210795b891ea4d44f1c2d96c d949dc088a4129ba7633687aa6e19ac50331bcb4c4ffd754c18029ab19181525
SERVER_TRAFFIC_SECRET_0 ad042db1975e2d776f30c83b6fa6b4bf24f3426a210795b891ea4d44f1c2d96c c046eb5e8ff9b905a2453baaf19da43203794ea79778cff45811ed9378357e7f
EXPORTER_SECRET ad042db1975e2d776f30c83b6fa6b4bf24f3426a210795b891ea4d44f1c2d96c 5a0cb26f4bea3c24c358093e4dc26256611e01a8605128f5e29af7e3c366aa9a
