CLIENT_HANDSHAKE_TRAFFIC_SECRET 16dbbabe3615016763d08149a39d30a395b280a0ab3a726d00438f9d9d275125 f7a0c4f74fde524118e8729c0db43d620f8915341926e04dcfa1db8e436eecbd
SERVER_HANDSHAKE_TRAFFIC_SECRET 16dbbabe3615016763d08149a39d30a395b280a0ab3a726d00438f9d9d275125 d3931b7ccead01a8d041d7262e59c1dcba4cf532bad97e460c6ae3540e7d6af6
CLIENT_HANDSHAKE_TRAFFIC_SECRET 241f82579c62690fccc1f9315e41ff384309438e7a1b8d9672d6980c5875fc16 946ccba39f39b6629b1eb0a15054fecee88cf39c5000e7829960bd3046cf2fa8
SERVER_HANDSHAKE_TRAFFIC_SECRET 241f82579c62690fccc1f9315e41ff384309438e7a1b8d9672d6980c5875fc16 5aeab3d14b84710f1c6c99b189b61d12931c9d39c31c53e74fe5729b19b93456
CLIENT_HANDSHAKE_TRAFFIC_SECRET e307ee3110c4a1a2ad0a5a43839d788c42e9e0d34f3e292fcd61fba4f72d609d 7c55744867d6238559d1c0702d6260015ab9c042bf4e3db985253c3abd8edd4c
SERVER_HANDSHAKE_TRAFFIC_SECRET e307ee3110c4a1a2ad0a5a43839d788c42e9e0d34f3e292fcd61fba4f72d609d e1b9b1682566a91f8ae48a686cf54473730da027f65847a5ab542133675774cf
CLIENT_HANDSHAKE_TRAFFIC_SECRET 7a50f0a7b399d8a4e6e2c4fba096111fa509228b877237fd68d104f0904b0c4d a38e2a2f15e7914621e1fa993933aa003cf811d3fd8b1299dc678bdfcf71fce5
SERVER_HANDSHAKE_TRAFFIC_SECRET 7a50f0a7b399d8a4e6e2c4fba096111fa509228b877237fd68d104f0904b0c4d 4a9a6721cd9648d5ed3eb97540da70a227f0c2154b68439d885a42e31e40de79
CLIENT_HANDSHAKE_TRAFFIC_SECRET d516ca08e14888273c2b2b4f8966fb28ad49ee3c8fcd341b39ebfcf8c8b416ad c3e37c1df3359c921efe471c07181723ab92a92c252f54c4b550c8bb5bd6c47b
SERVER_HANDSHAKE_TRAFFIC_SECRET d516ca08e14888273c2b2b4f8966fb28ad49ee3c8fcd341b39ebfcf8c8b416ad 1343f3bab5ba60e97827f4f389fe14e67206e366e5e0de255e33dc42b4cd843b
CLIENT_TRAFFIC_SECRET_0 7a50f0a7b399d8a4e6e2c4fba096111fa509228b877237fd68d104f0904b0c4d 3ce69026bdfeabdf7307246e1f30dd43f0fbf97c404a3db17f49a3d4ddda7361
SERVER_TRAFFIC_SECRET_0 7a50f0a7b399d8a4e6e2c4fba096111fa509228b877237fd68d104f0904b0c4d e73b98cd18dd17a4a2b48204e6e054d77713fd24aefda4f9f9d0837ff365c84a
EXPORTER_SECRET 7a50f0a7b399d8a4e6e2c4fba096111fa509228b877237fd68d104f0904b0c4d f2fa36699adbdcf9fb0ca46f58ad2038d67705a6ac18a6b5393f84f2d219e823
CLIENT_TRAFFIC_SECRET_0 d516ca08e14888273c2b2b4f8966fb28ad49ee3c8fcd341b39ebfcf8c8b416ad 522e8bb9b01b8d753ef81560383669432f20270b570347580686a561ca7ae39d
SERVER_TRAFFIC_SECRET_0 d516ca08e14888273c2b2b4f8966fb28ad49ee3c8fcd341b39ebfcf8c8b416ad b50898da81cd185f31799d47c352988976057bd7afef6dad6406469ba264863e
EXPORTER_SECRET d516ca08e14888273c2b2b4f8966fb28ad49ee3c8fcd341b39ebfcf8c8b416ad d7f531ed91fbf4afc39d3f1578827abfc6e16ea33713c457554adc693a942cd7
CLIENT_HANDSHAKE_TRAFFIC_SECRET 884ebefdd5dae8f3eed6dc1d7354c9a8f342aaf13231eacb21e84ce7e0071d91 9eda192d878ab57b91c6bb25eef2adbf383e906b7d8bdd20faf9bb475ccf2ca1
SERVER_HANDSHAKE_TRAFFIC_SECRET 884ebefdd5dae8f3eed6dc1d7354c9a8f342aaf13231eacb21e84ce7e0071d91 06d0ff89de8cd9bf74bd93c4e5eac21a3d06e12a83510fa73ce0f08b8ba3b62d
CLIENT_TRAFFIC_SECRET_0 884ebefdd5dae8f3eed6dc1d7354c9a8f342aaf13231eacb21e84ce7e0071d91 37e01d2e4512c17e14772d25af5e1313a81b9f23a733332cfb65e95fe9b917a2
SERVER_TRAFFIC_SECRET_0 884ebefdd5dae8f3eed6dc1d7354c9a8f342aaf13231eacb21e84ce7e0071d91 8b870a83afb098fdc9e504fa18a1067946b23eedac5b6e9b9257b1a07ce82d00
EXPORTER_SECRET 884ebefdd5dae8f3eed6dc1d7354c9a8f342aaf13231eacb21e84ce7e0071d91 9c19cddb26ca4bbda76d3c084de7940359673b1e5f19da600279134382676e15
CLIENT_HANDSHAKE_TRAFFIC_SECRET 0e3f7199cfd0fbb520561df5cf38c6c39b5c8f0ab09fe8470e1d885f1fcd0b2a 0c32fa608cad05be0913349219d83662bd5862637082c4042f381fe549bf1bce
SERVER_HANDSHAKE_TRAFFIC_SECRET 0e3f7199cfd0fbb520561df5cf38c6c39b5c8f0ab09fe8470e1d885f1fcd0b2a 74093b539210519559f2bb267aa9205610c9385c5a038634e8180293f36612a0
CLIENT_TRAFFIC_SECRET_0 0e3f7199cfd0fbb520561df5cf38c6c39b5c8f0ab09fe8470e1d885f1fcd0b2a d8a8671565efc0897e869b09415d1e6732ce4764898fd7cd849b519477038c17
SERVER_TRAFFIC_SECRET_0 0e3f7199cfd0fbb520561df5cf38c6c39b5c8f0ab09fe8470e1d885f1fcd0b2a e2c76bdebc14b56e17da9d1e006ba08faa1c79ac89bfca37e3414aebb505369b
EXPORTER_SECRET 0e3f7199cfd0fbb520561df5cf38c6c39b5c8f0ab09fe8470e1d885f1fcd0b2a 43c385b89c34cdab3325cb53281756f5046da47d75a92c05a80b825baa2c807a
CLIENT_HANDSHAKE_TRAFFIC_SECRET c617f4a10c655016db22a85b873efc0d4e1b6aebef8ce0c018de37c653bbd6bb 99d330748cb81d95780556283a5e36915a864483453ab4557df157f3993f70b5
SERVER_HANDSHAKE_TRAFFIC_SECRET c617f4a10c655016db22a85b873efc0d4e1b6aebef8ce0c018de37c653bbd6bb 4048933f7b4a172dcebb54f1258128af3426684162b645bcbb78e9a83163fd58
CLIENT_TRAFFIC_SECRET_0 c617f4a10c655016db22a85b873efc0d4e1b6aebef8ce0c018de37c653bbd6bb 2165f0bee09bb5d2d9b620200465df309980025605c35249845bd253d20e11eb
SERVER_TRAFFIC_SECRET_0 c617f4a10c655016db22a85b873efc0d4e1b6aebef8ce0c018de37c653bbd6bb 05514c0fc2073621414329f77f11165f6850904cf164a3d8efc16b99b9f3d336
EXPORTER_SECRET c617f4a10c655016db22a85b873efc0d4e1b6aebef8ce0c018de37c653bbd6bb 430119691eb142d39e133b23072715cdb6bc713d4dab69de779a9e689b8f1ae3
CLIENT_HANDSHAKE_TRAFFIC_SECRET f28d8327f4973f274522e570eac0b307dfa5a5e13520090d0fecd6b17c0d8ac2 cf05b39bdaad3fa67438be29ba332691ba8d3f6c79494a50a148dbeb4e3fde23
SERVER_HANDSHAKE_TRAFFIC_SECRET f28d8327f4973f274522e570eac0b307dfa5a5e13520090d0fecd6b17c0d8ac2 c53021d72c0aba83883e011c387257096b541b44b22e98ea6674a372c4459393
CLIENT_TRAFFIC_SECRET_0 f28d8327f4973f274522e570eac0b307dfa5a5e13520090d0fecd6b17c0d8ac2 b26c5f918636e301002252feb6bc6e759de41b4696350cbdbe7fa92b63faa85f
SERVER_TRAFFIC_SECRET_0 f28d8327f4973f274522e570eac0b307dfa5a5e13520090d0fecd6b17c0d8ac2 54bcb92eafaf4da1173b8766dfe3223425bcdb097ac41443a402f4126fa86872
EXPORTER_SECRET f28d8327f4973f274522e570eac0b307dfa5a5e13520090d0fecd6b17c0d8ac2 b6113096e73aa5c682466ed4578cf26345b392d43cc8720beef1b1d66e257dcc
CLIENT_HANDSHAKE_TRAFFIC_SECRET 49589243cc753d8e1e6c99bad01dc4659051479478110630a886da3a0f272127 d08d01035689b40477e3f4ea99cb3458d4f89ee6d20814fabe70074746512833
SERVER_HANDSHAKE_TRAFFIC_SECRET 49589243cc753d8e1e6c99bad01dc4659051479478110630a886da3a0f272127 9b9ef6bc1b9e6c524354cbae912722156cfc5fa93ef410d669c447ae06956b00
CLIENT_TRAFFIC_SECRET_0 49589243cc753d8e1e6c99bad01dc4659051479478110630a886da3a0f272127 9c3b1ff117c9e67de4dcb49682f6c4758a340bff4c898c93cd1f609ab0b90ab7
SERVER_TRAFFIC_SECRET_0 49589243cc753d8e1e6c99bad01dc4659051479478110630a886da3a0f272127 0eb27cd02a210dfd4da96f2856a7f0e134cc1e988140e5a85dcd6bf373eb2ba6
EXPORTER_SECRET 49589243cc753d8e1e6c99bad01dc4659051479478110630a886da3a0f272127 3ca378828e4dc5d2c3f19aa9cf095b489c3f93c370962088561f74f82d0654b1
CLIENT_HANDSHAKE_TRAFFIC_SECRET a8923992b3242c1c3ec9b63c1bf11b4037bb77728f29fb036b4c6635e775010d 7cb7979f529b178a0b31f656324d35edbf21d2e68430364637a7ac88d828bb83
SERVER_HANDSHAKE_TRAFFIC_SECRET a8923992b3242c1c3ec9b63c1bf11b4037bb77728f29fb036b4c6635e775010d fdbf88702a475d520f20a218f548c01d2953283997bc7728d21707b442249e20
CLIENT_TRAFFIC_SECRET_0 a8923992b3242c1c3ec9b63c1bf11b4037bb77728f29fb036b4c6635e775010d cbc2b5fbb6b3371179c0bfc6114e9b8a59015bbf58607efb12efd1bb1c6ec04a
SERVER_TRAFFIC_SECRET_0 a8923992b3242c1c3ec9b63c1bf11b4037bb77728f29fb036b4c6635e775010d dc8918714b4482adcd4c0280d71f9b71b3b76ba00e783665bf41deba21dc8370
EXPORTER_SECRET a8923992b3242c1c3ec9b63c1bf11b4037bb77728f29fb036b4c6635e775010d 551fe3ef138347981e92cfe9a172a2f895b2adec06d5b8d66c21917574913430
CLIENT_HANDSHAKE_TRAFFIC_SECRET 71f0e6d0c3cd5d9411caae4e978580bb885d7788a6452751ef8134726191fda5 4d47785fd2f603bec32a8e8a23818691d27b9ebd6ceb4ab6ce3fe588016db1fc
SERVER_HANDSHAKE_TRAFFIC_SECRET 71f0e6d0c3cd5d9411caae4e978580bb885d7788a6452751ef8134726191fda5 879960ef04730f4b953c85705abd6c26d29dc8b09cce99faea96c446cf6b9e8c
CLIENT_TRAFFIC_SECRET_0 71f0e6d0c3cd5d9411caae4e978580bb885d7788a6452751ef8134726191fda5 15c2b22a6ae8c633e2e8fb65378a20b9c80b8c7180ebe70b8da3f8839cf85d2e
SERVER_TRAFFIC_SECRET_0 71f0e6d0c3cd5d9411caae4e978580bb885d7788a6452751ef8134726191fda5 9b7591e06579082a149c88890eddfd8d4bb7cd00c840363c429d3fa001c2c066
EXPORTER_SECRET 71f0e6d0c3cd5d9411caae4e978580bb885d7788a6452751ef8134726191fda5 73cdd309512e345773f21eae7847c5e63f837dc9d2a1e21cf9b7f1ebf3c860a2
CLIENT_HANDSHAKE_TRAFFIC_SECRET fcc7726a198fe39964f78b1bb0f32576dd010b4dc14244aa6dd314cebeeacf56 1afba04c5343c85a9450fc236ec7c09d6608baee61e30102e6251d2d878b7e99a893f57847b931da0085f84fcf102c7b
SERVER_HANDSHAKE_TRAFFIC_SECRET fcc7726a198fe39964f78b1bb0f32576dd010b4dc14244aa6dd314cebeeacf56 3fbefc3be3702dd32ed80a05f45129a39c5ea92f4ca8925e113aa860d0df266889fc7f8c74ab5baf4be46c6aee3f9018
CLIENT_TRAFFIC_SECRET_0 fcc7726a198fe39964f78b1bb0f32576dd010b4dc14244aa6dd314cebeeacf56 79dac64ec3edc3a572233df65638d2414eeb6134ccbb373e441978ed468a813a8d95a357c8d35349d723f6cf72d753f6
SERVER_TRAFFIC_SECRET_0 fcc7726a198fe39964f78b1bb0f32576dd010b4dc14244aa6dd314cebeeacf56 60cc5362169382808dbba25f2f2763bef3eea23f59ebbeb931d9aef88e2898fed52d803b3f95b6b6702d9ac42cd4e1cf
EXPORTER_SECRET fcc7726a198fe39964f78b1bb0f32576dd010b4dc14244aa6dd314cebeeacf56 12037c37a25412d084e6c23b9a7d768d31c50d24d73ef2efaa57aedaa20f6c6faa538e06b93dd633fd58f0012e0edca1
CLIENT_HANDSHAKE_TRAFFIC_SECRET f1eda110f6d6c8a77d73c61d06d2d11762de7b30c7e5d2ef83ccf85d1fe99c25 5fb6e3e468407b53b07f64fde869de6c754a9f5be654fc66d2af0baf7fbc327a
SERVER_HANDSHAKE_TRAFFIC_SECRET f1eda110f6d6c8a77d73c61d06d2d11762de7b30c7e5d2ef83ccf85d1fe99c25 c897e29c022b4ba9e83895a7214c3f44e4781abbf735925dfc5883aa53e81456
CLIENT_TRAFFIC_SECRET_0 f1eda110f6d6c8a77d73c61d06d2d11762de7b30c7e5d2ef83ccf85d1fe99c25 a9c167378f228a0ad008be53980d48d4ec16cf8dcbfea21d651d0bc43a507fc5
SERVER_TRAFFIC_SECRET_0 f1eda110f6d6c8a77d73c61d06d2d11762de7b30c7e5d2ef83ccf85d1fe99c25 e895cc5ce9aab7d43cfebf822e4c6d4753049732a9b3584326f46e1583adfe68
EXPORTER_SECRET f1eda110f6d6c8a77d73c61d06d2d11762de7b30c7e5d2ef83ccf85d1fe99c25 367e600c9e83240a28460562238f38a915c8b15bb09faf6bec4d1137000dd74b
CLIENT_HANDSHAKE_TRAFFIC_SECRET 960dce45262690cca716835c1c74aceabc486e63b9f27b3a0a769a0b7f7be5c3 1a4979d893ef4b5047040709884c4aefa03c5fe69ee9801565a4afc0d2846822
SERVER_HANDSHAKE_TRAFFIC_SECRET 960dce45262690cca716835c1c74aceabc486e63b9f27b3a0a769a0b7f7be5c3 c9f3fbfef69f42843dccdac6c8ae65a5b5b7d5da5dce2270fdf607908ea4f723
CLIENT_HANDSHAKE_TRAFFIC_SECRET c0952a8bc010a717b2cb919f5fa9956c6bf2232972bb14865e479a0de3b87f41 1cdd0fb6483082ee3ae7d1fb693991654760edd1511b23776258ca84201489f7
SERVER_HANDSHAKE_TRAFFIC_SECRET c0952a8bc010a717b2cb919f5fa9956c6bf2232972bb14865e479a0de3b87f41 e7966e47d3b4d755d94643f620c47827c49044702319cabd0fd99170de3fc2ad
CLIENT_TRAFFIC_SECRET_0 960dce45262690cca716835c1c74aceabc486e63b9f27b3a0a769a0b7f7be5c3 dd58ed588fd6b87a5547f730b571649b93417a460886fccd062053878b12d1cf
SERVER_TRAFFIC_SECRET_0 960dce45262690cca716835c1c74aceabc486e63b9f27b3a0a769a0b7f7be5c3 a37430f711d7b8be0031dedfb4243d2cd145fa2a6198ae1f29c8288deb20796b
EXPORTER_SECRET 960dce45262690cca716835c1c74aceabc486e63b9f27b3a0a769a0b7f7be5c3 37cb0392653eb1396c1b26aed5ab88206d664d4ba597c59023ddc45ecb2e54f6
CLIENT_TRAFFIC_SECRET_0 c0952a8bc010a717b2cb919f5fa9956c6bf2232972bb14865e479a0de3b87f41 9ba25c1f307335479bcc70523a66ae416130cbd0a20f479eb76f15745a566f23
SERVER_TRAFFIC_SECRET_0 c0952a8bc010a717b2cb919f5fa9956c6bf2232972bb14865e479a0de3b87f41 c027cc3119c4673fc7a1fad35cdc04a30e23db159c3874c1e1d7c0201db86a1a
EXPORTER_SECRET c0952a8bc010a717b2cb919f5fa9956c6bf2232972bb14865e479a0de3b87f41 4dba5f9f3bd955bf9e63d3b706ee9e8dbdfbd9a0bfb46ff698d4e2e6111ed50d
CLIENT_HANDSHAKE_TRAFFIC_SECRET 4a3dad2e7eb90067fb091f8f3165731bac4f24766058bf1df8b60e850cc421f4 7e19c00bd67a79f13684ffc8a5e7d1285009515c2a85dcecbfde9c76826e9352
SERVER_HANDSHAKE_TRAFFIC_SECRET 4a3dad2e7eb90067fb091f8f3165731bac4f24766058bf1df8b60e850cc421f4 152e8584d5ed698693566a7ccf92aa9dd2b49167f9617cc5768bbb210baa9438
CLIENT_TRAFFIC_SECRET_0 4a3dad2e7eb90067fb091f8f3165731bac4f24766058bf1df8b60e850cc421f4 8e40c583ae32515344d14fd8026ff2eed76a0bd18609284c8417b8d267a96680
SERVER_TRAFFIC_SECRET_0 4a3dad2e7eb90067fb091f8f3165731bac4f24766058bf1df8b60e850cc421f4 e4cca47db9f26deb809cf05d069600b0a05cb143022fffd79b429ec61b27182b
EXPORTER_SECRET 4a3dad2e7eb90067fb091f8f3165731bac4f24766058bf1df8b60e850cc421f4 22f014dfba0de92866b23f2f7503c174b49ef39f3f0f9e4729a883eb44cb39c7
CLIENT_HANDSHAKE_TRAFFIC_SECRET a4c0295f0a91ab7aa4aa6cfbc8c62e605179ef45c154943e3247d0ec2d25db7c a8c9364d6373c14c8981a1f774fa8d04a10a26a10648280bccd7e5e044883ea5
SERVER_HANDSHAKE_TRAFFIC_SECRET a4c0295f0a91ab7aa4aa6cfbc8c62e605179ef45c154943e3247d0ec2d25db7c a93fbe45642df7b105a0af01d1ee3cf03dbf268e7239693420da8e06cfc5ec9a
CLIENT_TRAFFIC_SECRET_0 a4c0295f0a91ab7aa4aa6cfbc8c62e605179ef45c154943e3247d0ec2d25db7c e4a8d6657ae7ba09ac10cfe0f4750c29c1d02999317d618957a96df4ae7644d7
SERVER_TRAFFIC_SECRET_0 a4c0295f0a91ab7aa4aa6cfbc8c62e605179ef45c154943e3247d0ec2d25db7c db80451f9d1bad3c4f5a5473990344a2df0604de9c3b9349dc4d3394ff30b53e
EXPORTER_SECRET a4c0295f0a91ab7aa4aa6cfbc8c62e605179ef45c154943e3247d0ec2d25db7c 937850900456e30e2c89894e39291aa0e78aee1c2e90ac4a12ce2a025a04ac13
CLIENT_HANDSHAKE_TRAFFIC_SECRET 4bc89fb5b9b19941de808f80dd61d23334737201fe9364f4e786e89769cd7a39 c8cc4781ce6e42c0cf245c01e09b360ebc1ccdb792b60e70229201aee45e95d2
SERVER_HANDSHAKE_TRAFFIC_SECRET 4bc89fb5b9b19941de808f80dd61d23334737201fe9364f4e786e89769cd7a39 13b8a0f0d21c109341fc27f8d2aa713cd78fdd07d693601e26aac22b7732c92b
CLIENT_TRAFFIC_SECRET_0 4bc89fb5b9b19941de808f80dd61d23334737201fe9364f4e786e89769cd7a39 4737bfbeef8e1118862b378394ebc3b23c96587c7a2e53c90a259fb3412558e5
SERVER_TRAFFIC_SECRET_0 4bc89fb5b9b19941de808f80dd61d23334737201fe9364f4e786e89769cd7a39 7c13e8378b05da410849a60f22c7cbc44de1f2845bcc344a3c653d3830a3333d
EXPORTER_SECRET 4bc89fb5b9b19941de808f80dd61d23334737201fe9364f4e786e89769cd7a39 9941357bd9400582ed3ac74de17fde9c5ddeab32617d97aa8ebe44520285ddae
CLIENT_HANDSHAKE_TRAFFIC_SECRET 0141e5ee4e2878d8e7f4cc04ca983fc92b4e9c1c513b5b94220b60d6aceefaa2 3067a589c7e4c938a849627ce51ae327f84d64c96de4e8a484ea89b9de066333
SERVER_HANDSHAKE_TRAFFIC_SECRET 0141e5ee4e2878d8e7f4cc04ca983fc92b4e9c1c513b5b94220b60d6aceefaa2 394e1c6d98947e112dabb36718c04333ac6f270a194ffbcb5f089bdbbd2ce036
CLIENT_HANDSHAKE_TRAFFIC_SECRET d992ba8261668cc3b28ac6a5018c82b8e2f025a8551aba01e24f4c38b7b43c4a cc9576fa35d4e747935e9c7c23dfd836a3fc5603bf11b6e2f9b1ab581a4bcd1f
SERVER_HANDSHAKE_TRAFFIC_SECRET d992ba8261668cc3b28ac6a5018c82b8e2f025a8551aba01e24f4c38b7b43c4a f87aab507280041149088fde0aca6e6f8d0bd4c78c7bf7de4e37a583cd6fb8c8
CLIENT_TRAFFIC_SECRET_0 0141e5ee4e2878d8e7f4cc04ca983fc92b4e9c1c513b5b94220b60d6aceefaa2 a9153fe54bbed212edfc87600f8f5f814b6f87063aa9635ce9abf4cc8d19edef
SERVER_TRAFFIC_SECRET_0 0141e5ee4e2878d8e7f4cc04ca983fc92b4e9c1c513b5b94220b60d6aceefaa2 26b957b2fb7f33dda83c45c454f290ca271861e1058724e2871290251eba35b4
EXPORTER_SECRET 0141e5ee4e2878d8e7f4cc04ca983fc92b4e9c1c513b5b94220b60d6aceefaa2 624b97a84c12f7b1b9727e01112a5201c5a65faefad1ed003ec67b78d7f7af08
CLIENT_TRAFFIC_SECRET_0 d992ba8261668cc3b28ac6a5018c82b8e2f025a8551aba01e24f4c38b7b43c4a d70da152adb00c3b31c6c7a57eb4fb3d3dc1005ce7fe20a9bb53f93fad7e407e
SERVER_TRAFFIC_SECRET_0 d992ba8261668cc3b28ac6a5018c82b8e2f025a8551aba01e24f4c38b7b43c4a 8c77d9d074a6c786d467ccac01095793dac5f3fa9c88ccc5c418cd890dfc048f
EXPORTER_SECRET d992ba8261668cc3b28ac6a5018c82b8e2f025a8551aba01e24f4c38b7b43c4a 9fa9e605d54a57289736ba0b1d0efde913439f6dbaab29cece52e8f638eed9db
CLIENT_HANDSHAKE_TRAFFIC_SECRET a228128244848e439c98428014d6c44834ae0b0c907802f2ddf5f52f1aa1dbb1 1c5227b4fc664394d370d63e76b7e66455fa3fde0dc850c67b3d884185648d16
SERVER_HANDSHAKE_TRAFFIC_SECRET a228128244848e439c98428014d6c44834ae0b0c907802f2ddf5f52f1aa1dbb1 b296158c772ac6cd355ec2553c77f9fb4cacba8bd64adeb4d32106667e9d50fc
CLIENT_TRAFFIC_SECRET_0 a228128244848e439c98428014d6c44834ae0b0c907802f2ddf5f52f1aa1dbb1 75e554702e56f1adae0f552a9b73083536d55545724dff405a95c0fc60e9b7cd
SERVER_TRAFFIC_SECRET_0 a228128244848e439c98428014d6c44834ae0b0c907802f2ddf5f52f1aa1dbb1 0bb0aa160d6190d31cce5f9e0524bcfe489bde875ccd25ecded41d11a9c1cd35
EXPORTER_SECRET a228128244848e439c98428014d6c44834ae0b0c907802f2ddf5f52f1aa1dbb1 1396b6cf0bfbe3a3210b15f1e994d0c804428bee6a29cf6ece266cd9d1e54765
CLIENT_HANDSHAKE_TRAFFIC_SECRET f52fbe3ea838164af7ddc9dd0c187112f5e450813e6015ba37ee1d995f778c01 66b9966c36929b4fc2cf3755b6093ed8045c2efca1e247992728a6f7c7e36e24
SERVER_HANDSHAKE_TRAFFIC_SECRET f52fbe3ea838164af7ddc9dd0c187112f5e450813e6015ba37ee1d995f778c01 009e5d8927839698cc4c6b80e6f0c0d591a3257930f63cf7c15da450bdd44349
CLIENT_HANDSHAKE_TRAFFIC_SECRET 82009d1dd544b97509a941fa60ab392c42ba625d89715db22bea2d75187e88ae fe4fcce30652620783eea3bebc4e16d2551fad26a033cf2b3b8ecbd120686f51
SERVER_HANDSHAKE_TRAFFIC_SECRET 82009d1dd544b97509a941fa60ab392c42ba625d89715db22bea2d75187e88ae 91161dfd75af07d1f9ccc508c2f5e06697b87eba90c9c6e5ec9ea5346963beb6
CLIENT_HANDSHAKE_TRAFFIC_SECRET dd48ebcb4809347a4ca5565b44438f5cdb0ed0ba3b66519d062e4e12ec760c83 423b4673efa843230a602acb1d9d58cf6122a356031c3e56d5739cd74313ffd8
SERVER_HANDSHAKE_TRAFFIC_SECRET dd48ebcb4809347a4ca5565b44438f5cdb0ed0ba3b66519d062e4e12ec760c83 c4eaa7ca8f0d94626fd291de9b48e4155ec34ca167c0646f9ad77a7433d3b853
CLIENT_TRAFFIC_SECRET_0 82009d1dd544b97509a941fa60ab392c42ba625d89715db22bea2d75187e88ae b71a6d4b9843bb2406008ed9c41be46d69ecb181883c039849c1a243451df4f8
SERVER_TRAFFIC_SECRET_0 82009d1dd544b97509a941fa60ab392c42ba625d89715db22bea2d75187e88ae 0fb43f23bf8e14605ae60bd337f468f1bbd09aaaf93e145949cadd6e4e15b0de
EXPORTER_SECRET 82009d1dd544b97509a941fa60ab392c42ba625d89715db22bea2d75187e88ae 4d83957d28aa76cac3c5a4e62c2bfc9e5443ea30284093f3e49d15402079199c
CLIENT_HANDSHAKE_TRAFFIC_SECRET 82a28042013394d2b44f7b10a2cfc112cd8d095543059d05c5055edecb69774d 312ee242cfabe1aa3576c0f133cb840e9ec4c7f042019b0ed2c78ef4e70ef249
SERVER_HANDSHAKE_TRAFFIC_SECRET 82a28042013394d2b44f7b10a2cfc112cd8d095543059d05c5055edecb69774d df20419530902c271e260fc3d057403768cdefe618747fc7fa4eda809e7619f8
CLIENT_HANDSHAKE_TRAFFIC_SECRET 620d77a48ebbccfe3824324ea112b57a187e411c1582bfb675e1ad84517c98d4 238d45d4635eeed4b91df0fcf31b7a93fe62908d59b221e8ba765162f03d5c58af7b55137a0802cf2ca24a4854a7db5c
SERVER_HANDSHAKE_TRAFFIC_SECRET 620d77a48ebbccfe3824324ea112b57a187e411c1582bfb675e1ad84517c98d4 3338cd65bc84922de68ba7c21a20e090bbc54314eae16dd1fd27245422832ae7456d192fb79ee85a06eae16e3ab0ffef
CLIENT_HANDSHAKE_TRAFFIC_SECRET 395b18c868b400ffa0f611246aa7a93ce8c5ee32bec1b80f7ac7a0cab59bcca8 8e581998b88a0964f438da9dda4ded5c65193a0253e00769cb7a2aa3e5ea32d4
SERVER_HANDSHAKE_TRAFFIC_SECRET 395b18c868b400ffa0f611246aa7a93ce8c5ee32bec1b80f7ac7a0cab59bcca8 4314e53b9196227abe7df1ecc96de6abc6d2d51fdb487363b30563bf471cf94c
CLIENT_TRAFFIC_SECRET_0 f52fbe3ea838164af7ddc9dd0c187112f5e450813e6015ba37ee1d995f778c01 3802b4fce55f97c594561b4c3595dbf9cfe4da8f74fbdf7abea7ca2a49e9c9ec
SERVER_TRAFFIC_SECRET_0 f52fbe3ea838164af7ddc9dd0c187112f5e450813e6015ba37ee1d995f778c01 0dc9d8f4e79ce82e2d6c755a8f6f823b468952be8e167a7e769b3ab76654d337
EXPORTER_SECRET f52fbe3ea838164af7ddc9dd0c187112f5e450813e6015ba37ee1d995f778c01 a9dea042e3833129a3f22d3d3721f8ceb5982f66b1341859edfb29ebef6a0790
CLIENT_HANDSHAKE_TRAFFIC_SECRET fbbef13e2a4d0f2a7e1b939b52f3d0ca5d527ecf543ec3c7b67259b156f84257 9d5ee4c42d6f6f25f025f4986f2f4555ee823981fdae362c574281dfa9e73886
SERVER_HANDSHAKE_TRAFFIC_SECRET fbbef13e2a4d0f2a7e1b939b52f3d0ca5d527ecf543ec3c7b67259b156f84257 44860dafa585c43ddd3a3a11407bccb0aaec26d5bce8d6991d37bddd69075920
CLIENT_TRAFFIC_SECRET_0 82a28042013394d2b44f7b10a2cfc112cd8d095543059d05c5055edecb69774d 1fbd5324831d33b52930fd8e265b4917b3a8495bf860be990bb450af2df7e167
SERVER_TRAFFIC_SECRET_0 82a28042013394d2b44f7b10a2cfc112cd8d095543059d05c5055edecb69774d 824f4c5309a0896f1e9ddb78b0b804923c6feb6a8c2bab0aa80a6d9f7df1a3a6
EXPORTER_SECRET 82a28042013394d2b44f7b10a2cfc112cd8d095543059d05c5055edecb69774d d092171aeda0775d8bb96daf8d1d010b2c80f8f42780c1bf820babcf6c181e2a
CLIENT_RANDOM 3eb1db6de9e80f802c782bbed94904a4e0b57a314b755bf1bc384cade9481f37 7c8d87b965923b8711f90008eea99f4a44ab3d88e05c90ecff79fd5844368399db6cd0e3ab71f319debdce4b829a21da
CLIENT_HANDSHAKE_TRAFFIC_SECRET d5dca25ee4fc4044f716a3e8995c83e8da782c883e9cb376b1c4a0659ce7aee9 4bc7e3b3fd4280d4a7b9770f8d30ef43aa70e9c90c3292127b5488f647ff1b58
SERVER_HANDSHAKE_TRAFFIC_SECRET d5dca25ee4fc4044f716a3e8995c83e8da782c883e9cb376b1c4a0659ce7aee9 1a27e89527da6985c08fee0e467eab80f605cad7b430111f9bcd4cbedfbfacdc
CLIENT_TRAFFIC_SECRET_0 d5dca25ee4fc4044f716a3e8995c83e8da782c883e9cb376b1c4a0659ce7aee9 887c38ebc62798342b060e240caf0257465031ed37ccefceb1f80fba7142488b
SERVER_TRAFFIC_SECRET_0 d5dca25ee4fc4044f716a3e8995c83e8da782c883e9cb376b1c4a0659ce7aee9 3ad6f9aa5e89158278552408aa53f25fc2b8743f107adf96a6a8222d5f5b3af7
EXPORTER_SECRET d5dca25ee4fc4044f716a3e8995c83e8da782c883e9cb376b1c4a0659ce7aee9 6850baa37eca3d64f10b425b4536359233b73cb86c1e012c400497fd16245c3c
CLIENT_HANDSHAKE_TRAFFIC_SECRET 3157ab03c67e2e1ea6b181a13d28ba8dd7d7d7c997c77484bae175654ea3a4cf 28c049360fe78b06ed4049837ac757dc88a04e17256085a15c337b2cdb0f2342
SERVER_HANDSHAKE_TRAFFIC_SECRET 3157ab03c67e2e1ea6b181a13d28ba8dd7d7d7c997c77484bae175654ea3a4cf 7f713cc47fe95096ec431b9f0e4bf8b9a931546ed7be6a54abc51adf9f089ca0
CLIENT_HANDSHAKE_TRAFFIC_SECRET ca603292539b86ef0acc95a47f4f3771946a2721fde53b78545d9b4d96094733 1f75ebe88365e356d8a3075dcfcde5fcc701dfbd0a966675ce7f550f99e9b305
SERVER_HANDSHAKE_TRAFFIC_SECRET ca603292539b86ef0acc95a47f4f3771946a2721fde53b78545d9b4d96094733 2729b9125784528a9f80568a828fb8577271231ecbe583dcb9819f667d849a25
CLIENT_TRAFFIC_SECRET_0 ca603292539b86ef0acc95a47f4f3771946a2721fde53b78545d9b4d96094733 d3cd481197bdb8818d107835bbd6f33a041d0f1a5916120e02e9fdbe6ebeb898
SERVER_TRAFFIC_SECRET_0 ca603292539b86ef0acc95a47f4f3771946a2721fde53b78545d9b4d96094733 d9964f1517e2a81821be8f9f619876ea330fc89c285a5a37e6918d7194c4cd86
EXPORTER_SECRET ca603292539b86ef0acc95a47f4f3771946a2721fde53b78545d9b4d96094733 789aa1364eee080fe4d1571fdb2f5b0c826811ca7d12ada187c6e342fbed331e
CLIENT_TRAFFIC_SECRET_0 395b18c868b400ffa0f611246aa7a93ce8c5ee32bec1b80f7ac7a0cab59bcca8 a49b3075e001589ede9be09be51a4c0bc7b21b6686e71b976be615c31d3a659f
SERVER_TRAFFIC_SECRET_0 395b18c868b400ffa0f611246aa7a93ce8c5ee32bec1b80f7ac7a0cab59bcca8 d219dccb26a3c68ce03c40ba22413d72b502673a551026670d53dfd684dd4222
EXPORTER_SECRET 395b18c868b400ffa0f611246aa7a93ce8c5ee32bec1b80f7ac7a0cab59bcca8 699856397e7cfa2b30ad1ed24353de6880773dce9731acf754f7f44e1d133b97
CLIENT_TRAFFIC_SECRET_0 620d77a48ebbccfe3824324ea112b57a187e411c1582bfb675e1ad84517c98d4 beac1ab4da12cfa422d5117819389cb68303f0af7ef90e5a685838f01e14f9e1953741b6f12ec6cadf4df45bffebed63
SERVER_TRAFFIC_SECRET_0 620d77a48ebbccfe3824324ea112b57a187e411c1582bfb675e1ad84517c98d4 b1c61e341e6d89f1ba154f87d9807db2a87ce2e42818d2b36f45e5f1e142e3decf98a014b35f810f18ff52e9a52b52c0
EXPORTER_SECRET 620d77a48ebbccfe3824324ea112b57a187e411c1582bfb675e1ad84517c98d4 f16433697e435e44327abbc4e90911c64c8754f13a137abc1d5446f0cbebc1fa350a385539eea3829f7c33052ead924f
CLIENT_TRAFFIC_SECRET_0 dd48ebcb4809347a4ca5565b44438f5cdb0ed0ba3b66519d062e4e12ec760c83 43b1f7390a67ffb168cddb9fb7974116142779601cc61feee22b56f0f2aa84e5
SERVER_TRAFFIC_SECRET_0 dd48ebcb4809347a4ca5565b44438f5cdb0ed0ba3b66519d062e4e12ec760c83 8680b23311f8b9ea719202545f1f81e265afe8d98559f476e436b13c35766db3
EXPORTER_SECRET dd48ebcb4809347a4ca5565b44438f5cdb0ed0ba3b66519d062e4e12ec760c83 20a15c556d16155a45eaaff23b0630f04ef671202af80e6d1f0826f446ce1b4c
CLIENT_TRAFFIC_SECRET_0 fbbef13e2a4d0f2a7e1b939b52f3d0ca5d527ecf543ec3c7b67259b156f84257 ed9a6e47bf916daf5cfb1dbe6b4937583d6f7067a781f62b0e5f22ace0717aa4
SERVER_TRAFFIC_SECRET_0 fbbef13e2a4d0f2a7e1b939b52f3d0ca5d527ecf543ec3c7b67259b156f84257 8d91005225d21807c3e7884a9e9fe9de80db8ad54878b50b8b64158264b44ad7
EXPORTER_SECRET fbbef13e2a4d0f2a7e1b939b52f3d0ca5d527ecf543ec3c7b67259b156f84257 f2fd0fe2d6bf554664f7ee1d375471e9fbbe3b5a17a2c5184c92df702c1034f2
CLIENT_TRAFFIC_SECRET_0 3157ab03c67e2e1ea6b181a13d28ba8dd7d7d7c997c77484bae175654ea3a4cf 9fcda1c0afb9409e5dda84e721ccfd41a1f3ee385f1b5195d81fcefee9a7f3a1
SERVER_TRAFFIC_SECRET_0 3157ab03c67e2e1ea6b181a13d28ba8dd7d7d7c997c77484bae175654ea3a4cf 760804990d14a79aa65272b1ae82a6e9a6f83153d0f8156be66fec907f13723d
EXPORTER_SECRET 3157ab03c67e2e1ea6b181a13d28ba8dd7d7d7c997c77484bae175654ea3a4cf a5b9466e7807417c751e9208199108be357ba31a713e2a1fb06c226e24bef359
CLIENT_HANDSHAKE_TRAFFIC_SECRET 42daebc5529994ddf056771cf78b7169f4959fbf714ebbfda8d010f6b2d22e5f a45ab436f4c0d96a5e080f1ccbba9e344e8c71f914724a4fed3200c4f737fe48
SERVER_HANDSHAKE_TRAFFIC_SECRET 42daebc5529994ddf056771cf78b7169f4959fbf714ebbfda8d010f6b2d22e5f 219cab730581972e91d6be06615fbab0a8e1e087e7b92d279653a62db3ca19a3
CLIENT_HANDSHAKE_TRAFFIC_SECRET 86d896ff6c671f778e0d2758a13df76769c5d22fddc684319358ece60ffafc80 2ce8128684082378f5854cf318a7d5aa4ae673b5a1144ed7bede25a33047982d
SERVER_HANDSHAKE_TRAFFIC_SECRET 86d896ff6c671f778e0d2758a13df76769c5d22fddc684319358ece60ffafc80 8c1d47e4bec06e693148e97d05e6ad7309c0dac7dad1b8ef8400cf0e0c04a202
CLIENT_TRAFFIC_SECRET_0 42daebc5529994ddf056771cf78b7169f4959fbf714ebbfda8d010f6b2d22e5f 844882c35538592dd999c5010dd61223eeef8127b95e76821dbae6a8db041f22
SERVER_TRAFFIC_SECRET_0 42daebc5529994ddf056771cf78b7169f4959fbf714ebbfda8d010f6b2d22e5f 770221af05f07180080e55ca07eb16f1b821d91b8204c6969bd7b8bf54ad8468
EXPORTER_SECRET 42daebc5529994ddf056771cf78b7169f4959fbf714ebbfda8d010f6b2d22e5f 7b8baf535be275d3f00dde8b2931b6f5545c708696028c3346d6d36a58cb956f
CLIENT_TRAFFIC_SECRET_0 86d896ff6c671f778e0d2758a13df76769c5d22fddc684319358ece60ffafc80 e31347288a699372ca5e77cf11c3e559457be76b73b4f974357d24327b3a1d50
SERVER_TRAFFIC_SECRET_0 86d896ff6c671f778e0d2758a13df76769c5d22fddc684319358ece60ffafc80 742792585edfab85ff34688b4623ed4d4dcbc4c1934eaa28c897b1513d19566f
EXPORTER_SECRET 86d896ff6c671f778e0d2758a13df76769c5d22fddc684319358ece60ffafc80 8901c57e978cc6db02cecffbd3c032ed01598684f590c540d726fb9e7abad677
CLIENT_HANDSHAKE_TRAFFIC_SECRET bd5e6da2424010ba37ba73f9e279200c475bbabf9fd2418c4fb96ede415b7b85 0e74caf05f21f959436117a85547f853ea80e64ebad3cafcca7533cc16bf8e6b
SERVER_HANDSHAKE_TRAFFIC_SECRET bd5e6da2424010ba37ba73f9e279200c475bbabf9fd2418c4fb96ede415b7b85 815e427dacec93ca3ecc8b3a054e74428f8e409693e5ae1109f66e0e8ecac012
CLIENT_TRAFFIC_SECRET_0 bd5e6da2424010ba37ba73f9e279200c475bbabf9fd2418c4fb96ede415b7b85 ac70e288f1b58945260ef10890975726f67a4ba199d3b03e30db2034953d0683
SERVER_TRAFFIC_SECRET_0 bd5e6da2424010ba37ba73f9e279200c475bbabf9fd2418c4fb96ede415b7b85 a81e497e4a7554bb91e417f73275a304983669c155d3b85fcef16b298d344ddb
EXPORTER_SECRET bd5e6da2424010ba37ba73f9e279200c475bbabf9fd2418c4fb96ede415b7b85 893d82d82a00c77bc06a9fef00611f2391bcf26b9915d59e5ef0111d5a32f5af
CLIENT_HANDSHAKE_TRAFFIC_SECRET 2bd952ffaa6d40622009bb39b35e2ff41dcdde8ccdbedce58f3558d7febd745b 3b0881283d92332dca50e3a33afc53e29371902fd0c8cc23468ba1a5ad8f22f3
SERVER_HANDSHAKE_TRAFFIC_SECRET 2bd952ffaa6d40622009bb39b35e2ff41dcdde8ccdbedce58f3558d7febd745b 099fc989981d35ac5e6b8750762b1d604b21efc607fff1f5b7a8db42d6c1a1b7
CLIENT_TRAFFIC_SECRET_0 2bd952ffaa6d40622009bb39b35e2ff41dcdde8ccdbedce58f3558d7febd745b 95104c491506e826f30f8655cd10754a8759182261e92ef3630cd5b52e48c33a
SERVER_TRAFFIC_SECRET_0 2bd952ffaa6d40622009bb39b35e2ff41dcdde8ccdbedce58f3558d7febd745b ac5e689e0385b88fcd391bc22c5ce2ff1ea1bae6ab8c4e6a42058a6257aab212
EXPORTER_SECRET 2bd952ffaa6d40622009bb39b35e2ff41dcdde8ccdbedce58f3558d7febd745b c085a326ff5497f8427b184d72ce5bffc159cfa26038afee5bd57dc83ecd0dc1
CLIENT_HANDSHAKE_TRAFFIC_SECRET ccf8bb8da6d7a8e9c50b478632631b1c3808faba264f8d1b22e3572faf845d7b 493290efe453d61ca64d6c22b54e5432393c4cfe8bd3bdc857d34813ba227270
SERVER_HANDSHAKE_TRAFFIC_SECRET ccf8bb8da6d7a8e9c50b478632631b1c3808faba264f8d1b22e3572faf845d7b b2ba2de1806ecbaf9e9eba0e2d7a75f9a7dccbf81375dfbec98e17e2b08f5d1f
CLIENT_TRAFFIC_SECRET_0 ccf8bb8da6d7a8e9c50b478632631b1c3808faba264f8d1b22e3572faf845d7b 132a6de7a474a972207711a9487869f7930af377879c1509228a529d381e63ed
SERVER_TRAFFIC_SECRET_0 ccf8bb8da6d7a8e9c50b478632631b1c3808faba264f8d1b22e3572faf845d7b f936d13f1c7b9ffd9d7d5835739e1d847b225268866228ae16624133eef7d99e
EXPORTER_SECRET ccf8bb8da6d7a8e9c50b478632631b1c3808faba264f8d1b22e3572faf845d7b 04bc1c5b5b22ffcf51775309c89c995f098324c509f18cfa73174f0a0071c919
CLIENT_HANDSHAKE_TRAFFIC_SECRET 0345cebc12f28c7a9935cb422bb07ebc074adcd39dc8dda17d9438ccd930a063 dc8a6d21855a18958d63e5f18795e05b4f5a065a9ce22fcf579b221ae97fe76d
SERVER_HANDSHAKE_TRAFFIC_SECRET 0345cebc12f28c7a9935cb422bb07ebc074adcd39dc8dda17d9438ccd930a063 ee18a1a1e64a1b59209968dccbb45e2b058584e8cc075f69c6ef6c8d422ccc60
CLIENT_TRAFFIC_SECRET_0 0345cebc12f28c7a9935cb422bb07ebc074adcd39dc8dda17d9438ccd930a063 15a96f92540eee7c1d198d53ca59b8952d6f7951093487eded0cb0b6878071e6
SERVER_TRAFFIC_SECRET_0 0345cebc12f28c7a9935cb422bb07ebc074adcd39dc8dda17d9438ccd930a063 8a1fea1d1a18db087b4f617f5266c01beae0896bfc006331d8b251d75c63649c
EXPORTER_SECRET 0345cebc12f28c7a9935cb422bb07ebc074adcd39dc8dda17d9438ccd930a063 b08fd2ec8e918bdfe64b1bf2f319679de10cdc180b1924d61606b845229c0282
CLIENT_HANDSHAKE_TRAFFIC_SECRET 6f3222704200ad9948ef1784df2b01fedf39800b1a06c443c8f0725e75a50cba 441c95af6b4ac6d911287b738400522627352a83c326f9122b9fecce5ba4abb6
SERVER_HANDSHAKE_TRAFFIC_SECRET 6f3222704200ad9948ef1784df2b01fedf39800b1a06c443c8f0725e75a50cba fc30feb15f1a1c6979954115990d4fa6e710cfc6d502c05b96a10fbacf559069
CLIENT_TRAFFIC_SECRET_0 6f3222704200ad9948ef1784df2b01fedf39800b1a06c443c8f0725e75a50cba eeb84318526d6f2bd8a709fa9aab412b9b29e455fc908dce9837564e88a48509
SERVER_TRAFFIC_SECRET_0 6f3222704200ad9948ef1784df2b01fedf39800b1a06c443c8f0725e75a50cba bd3d39c818254bddf3cf9f89eebe8ba0ffb203f445c3e8829eb6775a1735be7b
EXPORTER_SECRET 6f3222704200ad9948ef1784df2b01fedf39800b1a06c443c8f0725e75a50cba 14ab626f9778b5d3f42b5ded04028fc6c7559bfc14b7c0074ac04cefed57e61c
CLIENT_HANDSHAKE_TRAFFIC_SECRET 754bdf783ae58de91a2fcab37df45c161bca2afd2d02c65defafd542a48b0d6b 1c1a34cef4218cf7821afaaf12a83a94dad724be355b57a948b8888f6316c5bc
SERVER_HANDSHAKE_TRAFFIC_SECRET 754bdf783ae58de91a2fcab37df45c161bca2afd2d02c65defafd542a48b0d6b 252f74cb9bd5380f62ea0755e7a17c478b92633b20ac02dc6da2e1ae9b4c68e0
CLIENT_TRAFFIC_SECRET_0 754bdf783ae58de91a2fcab37df45c161bca2afd2d02c65defafd542a48b0d6b b7bc38a4318f7edd7840be035209cc2cbf28ba31a70538164d56c45e32b71f4f
SERVER_TRAFFIC_SECRET_0 754bdf783ae58de91a2fcab37df45c161bca2afd2d02c65defafd542a48b0d6b 2539b0d23f91729b4bbb9428541adb3543a3e83d6e823e7f36080fbd820ffc2e
EXPORTER_SECRET 754bdf783ae58de91a2fcab37df45c161bca2afd2d02c65defafd542a48b0d6b 35135a6ca8ea292ab2d44846b4434904b1bcf67452569db043191cd6c510de79
CLIENT_HANDSHAKE_TRAFFIC_SECRET defd3a4541f1ea4d1f4c628154f40c19dea6f6396598160364d297b1eb15e06b 5aef1ceedcab9c09f7c3f85f53525d8316c14a8c817fd4b0b68cad118b737578
SERVER_HANDSHAKE_TRAFFIC_SECRET defd3a4541f1ea4d1f4c628154f40c19dea6f6396598160364d297b1eb15e06b 78f0c08db35d809f26cb8a65041bc6e8a0edbf2098ea190645a42cbb416ec27c
CLIENT_HANDSHAKE_TRAFFIC_SECRET 3a5a4cf4d48650008e99a830206a7c4b2e36f60ac59e741b62db65a74d32e38a ea407fc281b982a4a7a772a80527cbea6a5993e8b9696b64196b5984273d34c4
SERVER_HANDSHAKE_TRAFFIC_SECRET 3a5a4cf4d48650008e99a830206a7c4b2e36f60ac59e741b62db65a74d32e38a 4cc7396f3d90ed1139788f2cba97ac917d315f578d126d1662ca82952bb901a0
CLIENT_RANDOM 0b667446f19337981352c0f36c469033f87848e2bec5d88c387d88b2cf5b63c0 354f16f89d7a579497e5b169f569425d9aa34ef9a48cb61ae2785cada8a54ae1387cf1b578294ebf13f750e8ed9342c5
CLIENT_TRAFFIC_SECRET_0 defd3a4541f1ea4d1f4c628154f40c19dea6f6396598160364d297b1eb15e06b a20adca4e44357aa5e7b80d854772a5706b99ebeb44627096c2a1267b5aa1dac
SERVER_TRAFFIC_SECRET_0 defd3a4541f1ea4d1f4c628154f40c19dea6f6396598160364d297b1eb15e06b ed2b800013da0646e03bd9972770ddec4f5bf0fb75440cecd19529d2c5a161e9
EXPORTER_SECRET defd3a4541f1ea4d1f4c628154f40c19dea6f6396598160364d297b1eb15e06b db0d13bd2a75731beb85d53805dd5a94fe2c9a7d5abcc4d776567e100e54f194
CLIENT_TRAFFIC_SECRET_0 3a5a4cf4d48650008e99a830206a7c4b2e36f60ac59e741b62db65a74d32e38a 8ce39d398d9e12a2fb48be59965c631f4a066c4b0c33000788e4e3cb810159cb
SERVER_TRAFFIC_SECRET_0 3a5a4cf4d48650008e99a830206a7c4b2e36f60ac59e741b62db65a74d32e38a 2485edf544f384f1bb03bd374ac55e24c3cfb63d2db02910212e6016406ac5e6
EXPORTER_SECRET 3a5a4cf4d48650008e99a830206a7c4b2e36f60ac59e741b62db65a74d32e38a 6ce838155793efba013c65bb24abc7fa68d56aa07b88333d442153db817bf3a2
CLIENT_HANDSHAKE_TRAFFIC_SECRET 4d21ad4caed104bbb33a3836b078275097cd649276150f1e55852d74a06af90a 2e0acfa2eb625e5d184801ae7464c5324a85d0fe172f1cac2830577138df4420c51fd954cc3e0ad401d8228f990e3323
SERVER_HANDSHAKE_TRAFFIC_SECRET 4d21ad4caed104bbb33a3836b078275097cd649276150f1e55852d74a06af90a d51aa1be67c29f702d296cb80e299f0290e0941b1a0cad15033d8f92acdaae9e79b26fb2b6d84de20e29665393b1b2dd
CLIENT_HANDSHAKE_TRAFFIC_SECRET 460d1f1db7c02ad319f6e9e6399fe830950de0288c9b6f29a4e3d5ff25b7f63e 17c66a86c3c308344110424c13732c8b66e38f82c2a9160ccfe8a3a67085715d
SERVER_HANDSHAKE_TRAFFIC_SECRET 460d1f1db7c02ad319f6e9e6399fe830950de0288c9b6f29a4e3d5ff25b7f63e c218c9a4348474855fb871b7119e908a2a7cc3455b0c4574e52515d60ee46511
CLIENT_TRAFFIC_SECRET_0 4d21ad4caed104bbb33a3836b078275097cd649276150f1e55852d74a06af90a 735a2d98d061cf07d6710cfa7a6bf47e6ef03abaadbf9d29f483e6ee6c449813e8fc5b284ac96fa43e4017d6cafea6aa
SERVER_TRAFFIC_SECRET_0 4d21ad4caed104bbb33a3836b078275097cd649276150f1e55852d74a06af90a c380bb1d80a6dce0e88118fd355c6daec3a752719ae2c767cd0b212abdaaeca2870264c002c010bfd6c3e94dee042fe6
EXPORTER_SECRET 4d21ad4caed104bbb33a3836b078275097cd649276150f1e55852d74a06af90a a1d16c7857883312db24c00bd613fec85357416383b4b7188d52019d15d7071b743b1055b95036ef883c5f3cbff76cf2
CLIENT_TRAFFIC_SECRET_0 460d1f1db7c02ad319f6e9e6399fe830950de0288c9b6f29a4e3d5ff25b7f63e d8aa1749ad29e61dc57f7c09c21af348cf6881031b7493690c7141bcdfd1d676
SERVER_TRAFFIC_SECRET_0 460d1f1db7c02ad319f6e9e6399fe830950de0288c9b6f29a4e3d5ff25b7f63e a56e12be458023a9879162e726d88c8cb466b86204a3cd0e86269f0868e403a4
EXPORTER_SECRET 460d1f1db7c02ad319f6e9e6399fe830950de0288c9b6f29a4e3d5ff25b7f63e e9871ba2cdc07e6bd77e789f9feeb109780a2018e517c71ba8abb7947c7a60cf
CLIENT_HANDSHAKE_TRAFFIC_SECRET 6d87848ea61bdf23cd619425fce402cad141831288b848a39ffac7530292f628 9f8fdd9ad84c3ce22858c9c8f587714205cf2493b5bb085be5234e91b28fc862
SERVER_HANDSHAKE_TRAFFIC_SECRET 6d87848ea61bdf23cd619425fce402cad141831288b848a39ffac7530292f628 c0a7ebbdc8bf9aa5af74d30f17daa6cb3e3e6b62426265ab6ea445c124205033
CLIENT_HANDSHAKE_TRAFFIC_SECRET 5b730df05bbba7430a2e113ada80011dc4f27cba0ea49e26cc59b7776561d6ab b54d32366d26dac33d66fd3c4c8cb9c25aefda4196052ea54f67017fe7de6c3d
SERVER_HANDSHAKE_TRAFFIC_SECRET 5b730df05bbba7430a2e113ada80011dc4f27cba0ea49e26cc59b7776561d6ab 6f3843e58cdfecdac23e3e8449b937c5ec4dbe99f4c4336c54ccd769469b5bd2
CLIENT_TRAFFIC_SECRET_0 6d87848ea61bdf23cd619425fce402cad141831288b848a39ffac7530292f628 c2ae18fa398b7aee2fd43ad618e5c56933689adc2c066440f1de08cae4228d0c
SERVER_TRAFFIC_SECRET_0 6d87848ea61bdf23cd619425fce402cad141831288b848a39ffac7530292f628 89346a640e66eef2691892f5cc17e477624c71ed85cae9b03b0bc13b2cb2f510
EXPORTER_SECRET 6d87848ea61bdf23cd619425fce402cad141831288b848a39ffac7530292f628 9218c186993551f6adbb4d218ed7b7c9517d905bf677fdf36e1bed7948a3691e
CLIENT_TRAFFIC_SECRET_0 5b730df05bbba7430a2e113ada80011dc4f27cba0ea49e26cc59b7776561d6ab bd228ff8ebe31dc1c5a6c84edf3f7092b7a3513888cb6b77efa9a13b74e977d6
SERVER_TRAFFIC_SECRET_0 5b730df05bbba7430a2e113ada80011dc4f27cba0ea49e26cc59b7776561d6ab a5ad8e7146276eeb651ca42a61ceb02e58733539476161cde374bc52125dfb75
EXPORTER_SECRET 5b730df05bbba7430a2e113ada80011dc4f27cba0ea49e26cc59b7776561d6ab 8f715578c23b293c0971aaacc407a593c4af27425c8b466ac7ecbcab9267cd2a
CLIENT_HANDSHAKE_TRAFFIC_SECRET 3155291f986e2fb06d8c639e3a5a14a00e224b43ca274af23900a9a693566491 5f7428ef4a510a736a22c1c1a87273e02ec50b3ebce48a7c918adccca2421281e9392c0cba6563bb37f93e13082aa660
SERVER_HANDSHAKE_TRAFFIC_SECRET 3155291f986e2fb06d8c639e3a5a14a00e224b43ca274af23900a9a693566491 410152ec64e75167c7b92734208a674f285a0cd8b05e9487b4f08072fb2bb7466ffdc7faf1fe63bc347c2a7f89f0f4e0
CLIENT_TRAFFIC_SECRET_0 3155291f986e2fb06d8c639e3a5a14a00e224b43ca274af23900a9a693566491 90db7b8e577f61117c4a498d19fe6faa57f616089822e1818871643be862181fdf18b5d1a5343e1a9d70f580e1122bb6
SERVER_TRAFFIC_SECRET_0 3155291f986e2fb06d8c639e3a5a14a00e224b43ca274af23900a9a693566491 fe7a0af220d421e49d5fab114459e1849ece1c2fe6b3f013080fd705dace3c77e50b11496147205cfb740cd540160e6d
EXPORTER_SECRET 3155291f986e2fb06d8c639e3a5a14a00e224b43ca274af23900a9a693566491 6c4e4210ad515feaa65f0ed17cfc31e5c3457e19ff2e31ea9a020e5ae7aa8f2724729dccea17045d2afab8d402d34134
CLIENT_HANDSHAKE_TRAFFIC_SECRET 51f73ee403b2d642891165edda65f59f8d00fbe53bd9fc6c214a9cd2f0b568d7 863b1ba8b44015af2d7c4de9fad366616e9176b668d1df865c7e814e222b7e2f
SERVER_HANDSHAKE_TRAFFIC_SECRET 51f73ee403b2d642891165edda65f59f8d00fbe53bd9fc6c214a9cd2f0b568d7 194d9eb1e6fc226d730f3ad87ac931fa8bd1b893ec5e91c9c6c89992dc992f58
CLIENT_HANDSHAKE_TRAFFIC_SECRET b666270809497c073ebb96787fcf39c24d46c0ef80bd25a41ebaa693eaaa4faf 6978d7505949bbf4448dd843f896ab3222b26edecf50a8b060bdf1df130ac928
SERVER_HANDSHAKE_TRAFFIC_SECRET b666270809497c073ebb96787fcf39c24d46c0ef80bd25a41ebaa693eaaa4faf 9d8bf8a113d5f503244f833d8b9d17bace3ddd6b88904b1f7f2fcaed287e688b
CLIENT_TRAFFIC_SECRET_0 b666270809497c073ebb96787fcf39c24d46c0ef80bd25a41ebaa693eaaa4faf 338b676b857b4e0541e824dfeaad49ee47ee074c3f3d2757022de76708d8ade8
SERVER_TRAFFIC_SECRET_0 b666270809497c073ebb96787fcf39c24d46c0ef80bd25a41ebaa693eaaa4faf 7744027c33dbd11b519f9438ab86a4a960161511e2eac0348e02e9a00aa33dd1
EXPORTER_SECRET b666270809497c073ebb96787fcf39c24d46c0ef80bd25a41ebaa693eaaa4faf 9b3cd6a36d80fc3d68c377f5fcc15919f71702a99bef672294daf68ba0180b1c
CLIENT_TRAFFIC_SECRET_0 51f73ee403b2d642891165edda65f59f8d00fbe53bd9fc6c214a9cd2f0b568d7 fad86154df8e812dd30972666cbbd8d4f73b153cec3d81f73431a9a39b74843a
SERVER_TRAFFIC_SECRET_0 51f73ee403b2d642891165edda65f59f8d00fbe53bd9fc6c214a9cd2f0b568d7 2593d1ce0263045fd9811032636b0885abe1b7103277b1a736c498aec8ed2566
EXPORTER_SECRET 51f73ee403b2d642891165edda65f59f8d00fbe53bd9fc6c214a9cd2f0b568d7 0f1ee7a4d72377080108840e8edd14d2b625237167b11132db36cddfffd660c7
CLIENT_HANDSHAKE_TRAFFIC_SECRET d4a7c68de216922c4eb38da6d04943f521b63b2ad7ca72193a1ec88e7bbd97ef f47ea9b427f92912ce69e21270a44c556ce198a64dca4dd00cab6e7a0b9938bd
SERVER_HANDSHAKE_TRAFFIC_SECRET d4a7c68de216922c4eb38da6d04943f521b63b2ad7ca72193a1ec88e7bbd97ef eeeff3978fa544a0c7a6dcf6a71d71edcba0de1bcd7d763dc6031e957743a5d9
CLIENT_TRAFFIC_SECRET_0 d4a7c68de216922c4eb38da6d04943f521b63b2ad7ca72193a1ec88e7bbd97ef ad189ada30a0ceaf53830f4aa5eee4c2292200bf83df2a230ef77e7b55238266
SERVER_TRAFFIC_SECRET_0 d4a7c68de216922c4eb38da6d04943f521b63b2ad7ca72193a1ec88e7bbd97ef 707caa64124cd7027606265de6ec400fb27f474aa174084cd9b5120378b6a79f
EXPORTER_SECRET d4a7c68de216922c4eb38da6d04943f521b63b2ad7ca72193a1ec88e7bbd97ef 069495b89b6e6733e3f1741af2521438428df3236ce5666538020e0eaa2a5b69
CLIENT_HANDSHAKE_TRAFFIC_SECRET 48772f92b100e8f438b744928191c881e7f296c46fce31cb66c4a1c977b1f65c d02908fe85d3c6040572e032d75860b347251abea039701547dcd6ee2ad4a5b7
SERVER_HANDSHAKE_TRAFFIC_SECRET 48772f92b100e8f438b744928191c881e7f296c46fce31cb66c4a1c977b1f65c 5a14842aa91afe5b3179d52b38a6d44f826074c2913e433f4d9cb156642f479e
CLIENT_HANDSHAKE_TRAFFIC_SECRET 11fab5fdaee89e98fad9232e106169b0f458f4691b64c8e33b1711d6160a9f88 6b5d4438f9633ab858de716ac795df5700bf94deb4ddf2d2163576cc601d74d3
SERVER_HANDSHAKE_TRAFFIC_SECRET 11fab5fdaee89e98fad9232e106169b0f458f4691b64c8e33b1711d6160a9f88 7d50afdc1ab53384820d913acb4781372bd77d3cfdd456307f5ff9cf4e784faa
CLIENT_HANDSHAKE_TRAFFIC_SECRET c3e12bb1785d404a9232f3eece9907f99f944b7a7dfccb04c6dd990d021363d9 29fb37596fb0dfcb7b844ebaa0d4f2b0c223d7a0831300bf5c62bde6998222ca
SERVER_HANDSHAKE_TRAFFIC_SECRET c3e12bb1785d404a9232f3eece9907f99f944b7a7dfccb04c6dd990d021363d9 21da0f04bf899b5eceb8802b09325b29b8cd371fd151f2f425f198339d9c3005
CLIENT_HANDSHAKE_TRAFFIC_SECRET 67169bc3a3bd6b4785559361a44515004c4668b5d595bdd808fbed2394bfca32 be9c1948b10507469ef73e059f3112d8880be8e3bedad1dd00e36a1c39934e3ae9427857cdb6f65c39f50025b3277371
SERVER_HANDSHAKE_TRAFFIC_SECRET 67169bc3a3bd6b4785559361a44515004c4668b5d595bdd808fbed2394bfca32 8011f7bb771495c799ef53373bf816a8a6ec39e303009139924bb339ed440e5b63dd9418279ece86e1d7b7403cbe5fd3
CLIENT_TRAFFIC_SECRET_0 48772f92b100e8f438b744928191c881e7f296c46fce31cb66c4a1c977b1f65c 0c577c3c7915912add1289910e7022275f37e480dfab6ca332fdbf64eb14809d
SERVER_TRAFFIC_SECRET_0 48772f92b100e8f438b744928191c881e7f296c46fce31cb66c4a1c977b1f65c 52fb11261eabea9d0701084202f691f72ffd9d1ed8cb13116838aaf3b28c7bb2
EXPORTER_SECRET 48772f92b100e8f438b744928191c881e7f296c46fce31cb66c4a1c977b1f65c c7ab7b5b46934e7317a6dd5dbcb8e0a98867929001afeec314a5a9c66c8c6945
CLIENT_TRAFFIC_SECRET_0 11fab5fdaee89e98fad9232e106169b0f458f4691b64c8e33b1711d6160a9f88 548c5c530256cfc5193b2426aec26b7fc7b5cc2ff55142d0f4231eaa205c6aa6
SERVER_TRAFFIC_SECRET_0 11fab5fdaee89e98fad9232e106169b0f458f4691b64c8e33b1711d6160a9f88 18f37c45d97b5620d8d910e832f0287ae0db4928924bfc1b3506eb2d105b2e07
EXPORTER_SECRET 11fab5fdaee89e98fad9232e106169b0f458f4691b64c8e33b1711d6160a9f88 46cc259b8e415e762f77186dba5b3e9d662542af9d470e7087bdfe3f2d5bfec3
CLIENT_TRAFFIC_SECRET_0 c3e12bb1785d404a9232f3eece9907f99f944b7a7dfccb04c6dd990d021363d9 e9a17cf12c44144dc3f3e0faba3b8ffd76391abb4b1ac8208b899683fe5fe11b
SERVER_TRAFFIC_SECRET_0 c3e12bb1785d404a9232f3eece9907f99f944b7a7dfccb04c6dd990d021363d9 0ff3a9ab413f66e6b65bc7dd241fdb02bbb5ff4ff1b858228cd3b31a97146b99
EXPORTER_SECRET c3e12bb1785d404a9232f3eece9907f99f944b7a7dfccb04c6dd990d021363d9 7b7e502ae0160a2129ad7d00329b5a64b0eb704a6bfa9adc3e71017104b68882
CLIENT_TRAFFIC_SECRET_0 67169bc3a3bd6b4785559361a44515004c4668b5d595bdd808fbed2394bfca32 46c59c85da23d80fc319c4a72c812fd64da13e1be67f5dbb639de98c619687d1f115e49f4db3628157fcb56a86919c57
SERVER_TRAFFIC_SECRET_0 67169bc3a3bd6b4785559361a44515004c4668b5d595bdd808fbed2394bfca32 86341fae713a71fedec2fa91285f827ec88e9bbf531d3f74e74f81142410e0ec28b3471eeb87417c7f2fd1e129108780
EXPORTER_SECRET 67169bc3a3bd6b4785559361a44515004c4668b5d595bdd808fbed2394bfca32 6eb67de9d6e089e28274853b8650e6de520a3d3c3f8e4fcbae73990ef944dd538eca90f74adeb76caba016f87c9bc410
CLIENT_HANDSHAKE_TRAFFIC_SECRET 7cb4004ae8f6ef157c4f0085b87c52ec19a0a6ce3a692d6375dcd8c06fb44281 5fc5ae14dde1063c827bc410d2dd5bd6aacf3bf6156e58f1e0e3d5bf8b01ede8
SERVER_HANDSHAKE_TRAFFIC_SECRET 7cb4004ae8f6ef157c4f0085b87c52ec19a0a6ce3a692d6375dcd8c06fb44281 12e57cbeba552ddd23924fc7c39b28949d853a8990da59e1243039217a8d07a1
CLIENT_HANDSHAKE_TRAFFIC_SECRET 0b1e6ffd7d91c9651c9e4778eeb00289092b16dc351631eaf540026cb5dbbcaf ff4c51d2447f4928563fb35f411d76d9678a5d8eb3b7e4905c1aa7552d71ea93
SERVER_HANDSHAKE_TRAFFIC_SECRET 0b1e6ffd7d91c9651c9e4778eeb00289092b16dc351631eaf540026cb5dbbcaf df4c874c36c83ac219ed7a26de53858a1d441607996f33fba337facd3143c129
CLIENT_TRAFFIC_SECRET_0 0b1e6ffd7d91c9651c9e4778eeb00289092b16dc351631eaf540026cb5dbbcaf f2b205c9fcac79a09663549ecb7bdb6e671084ef198bf559a4a3b04b4b0d53a1
SERVER_TRAFFIC_SECRET_0 0b1e6ffd7d91c9651c9e4778eeb00289092b16dc351631eaf540026cb5dbbcaf 088b91d7cc42286d587accee743381baeefdfddf07490dcd452a072e5f9f301f
EXPORTER_SECRET 0b1e6ffd7d91c9651c9e4778eeb00289092b16dc351631eaf540026cb5dbbcaf 2cc05a52a6872b761f20163ac5ddd0b69404461323b52ec6d77ac28266aa32f7
CLIENT_TRAFFIC_SECRET_0 7cb4004ae8f6ef157c4f0085b87c52ec19a0a6ce3a692d6375dcd8c06fb44281 2922285f0e0982009ab326ba73ed373ef47df137dd3d1921c29ac67c50fd2edd
SERVER_TRAFFIC_SECRET_0 7cb4004ae8f6ef157c4f0085b87c52ec19a0a6ce3a692d6375dcd8c06fb44281 6457387eb180bae34ca8aeb10fb728b0e88168bb206ffb18e9313c534088cf6f
EXPORTER_SECRET 7cb4004ae8f6ef157c4f0085b87c52ec19a0a6ce3a692d6375dcd8c06fb44281 c7a5c6909c37b9caa7601a217d51134ee1ceab1b6ba3ee769f43c2c23b159ce3
CLIENT_HANDSHAKE_TRAFFIC_SECRET 9c1ece2a6550f60954de8254cbd7ef327dc3a7f006474b8b3fbb82aebe901ff8 caf013e6967b59302cb3397cb1226bc525fbd9ee9a30797470751308446da970
SERVER_HANDSHAKE_TRAFFIC_SECRET 9c1ece2a6550f60954de8254cbd7ef327dc3a7f006474b8b3fbb82aebe901ff8 a27e1f2861bc6f3f48e407563b7cfe4449754fdfe00e44e9a9dbabb9acee2802
CLIENT_HANDSHAKE_TRAFFIC_SECRET 0a2bb57899e5d3f4dda2bcfd507bb5065d9a4d34bba29bf897f771c4aa62f01e 913c1da500ccf93a56ec821f167197d801d026b293318a90f8123a204e12ece1
SERVER_HANDSHAKE_TRAFFIC_SECRET 0a2bb57899e5d3f4dda2bcfd507bb5065d9a4d34bba29bf897f771c4aa62f01e a8e697f21eae0a0abe67e05ff4fca38fad983b653b3a62f6a4632d774700a5a2
CLIENT_TRAFFIC_SECRET_0 0a2bb57899e5d3f4dda2bcfd507bb5065d9a4d34bba29bf897f771c4aa62f01e 3b75740bff68efcbbfa59e4cb8356af01eecce40c8ba0a81c5dca589a3619542
SERVER_TRAFFIC_SECRET_0 0a2bb57899e5d3f4dda2bcfd507bb5065d9a4d34bba29bf897f771c4aa62f01e de221cbda0ab3a36a69d4b6f0c91eed7086901c198aa288750a67c8443a811d1
EXPORTER_SECRET 0a2bb57899e5d3f4dda2bcfd507bb5065d9a4d34bba29bf897f771c4aa62f01e 89fedd45237437d1f0a88be762597bcd84e193a4634bc8f7d7cb1937d9c1f095
CLIENT_TRAFFIC_SECRET_0 9c1ece2a6550f60954de8254cbd7ef327dc3a7f006474b8b3fbb82aebe901ff8 50f1af72b2c1ccd489032daefc3fa05a8701f1881f2947f85a529bea3c5da663
SERVER_TRAFFIC_SECRET_0 9c1ece2a6550f60954de8254cbd7ef327dc3a7f006474b8b3fbb82aebe901ff8 1a066ffa218a56f522aafe557769b35653ac062e6085ce1b8ea8c1e7c332f6d8
EXPORTER_SECRET 9c1ece2a6550f60954de8254cbd7ef327dc3a7f006474b8b3fbb82aebe901ff8 d67af11d80cf723a8ef78bfd9c3bd845f580c17af6d3bd8fd2287eafbb13066a
CLIENT_RANDOM d9391441bd4becae9a3ac0d0194cae65180a2b7f5dae8459542608bbf57cb49e 78f424652ffd0ee8257e77ab90190f17428e7e293ad7c153799b30f6af37815e2ad62b9572945a992ee2f2c0a60f2fa8
CLIENT_HANDSHAKE_TRAFFIC_SECRET aa14c07528d3a1174cdb8ae7319ebf16da8399f439d345cf4e65654ec51a62f1 6667aedd4de233f6fe7be6956047aaff2ecd741fa54fa1424a0296c3c0416c97
SERVER_HANDSHAKE_TRAFFIC_SECRET aa14c07528d3a1174cdb8ae7319ebf16da8399f439d345cf4e65654ec51a62f1 676c91a659997d79f166aebc7db6a89cfd379eadd72e7d008b183b8f1bda2881
CLIENT_TRAFFIC_SECRET_0 aa14c07528d3a1174cdb8ae7319ebf16da8399f439d345cf4e65654ec51a62f1 69e2e232a995c4526985fc7571bb10bdbe5a0328b95f776b21f7f7c52f47918f
SERVER_TRAFFIC_SECRET_0 aa14c07528d3a1174cdb8ae7319ebf16da8399f439d345cf4e65654ec51a62f1 eb145b7b7573bc7432844a6d71619c4dd0a30be7437869b45bcded2eeb45828c
EXPORTER_SECRET aa14c07528d3a1174cdb8ae7319ebf16da8399f439d345cf4e65654ec51a62f1 fa3ce4ec2f4b27fb40f3213d2e471a1e73e1ad321564614820b7840b71fc5da9
CLIENT_HANDSHAKE_TRAFFIC_SECRET a854648e937fe198a95db7aa57400354c82870e7ad33985add5ad39127721b68 2a0232087672554a55ef559832d67357c6dcddb7f440bc7a55d8c4afb42c5895
SERVER_HANDSHAKE_TRAFFIC_SECRET a854648e937fe198a95db7aa57400354c82870e7ad33985add5ad39127721b68 7a0acb0b8a4b27e3df436e8fccf2bf5a7db67483076531c0c0435cc3e2797c54
CLIENT_TRAFFIC_SECRET_0 a854648e937fe198a95db7aa57400354c82870e7ad33985add5ad39127721b68 304afc9ba0bf5fe98cf893bb4d62b512b5cef761d1781a156ba10f5abe02584c
SERVER_TRAFFIC_SECRET_0 a854648e937fe198a95db7aa57400354c82870e7ad33985add5ad39127721b68 79e088da2c0f4bea65a55c30c05b89b36266abaed347a58081ce72d3d2155d40
EXPORTER_SECRET a854648e937fe198a95db7aa57400354c82870e7ad33985add5ad39127721b68 f865455bc9f1ac275209e7e5a3a4c3449127e47ae53ef0e4010a2af97a3b32f8
CLIENT_HANDSHAKE_TRAFFIC_SECRET daaaa5643f15a5780418f10227a0b26f8c5e5eb81554aad986ebe86e8a0fadad 14149971b5274d7b28bc9088fb0556303b9918ed741e75191e5a4d8d0debdcca
SERVER_HANDSHAKE_TRAFFIC_SECRET daaaa5643f15a5780418f10227a0b26f8c5e5eb81554aad986ebe86e8a0fadad be51026c9628f59986ff2cc1163e487e2536315c6ef3e6f2bd7f8149e3744fde
CLIENT_HANDSHAKE_TRAFFIC_SECRET 4635ecaa9e4850d37efb2b8807083def6fcdd0123fe55f25bb1373bbbb605b8d a4cbefce47c55428f0d4256006601bbd17583cb48f6df6a65117f28c4d0f689d
SERVER_HANDSHAKE_TRAFFIC_SECRET 4635ecaa9e4850d37efb2b8807083def6fcdd0123fe55f25bb1373bbbb605b8d 0c1f3655092781e1c013cbf30adc9f06aa13e500ab887285a7426b47ae30ced5
CLIENT_HANDSHAKE_TRAFFIC_SECRET 4c5ff16bd29b80650a93574aade01f095550c00b9dfad0df198fffa57bf6efd0 83b2163daf0cdc723aec00df21316a0861625304e93e767942b366beadc4c4d3
SERVER_HANDSHAKE_TRAFFIC_SECRET 4c5ff16bd29b80650a93574aade01f095550c00b9dfad0df198fffa57bf6efd0 564d8536f98c670bd1a44ab7828f19aead67ccb3aaa2d286624ed4f67c3f29e3
CLIENT_RANDOM c0131504b50a61169576c225ea20c005ccc6ad00472eae273002f16d56ebff3e a9808d92e64fa48999ac091a543bf442cef38116bbe8237c6d5febf089e699d6eda9d0663a37e80090c95b5e2fea74ce
CLIENT_TRAFFIC_SECRET_0 daaaa5643f15a5780418f10227a0b26f8c5e5eb81554aad986ebe86e8a0fadad e7107c2a3400e6fd505dc4009a886ac6d221732a8eff26c666f47bd225e92c75
SERVER_TRAFFIC_SECRET_0 daaaa5643f15a5780418f10227a0b26f8c5e5eb81554aad986ebe86e8a0fadad f6079cecd1eef31949f158035b8b09cc5c63b959b000136ca1227b3137fa0fbf
EXPORTER_SECRET daaaa5643f15a5780418f10227a0b26f8c5e5eb81554aad986ebe86e8a0fadad 2b8a5bbfdf75c943347375fa99fd46da9264b5c4c9a1737a06575441e89cf830
CLIENT_TRAFFIC_SECRET_0 4635ecaa9e4850d37efb2b8807083def6fcdd0123fe55f25bb1373bbbb605b8d 71b4232156988e69b1a92111b03089e6148c3d2a62c3acf16330e5db16aff6ce
SERVER_TRAFFIC_SECRET_0 4635ecaa9e4850d37efb2b8807083def6fcdd0123fe55f25bb1373bbbb605b8d 036f094997cd428e599187f90db19516749d5151d7af6b384ce130cbb2ad37fa
EXPORTER_SECRET 4635ecaa9e4850d37efb2b8807083def6fcdd0123fe55f25bb1373bbbb605b8d 7ce116f07660bf2c951ade58bfb78afb150717f722a904371493fc1b55973665
CLIENT_RANDOM 58b99c38bdc88d4689e7ae7303f6eb45ba2afa0851ad6674676d2d252f65d34d e348944c5be29846816e32343ef324cfc92338a250d34b31222c64fe5e908ab6c9dd9497c9544e3344146bd03595eda3
CLIENT_HANDSHAKE_TRAFFIC_SECRET 58c39016f3409230db7020608ddf874e422a47221a6ee3265a528abbd32c5cb2 4f509ffe0b1a83e0bf0928a0d1511c432fd93e2b38882c33548af0f6cde2b65b
SERVER_HANDSHAKE_TRAFFIC_SECRET 58c39016f3409230db7020608ddf874e422a47221a6ee3265a528abbd32c5cb2 3dd2133ea90f38eac741b781aca943a76758152c91bf79e703f4fef07d2646b0
CLIENT_TRAFFIC_SECRET_0 58c39016f3409230db7020608ddf874e422a47221a6ee3265a528abbd32c5cb2 7ac4281af5150811084dd0a2c41d2d6c017855fb8676acf2a2798bced62de38d
SERVER_TRAFFIC_SECRET_0 58c39016f3409230db7020608ddf874e422a47221a6ee3265a528abbd32c5cb2 c7c8ba54d5f098e45c8533f563cf4a6ec10e166df9c7203b5c826e4803edd553
EXPORTER_SECRET 58c39016f3409230db7020608ddf874e422a47221a6ee3265a528abbd32c5cb2 17e496d7f1972e406ad0ef46a90a10b9f0a24137e176548d03b02525e9d52f02
CLIENT_HANDSHAKE_TRAFFIC_SECRET d4c5a0784966df5d81bdab39c9a9ea75c4b21c855a6c2086d7c78a41dd4a5ef3 12d0fa052e9624af5c17434fcd3925cedf9a16da27d4a494ef6610c17e8a6c36
SERVER_HANDSHAKE_TRAFFIC_SECRET d4c5a0784966df5d81bdab39c9a9ea75c4b21c855a6c2086d7c78a41dd4a5ef3 8ce161b3d4f05f8befc7d6801d835a9b9f02d932841534c244420431f20ca326
CLIENT_TRAFFIC_SECRET_0 d4c5a0784966df5d81bdab39c9a9ea75c4b21c855a6c2086d7c78a41dd4a5ef3 7bcf6c02bd32e18ed15d0186b7fad2b1b46a8508b1c97e439319ad3bd69f62ef
SERVER_TRAFFIC_SECRET_0 d4c5a0784966df5d81bdab39c9a9ea75c4b21c855a6c2086d7c78a41dd4a5ef3 b235131053324eb9eec6387a2498b00a8c3d90a318dd55d62f3e9c5f8b44e3bf
EXPORTER_SECRET d4c5a0784966df5d81bdab39c9a9ea75c4b21c855a6c2086d7c78a41dd4a5ef3 b35f3fe9d3229a57d7c9599fa4640e4e76183c9618a35e2be47a60c636c5390c
CLIENT_HANDSHAKE_TRAFFIC_SECRET 6d832360baa01b5bb8b476fc7f10e3fee1009920707e254ed1fbd43cf5fc2058 cc1f5792c06ddf2585d629ff978cbe604e00f0708e69a539e4245e28f73cfe13
SERVER_HANDSHAKE_TRAFFIC_SECRET 6d832360baa01b5bb8b476fc7f10e3fee1009920707e254ed1fbd43cf5fc2058 020b5cf16d1f55292a6874830962774595c31ae47e757e7b4be9674f7e675623
CLIENT_TRAFFIC_SECRET_0 6d832360baa01b5bb8b476fc7f10e3fee1009920707e254ed1fbd43cf5fc2058 4475c195de03e405f4b9b59cb5e3baba55c31ff4f697f5facfe30c4ff0ea2fa0
SERVER_TRAFFIC_SECRET_0 6d832360baa01b5bb8b476fc7f10e3fee1009920707e254ed1fbd43cf5fc2058 9ad9be10ccd86f638586d6ef0e66896fa206bd611864def67d862871cb5cc1b9
EXPORTER_SECRET 6d832360baa01b5bb8b476fc7f10e3fee1009920707e254ed1fbd43cf5fc2058 9d0958adb40eb2d7aa6cb1b37f0e947801d531c88113448414fd03c6c348c344
CLIENT_RANDOM 4f5c5f10c262112f9d2c66b857fdcb993cb408180ec130e63e74c928191f2438 f1a632fea2547599d651650a21583d1d9afdd2b55ae95f19d0ee225a6d9f4b84e8b157f8bfa4aeab1c129bf8adaa09d3
CLIENT_HANDSHAKE_TRAFFIC_SECRET c4e15d7c82ba7fc7fb0cdc92294c605fe9fd551f2f19a0431b17bb0f36aaad8c ccd70161becabb99b709975be89ca000b3fce126ed02ecb39e6cded2ee8a6e08
SERVER_HANDSHAKE_TRAFFIC_SECRET c4e15d7c82ba7fc7fb0cdc92294c605fe9fd551f2f19a0431b17bb0f36aaad8c 33a141f91bb0542d015cbd965a8117ae3028d4e86ed94208608c81dd861973f9
CLIENT_TRAFFIC_SECRET_0 c4e15d7c82ba7fc7fb0cdc92294c605fe9fd551f2f19a0431b17bb0f36aaad8c 60728d68aebf800a7951c3b7704b332675fca42248d528581e899caca5b761d3
SERVER_TRAFFIC_SECRET_0 c4e15d7c82ba7fc7fb0cdc92294c605fe9fd551f2f19a0431b17bb0f36aaad8c 56badee58267b43bb22a9c144bfc1a9e8c5b5eb14520f53b9c7fd00ed1b44323
EXPORTER_SECRET c4e15d7c82ba7fc7fb0cdc92294c605fe9fd551f2f19a0431b17bb0f36aaad8c f9eddcea97a20d85e43c5ed18669ace1beca0c478e94398f464ed21f551fb2d9
CLIENT_HANDSHAKE_TRAFFIC_SECRET 6c12e74c4f35ef23b70fd33558e6a660cabe3e0305e5303a8b8e72d0c21191c1 f071ae0b5804bbaef47c4212885ae0e22cb5cb8c95dd472b970706965689fed4
SERVER_HANDSHAKE_TRAFFIC_SECRET 6c12e74c4f35ef23b70fd33558e6a660cabe3e0305e5303a8b8e72d0c21191c1 40e90412872c06f10d96045d10de22c06f7a8bc93ca6246a95aa0cc2ae8a83ad
CLIENT_TRAFFIC_SECRET_0 6c12e74c4f35ef23b70fd33558e6a660cabe3e0305e5303a8b8e72d0c21191c1 0a5ab094f50f527c0a2dc9d0073abc100b1003ce8113168f03d43c33de01d1b3
SERVER_TRAFFIC_SECRET_0 6c12e74c4f35ef23b70fd33558e6a660cabe3e0305e5303a8b8e72d0c21191c1 9b988ce729f89564be1f1850a9107eeaf7e444365bbf3ad34142c7efb34645df
EXPORTER_SECRET 6c12e74c4f35ef23b70fd33558e6a660cabe3e0305e5303a8b8e72d0c21191c1 565b991d43024384ee260afbf972950cde684ecf2200695f5157e3cab73103d7
CLIENT_HANDSHAKE_TRAFFIC_SECRET 398a73d4f67734374a443388f484cfb68d4eb84a8eef7924a5aa05131e6fa1e3 2fee731c1b5594595ceb8bde930113f8a88eb8b241aa5e0358e372f5eacade2d
SERVER_HANDSHAKE_TRAFFIC_SECRET 398a73d4f67734374a443388f484cfb68d4eb84a8eef7924a5aa05131e6fa1e3 589fbc60ec6040cd451c6d30c3a6491efdcbf37fb62ef3f601c46ae1874bccd0
CLIENT_TRAFFIC_SECRET_0 398a73d4f67734374a443388f484cfb68d4eb84a8eef7924a5aa05131e6fa1e3 e562a3d89640e0a859483e822eb1bb60917d1ab4429af0ae653c293a2cb50be4
SERVER_TRAFFIC_SECRET_0 398a73d4f67734374a443388f484cfb68d4eb84a8eef7924a5aa05131e6fa1e3 835e05803a9552cd61d76f43a2b111f7e3bdb3491db21a7cf6ef90a3cf5b3621
EXPORTER_SECRET 398a73d4f67734374a443388f484cfb68d4eb84a8eef7924a5aa05131e6fa1e3 0d2be389c5808452536f1902079b5ce5d899bd0174c8cdbcb68dcb67a5caafce
CLIENT_HANDSHAKE_TRAFFIC_SECRET 008d0bef416433a26c9857ccc3af354f8f2785348dd1b6293c8a8a45d351ad8f 596b089bd133ec9d0a56d4e789d865ac70d6540515e2e3c5a5e6078431ecc20415404741da09b93717cb22f79b977ea4
SERVER_HANDSHAKE_TRAFFIC_SECRET 008d0bef416433a26c9857ccc3af354f8f2785348dd1b6293c8a8a45d351ad8f 9f094e94638aee1a7baa6886b0a6b06f6a225cca28d98b6ca0807f49f56f57d73a8fceadc8248bd46f4b55c608b71640
CLIENT_TRAFFIC_SECRET_0 008d0bef416433a26c9857ccc3af354f8f2785348dd1b6293c8a8a45d351ad8f b871c43bf728ce748a12f9cca7d463d5be783f871610db0cd7b308a28d6614ebe3205cbdfdfd874a1aacb6255490595d
SERVER_TRAFFIC_SECRET_0 008d0bef416433a26c9857ccc3af354f8f2785348dd1b6293c8a8a45d351ad8f cf941ab4d6f98fe51c1116340422ea98631d8951035a968d06dbe2ea4491d3ec5df4df8a7cec348530b2e3ca39c5df3f
EXPORTER_SECRET 008d0bef416433a26c9857ccc3af354f8f2785348dd1b6293c8a8a45d351ad8f 5716d39c505e86e7a02fba7125b7aa2b5dd51b8881a3e96d80fe6386484056064f85b1d2dcd4bd1e660fd8aa3dba75d9
CLIENT_RANDOM f6d400d08e9ac0b7cf8a0b1ff6261dff38e47594a1bce621830d15ab2b7e02d6 d51cb438dff4e8fa8adbfec465b7fa7dd03721342bcf474b74d815c7180bd6d347b6d3343bf5eddcdba97034c72135f6
CLIENT_RANDOM 0d743f66fd2c93c40df0681ab7d099be672ab322bf05150894ea8446b91cea44 2fe75d25f47af17aa36528480faf7e95e96f1259dac11d6a4a5dad0728c5923fda9f958f9ae64f0fe5caeee42c73d50b
CLIENT_RANDOM 7ba617dfa3d0700415a50d2c81ae5135995cf8d6df6d0d668884cfe66d6e4b29 401f4f345bf3c2824b2b9aac10a8db5c999b554324c8c4ff29f3717b0adffe06afd009990eae2f32bfe2f7b03a0e09ea
CLIENT_RANDOM 5462f6c1142fd2682424750391982449699cc8c7044f14be743b2dda918ee355 d94492cc8648da38c504c043e7eaaf47dbc53e1fc267b334b148bff00c20cdbbb44ad93764d54e5723e0f02be64d6996
CLIENT_RANDOM 5a988989b2f99c8aa5d0bced56b436abacbc640326c04cf9c2b2ad4e27d7a5f8 caa0e7569f2b74a3e0ce393e5ad377af9ba7b575ce77680ef08d37987c49b4f1bebda10e4a036db530eaf20e77be7ff4
CLIENT_HANDSHAKE_TRAFFIC_SECRET 27a115d66dfd9c4727b55ea7004b9994687fd52e04d3d568da39e7ab159c1c53 4ad77e4d7283c705bc255ece1c320eb66b95cd65fe5a5e948f650abfb56d4ab8c7e803b21836b3bb5ce7db29323d9988
SERVER_HANDSHAKE_TRAFFIC_SECRET 27a115d66dfd9c4727b55ea7004b9994687fd52e04d3d568da39e7ab159c1c53 afe8a7ce72160336ea8d6149a0dbca320f2cce9ee56da72541997c36705dd92d2080f62d67cb185f0c1a000093cd5208
CLIENT_TRAFFIC_SECRET_0 27a115d66dfd9c4727b55ea7004b9994687fd52e04d3d568da39e7ab159c1c53 231915f3000811266de0a18f658715498bca8a94d0ca01de7c96ee6e9cf638d9f3ae977f3efe681ab56aa3838f575a86
SERVER_TRAFFIC_SECRET_0 27a115d66dfd9c4727b55ea7004b9994687fd52e04d3d568da39e7ab159c1c53 70983a4e7fd8261a65a56a4257fe2581789c97cecf19c7bdf26f4790c5c28a37f70833830e970eab949cd88a8cfb4906
EXPORTER_SECRET 27a115d66dfd9c4727b55ea7004b9994687fd52e04d3d568da39e7ab159c1c53 10b53e4fd922f5080bcfc1d021d9b058fda07ac1a4e90bc8bda3bf6bb29cc7c973a60f9724733011a8803f50a86b84b9
CLIENT_HANDSHAKE_TRAFFIC_SECRET 447bccb50ae5dc6019b25517ee9492337d24ae946a0860b4611d16f1c67ffd3a f6067f9e08b12c2330f14ec7a22220da9fb39e7edbf1b8363c2080a6a394ed9fed3749393cae31a9b73626dc901eb7ed
SERVER_HANDSHAKE_TRAFFIC_SECRET 447bccb50ae5dc6019b25517ee9492337d24ae946a0860b4611d16f1c67ffd3a 0fadc77710ce4c818fe20d51d60bbff9b95e045fa062629f35a50067a2d719df109458029ccec44690db261c95544162
CLIENT_TRAFFIC_SECRET_0 447bccb50ae5dc6019b25517ee9492337d24ae946a0860b4611d16f1c67ffd3a 593d6fda301292ee6de802eead43f215866c995ce42bab97914ab231d485c12fe1e61ac8e16207622d951d50eae237f1
SERVER_TRAFFIC_SECRET_0 447bccb50ae5dc6019b25517ee9492337d24ae946a0860b4611d16f1c67ffd3a feefdad437ee9814b2f7c60d2ce1789c4d4659c888278714b53d66bfbeea88d549047d7d772a9f827a41a7eb9f365fc7
EXPORTER_SECRET 447bccb50ae5dc6019b25517ee9492337d24ae946a0860b4611d16f1c67ffd3a 262f5fad041a0f243a6771d8404779ddd333b1e0b90c464c2e7e4bcc255a807a29c4131e36b8d68b0f74be6883a55bdf
CLIENT_HANDSHAKE_TRAFFIC_SECRET 8734f5d0d2626dc35e114a41a4c595b2a1f8e4afc83a9219efc7ce02a33f1680 f17ec5ed2fc7d41b39fe31969e182df27705ca285cde012641aea8d35e5c5e8b
SERVER_HANDSHAKE_TRAFFIC_SECRET 8734f5d0d2626dc35e114a41a4c595b2a1f8e4afc83a9219efc7ce02a33f1680 0d9806f2c16f3546f75a2cc7ca73f0a2961eb6f4c4acb6bcb939a205de625fb6
CLIENT_TRAFFIC_SECRET_0 8734f5d0d2626dc35e114a41a4c595b2a1f8e4afc83a9219efc7ce02a33f1680 bb46773355d868328c30b370b04c5be6c90e558f4dce2b6a7216b63c94bb1fbc
SERVER_TRAFFIC_SECRET_0 8734f5d0d2626dc35e114a41a4c595b2a1f8e4afc83a9219efc7ce02a33f1680 6c6744382b377db8e468ffe8419aec7fb83ddc17883376866a71bb8eb1996cbf
EXPORTER_SECRET 8734f5d0d2626dc35e114a41a4c595b2a1f8e4afc83a9219efc7ce02a33f1680 f7cdc2baf8fb2778f77b94088a213aa6c2063eb19e6df72792ab810075762895
CLIENT_HANDSHAKE_TRAFFIC_SECRET ea10854e6c14fac109edd1426b2c4f33a114ef11dc0fa8c67a4a6f32add15dc4 6e565e25aeca5b6fb9eb656813230117932b642298ae049cf9b50437655ebbc8
SERVER_HANDSHAKE_TRAFFIC_SECRET ea10854e6c14fac109edd1426b2c4f33a114ef11dc0fa8c67a4a6f32add15dc4 12706a965e1e4a127d25e77d6fdf0981ab63296ed14c88af281c44212b22e0f3
CLIENT_TRAFFIC_SECRET_0 ea10854e6c14fac109edd1426b2c4f33a114ef11dc0fa8c67a4a6f32add15dc4 3e0e61bbe78baf6dd912bfab29a1ea8e944f5a9feee0966a6bdbdbd478aa3e8b
SERVER_TRAFFIC_SECRET_0 ea10854e6c14fac109edd1426b2c4f33a114ef11dc0fa8c67a4a6f32add15dc4 ead4651cc5c782daa88f22af72d58b3af8ed989bc0a37927e200fae0c729ebc2
EXPORTER_SECRET ea10854e6c14fac109edd1426b2c4f33a114ef11dc0fa8c67a4a6f32add15dc4 8d61350b6cf093f9eb95e9328c1e7595787141c6842c8c899e56a9eef198de4f
CLIENT_HANDSHAKE_TRAFFIC_SECRET 0cc2a6e44a90eb74c84701104c7f4f8cb1242499d3ea651cffe2bf5a3d2fda50 b1dacb327adf4d4b52795b12d2b04288ced674a83525333102e7fb4723d82f48
SERVER_HANDSHAKE_TRAFFIC_SECRET 0cc2a6e44a90eb74c84701104c7f4f8cb1242499d3ea651cffe2bf5a3d2fda50 3efd00fea82b3a4fcbe22369d5496865bfcd49a2f591b225b6afd8210b5fc4e4
CLIENT_TRAFFIC_SECRET_0 0cc2a6e44a90eb74c84701104c7f4f8cb1242499d3ea651cffe2bf5a3d2fda50 f8e0989f6fd08d563ffea2c5f2e5266cd2dff1a578d2830b2c18767c4df6dc02
SERVER_TRAFFIC_SECRET_0 0cc2a6e44a90eb74c84701104c7f4f8cb1242499d3ea651cffe2bf5a3d2fda50 ae5167ce7081c236677b2e0e54161a5b443f4281932710aecb387adb5aad4c66
EXPORTER_SECRET 0cc2a6e44a90eb74c84701104c7f4f8cb1242499d3ea651cffe2bf5a3d2fda50 170e1be0571d6c7d84451d9a842c56ac8f96f38e9246f327c18d1742835a5b73
CLIENT_HANDSHAKE_TRAFFIC_SECRET e2f99a17fb79167e0158e6a5f3f01ccd2ab17d402e922a1fb2ba9be3ec844e0a 5ccb64428a49fd63c0cac8214713340f07e4d54e4954a6c315018a7b7da577de
SERVER_HANDSHAKE_TRAFFIC_SECRET e2f99a17fb79167e0158e6a5f3f01ccd2ab17d402e922a1fb2ba9be3ec844e0a dd6628744b57ae610c537cb9360db3d40a3f201757aa41c9d8fae03cb18d6e76
CLIENT_TRAFFIC_SECRET_0 e2f99a17fb79167e0158e6a5f3f01ccd2ab17d402e922a1fb2ba9be3ec844e0a 3c10da367ef1a4ce0822ed2a2ff6b413df583a848e6108ba00ba56a69e1da8b2
SERVER_TRAFFIC_SECRET_0 e2f99a17fb79167e0158e6a5f3f01ccd2ab17d402e922a1fb2ba9be3ec844e0a e3e50d734f009f79d994d298006e8e0b83160576d7436f1206eba5fb4a19f337
EXPORTER_SECRET e2f99a17fb79167e0158e6a5f3f01ccd2ab17d402e922a1fb2ba9be3ec844e0a 7d071b7a4e34f4aa44f34bcf6913240591c9a9b89708107b9d8c9dca2f71eeae
CLIENT_HANDSHAKE_TRAFFIC_SECRET e94c5d5f2813212ed1ef8354783ea69bd16e58532175273d80bd5ab1b0d135f6 5f048014a9ab3774b3b11ed9caad6837baca52d777ab9fe55e436b3b8f1f08a8
SERVER_HANDSHAKE_TRAFFIC_SECRET e94c5d5f2813212ed1ef8354783ea69bd16e58532175273d80bd5ab1b0d135f6 7fcf8b84c0200adc57658732df0d56c319b727515e8663b6eda26172b8a56264
CLIENT_TRAFFIC_SECRET_0 e94c5d5f2813212ed1ef8354783ea69bd16e58532175273d80bd5ab1b0d135f6 f5244949e093fac994a4750b9114175be9b3f5ea46a74817df0a17faccf841cf
SERVER_TRAFFIC_SECRET_0 e94c5d5f2813212ed1ef8354783ea69bd16e58532175273d80bd5ab1b0d135f6 35aeba29389cbbe260638657695d4d835cb14f65db05f31fbe680fdffade3b6e
EXPORTER_SECRET e94c5d5f2813212ed1ef8354783ea69bd16e58532175273d80bd5ab1b0d135f6 cd25351a7903f79d9b9d6f42dbdcdf38353c72ba0dec72dac01c0aa52f266a17
CLIENT_HANDSHAKE_TRAFFIC_SECRET 2d9002164ec9a5e12a14958b93a7870a2ee113ebc9666161be6edb284ccf9993 e06951b7eb8b791a158ff5090cfb5b3500b7d87e1893ff36038306c96b64f4be
SERVER_HANDSHAKE_TRAFFIC_SECRET 2d9002164ec9a5e12a14958b93a7870a2ee113ebc9666161be6edb284ccf9993 ad7d76b3ff75a56ee2a51e29d5414ad83625fd2577f560b679eaac7af934e58c
CLIENT_TRAFFIC_SECRET_0 2d9002164ec9a5e12a14958b93a7870a2ee113ebc9666161be6edb284ccf9993 1c4690623545d1ba87fb4476889874aba775fe0acd969710091b6970a2039149
SERVER_TRAFFIC_SECRET_0 2d9002164ec9a5e12a14958b93a7870a2ee113ebc9666161be6edb284ccf9993 b0afff4d639275ca61fcd607b378bbc823ce060e7b0b85d08fda913f77c30c85
EXPORTER_SECRET 2d9002164ec9a5e12a14958b93a7870a2ee113ebc9666161be6edb284ccf9993 36cd326e90b88f0eb50788c68dd13ec4c37be45fdfba9abe32ba7816f119ed33
CLIENT_HANDSHAKE_TRAFFIC_SECRET dbc5438ce69f6f00382548cfe6095ff4578290e78a3b099b1291d3a836999b90 37faad42fb01532b78ca00b122135681ac9af78de9429689389793f9febdc98a
SERVER_HANDSHAKE_TRAFFIC_SECRET dbc5438ce69f6f00382548cfe6095ff4578290e78a3b099b1291d3a836999b90 44cf98cda96daa738d2480a7350deafe8ce58f748e6d84abd81653e57b3dc479
CLIENT_TRAFFIC_SECRET_0 dbc5438ce69f6f00382548cfe6095ff4578290e78a3b099b1291d3a836999b90 ff1fdad1fe3eadec455798210cbba5c5d462e8b17c7451d719cb4f79b45907b2
SERVER_TRAFFIC_SECRET_0 dbc5438ce69f6f00382548cfe6095ff4578290e78a3b099b1291d3a836999b90 e9a42c8e035f01025f93e0316dbfa899a57c98f8aff7d5d611ed2c073e9e2a2c
EXPORTER_SECRET dbc5438ce69f6f00382548cfe6095ff4578290e78a3b099b1291d3a836999b90 660077f7c414d99c566ca2a81c331f532c053fe43f74af9f5a9ba579a7c5b0e4
CLIENT_RANDOM 10ee29b9d6a91149b14f0d37b471040012d3ea1074e370e20abced4ea8884bf3 a9808d92e64fa48999ac091a543bf442cef38116bbe8237c6d5febf089e699d6eda9d0663a37e80090c95b5e2fea74ce
CLIENT_RANDOM 202396e32133f4292a88f9b169ac9a7fba497f32fb8738a6c41bae7b53f4efaa 8848409872fda1ff8385fdc36d473effa5340b88e17c879ee095de455dfba4e17e3f105d83285156e7486ce38b85ced9
CLIENT_RANDOM c0ff72898dda96a2823aea8cd0cec423281554f6c91bd778258e74ae3bc94f27 401f4f345bf3c2824b2b9aac10a8db5c999b554324c8c4ff29f3717b0adffe06afd009990eae2f32bfe2f7b03a0e09ea
CLIENT_RANDOM 28d99a7864fc1e61ae74ca337138fb4000645b583420b3fabacc796edcdfc297 2fe75d25f47af17aa36528480faf7e95e96f1259dac11d6a4a5dad0728c5923fda9f958f9ae64f0fe5caeee42c73d50b
CLIENT_HANDSHAKE_TRAFFIC_SECRET c95c20063fc6482c238d5ba471732f2570dca05a99186e0e95496a8e8550fb64 8e694a0606bf7980d99c923256e5de6fb6e480efc8fbe482b0e93becf6fda5ee
SERVER_HANDSHAKE_TRAFFIC_SECRET c95c20063fc6482c238d5ba471732f2570dca05a99186e0e95496a8e8550fb64 0ec308d5c677bf5845dde7c290e553e87d2b23a4410d61debc0897c149529bc5
CLIENT_TRAFFIC_SECRET_0 c95c20063fc6482c238d5ba471732f2570dca05a99186e0e95496a8e8550fb64 5a4d7d1b63a580ed6944ec6646b3c9e279647d23f8c35bab28c66a73d871e097
SERVER_TRAFFIC_SECRET_0 c95c20063fc6482c238d5ba471732f2570dca05a99186e0e95496a8e8550fb64 907417e250216997c43578c7417c56e2b5d3bd27f1bd680750777ab0ae8fffed
EXPORTER_SECRET c95c20063fc6482c238d5ba471732f2570dca05a99186e0e95496a8e8550fb64 811f8256365b2f7248570e83ea3b276f4663d0901b1b9700d670f6a2a24d8010
CLIENT_HANDSHAKE_TRAFFIC_SECRET 061b03e8286ed55c98f20815511d0b43ea4d51588c076270914d5299b9e0c2b1 208b4a1559a82bd0544a85fa3a0526d17e558d9881a41739047028188e5f7045
SERVER_HANDSHAKE_TRAFFIC_SECRET 061b03e8286ed55c98f20815511d0b43ea4d51588c076270914d5299b9e0c2b1 ab09748fd5d2d7f4303a1029643d4ecdaca460c1159f5f849869bf84127bc0ef
CLIENT_TRAFFIC_SECRET_0 061b03e8286ed55c98f20815511d0b43ea4d51588c076270914d5299b9e0c2b1 caa331f3b0eac96bbbddc82300a791ba5cf586dfe5ac13c3d9b96c7413f0d1b7
SERVER_TRAFFIC_SECRET_0 061b03e8286ed55c98f20815511d0b43ea4d51588c076270914d5299b9e0c2b1 e93a5819d9ec4596e57159393a0b375fa843c3bc267a303f7560e05f9577ad74
EXPORTER_SECRET 061b03e8286ed55c98f20815511d0b43ea4d51588c076270914d5299b9e0c2b1 d82d1f1deab2c7bc6b559e26edb46afc22619187f42d1283cfb4b2f5d64bafe9
CLIENT_HANDSHAKE_TRAFFIC_SECRET b4f76a03e7c50c2fd55db31afc0aad3791469081fd5a4fb11a1fedf2ea389700 bdc3dd974ffc83eb4a3f163b85ab4e717c2dea9a8eb35f57fe9f5e5424a5e51f
SERVER_HANDSHAKE_TRAFFIC_SECRET b4f76a03e7c50c2fd55db31afc0aad3791469081fd5a4fb11a1fedf2ea389700 a2bad4f8b8095ed8a2a9fbc083ee67da78dece3c41b09c18777fdf5ecd74b9a9
CLIENT_TRAFFIC_SECRET_0 b4f76a03e7c50c2fd55db31afc0aad3791469081fd5a4fb11a1fedf2ea389700 50704ea19ff363022c7202ad70126015e20138331d844e1e0087f2a81252b4c2
SERVER_TRAFFIC_SECRET_0 b4f76a03e7c50c2fd55db31afc0aad3791469081fd5a4fb11a1fedf2ea389700 c2ae7c6f11de453ad6c145aaa905d3e29046fd4a9f7e5284a66baa1fb9979d72
EXPORTER_SECRET b4f76a03e7c50c2fd55db31afc0aad3791469081fd5a4fb11a1fedf2ea389700 5f210d11de9c27601c8409f1b54ce0ad2a6c89064528a842daabca7f69e56473
CLIENT_HANDSHAKE_TRAFFIC_SECRET 17cd097daa87bd0b6bb99d99d63a5b7dcbe03e9c8f750c7ac45abd180018650f 59f4d984210838963bc6b2581578682c14f4eb050a2d156dd4c5565493702eb7
SERVER_HANDSHAKE_TRAFFIC_SECRET 17cd097daa87bd0b6bb99d99d63a5b7dcbe03e9c8f750c7ac45abd180018650f 90b6045f0ea870b5014012dfae0d288da5c55445ae2a9d4c20215f6f6b5a5fe5
CLIENT_TRAFFIC_SECRET_0 17cd097daa87bd0b6bb99d99d63a5b7dcbe03e9c8f750c7ac45abd180018650f 0d0293e534f1709499708289a0597eb3140dd35950838b77e63ab8efe2f174db
SERVER_TRAFFIC_SECRET_0 17cd097daa87bd0b6bb99d99d63a5b7dcbe03e9c8f750c7ac45abd180018650f a5163608cb162faaeaae51283db7eaaa8ac4726c916fa7c51f35ffc6e7938960
EXPORTER_SECRET 17cd097daa87bd0b6bb99d99d63a5b7dcbe03e9c8f750c7ac45abd180018650f 31b1bbb0dfac5ddd2d0a4e6808c266a0d10660842e955d95383be01d8b7e3e18
CLIENT_RANDOM 8d9bae7d0b7510567d583a8f405d0068ecc40400582fc2b6645ea476a95cc364 09c5d3989fb877b914668ed9ddc377f11beca0f31e1ff7d69184b25ebe46e37fb3442fbf098c11bcf6cd72efc9be475b
CLIENT_EARLY_TRAFFIC_SECRET 451cf648c772c3171de92ec697a3c15eb7533ba68fc5db7c5280b55724fd80df 541a9afbc1d70ad7f806fd6e1358b55cb6e7c1b33889af9aefe8ae050f4e8184
CLIENT_HANDSHAKE_TRAFFIC_SECRET 451cf648c772c3171de92ec697a3c15eb7533ba68fc5db7c5280b55724fd80df 38b46d0e274c568085601ab486ad6634c8e3a4830f566cca67a83e8913f61988
SERVER_HANDSHAKE_TRAFFIC_SECRET 451cf648c772c3171de92ec697a3c15eb7533ba68fc5db7c5280b55724fd80df 3c4c26467efb71573b8217ee6600fbf340acd17860511ff2cbbf8f37ab19053e
CLIENT_TRAFFIC_SECRET_0 451cf648c772c3171de92ec697a3c15eb7533ba68fc5db7c5280b55724fd80df 6c3318f5d1026e68b7887b7944c30db04a6640156542809fce56f80ab8b3c8df
SERVER_TRAFFIC_SECRET_0 451cf648c772c3171de92ec697a3c15eb7533ba68fc5db7c5280b55724fd80df 6739375d87f059a4e9d4b9d0210ee8136acd9aa09f775a5316942349c3015e0e
EXPORTER_SECRET 451cf648c772c3171de92ec697a3c15eb7533ba68fc5db7c5280b55724fd80df 2db60fd5d6dbd3f76de71bae528c89609c00344c18e41369cc380d0d9d355a0d
CLIENT_RANDOM 22c0d9a62a09a005431d0d091fdef0a1dde89e3b5a6d4fcda077848b3998a6f5 f1a632fea2547599d651650a21583d1d9afdd2b55ae95f19d0ee225a6d9f4b84e8b157f8bfa4aeab1c129bf8adaa09d3
CLIENT_HANDSHAKE_TRAFFIC_SECRET ab5586e374245a475f860f9c206526c0f7aeb32551304512d27c3bed1df1c09e f32cca00155de3c439952ce47895abc2638f2b7eacb82a57480c8e19b6a3e1ba
SERVER_HANDSHAKE_TRAFFIC_SECRET ab5586e374245a475f860f9c206526c0f7aeb32551304512d27c3bed1df1c09e 1d3ca3f83a130097cf372468346432ea59e91acb21acf7e3f38d7e9db644c982
CLIENT_TRAFFIC_SECRET_0 ab5586e374245a475f860f9c206526c0f7aeb32551304512d27c3bed1df1c09e 90d4aeba89d5f00ff03549754efe41e66d03413494875239c95ad1fa0668cd64
SERVER_TRAFFIC_SECRET_0 ab5586e374245a475f860f9c206526c0f7aeb32551304512d27c3bed1df1c09e 42ab7ba14acea8e1529e7e9d80d95e02a92eb785611e0519a76a4e76a9ea74fc
EXPORTER_SECRET ab5586e374245a475f860f9c206526c0f7aeb32551304512d27c3bed1df1c09e 552530361c04f5d32f37a30f2cea45b65d424a386994bc01fdc7c44fc3ae444d
CLIENT_EARLY_TRAFFIC_SECRET 16a75dc795821c184e82e13c12ce2620e58187907dc30ee7a92b8f47279898bf e930b64ef9b620e128b557001062da98d5b15b4cf45bd7d8af7b94ba06be44b3
CLIENT_HANDSHAKE_TRAFFIC_SECRET 16a75dc795821c184e82e13c12ce2620e58187907dc30ee7a92b8f47279898bf 74aaacb7e9cc2d994c3508fb203cbec0ad920be6fb1687289b484621a08d2f9a
SERVER_HANDSHAKE_TRAFFIC_SECRET 16a75dc795821c184e82e13c12ce2620e58187907dc30ee7a92b8f47279898bf 7222e53a33476a89f894e48483f20c8dcf27675ee60d433d56a0f141abb6f6dc
CLIENT_TRAFFIC_SECRET_0 16a75dc795821c184e82e13c12ce2620e58187907dc30ee7a92b8f47279898bf 3a65f7d79a7fb75e4b431ff291f0fcb3a3d223138949431011ed6d773620751d
SERVER_TRAFFIC_SECRET_0 16a75dc795821c184e82e13c12ce2620e58187907dc30ee7a92b8f47279898bf c3fc4045a96b7c65ccf8e946e780c4f79a35655a451e7fca0e69410f62cdf5be
EXPORTER_SECRET 16a75dc795821c184e82e13c12ce2620e58187907dc30ee7a92b8f47279898bf 85fc91a8b349b76e4d6a358eaede2a960f958d72b4a879f19afe6ab488dc0a93
CLIENT_RANDOM 7d451478ef15bc211a1e092dd00f84d9a2959fe22ac9781a80b724f769d0fc98 b4d0129592edafd64279b804a281c13bb30e0a9c694ccefc3e90855e85eed79dab23507f3b67a551a52c21cb5c396ff6
CLIENT_RANDOM a786a185ecf03e08b05461c391e124cb35543f9d958c6c11024d86d72f041e47 52c8aaa40d6f7ba2869e2a573a316486b8532df5c54fdf9e09af84612d40a537279a487e558eb36c290e206fa99c7888
CLIENT_EARLY_TRAFFIC_SECRET 8fadd94fb378af2bbb3f33f8982c95df8da6acfa5c674fa854157b8987c3d493 9ceec4fd7f4a00457782934f49cb59fc124fba1f0ff3396d87db351812f9db89
CLIENT_HANDSHAKE_TRAFFIC_SECRET 8fadd94fb378af2bbb3f33f8982c95df8da6acfa5c674fa854157b8987c3d493 135a7c890dee56e0b32eb74e7c0020b1a8d6cdb03d67e469829534af27a2e5bc
SERVER_HANDSHAKE_TRAFFIC_SECRET 8fadd94fb378af2bbb3f33f8982c95df8da6acfa5c674fa854157b8987c3d493 f008ae322e25f08dd9719aebf55fda46d9f9401fe1c25ead1bed8d6154d73efe
CLIENT_TRAFFIC_SECRET_0 8fadd94fb378af2bbb3f33f8982c95df8da6acfa5c674fa854157b8987c3d493 b9ef490c7db5b29ee4c525bf1b075e967cf46bd1b3e8a6deca10bfbecd4b4615
SERVER_TRAFFIC_SECRET_0 8fadd94fb378af2bbb3f33f8982c95df8da6acfa5c674fa854157b8987c3d493 f0625e2375166cf0b11716689969cb2747ea233b16d4fe780eceef3896d8af1d
EXPORTER_SECRET 8fadd94fb378af2bbb3f33f8982c95df8da6acfa5c674fa854157b8987c3d493 d182c530a0df668bf271432658253b1625544b3d20e25a30c3e74c8cc36aa1c9
CLIENT_RANDOM 616a683d3acfdd1306193b0b000029bdeeb0c9ae1ea1cfe78af0bc10d05c2a3c 1a3a9f81e96c666922e71b43c3bbf1830f92bf469fed12ccd5b4ff6e0671b943d65fc3d750600fe92e8059a1f42a7bd5
CLIENT_RANDOM 71580b8ec4691fff883187f9e73ec3b3f19266ea00dfb536cfce686b51d2c8a8 25cc9b872ba42ed15176d06107b98e7a982cb99e3f35fefb87bf478284928efaa0de1e506d2cf3a2bebf41afc0e736a1
CLIENT_RANDOM 78ec2bbf9b340f4c8ce0d70dbd2cc7b06341d63e5a65a2bcb31a8542097f56da 160674957fa76eca3f1085dd9256d56b29226385f48445f166137d3491ddc73a518f3d02cba7354a8205d843c2718d5f
CLIENT_EARLY_TRAFFIC_SECRET b0c204756407809e002fc70f1dd81c3097ae2678a7a657361eb42d28aa434c3f cc38d902f04dc6613e866d7b12e7c407d23dfc4ff1f44c2dcfdae0fd9ae2817e
CLIENT_HANDSHAKE_TRAFFIC_SECRET b0c204756407809e002fc70f1dd81c3097ae2678a7a657361eb42d28aa434c3f e88dd6240dee785398d9ceae2e7e323e674ef656dda670bf5888543478e12a86
SERVER_HANDSHAKE_TRAFFIC_SECRET b0c204756407809e002fc70f1dd81c3097ae2678a7a657361eb42d28aa434c3f e9bc7434d91907be01a5754703c8b996ec9594f75cfef3e771879012d3633288
CLIENT_TRAFFIC_SECRET_0 b0c204756407809e002fc70f1dd81c3097ae2678a7a657361eb42d28aa434c3f f915aa7fee6ee56e27a957593b6bcbe4cc9b9562e95b4e733d80afb5e4d85f48
SERVER_TRAFFIC_SECRET_0 b0c204756407809e002fc70f1dd81c3097ae2678a7a657361eb42d28aa434c3f c85593a8571501c02c56fd7562b9cfdc10b7c92389fbacfad573dc09687db8ae
EXPORTER_SECRET b0c204756407809e002fc70f1dd81c3097ae2678a7a657361eb42d28aa434c3f 63d666476fff757e54d117065e42a9fc82010a7228fa85852978a2c31a3c5af8
CLIENT_EARLY_TRAFFIC_SECRET 72ff1a53fcb8f78645c370c75c42fb267806c100675c9d1a3186dc5cab24ee51 33c7663e0f6c9aa096f56a683bbeb7f98215fc40ed692d6666ebb7fc7ccc0e33
CLIENT_HANDSHAKE_TRAFFIC_SECRET 72ff1a53fcb8f78645c370c75c42fb267806c100675c9d1a3186dc5cab24ee51 f0cd91fbbf009878cc5ef60946280407d6574c600186456f0bca481d2ee3e470
SERVER_HANDSHAKE_TRAFFIC_SECRET 72ff1a53fcb8f78645c370c75c42fb267806c100675c9d1a3186dc5cab24ee51 089bdc32ed086a0fe5c06f8756a52c3f6b54aee3d704ce15e244827c70c259df
CLIENT_TRAFFIC_SECRET_0 72ff1a53fcb8f78645c370c75c42fb267806c100675c9d1a3186dc5cab24ee51 ebe15e1fb0d314204917f8366a4fd0398a419742b439d1530e02da6f8726f52f
SERVER_TRAFFIC_SECRET_0 72ff1a53fcb8f78645c370c75c42fb267806c100675c9d1a3186dc5cab24ee51 8e51fa8740dca6973144f94bf11d1d9ac15d2ec88e387d3c83314fb9c60bf70f
EXPORTER_SECRET 72ff1a53fcb8f78645c370c75c42fb267806c100675c9d1a3186dc5cab24ee51 2e20541c1a6826a940c7ef589ed4b10a94f851cf1ea286b9c85846f511cd131f
CLIENT_RANDOM 558c587eee25504c36aafd15bcd70298a255c513e39a05bdd0402e23da6c09c5 baa4b131319cfbbbba07f82613247b5dbd6b8d4ee88b766a699812d3c5f94df61cffd70c41913937ead80d0d6badb049
CLIENT_HANDSHAKE_TRAFFIC_SECRET a9af17f5c7977627b674ddcc8e38366b6f1e95e33c811ac37f25f6420f324af3 41bf851ec90c22b45840e62b037fc7353084e2bead6cd027ff193dcd0879d3c8
SERVER_HANDSHAKE_TRAFFIC_SECRET a9af17f5c7977627b674ddcc8e38366b6f1e95e33c811ac37f25f6420f324af3 ac1f4817bf712364adfe1ac64d0301d2ebdac2a46e772e02a79231ccde83fa61
CLIENT_TRAFFIC_SECRET_0 a9af17f5c7977627b674ddcc8e38366b6f1e95e33c811ac37f25f6420f324af3 49b706686db41f9f2efd57e89f3e436adbace9964ebd5ac8e35806648491f89d
SERVER_TRAFFIC_SECRET_0 a9af17f5c7977627b674ddcc8e38366b6f1e95e33c811ac37f25f6420f324af3 358ab440cc14fa1431c4c64ae909fde342709d1ac10af4dc65305d737fdec203
EXPORTER_SECRET a9af17f5c7977627b674ddcc8e38366b6f1e95e33c811ac37f25f6420f324af3 6ed121a9e6839b613c9c01a74af994e93195d70059b02dd1d4162f37f2fdcb62
CLIENT_EARLY_TRAFFIC_SECRET 0d78328ef5442fb517cb94a6bdee66491997b0611e60774b82617ee1f8769d71 f157ed3892214bf9e55dca2ed2cb1770d70f63c38b94a9260a0d0226a91a920b
CLIENT_EARLY_TRAFFIC_SECRET 62e9697969b8b876def6a279a463a79b034f24794a3b6d0501b57b57dd1e42f8 acd93e3a9884bbc22f02a54f02c8b25e2f22120a0b1ea888a00fc817fd829a17
CLIENT_HANDSHAKE_TRAFFIC_SECRET 0d78328ef5442fb517cb94a6bdee66491997b0611e60774b82617ee1f8769d71 9db0680659763efb6c26659305f36ac09a940b76fdc2614e1c0b12afebf268f7
SERVER_HANDSHAKE_TRAFFIC_SECRET 0d78328ef5442fb517cb94a6bdee66491997b0611e60774b82617ee1f8769d71 112767d678f32d2809689bf7e4754b702d065146b026af86eb3af4025a5f466b
CLIENT_TRAFFIC_SECRET_0 0d78328ef5442fb517cb94a6bdee66491997b0611e60774b82617ee1f8769d71 9f07a47992227ece07ecd01923f6a8d36f44bdd38b15f5db1d4baadb3f9ccaa0
SERVER_TRAFFIC_SECRET_0 0d78328ef5442fb517cb94a6bdee66491997b0611e60774b82617ee1f8769d71 e388d318a985c50bf642cdf72bb1fe0e799e7366cd0eb752f91df704c501e3f0
EXPORTER_SECRET 0d78328ef5442fb517cb94a6bdee66491997b0611e60774b82617ee1f8769d71 45fa30cc0dabd4c746f746a002b68fc8bdfa4ef0c30f1547a314246be0c185ff
CLIENT_HANDSHAKE_TRAFFIC_SECRET 62e9697969b8b876def6a279a463a79b034f24794a3b6d0501b57b57dd1e42f8 d9dca0303b1e81180d4e292f33b3c5c6e008705a4709aef60b19bc3f238146c0
SERVER_HANDSHAKE_TRAFFIC_SECRET 62e9697969b8b876def6a279a463a79b034f24794a3b6d0501b57b57dd1e42f8 16a0d8c27c27a3390680d476f7524af20f0ae598f69f35a55ee8819f7588ae19
CLIENT_TRAFFIC_SECRET_0 62e9697969b8b876def6a279a463a79b034f24794a3b6d0501b57b57dd1e42f8 ecccf161535b8708d628721cb9639d23a1208142d51ed74d68abc3aacf3a2043
SERVER_TRAFFIC_SECRET_0 62e9697969b8b876def6a279a463a79b034f24794a3b6d0501b57b57dd1e42f8 62875f77eefa7f6de7bfe99f3c907399dd4dfc87e5107bdda8e20f25de471655
EXPORTER_SECRET 62e9697969b8b876def6a279a463a79b034f24794a3b6d0501b57b57dd1e42f8 5f51e91b3950d1fcb2e19abef17dec35666333d42f9567dec46972382556983f
