CLIENT_HANDSHAKE_TRAFFIC_SECRET ca4085627f6983d8727df1f14c9d18139981e76e82669c5e924e54c059251c8c db415d62465242b6d636f2a82e44f699c9098c2c53d53ba2f66c5f6db333e076
SERVER_HANDSHAKE_TRAFFIC_SECRET ca4085627f6983d8727df1f14c9d18139981e76e82669c5e924e54c059251c8c e0d247d1922c95bacaf4f4c8f477f6e3c7a319896e2eca25d0f0252e083a1f48
CLIENT_HANDSHAKE_TRAFFIC_SECRET f35377816005df24b017fb93fbe02b0c34de1cb74a7061df284d42bf3106000f f9a49ad5b30c17494f13db741dd9cf2a99ba67ef68db7ff733c48581540f14d7
SERVER_HANDSHAKE_TRAFFIC_SECRET f35377816005df24b017fb93fbe02b0c34de1cb74a7061df284d42bf3106000f 1f329f74af573eb7d14b853218824a178807bfdf6c088fab0507ba5cb8b2f998
CLIENT_HANDSHAKE_TRAFFIC_SECRET fda9604d5a1ce373300771b19fb5aa77a8d0219a09975683beddaa80ce149d24 7a8b11442ff52cd193129a1c72a2350673b99f5d8f622db822b563588c0fbd9d
SERVER_HANDSHAKE_TRAFFIC_SECRET fda9604d5a1ce373300771b19fb5aa77a8d0219a09975683beddaa80ce149d24 16f900acb37e9226ed0d2a5a98957b68f28cc81bda47bbd566e36460254af655
CLIENT_HANDSHAKE_TRAFFIC_SECRET c95eac7dc26189cabab48046aba40ac507cf1c63b3d7eacff73d6432e4dd2a59 07e7c71ba11c90bc56ed9849742ced48d908e6a16bbb3af6e345b9e8b5ff4525
SERVER_HANDSHAKE_TRAFFIC_SECRET c95eac7dc26189cabab48046aba40ac507cf1c63b3d7eacff73d6432e4dd2a59 eccefdbfa8b6fca7ab709a2c91ca5cb8a8124efbc9d15be7fd0aaf57f3605e47
CLIENT_HANDSHAKE_TRAFFIC_SECRET 9cc1d79135a9558ddba5fd495680a0c380c370199d14901a9241d707f60d9d7d a07c2a124c4297648d7692a9eae672e4d0924e07c40997ae370527c12b0e7a1c
SERVER_HANDSHAKE_TRAFFIC_SECRET 9cc1d79135a9558ddba5fd495680a0c380c370199d14901a9241d707f60d9d7d b3b44ac86d1ee55bdf7bd5fdd88c3ba023072eb0b1070c023ce5c8d13a52abcf
CLIENT_TRAFFIC_SECRET_0 c95eac7dc26189cabab48046aba40ac507cf1c63b3d7eacff73d6432e4dd2a59 e77a36b3ee27b352d03be779d9f29ea07f3bd8aeaeb2fe9e9df973f31eb789ce
SERVER_TRAFFIC_SECRET_0 c95eac7dc26189cabab48046aba40ac507cf1c63b3d7eacff73d6432e4dd2a59 731d6c83402af25930e3d9af826eb7dcdcaa7714a76f1a73fff22902c0c2210a
EXPORTER_SECRET c95eac7dc26189cabab48046aba40ac507cf1c63b3d7eacff73d6432e4dd2a59 8e4e4acfb8cc12fa1de0bceb566fa4384d42f280ac773137c48ac8acc68af5aa
CLIENT_HANDSHAKE_TRAFFIC_SECRET 6c8b7b1528663fa7f24e7d6b1ef7a6c92d555856c0bec784d0b1dbbfef0dba75 fd24861fd78252c56bbff52f3eec756585956d3944fb18bfb1b9322f334a116a
SERVER_HANDSHAKE_TRAFFIC_SECRET 6c8b7b1528663fa7f24e7d6b1ef7a6c92d555856c0bec784d0b1dbbfef0dba75 102e84432b083fd8e40979dd33edd0727bc1be5bd2198dd69b3e63a1d8dfcc5e
CLIENT_TRAFFIC_SECRET_0 6c8b7b1528663fa7f24e7d6b1ef7a6c92d555856c0bec784d0b1dbbfef0dba75 1c388aa1313808d2bda1c3abb5d099a06663523c44fc873a7710f220aa9d3b42
SERVER_TRAFFIC_SECRET_0 6c8b7b1528663fa7f24e7d6b1ef7a6c92d555856c0bec784d0b1dbbfef0dba75 ea60b863f53e2709d7291076c80a04158cdf3a5b1bd8d27baeca40c1ea65ad35
EXPORTER_SECRET 6c8b7b1528663fa7f24e7d6b1ef7a6c92d555856c0bec784d0b1dbbfef0dba75 a4dd1b4ce600572ab22faa79c87a0cab167fd3a5a02188be50d3b1bc74dd9828
CLIENT_HANDSHAKE_TRAFFIC_SECRET 827119b356500078836202b6f720144904bb6eb403d236e7ea7da33209bb0310 583c95a0061091360f28cad97ad8859bff03577cdc59cea8f2525d8f7fada94e
SERVER_HANDSHAKE_TRAFFIC_SECRET 827119b356500078836202b6f720144904bb6eb403d236e7ea7da33209bb0310 8b003943ea0cf6d06830c4323b0772088e3964e681a9f3308de9c5dc0d81eefb
CLIENT_TRAFFIC_SECRET_0 827119b356500078836202b6f720144904bb6eb403d236e7ea7da33209bb0310 1e851305ffe5d3e36ca9dc5d6de3fbe19747bb11802581fdc92f4c64facd3ebe
SERVER_TRAFFIC_SECRET_0 827119b356500078836202b6f720144904bb6eb403d236e7ea7da33209bb0310 d48d3deab4ca7ac0b87b4c30c67cd5a121e59a556f7ff878cd1aecf9d18c9681
EXPORTER_SECRET 827119b356500078836202b6f720144904bb6eb403d236e7ea7da33209bb0310 e5da0de85d238b6fde6799b8fd8a2cf42abcd6f2090e73c98585baa5c96c1609
CLIENT_HANDSHAKE_TRAFFIC_SECRET 4daef9df963972bbe43bfcf73a543b200a6cb671e4541394b0bafefc1a155733 f56b266fc8f16f9b5f21080a11edb55e3a81dd82fc6e6fdaf8dbe4b69938c277
SERVER_HANDSHAKE_TRAFFIC_SECRET 4daef9df963972bbe43bfcf73a543b200a6cb671e4541394b0bafefc1a155733 fcde6658e160a1bf4902b55e1da3495181b25616719331332995963990e219a4
CLIENT_TRAFFIC_SECRET_0 4daef9df963972bbe43bfcf73a543b200a6cb671e4541394b0bafefc1a155733 c89688f1e1a8713919acd0c3d5bfe19865146d37e390397d30fcfc9f21d4ee2b
SERVER_TRAFFIC_SECRET_0 4daef9df963972bbe43bfcf73a543b200a6cb671e4541394b0bafefc1a155733 ca55a2030733c71f28bf258d1cc2345125b4de5f162db71fa388c6b83edb495e
EXPORTER_SECRET 4daef9df963972bbe43bfcf73a543b200a6cb671e4541394b0bafefc1a155733 02021f88f35282dc8240fe561029fc026410cc403ac2e3eedd16b7cd457586b3
CLIENT_HANDSHAKE_TRAFFIC_SECRET 625beee35b53c2ce2eb852da2364795816ccfb80e94d5738ac4613e02a6fc0ea 13a8a861245e2341572340f4ba2675cc99fe04360168d4212b7b8b96dd0f9656
SERVER_HANDSHAKE_TRAFFIC_SECRET 625beee35b53c2ce2eb852da2364795816ccfb80e94d5738ac4613e02a6fc0ea 8b1fc3cfa9b68c0fe496976c9c7d99fbbc6c4c2b71dd83964fffe98e2cacd35c
CLIENT_TRAFFIC_SECRET_0 625beee35b53c2ce2eb852da2364795816ccfb80e94d5738ac4613e02a6fc0ea ec98e2ac4f6a9c52dc06b1f92b0217d0b39f5111cd8da2aa788d703b170d5dd7
SERVER_TRAFFIC_SECRET_0 625beee35b53c2ce2eb852da2364795816ccfb80e94d5738ac4613e02a6fc0ea 9b7d451d8aa1e164f393557227c35d6c8709d09d9695ee8ab4ec76f6a11463e2
EXPORTER_SECRET 625beee35b53c2ce2eb852da2364795816ccfb80e94d5738ac4613e02a6fc0ea c74746c21a76b8dd46f1cbe8b48c62bf6a8b76ad25459a162ba2c879cd30b20d
CLIENT_HANDSHAKE_TRAFFIC_SECRET d7b38c486715f90d984dd5eb94d4388b7e8848b9366a79a4f9059ec50e0a2d21 398c895513e0ae1750c2936f11fddcd1dc8b8413ea61e4fd9175fc423da97b81
SERVER_HANDSHAKE_TRAFFIC_SECRET d7b38c486715f90d984dd5eb94d4388b7e8848b9366a79a4f9059ec50e0a2d21 59bda1a7671ea7bbc9ddfd7bdaa483b19061bc612049833c40e6376e16eaf49e
CLIENT_TRAFFIC_SECRET_0 d7b38c486715f90d984dd5eb94d4388b7e8848b9366a79a4f9059ec50e0a2d21 16eda100b050e194ac768027c3b11226b8733006ac182d84d94fdb4f872e6ed0
SERVER_TRAFFIC_SECRET_0 d7b38c486715f90d984dd5eb94d4388b7e8848b9366a79a4f9059ec50e0a2d21 bfb89dc904702481652f56e81da7261843c7ce68d65a1558c3f8171a5e58ed82
EXPORTER_SECRET d7b38c486715f90d984dd5eb94d4388b7e8848b9366a79a4f9059ec50e0a2d21 84aad82f21a54f24b44bd8d2f31311edf62cc0afa345b5dd7282e7265d3c9b01
CLIENT_HANDSHAKE_TRAFFIC_SECRET c1491fbf03669a7f5bf953321059df7043068b0b8226d76cd2cc394b680006d9 629ce65fd64a6d32b62921ab33936895bdd1a395a3184866a6aab811f1a90ecd
SERVER_HANDSHAKE_TRAFFIC_SECRET c1491fbf03669a7f5bf953321059df7043068b0b8226d76cd2cc394b680006d9 de261553e99b289211a54031b0e8843393b4bc67a97d5e75eb962f1c73da95d4
CLIENT_TRAFFIC_SECRET_0 c1491fbf03669a7f5bf953321059df7043068b0b8226d76cd2cc394b680006d9 0756a6c32615132ad18a0af02445016668056a1f7a431daf4c1ea6237b014799
SERVER_TRAFFIC_SECRET_0 c1491fbf03669a7f5bf953321059df7043068b0b8226d76cd2cc394b680006d9 0aa742da2b911b723e7e2aa5cd1a497e1f334ac90adeed19f1a6eaac69063fb4
EXPORTER_SECRET c1491fbf03669a7f5bf953321059df7043068b0b8226d76cd2cc394b680006d9 0d27790afb85d04416b7a7a1b008869064bd42aa4de4b55fefdef69320692ee9
CLIENT_HANDSHAKE_TRAFFIC_SECRET ce7a8a5004efefd35a61bb000e7eac0c22d08242f1f098bb110eb6b590c6ddc4 81add5d56d4e8cea8951ec76b348effcb34636b4450ed8472f3dcff61e77180d
SERVER_HANDSHAKE_TRAFFIC_SECRET ce7a8a5004efefd35a61bb000e7eac0c22d08242f1f098bb110eb6b590c6ddc4 c0c52a55c6d9d40df9989fa8cc4e20631a706bff5f733a79f1d7fc47338b5a5b
CLIENT_TRAFFIC_SECRET_0 ce7a8a5004efefd35a61bb000e7eac0c22d08242f1f098bb110eb6b590c6ddc4 0d245b988da29c15bab54aab8d6f4bce39a3b357bddc35433d207023bb7ee61a
SERVER_TRAFFIC_SECRET_0 ce7a8a5004efefd35a61bb000e7eac0c22d08242f1f098bb110eb6b590c6ddc4 f3f4fc9df108422ebc3f3f1e3e3cb15e44673f5e5f361f821645c2031b4e8897
EXPORTER_SECRET ce7a8a5004efefd35a61bb000e7eac0c22d08242f1f098bb110eb6b590c6ddc4 df32b8cf722227c2d8695add7bf68d8d2a5f2aa87bef0ba40d62b02d67e3ad0b
CLIENT_HANDSHAKE_TRAFFIC_SECRET 8901fcb368436cf9ab059fda23e4872ecd4e9b23954004ede685c383c89d409f 21b0d85ec032d24eb4cf5d95457f641123baab13f78cd56280109997105da27c
SERVER_HANDSHAKE_TRAFFIC_SECRET 8901fcb368436cf9ab059fda23e4872ecd4e9b23954004ede685c383c89d409f d56a4774450b4c4a6572b136e78f1bf5ab26254c2c8ee607d65ba3388f4f2977
CLIENT_TRAFFIC_SECRET_0 8901fcb368436cf9ab059fda23e4872ecd4e9b23954004ede685c383c89d409f 8394e7dd39560fdaa508389f48dba296b8fb8ab5a99a8e158e0decb2358f446d
SERVER_TRAFFIC_SECRET_0 8901fcb368436cf9ab059fda23e4872ecd4e9b23954004ede685c383c89d409f dfd1160362c41c46bf11478c2895e43c779ebd77a5d8769a5eb531fd3ec83094
EXPORTER_SECRET 8901fcb368436cf9ab059fda23e4872ecd4e9b23954004ede685c383c89d409f de2ef568215867aaa26dcf26f9227795cbbaa9a2bac1a1c9b7c98dcd8ba4125e
CLIENT_HANDSHAKE_TRAFFIC_SECRET 383d68520fd4f89103cc0629aa5194d5186e711fe2ed34f15b57af56bb178d10 4e7de06e705282b9776694ac2b36cb20133bf215ef4b85da77702224bc3319098e8f18812a4181f8fc21dc5ac45eef11
SERVER_HANDSHAKE_TRAFFIC_SECRET 383d68520fd4f89103cc0629aa5194d5186e711fe2ed34f15b57af56bb178d10 236522f6f9a2680f5f906d72b099a5a00b62878ec2bb84f7ec79475410a34a18a1e7b85f0c3fa5e2d16f546ea47c0997
CLIENT_TRAFFIC_SECRET_0 383d68520fd4f89103cc0629aa5194d5186e711fe2ed34f15b57af56bb178d10 340046bbdcf3934032eab283eed3996e6c5cb06941e7bf3a4a09628b5cf38ee1be529687fd0f9e5ef347a359ad410ca3
SERVER_TRAFFIC_SECRET_0 383d68520fd4f89103cc0629aa5194d5186e711fe2ed34f15b57af56bb178d10 3806fbe32a8c448bd40f39b3a418a3ad8843ba8340def93afc3b0263d0f0995d4f64da656f454083c24da60669681b48
EXPORTER_SECRET 383d68520fd4f89103cc0629aa5194d5186e711fe2ed34f15b57af56bb178d10 893987b467c28727a27fec82392b4edde66910dabb3cba17c2d3e75f013bd98ef5b0c243073a40215a1c941deed85a19
CLIENT_HANDSHAKE_TRAFFIC_SECRET f2c286ac780d83f5b2df32e546c49886afc6dbb25951ddad9fb7061f1a0c5bf6 ac04c075e8f3e06f7ea935d00ec906cae878569744640ae3e51ccbf947d275ed
SERVER_HANDSHAKE_TRAFFIC_SECRET f2c286ac780d83f5b2df32e546c49886afc6dbb25951ddad9fb7061f1a0c5bf6 fba93a1f9db1eb7c1572865e65a6714931bbb362a387a2af251eef52038970c9
CLIENT_TRAFFIC_SECRET_0 f2c286ac780d83f5b2df32e546c49886afc6dbb25951ddad9fb7061f1a0c5bf6 ca48dffddda321aaa47d825904c10bf594ba87201a9835ffc4e4a2b4d150af2e
SERVER_TRAFFIC_SECRET_0 f2c286ac780d83f5b2df32e546c49886afc6dbb25951ddad9fb7061f1a0c5bf6 77654282c8e2acfd84622b967202575e72d6d34ddbb7750862be1c7bb51de634
EXPORTER_SECRET f2c286ac780d83f5b2df32e546c49886afc6dbb25951ddad9fb7061f1a0c5bf6 ce71a5380593909432c5530c5028bd4953219ab31d5b536ebfa2fc113d52d0a3
CLIENT_HANDSHAKE_TRAFFIC_SECRET 122cf8025a27e35cd253dcae386a2b614ffd5686f3674710460a0cff5959bfeb a3f3c141ed23f0ba1311650d7ee6042792105b3988f3af3afe17e340091052af
SERVER_HANDSHAKE_TRAFFIC_SECRET 122cf8025a27e35cd253dcae386a2b614ffd5686f3674710460a0cff5959bfeb 25e99658d66f0fc8810b444f2f0400b39d2777abe553160721f2b5d0a096a1ce
CLIENT_TRAFFIC_SECRET_0 122cf8025a27e35cd253dcae386a2b614ffd5686f3674710460a0cff5959bfeb 2b075af3633d99b18d8ca4a86442d73893cf62896299c3ceb608fd5eafc676bd
SERVER_TRAFFIC_SECRET_0 122cf8025a27e35cd253dcae386a2b614ffd5686f3674710460a0cff5959bfeb b01aaed4867cdedaa4e21032a9b80238460227e31633f6b48b3042de81db1a2d
EXPORTER_SECRET 122cf8025a27e35cd253dcae386a2b614ffd5686f3674710460a0cff5959bfeb 54d32b5ec7287631a7b96bb27de142cb6244429c638baad52124dcc4df31b74b
CLIENT_HANDSHAKE_TRAFFIC_SECRET 7f966e670f75c008e5d58b5e5a61883ae013ba79f88f023d1cc3a4d9417789d2 f1e618e136940d70a7dd88cea9f6ad8f1c8d7c8c3d6dd524e3eff930030393a3
SERVER_HANDSHAKE_TRAFFIC_SECRET 7f966e670f75c008e5d58b5e5a61883ae013ba79f88f023d1cc3a4d9417789d2 c67247b07b78f2adb811621eccadc178164f04dd38b9290348398599e2211fa4
CLIENT_TRAFFIC_SECRET_0 7f966e670f75c008e5d58b5e5a61883ae013ba79f88f023d1cc3a4d9417789d2 9901d63b0bf39632c61f4c9265685225c886dddf6b8ca4aeaf1abb0130d2b2a1
SERVER_TRAFFIC_SECRET_0 7f966e670f75c008e5d58b5e5a61883ae013ba79f88f023d1cc3a4d9417789d2 f0a2f3be4b9e0fbb3c55e894febb73548aa5f04a6cd00872f2625f3f3d07c076
EXPORTER_SECRET 7f966e670f75c008e5d58b5e5a61883ae013ba79f88f023d1cc3a4d9417789d2 961e7a287efa18acccbed7264dd4283c2fcad5e3c840b3b0b45e26a5b03e6d8b
CLIENT_HANDSHAKE_TRAFFIC_SECRET 1dd05d99cc9bc86d28bc3e050d54b462946b244393c9c2034d7990d3c42a0835 fdc8528c5445a089f7035b331a7f5aa5871af77e0debbf2aab7b62ba6046cbf8
SERVER_HANDSHAKE_TRAFFIC_SECRET 1dd05d99cc9bc86d28bc3e050d54b462946b244393c9c2034d7990d3c42a0835 57d38ebb27a771fcec96b547704ddafec9646220dee7259c2cde02ff753466be
CLIENT_TRAFFIC_SECRET_0 1dd05d99cc9bc86d28bc3e050d54b462946b244393c9c2034d7990d3c42a0835 ec6e6c74f7fd2e755f070273114169fa81764ca90e900bcc666d727d5d414e13
SERVER_TRAFFIC_SECRET_0 1dd05d99cc9bc86d28bc3e050d54b462946b244393c9c2034d7990d3c42a0835 e886db96234a03382623770a892a20dcfa740fb152d215d4053d7de5152df968
EXPORTER_SECRET 1dd05d99cc9bc86d28bc3e050d54b462946b244393c9c2034d7990d3c42a0835 2348cb93b3ff7f63c40ad0a89cb139895e101f37f8190259ab335b8d4ec54ad5
CLIENT_HANDSHAKE_TRAFFIC_SECRET 1a1f11d6eec212b45737e50f69b06af41e02cf34f13619030a94a01deb4ce028 f1efd4d369dccfcbe954242f16e1d7c2fb023e799f992266ccd47a31ad90b0d4
SERVER_HANDSHAKE_TRAFFIC_SECRET 1a1f11d6eec212b45737e50f69b06af41e02cf34f13619030a94a01deb4ce028 7885f4363aee139cd3c66335dbc6524ee1051384a0a510dc66c78b11bdda8254
CLIENT_TRAFFIC_SECRET_0 1a1f11d6eec212b45737e50f69b06af41e02cf34f13619030a94a01deb4ce028 1c78f520bca6e50d9499d35aa42eb60d2172750cc11504a62dda02326ae021fe
SERVER_TRAFFIC_SECRET_0 1a1f11d6eec212b45737e50f69b06af41e02cf34f13619030a94a01deb4ce028 51e33dc45bf75b8dde8723bfec4e9e9d68355d17b62c8d89e28754048d846369
EXPORTER_SECRET 1a1f11d6eec212b45737e50f69b06af41e02cf34f13619030a94a01deb4ce028 038182ba0d40247a35f18bb2870700559c6befa6a22d07f078ae021570570065
CLIENT_HANDSHAKE_TRAFFIC_SECRET 7faa0c69ab0b52c03cbdbaab9dfe5071f636808ab4ef5c171bdfcab348083833 d8dae12f8f3690a36f1be8160a3e026cd61ff94e6ebfc1194ea9603a01075fe3
SERVER_HANDSHAKE_TRAFFIC_SECRET 7faa0c69ab0b52c03cbdbaab9dfe5071f636808ab4ef5c171bdfcab348083833 a3f51cb0a79debfc12c760f5e3b754108dc859dd73d0c8e2b9e5621a0e9c4b53
CLIENT_HANDSHAKE_TRAFFIC_SECRET 10235c86c39bdef81bd7bf6e399b4d0fd778ac4333676c876eef71b2ee721c38 e34dbe6c61bd08b2938bcd17642d7afcd3ba5526a40925f3b8dfab17e29176e8
SERVER_HANDSHAKE_TRAFFIC_SECRET 10235c86c39bdef81bd7bf6e399b4d0fd778ac4333676c876eef71b2ee721c38 185a49a148e5379214b488b3c0fa1d2e7f584a8d3ccbd237b8bb9517188f2936
CLIENT_TRAFFIC_SECRET_0 7faa0c69ab0b52c03cbdbaab9dfe5071f636808ab4ef5c171bdfcab348083833 4af11e149a5631c2e3b10d50fd013ce46ca7d507763383dd593078d426127a1c
SERVER_TRAFFIC_SECRET_0 7faa0c69ab0b52c03cbdbaab9dfe5071f636808ab4ef5c171bdfcab348083833 89436571499629e0fcd61ce6ae2e1086703805082a6b737cdf46a11d10bdd690
EXPORTER_SECRET 7faa0c69ab0b52c03cbdbaab9dfe5071f636808ab4ef5c171bdfcab348083833 58ec7746cf09512f709c4b495cabe8831827752a3e9589e7d0de6deb0fe30e31
CLIENT_TRAFFIC_SECRET_0 10235c86c39bdef81bd7bf6e399b4d0fd778ac4333676c876eef71b2ee721c38 de81de99ee06e8d01ae9a05cf5bca2d6c983a8fdd080c2f707473b08e0a6f327
SERVER_TRAFFIC_SECRET_0 10235c86c39bdef81bd7bf6e399b4d0fd778ac4333676c876eef71b2ee721c38 3c06c8e35c611e2114b569a131124044643b9f92bf646cbc30f857113a647318
EXPORTER_SECRET 10235c86c39bdef81bd7bf6e399b4d0fd778ac4333676c876eef71b2ee721c38 1bb119ed6107fbb5d991853722aeef914aefe5b1b656b50ef0c7f0967822470b
CLIENT_HANDSHAKE_TRAFFIC_SECRET 332bf0a1a1fff8a8e42ab367708e7b680a51777c4586099923db114997f48ece dca54ea66647c42ea030210b89c2d919009defa1d4ba81c3842c65800bd25f84
SERVER_HANDSHAKE_TRAFFIC_SECRET 332bf0a1a1fff8a8e42ab367708e7b680a51777c4586099923db114997f48ece 2f37e555943ea6070a8e553eaabbcc9b39035f33746a0c10961034578b5117fa
CLIENT_TRAFFIC_SECRET_0 332bf0a1a1fff8a8e42ab367708e7b680a51777c4586099923db114997f48ece 310e04d3bc68f49b37be80fe1c0f86586ba0b2aa968a88ad2eefb2798d74f2b2
SERVER_TRAFFIC_SECRET_0 332bf0a1a1fff8a8e42ab367708e7b680a51777c4586099923db114997f48ece 342853a9c7f035034d905a0784e4b465355745a76333c978c8608aa5b2a2a49c
EXPORTER_SECRET 332bf0a1a1fff8a8e42ab367708e7b680a51777c4586099923db114997f48ece 28b91148becc28726e4ff42d002e36e5e39fbc38c88b674c2ee3952389987f98
CLIENT_HANDSHAKE_TRAFFIC_SECRET 525b65d7343c7f8f3c5cdb535848128ad0d7ca014ffca1d5c9b5f871a7d28362 68d59cced054429c488e8f03a4fc6d2adb7d4e8d4d2ea8509bc459d3d2542811
SERVER_HANDSHAKE_TRAFFIC_SECRET 525b65d7343c7f8f3c5cdb535848128ad0d7ca014ffca1d5c9b5f871a7d28362 7bd10bce1e4de292eab57bf0352e78bb29868e4d71cbf103c6652f4d37e82775
CLIENT_TRAFFIC_SECRET_0 525b65d7343c7f8f3c5cdb535848128ad0d7ca014ffca1d5c9b5f871a7d28362 8f1f662b7684b84e839351403492a61e75cd154cda8ffefa0c5c15f6b9d44050
SERVER_TRAFFIC_SECRET_0 525b65d7343c7f8f3c5cdb535848128ad0d7ca014ffca1d5c9b5f871a7d28362 b586571fc870fc2626d0e0d0ec7244142db70060036a913cc491a8934310ff5e
EXPORTER_SECRET 525b65d7343c7f8f3c5cdb535848128ad0d7ca014ffca1d5c9b5f871a7d28362 e2da89fd9d811a95739829a08ebcef098fd32dd9fc511209d0d986aefabcc5d6
CLIENT_HANDSHAKE_TRAFFIC_SECRET ba089cf321a2d97932c0eac8cd3c1df803cd957e50fabc45ed927dcbbb54db45 7898845a97f2c3aac98a3325e646e7a33d8313efd44d6c02b3ba7fc3e720ea06
SERVER_HANDSHAKE_TRAFFIC_SECRET ba089cf321a2d97932c0eac8cd3c1df803cd957e50fabc45ed927dcbbb54db45 e79fd52482b9862af15b012067b82573ffbd299f4381b7a33ce21f2578ba4b36
CLIENT_HANDSHAKE_TRAFFIC_SECRET 59c6d3176a75598d820776d8d5d52a176957d8e9ef07e17c95b9032eb072fa53 daf1d7dbf287e58a368fc902c787d53a4dd97c5fee3249ecd404f057e5ff0d40
SERVER_HANDSHAKE_TRAFFIC_SECRET 59c6d3176a75598d820776d8d5d52a176957d8e9ef07e17c95b9032eb072fa53 2c7913d93a9a73b9996ce73546ff38a502f3d2fb8c5151e691baae8800e71c5d
CLIENT_TRAFFIC_SECRET_0 59c6d3176a75598d820776d8d5d52a176957d8e9ef07e17c95b9032eb072fa53 20e75673293dbc9fa88b08c82516c8dc46cb4b8891b9adcec588a204ecd6545b
SERVER_TRAFFIC_SECRET_0 59c6d3176a75598d820776d8d5d52a176957d8e9ef07e17c95b9032eb072fa53 9e8c7c61a7fbc0c9af3bdd5ec5b5304e34ada8d8d2fd87666e4eedab77bca0f2
EXPORTER_SECRET 59c6d3176a75598d820776d8d5d52a176957d8e9ef07e17c95b9032eb072fa53 71784cebcb24f81c6cd21538e0a41c6ad47716ef8a65ac1c1f0ab590f231051b
CLIENT_TRAFFIC_SECRET_0 ba089cf321a2d97932c0eac8cd3c1df803cd957e50fabc45ed927dcbbb54db45 88d71f4a1d3d8a3355ebd9855a3833caedf257ab46d67a27201254b76d6c2bb3
SERVER_TRAFFIC_SECRET_0 ba089cf321a2d97932c0eac8cd3c1df803cd957e50fabc45ed927dcbbb54db45 89af962539242c66c440c93a7d2011e3f911e32d417e77b3870b2d44ede1fe94
EXPORTER_SECRET ba089cf321a2d97932c0eac8cd3c1df803cd957e50fabc45ed927dcbbb54db45 d57d71e350cea89cfb50312105681adb9130e21fd67582c7eb1ac0ad95729015
CLIENT_HANDSHAKE_TRAFFIC_SECRET aa18c19215f4c1518d3f86d3767828fa3a35c8e7cb1d964877d0aaa7c0cab538 1497de5cdd36570bb9682260317245821b15fedf2fe5cf9572129597a0911647
SERVER_HANDSHAKE_TRAFFIC_SECRET aa18c19215f4c1518d3f86d3767828fa3a35c8e7cb1d964877d0aaa7c0cab538 9ac76084d70cafb63586a267548c593eb5121df1cb1dddce59ce28ef6170fc1e
CLIENT_TRAFFIC_SECRET_0 aa18c19215f4c1518d3f86d3767828fa3a35c8e7cb1d964877d0aaa7c0cab538 54de6919930917444101f4bca34a2cc1390c829018da7123cf7cc83ad8de3a0b
SERVER_TRAFFIC_SECRET_0 aa18c19215f4c1518d3f86d3767828fa3a35c8e7cb1d964877d0aaa7c0cab538 0efc50b080335762b40387860b8c1662c5f6119aa1cea7abbf449a63d7ce5654
EXPORTER_SECRET aa18c19215f4c1518d3f86d3767828fa3a35c8e7cb1d964877d0aaa7c0cab538 8158a21c4bd6a7c0564ec4508e91989d07cc2444213cf7b1982bf66ed3ef5222
CLIENT_HANDSHAKE_TRAFFIC_SECRET dc61b05b39805501db48b45a6670d2c22f88d351826573d5f2df36ae9b76f9e3 d4ea58d7918fb7f7346fa9fcc64ad5d31f0ccf93ef4edfee6ec7446c7362e381
SERVER_HANDSHAKE_TRAFFIC_SECRET dc61b05b39805501db48b45a6670d2c22f88d351826573d5f2df36ae9b76f9e3 e890abb260a5ddf68ea7b02561597600daaa3207a25c60e8be6e12f390ffd19b
CLIENT_TRAFFIC_SECRET_0 dc61b05b39805501db48b45a6670d2c22f88d351826573d5f2df36ae9b76f9e3 7eb667ca69e00d1d8042a1e2034d0f0364d68e5c67fd8e887a927c95cee5bf6e
SERVER_TRAFFIC_SECRET_0 dc61b05b39805501db48b45a6670d2c22f88d351826573d5f2df36ae9b76f9e3 50a7c848e9c19f54c913b608ffd4926bf82e4d2a666fe3199f0ef36add4b4d22
EXPORTER_SECRET dc61b05b39805501db48b45a6670d2c22f88d351826573d5f2df36ae9b76f9e3 51044c9f8cb321d2ea67dc64d862a16c7bfa264658c94efe37840dfc1938566d
CLIENT_HANDSHAKE_TRAFFIC_SECRET 520ca321061698272c6ac8ac3e78eaf32938261ff437896e255ad9650ee92a64 a8b8ddfacd194da711d361327aa1432d62a28aae41db69484bb666e2f0906904
SERVER_HANDSHAKE_TRAFFIC_SECRET 520ca321061698272c6ac8ac3e78eaf32938261ff437896e255ad9650ee92a64 d376ffae2078019907435bc6341e5cc1c11e097333dc4549597213a39bc2616a
CLIENT_TRAFFIC_SECRET_0 520ca321061698272c6ac8ac3e78eaf32938261ff437896e255ad9650ee92a64 4b4d3cf2b71b2a256216a40efe51e3eda398b11218baf10eb959f44dfdaeb4f9
SERVER_TRAFFIC_SECRET_0 520ca321061698272c6ac8ac3e78eaf32938261ff437896e255ad9650ee92a64 ed5f5632494fc1f0c7b0c80760259dd1e8c56f76f00363733de0fa0a8e93fd4f
EXPORTER_SECRET 520ca321061698272c6ac8ac3e78eaf32938261ff437896e255ad9650ee92a64 592c6c7b2dc8ec0e8f503d967d9ddd0d7113c6ee354ff5aa72aa8a5b40f55135
CLIENT_HANDSHAKE_TRAFFIC_SECRET c6df941014c7dcb5f320602713dd56a7b477c0de13123ac92bd8f962edf6fe7c 82ad8842ae66f8285bad9e1db9c1294cc2331e006886b8615e267885103b01a1
SERVER_HANDSHAKE_TRAFFIC_SECRET c6df941014c7dcb5f320602713dd56a7b477c0de13123ac92bd8f962edf6fe7c 13dcabb4e40bf16fc702414a2cb71c66781cd58cd37eb7aa5d3db66a1abc6b6a
CLIENT_TRAFFIC_SECRET_0 c6df941014c7dcb5f320602713dd56a7b477c0de13123ac92bd8f962edf6fe7c 352bb7f42613f3dcef517182fb8e5a1b05b25f0c38cf1c2bbdca90111e70dad1
SERVER_TRAFFIC_SECRET_0 c6df941014c7dcb5f320602713dd56a7b477c0de13123ac92bd8f962edf6fe7c 7e007960548c8c2b0ade9528bd6a7494b60480df7943f06a34c1fee50fdaa6f4
EXPORTER_SECRET c6df941014c7dcb5f320602713dd56a7b477c0de13123ac92bd8f962edf6fe7c c291d86b1edd91d6d4597393c6d5a37eeb68fb0b8de272738f83bbb896a7c3d7
CLIENT_HANDSHAKE_TRAFFIC_SECRET b0d87cf56ddadc9f1fa9d185af4fe44516d8c90900451a1fdce45081bd6a958d 790265484d4c3e1444ce98ec9bb7b7311f6c3a13cb8fe829ad4a456a4d9ab3c1
SERVER_HANDSHAKE_TRAFFIC_SECRET b0d87cf56ddadc9f1fa9d185af4fe44516d8c90900451a1fdce45081bd6a958d e5e6e46c8567f8bb3654d40cdb3f1cbd6229a7197c9bfb662f316f2df075fa4e
CLIENT_TRAFFIC_SECRET_0 b0d87cf56ddadc9f1fa9d185af4fe44516d8c90900451a1fdce45081bd6a958d 31ed8f1251224fb3fab6dd0d71985813355dcc2ac9e4463efbcb1d24580db2fc
SERVER_TRAFFIC_SECRET_0 b0d87cf56ddadc9f1fa9d185af4fe44516d8c90900451a1fdce45081bd6a958d 354191b83362e6c349003f7b66d0aeaf46a7593e0b2690b2aec1b0cc47f0c78e
EXPORTER_SECRET b0d87cf56ddadc9f1fa9d185af4fe44516d8c90900451a1fdce45081bd6a958d 12ed4ec223d2f3874a6ab7c36f30761f8d6537be1d9791abb42d9814ae5fee2f
CLIENT_HANDSHAKE_TRAFFIC_SECRET 6f2befe406bc854edb48a855840d8cf979a55b197ef5ebef377cf35a3a5a3fe5 d0a9a7b81239ce36d293a7ac67bbd78872cdae0ac2210e18cc18bf35f4e4a9b5
SERVER_HANDSHAKE_TRAFFIC_SECRET 6f2befe406bc854edb48a855840d8cf979a55b197ef5ebef377cf35a3a5a3fe5 18b80a3ce448713852fc2196fd5c690b0b30c0f083ec5fd67ecb9d7288c066ac
CLIENT_TRAFFIC_SECRET_0 6f2befe406bc854edb48a855840d8cf979a55b197ef5ebef377cf35a3a5a3fe5 4cd930af458099064c7be5311aaca837a282d39c237f9fcdb17923bb2c2ad046
SERVER_TRAFFIC_SECRET_0 6f2befe406bc854edb48a855840d8cf979a55b197ef5ebef377cf35a3a5a3fe5 5399a8bea4319f7e302f66337ab3789ec0858bbb3084e0cd1d8ccc114dad60ec
EXPORTER_SECRET 6f2befe406bc854edb48a855840d8cf979a55b197ef5ebef377cf35a3a5a3fe5 317282134cd76c7c65742fa27c5bfb75ddd52719f77037a6d72d00dd8486bcdd
CLIENT_HANDSHAKE_TRAFFIC_SECRET c97525d486adc0cfb183c1d92818b47559d7e2ef888dd9cb221973a9fc0abd18 aa8d789300e9012d7a642ddf12c34893f361beb1f314b2093bb04714c6ea76d5
SERVER_HANDSHAKE_TRAFFIC_SECRET c97525d486adc0cfb183c1d92818b47559d7e2ef888dd9cb221973a9fc0abd18 c04613983b06f78b69da89266cdfe10351553d6420a79cb491879450b43670bb
CLIENT_TRAFFIC_SECRET_0 c97525d486adc0cfb183c1d92818b47559d7e2ef888dd9cb221973a9fc0abd18 477a5317d69fb2541a5450043460e5c4f1387ea9c79fea2f18dc318337877d1f
SERVER_TRAFFIC_SECRET_0 c97525d486adc0cfb183c1d92818b47559d7e2ef888dd9cb221973a9fc0abd18 a2cf94d6ba91479b2be2c22d831c234d0ac7235bca52dcc458771a4c4cfdf827
EXPORTER_SECRET c97525d486adc0cfb183c1d92818b47559d7e2ef888dd9cb221973a9fc0abd18 4f045087d3c1e98378c8d87cefe7befd1893a3a60aee5b46dbb33713f5ec8ba0
CLIENT_HANDSHAKE_TRAFFIC_SECRET 35201d8bdf49cbf0586a10467c821bed0b1685d563b39ee4710d7aff094ff805 075ddf1d345484c990eb0fbff7f417f0e33b27116ff147ff75ca6e5e984d55c4
SERVER_HANDSHAKE_TRAFFIC_SECRET 35201d8bdf49cbf0586a10467c821bed0b1685d563b39ee4710d7aff094ff805 80e93bbcf06be2017af9d5915fe704d1901109d0b4da91e239bad08df1b98b35
CLIENT_HANDSHAKE_TRAFFIC_SECRET 446481186532d53d4e2c96d7ebb43051a2b5d0e3b00478c01e4a60b94d9f89e1 7a5e9fbcd1c7b9ce6a5437af6bb15d44455839b258510b3d2b0ec061302f5150
SERVER_HANDSHAKE_TRAFFIC_SECRET 446481186532d53d4e2c96d7ebb43051a2b5d0e3b00478c01e4a60b94d9f89e1 60086f97b28f2e0790b85d4f99e24a547bc43164749df06f6bbce5cd0a528f81
CLIENT_RANDOM be55c40468b8653727aca71627738fe1c275542bb281d89d990b3d89189159aa c226e6751e8bce0205193fcc921e44d779f5d33245aeb51bc2b5ee819a968ee8a57f93eb7889176ae8e7b31671532bef
CLIENT_TRAFFIC_SECRET_0 35201d8bdf49cbf0586a10467c821bed0b1685d563b39ee4710d7aff094ff805 b71233f2c7e2a7e83df7d97ae54345d2f258b26689ae279bc192a15eb4f86149
SERVER_TRAFFIC_SECRET_0 35201d8bdf49cbf0586a10467c821bed0b1685d563b39ee4710d7aff094ff805 cd6dda9df89329d34ec5a0128a886314c8fdfb5f4f509a765093541f46146026
EXPORTER_SECRET 35201d8bdf49cbf0586a10467c821bed0b1685d563b39ee4710d7aff094ff805 3671746d622d24150c54cd0a0b7ccf5b743f52966bfc435623abe8c37d00c54a
CLIENT_TRAFFIC_SECRET_0 446481186532d53d4e2c96d7ebb43051a2b5d0e3b00478c01e4a60b94d9f89e1 e0d56de0c242c56ea33d78b20673df643562dd5eae384d5aea2f0d9143c38deb
SERVER_TRAFFIC_SECRET_0 446481186532d53d4e2c96d7ebb43051a2b5d0e3b00478c01e4a60b94d9f89e1 1396a26938458e5803b2f48b061d014bb6bff662d7541db0083a09e708c7e6a4
EXPORTER_SECRET 446481186532d53d4e2c96d7ebb43051a2b5d0e3b00478c01e4a60b94d9f89e1 9fbcb0696c2983f50d3f42c2bd722c28dcb37419ff82ddda0372ba60b7190dd2
CLIENT_HANDSHAKE_TRAFFIC_SECRET 885296ea6b58a7e413cafd885c3f8b2d9a1cc37d28cceb61a7f80104806a3dce f513db7e40938632507af71cfd87cd65b025823db6382b3b5537df560e6081ca09f67b6279b133d82dcea3ee44ed4f4e
SERVER_HANDSHAKE_TRAFFIC_SECRET 885296ea6b58a7e413cafd885c3f8b2d9a1cc37d28cceb61a7f80104806a3dce 6155be9dcf8bcfb9bd22b9f24112a74ccf4a17f747f0dc8549ba027bf3574e6b70a2d25187318a93dc415b7475aed020
CLIENT_HANDSHAKE_TRAFFIC_SECRET b47d50349781cc8dec85dec44b5a3c26653ec0b4d33418f4b931d31d861bb1f0 ec797b7e38584c7db7f5e4cf53b3eb6cc6a47f2fdac6ff065ca0e03354d6bcc7
SERVER_HANDSHAKE_TRAFFIC_SECRET b47d50349781cc8dec85dec44b5a3c26653ec0b4d33418f4b931d31d861bb1f0 99ccc3ac6e60a59b5e07f06cdde48aec53877dfb04f103518332dc370f2dccbf
CLIENT_TRAFFIC_SECRET_0 885296ea6b58a7e413cafd885c3f8b2d9a1cc37d28cceb61a7f80104806a3dce 2c638683746547e5d60232e7dfa4e554ab092a17106deceb6f1ed3f35f66e3b63ef203b92838b6f5bf7b2f54b8d4f0c9
SERVER_TRAFFIC_SECRET_0 885296ea6b58a7e413cafd885c3f8b2d9a1cc37d28cceb61a7f80104806a3dce e0149567ee537fe7f291410233080149b310a78381175d306bb9003da3b492d137c53a7cee38d480f9cc851e55d1d618
EXPORTER_SECRET 885296ea6b58a7e413cafd885c3f8b2d9a1cc37d28cceb61a7f80104806a3dce 0373d84c167d0dbffab2268475f2bba7f123085875ff6849b42e09b75f86ac1e9ecc2402b1bf87fc06848ba492905991
CLIENT_TRAFFIC_SECRET_0 b47d50349781cc8dec85dec44b5a3c26653ec0b4d33418f4b931d31d861bb1f0 991299bb1a3fc51d70fb071bb1fb146aa630d99487ec93c0cf25b080b0253e51
SERVER_TRAFFIC_SECRET_0 b47d50349781cc8dec85dec44b5a3c26653ec0b4d33418f4b931d31d861bb1f0 9002b5de6739b292eeb0a8295185047f7694fda277b8042183ac87cc6257e3ab
EXPORTER_SECRET b47d50349781cc8dec85dec44b5a3c26653ec0b4d33418f4b931d31d861bb1f0 16b32efdff67b914de13fd6fb67bcb8718681a3842436bd9d13fa93040fc2a77
CLIENT_RANDOM 0860fd8e14a129ab8ce0f6a5c780fc70b8a2c71beaafeb2ee3767443e9344321 fb79485d36dd6b84fd8e7238217f1f3c90e7d3d71a25a1030d84401c65bce0f7d7c1bc02a24c332c8d641c8af53653d8
CLIENT_HANDSHAKE_TRAFFIC_SECRET 5d318586ae7be1b7b5d4e59eb9264a79174de7908597392846d02c41bf878fa6 9034e81a4243521cc574570129d49dcb1c4767dc85bb90ec91ef09478c671a78
SERVER_HANDSHAKE_TRAFFIC_SECRET 5d318586ae7be1b7b5d4e59eb9264a79174de7908597392846d02c41bf878fa6 657fda7abc27717f78e58c8c7527039b1a361761f1935812c6481b7880bb4bb1
CLIENT_TRAFFIC_SECRET_0 5d318586ae7be1b7b5d4e59eb9264a79174de7908597392846d02c41bf878fa6 2fc39a1cb00901523c8416facccee1f59a02f311fa981dbaf83b31a9f63b3f4b
SERVER_TRAFFIC_SECRET_0 5d318586ae7be1b7b5d4e59eb9264a79174de7908597392846d02c41bf878fa6 d68ee96f611ccd57a9bf2416c677f34081cc943dc0c1f15889e03bb5a72de444
EXPORTER_SECRET 5d318586ae7be1b7b5d4e59eb9264a79174de7908597392846d02c41bf878fa6 8c3e09bcbdb1ac3e33e0acd926db17c8160e94283822dc0042d158f75a01e278
CLIENT_HANDSHAKE_TRAFFIC_SECRET ff29e1c846c8c795c2e6cf020dd390231ecfdb871cb71cb6617fe05f7e08c9e6 3fd5b9bbd64d3a2fb88aa75820c746d7b6ad285cd9e4f6ed6eeb07ea91d3fe26
SERVER_HANDSHAKE_TRAFFIC_SECRET ff29e1c846c8c795c2e6cf020dd390231ecfdb871cb71cb6617fe05f7e08c9e6 f31c90ccdb63cd38c78a6bc60c6a8ea36a64a954cc76e61ec0b4c3f7e24a2ce7
CLIENT_TRAFFIC_SECRET_0 ff29e1c846c8c795c2e6cf020dd390231ecfdb871cb71cb6617fe05f7e08c9e6 46a33dea53647656c70bc48ae7b782d2067a7e599459a4b685f280be7e5042a4
SERVER_TRAFFIC_SECRET_0 ff29e1c846c8c795c2e6cf020dd390231ecfdb871cb71cb6617fe05f7e08c9e6 ac0795b82ca775f040614dea09c7a20d9bec14161c2f4c9e335331f90bdf8126
EXPORTER_SECRET ff29e1c846c8c795c2e6cf020dd390231ecfdb871cb71cb6617fe05f7e08c9e6 b99c90d88e36996142b85e8d08e94413e16a72dcfddd81f87770e24a264b83b4
CLIENT_HANDSHAKE_TRAFFIC_SECRET 338d8cbc03e1d5969933345d11175894c0b05cea05c33d1424edd538d7636901 9a313dc261a92c1dafcaa95a1cafe6b7a02f448c1df1d05acd47dbf94df2c333
SERVER_HANDSHAKE_TRAFFIC_SECRET 338d8cbc03e1d5969933345d11175894c0b05cea05c33d1424edd538d7636901 1a0be53234b4f2bfaace38b45ba85322fac2eb280888782d2da77fb9ea879858
CLIENT_TRAFFIC_SECRET_0 338d8cbc03e1d5969933345d11175894c0b05cea05c33d1424edd538d7636901 f5a4b24c0e8b5079aaa43dea2dcab690e14d439d5512d137e9df87f8d8963af6
SERVER_TRAFFIC_SECRET_0 338d8cbc03e1d5969933345d11175894c0b05cea05c33d1424edd538d7636901 ee7a3dd8a67d21ca2b6ebe763b2a4d788d55a9f96da6ed9083783bfa887c230c
EXPORTER_SECRET 338d8cbc03e1d5969933345d11175894c0b05cea05c33d1424edd538d7636901 1c5994b8c84400948adff90c119ccc6b5e1e969547b91e3eb92010d5989c91e4
CLIENT_HANDSHAKE_TRAFFIC_SECRET d4e26f936c93b5df382b3fe462e055c57b632fdd32a32e03da2ca455261ecd1a 2f532a526913410673f52a527c783ff6d33a101bd2325ba60a584de00a0ab924
SERVER_HANDSHAKE_TRAFFIC_SECRET d4e26f936c93b5df382b3fe462e055c57b632fdd32a32e03da2ca455261ecd1a bb01eb03a50c6e0a05e9d4cf9cbb473e278b3498b4b47bd6aa16934e38cbbaa7
CLIENT_TRAFFIC_SECRET_0 d4e26f936c93b5df382b3fe462e055c57b632fdd32a32e03da2ca455261ecd1a dd2f38fdfc18f6179a06dd4fee4da45fc7b349438085850f55d00bded197a8e7
SERVER_TRAFFIC_SECRET_0 d4e26f936c93b5df382b3fe462e055c57b632fdd32a32e03da2ca455261ecd1a c252a3fe21fb03b48aabd35daa7c54dfc7ea23e45dc119f93b56d05388d10029
EXPORTER_SECRET d4e26f936c93b5df382b3fe462e055c57b632fdd32a32e03da2ca455261ecd1a ffe2ac955762799725271f35b9948e6d241afcfffc35254b37e4b71b46502810
CLIENT_HANDSHAKE_TRAFFIC_SECRET e9fc728d39f48d37df2560893524f95020f7e261ad63a6d36202c1371b3561f0 fc2205ab29c95954dd55b2449fa7fa992c17130056ad674ff86b464b94f63f77
SERVER_HANDSHAKE_TRAFFIC_SECRET e9fc728d39f48d37df2560893524f95020f7e261ad63a6d36202c1371b3561f0 2a26b2939a1ad8600f0337d303f5219f38637b1a5731a40c62db3932430ce8db
CLIENT_HANDSHAKE_TRAFFIC_SECRET 24cfd0868bcff1d6b0b2d4944f80e02047d522193f68f98896b804fd2962b0f2 41fedb3344ebfa8702bf1cb869a8ff704c3ac218620fd72b784b28de5e151a4d6964d329d515c03a6a43dc3768b0cda9
SERVER_HANDSHAKE_TRAFFIC_SECRET 24cfd0868bcff1d6b0b2d4944f80e02047d522193f68f98896b804fd2962b0f2 f83d97085b433d0cf3b3aafc4436434b8ded424893cdc71149dc0d1efb7132f596619ae027ad14de0a8e4ee761e3dcc5
CLIENT_TRAFFIC_SECRET_0 24cfd0868bcff1d6b0b2d4944f80e02047d522193f68f98896b804fd2962b0f2 0ee140fabe8c4e3806fce742aa3f8d817159fa8048600aa5ab67c128282b8ac8392105a4284931226ff1613a13faad6b
SERVER_TRAFFIC_SECRET_0 24cfd0868bcff1d6b0b2d4944f80e02047d522193f68f98896b804fd2962b0f2 d62ece38f500fd73b131ce38ab8e0a5077479e6dfd67729a53cf876fe784e0ebb3d5596423b600167c3c901625a0b664
EXPORTER_SECRET 24cfd0868bcff1d6b0b2d4944f80e02047d522193f68f98896b804fd2962b0f2 59000a88af5a2ff971a8dd86b17e479121353f29a1a1d72a65004a5b8483aa75ae95d3cce5ae8ab8f04e245ca393b952
CLIENT_TRAFFIC_SECRET_0 e9fc728d39f48d37df2560893524f95020f7e261ad63a6d36202c1371b3561f0 166a775313368fc2c9b0f42acf68e168fa6a222e6b6c6f91ca8ef676926c3489
SERVER_TRAFFIC_SECRET_0 e9fc728d39f48d37df2560893524f95020f7e261ad63a6d36202c1371b3561f0 3cf4de1ed646469ed7933839cabfbb618371e46fe1e63585fbc8f6f0548013a7
EXPORTER_SECRET e9fc728d39f48d37df2560893524f95020f7e261ad63a6d36202c1371b3561f0 664fe85390afc531b3b250c2bf43c499e10d70de62b38a68f8839c4657951714
CLIENT_HANDSHAKE_TRAFFIC_SECRET f5c5d53bf5fcb20505121f3c30c41d38936d18024cff67594f9f7db664e5587d fa85a0ba397548600275ca7885de9380ca73d6e75e9cdcbc4261371bf8d7463c
SERVER_HANDSHAKE_TRAFFIC_SECRET f5c5d53bf5fcb20505121f3c30c41d38936d18024cff67594f9f7db664e5587d 665e2c696be277a31c9f3e6eaf22f7f2f22f38d1cceffd24a8ce27a889f233cc
CLIENT_TRAFFIC_SECRET_0 f5c5d53bf5fcb20505121f3c30c41d38936d18024cff67594f9f7db664e5587d b3a217f872eb323f031f50a554e4d89885399da6f9f22d36ce2e65d63998cd10
SERVER_TRAFFIC_SECRET_0 f5c5d53bf5fcb20505121f3c30c41d38936d18024cff67594f9f7db664e5587d 4ada2ce8d858ef1fa55e82bec7ccfc0a471e5a2b13aaebdcb37332dba6b11021
EXPORTER_SECRET f5c5d53bf5fcb20505121f3c30c41d38936d18024cff67594f9f7db664e5587d c745e776894c3e7a21a23811d7f6633a05b0545722219045be5ac331a8f85092
CLIENT_HANDSHAKE_TRAFFIC_SECRET 310a49d08fe2724f33214e9159b28b9b41811573c01d3354ab23b0bc01e9a715 e06f146776b0c0bf9b7dccacbd50b94437d08b871b08e94cb50f4e5d8663e026
SERVER_HANDSHAKE_TRAFFIC_SECRET 310a49d08fe2724f33214e9159b28b9b41811573c01d3354ab23b0bc01e9a715 e69ff652d69f1f34b62ea112f797c26fec927f082c5005899fdb9b725a7c4337
CLIENT_HANDSHAKE_TRAFFIC_SECRET e99a9f6f5e453e0476d9f0fb8f10249348c58edf8114157e6022be5b82fcd093 e0773fabdbf5e6ff6efc35437cc144188a91f52ae4be70c7df7ae84aaf0c1086
SERVER_HANDSHAKE_TRAFFIC_SECRET e99a9f6f5e453e0476d9f0fb8f10249348c58edf8114157e6022be5b82fcd093 d78fd1546ca0e0cf47a69767a9a0a2dd816806a1cf61d14e24a5c2cf4bb09e74
CLIENT_TRAFFIC_SECRET_0 310a49d08fe2724f33214e9159b28b9b41811573c01d3354ab23b0bc01e9a715 272b0b7c8d16b1ba0b7ceb10112e50e7eb3e676dfcec99fa50108b6477abae94
SERVER_TRAFFIC_SECRET_0 310a49d08fe2724f33214e9159b28b9b41811573c01d3354ab23b0bc01e9a715 f2d703ca74bb8eafd1f12a5f7689c9e3baf6f4f435e67e8c2993350bcdf6ee01
EXPORTER_SECRET 310a49d08fe2724f33214e9159b28b9b41811573c01d3354ab23b0bc01e9a715 6b45c1a30e6c1450123fe6ac17fa58a1fa8b177c4e11d385570eb84b91029b63
CLIENT_TRAFFIC_SECRET_0 e99a9f6f5e453e0476d9f0fb8f10249348c58edf8114157e6022be5b82fcd093 b748a32fee090a8e516733a7d6712ed42adebf1b89017f1e00fedb9c885d9119
SERVER_TRAFFIC_SECRET_0 e99a9f6f5e453e0476d9f0fb8f10249348c58edf8114157e6022be5b82fcd093 f611e7fcade4d2e778de78937b0a5511714f7f28478af366db170842879b976e
EXPORTER_SECRET e99a9f6f5e453e0476d9f0fb8f10249348c58edf8114157e6022be5b82fcd093 7c0cbff5aa4cbae0cbad9e07104389ce622f57e49cd2e17faa3729d2f26e1e93
CLIENT_HANDSHAKE_TRAFFIC_SECRET 915d406a049aa559e6ab5093476e513c235d5b3e397e093f228c855de0fd664e 9e88f0e5ca62355a86a075c6a20e2605ac5d11d06f49fcb8eaee0ddc129ce3e14906adc4f8c123a2c318f75847a8b304
SERVER_HANDSHAKE_TRAFFIC_SECRET 915d406a049aa559e6ab5093476e513c235d5b3e397e093f228c855de0fd664e 41338701afa7611896fa544f2e69738d90a32b92fde55db47b04e218322ad159ad66237d93591d569d4f5326904e905d
CLIENT_TRAFFIC_SECRET_0 915d406a049aa559e6ab5093476e513c235d5b3e397e093f228c855de0fd664e 80537ff87381ba142ad2c7238dd724d7e1b894b9152ce7e4f67a243aa152b7915bd60a450a990daf4db0b90119208951
SERVER_TRAFFIC_SECRET_0 915d406a049aa559e6ab5093476e513c235d5b3e397e093f228c855de0fd664e 700b5024332aa3bdabb6146cfac60a5c73274e21294870b415b658c9c2c883a75bcb6c193a784a6a541d9ace23b3b04d
EXPORTER_SECRET 915d406a049aa559e6ab5093476e513c235d5b3e397e093f228c855de0fd664e 904b27f8bf9ba4e0efc6340e6690d372d1d9b3e4aa81311e42ac509cc12007b62abd6fc898cf301f708ec5eccdd3de86
CLIENT_HANDSHAKE_TRAFFIC_SECRET b7fcb376e1e385b29d1cb4f4cc86625056f8fc7f584842cf906448713ae76c91 0d7ecdb2c0e67410771f67eb8b0cd6983818ec039606c5ce959519164168df49
SERVER_HANDSHAKE_TRAFFIC_SECRET b7fcb376e1e385b29d1cb4f4cc86625056f8fc7f584842cf906448713ae76c91 f19a14b644dbc145b9beb17a0f4f0e86f5263f802af29bc3207b921b126fc563
CLIENT_HANDSHAKE_TRAFFIC_SECRET 1b79d4b18052430522c43ada8f051737a848b36597c9ec8f58aa5961c9049d82 3b619fac7f03bc0e7dd4077678a0ed9389a42bf3e0377b6d687def7fb0483f52
SERVER_HANDSHAKE_TRAFFIC_SECRET 1b79d4b18052430522c43ada8f051737a848b36597c9ec8f58aa5961c9049d82 405564b7f2a158fcc13d91168a96a2f237f3f9ed32cfeb3b230903987c653b69
CLIENT_TRAFFIC_SECRET_0 b7fcb376e1e385b29d1cb4f4cc86625056f8fc7f584842cf906448713ae76c91 3fab620c3c2cb5a029e78e2089d75c0a36bac181deb6d1bd54ba6ff40b64965f
SERVER_TRAFFIC_SECRET_0 b7fcb376e1e385b29d1cb4f4cc86625056f8fc7f584842cf906448713ae76c91 3cc11f5063907f6749a694d3b86335f2dec43ea460f11ba69daad5bf9679a271
EXPORTER_SECRET b7fcb376e1e385b29d1cb4f4cc86625056f8fc7f584842cf906448713ae76c91 c386d69ee72b4c4af95f011047b2ab5e8cba44fc483659dafee159ed3bea16a2
CLIENT_TRAFFIC_SECRET_0 1b79d4b18052430522c43ada8f051737a848b36597c9ec8f58aa5961c9049d82 1b4caf42bc80389286137d099035016f3ff9112ea5a4904f9f633c9e265ede1d
SERVER_TRAFFIC_SECRET_0 1b79d4b18052430522c43ada8f051737a848b36597c9ec8f58aa5961c9049d82 84240cec8b3a5728dd7ec05dfcd8aa6807e3bfe59ceeb016b5fbfdd20da23336
EXPORTER_SECRET 1b79d4b18052430522c43ada8f051737a848b36597c9ec8f58aa5961c9049d82 8f3754095cc594640f09e1ec54eef6def64a7ea316dd11fc8607353137f45345
CLIENT_HANDSHAKE_TRAFFIC_SECRET e74121e5452324f5f971a745159abc92407209c9a0da24d166d6e1442ff5669f 07fac6c82906183bba152e603785c254d8a232d81ffb0fc48ae98addbcc349ed
SERVER_HANDSHAKE_TRAFFIC_SECRET e74121e5452324f5f971a745159abc92407209c9a0da24d166d6e1442ff5669f a295e1272f8b2b4fa3580391f20b50d22305b961001e7cc437f313024cd2c87f
CLIENT_TRAFFIC_SECRET_0 e74121e5452324f5f971a745159abc92407209c9a0da24d166d6e1442ff5669f 2a8df9b09ca8201f3763f739f029f6a27ccc0c85e0c201952448f9b02d7a2546
SERVER_TRAFFIC_SECRET_0 e74121e5452324f5f971a745159abc92407209c9a0da24d166d6e1442ff5669f b29b65ab1a5026b1135e12417a3c62b3afeef763bce884188ca7e1145ccc9c74
EXPORTER_SECRET e74121e5452324f5f971a745159abc92407209c9a0da24d166d6e1442ff5669f d54130dfc6f7b64b9f7cab4f9a4510fb79474945145b27f4c98da57eb89f1937
CLIENT_HANDSHAKE_TRAFFIC_SECRET 33fb422d57021a2c5600bb532cd0c2fbcf2fec9d05b57175a320f123d903326c 6ac175d23d690a101132f83c92480364af950f2c2acc69791e666973bd99e19f
SERVER_HANDSHAKE_TRAFFIC_SECRET 33fb422d57021a2c5600bb532cd0c2fbcf2fec9d05b57175a320f123d903326c 07106991c0d0e7e8dcbf81050416ee7afce31e48bad3801d64895939e2a1a755
CLIENT_TRAFFIC_SECRET_0 33fb422d57021a2c5600bb532cd0c2fbcf2fec9d05b57175a320f123d903326c ab908b7343bba664080e37a55f4c5a58c58910403a9c217d50ed284ebd979c74
SERVER_TRAFFIC_SECRET_0 33fb422d57021a2c5600bb532cd0c2fbcf2fec9d05b57175a320f123d903326c 8a7ded814c2617d6130a9b0844fb173194f5595cc9297e838908171f7defa29c
EXPORTER_SECRET 33fb422d57021a2c5600bb532cd0c2fbcf2fec9d05b57175a320f123d903326c aee3bef9f0198618228be5e8bb72ad760968a1e629a90aae2cc65d6c342a9be2
CLIENT_HANDSHAKE_TRAFFIC_SECRET 320b2f0704b7061a25572c3799efbf0319f333dc1b6f43e82ad9a2c029762d2c f615e78ba11e4787185a3fc69f7b4abaefdfb57c337450138a705aca8e2184ec034147b01cac1771c170dfd3d55609f7
SERVER_HANDSHAKE_TRAFFIC_SECRET 320b2f0704b7061a25572c3799efbf0319f333dc1b6f43e82ad9a2c029762d2c f5fb03ceb3b181b5d49abc2abfcad614e3b79df666d864fe4dfd25af6164a2e8b13fbd2fd7ecb9854978e9d26d8b08d3
CLIENT_TRAFFIC_SECRET_0 320b2f0704b7061a25572c3799efbf0319f333dc1b6f43e82ad9a2c029762d2c f6afe30220353f4c46805a6c638c90d46474f8e39a317107847dd762620d26f02cd906d65eb6ae749de5078092099d84
SERVER_TRAFFIC_SECRET_0 320b2f0704b7061a25572c3799efbf0319f333dc1b6f43e82ad9a2c029762d2c 9254158194c211c09753518a9371987d8b51c2b6216b993f1f3901f77e6054c79d70b015eda05763cc1d1aae3077d119
EXPORTER_SECRET 320b2f0704b7061a25572c3799efbf0319f333dc1b6f43e82ad9a2c029762d2c fd0067c1270a77b49b5a2afc3a2bb2af451f9c265c19e626fb443dddb0aaf6e84c6af1b291bfe57ddc44a502b3b40c79
CLIENT_HANDSHAKE_TRAFFIC_SECRET b398d523113f1d9d3072608d008ee0f01970f9cd7b5f89c13a4dac7c39f6b199 7d0daca48e93b197d5b2c8952a88ec31b40719644289d48e0497d534727d1539
SERVER_HANDSHAKE_TRAFFIC_SECRET b398d523113f1d9d3072608d008ee0f01970f9cd7b5f89c13a4dac7c39f6b199 8f84eefa47959c7d23fd0b7e96f0759a43f05d7e08e64189152f861d2044258b
CLIENT_TRAFFIC_SECRET_0 b398d523113f1d9d3072608d008ee0f01970f9cd7b5f89c13a4dac7c39f6b199 b2c03a6be544fdbea4323a7ae68dc3cedcaca2f6f80a1d4fa10ed2a5e3937099
SERVER_TRAFFIC_SECRET_0 b398d523113f1d9d3072608d008ee0f01970f9cd7b5f89c13a4dac7c39f6b199 28c96581798f2c257e667ab7e6159b013d1ed76da2868b95eec1ec104eb7ff49
EXPORTER_SECRET b398d523113f1d9d3072608d008ee0f01970f9cd7b5f89c13a4dac7c39f6b199 9743a2646a75078fba9b90d22bbd7c2ae8942a9b0df40b83f9bacd3968ae4da6
CLIENT_HANDSHAKE_TRAFFIC_SECRET 9a524f4f6dfe26391ba8fd84585dcf920b21429a695d192a2bf5e968a2dc53b2 b0c6a2c6fb14fde73ba6dd9d303c6e655b0563b11c56bb15e6610cc89e38b251
SERVER_HANDSHAKE_TRAFFIC_SECRET 9a524f4f6dfe26391ba8fd84585dcf920b21429a695d192a2bf5e968a2dc53b2 25e9f258b54d9fcd5ddd972014f65f15c1079a1b6e25575f062d9c0451e5b549
CLIENT_TRAFFIC_SECRET_0 9a524f4f6dfe26391ba8fd84585dcf920b21429a695d192a2bf5e968a2dc53b2 eeac159ca290c42804fc51361c6b9009d4dc7462f2d0c83e4e62fb4f61bc8be8
SERVER_TRAFFIC_SECRET_0 9a524f4f6dfe26391ba8fd84585dcf920b21429a695d192a2bf5e968a2dc53b2 83cee9360041438d9d896ce8b10218c41024506b42479c28eaddde801191f77d
EXPORTER_SECRET 9a524f4f6dfe26391ba8fd84585dcf920b21429a695d192a2bf5e968a2dc53b2 c55d306d49570f89168334673f16d6536919246d1c72d66a2d65cdd9b4fde044
CLIENT_RANDOM d4cb370d9c40c178a7b3b3d3c8a1bdab3524ef26820ddec78ff6e14e52fd44ee 906f3c0db26ea050af891c913f818184cc1628f90fddff06c25ad69eff68091ecfa7f5b57b78a6046f2595c6c547b45a
CLIENT_RANDOM cba40ad5c1475b830e78da58c2d5e4c2e680aa85b3838a9282ce268341fc2efc c858bf7e0c37da81e42b9900bff69d929d5f548b1bcd3c9685e348d32349a8ae48e0ddba39d25ab4773c54496fb945e3
CLIENT_HANDSHAKE_TRAFFIC_SECRET 4796732f777c8e52a6ac5dd4f2afc6a635050ce7b9214a4f2c001adaea5718e5 8ab75e829b64a9ddbdf2c3e8443f78f83c7ebcc8bdf224a81107246cfbfa9ca5
SERVER_HANDSHAKE_TRAFFIC_SECRET 4796732f777c8e52a6ac5dd4f2afc6a635050ce7b9214a4f2c001adaea5718e5 7993fd1a51ff1d7e95db855aa8c8147e520110d10d36211ce1b1bca3122c3600
CLIENT_TRAFFIC_SECRET_0 4796732f777c8e52a6ac5dd4f2afc6a635050ce7b9214a4f2c001adaea5718e5 401bd06a2ea2a7e6f71cfe4c30790abbf923f327068fbac1ae4c813bf58a2b81
SERVER_TRAFFIC_SECRET_0 4796732f777c8e52a6ac5dd4f2afc6a635050ce7b9214a4f2c001adaea5718e5 6ca38db95cda5202760955d9835f29872aa160a3dc936f9d48967b42d1a50397
EXPORTER_SECRET 4796732f777c8e52a6ac5dd4f2afc6a635050ce7b9214a4f2c001adaea5718e5 f33bf1bc4b8c99e9de4f6cc0355611bf2f4447e03f0fde82d52c9e35a665eedb
CLIENT_HANDSHAKE_TRAFFIC_SECRET 6c54e7bbadcebf37aeae975c5b353da2ef703cabb0e55235b5a3047a9d3684e0 bc6c24e68ef2d4f7d72176388fafbbb52bec151c9d180dea3b5469d6c21133ab
SERVER_HANDSHAKE_TRAFFIC_SECRET 6c54e7bbadcebf37aeae975c5b353da2ef703cabb0e55235b5a3047a9d3684e0 d5d02ce6b32f4828b3921fd62fe5d3ca5cb8f99310bb29e7b2f35b407450c86e
CLIENT_TRAFFIC_SECRET_0 6c54e7bbadcebf37aeae975c5b353da2ef703cabb0e55235b5a3047a9d3684e0 b9ae33e84fa57f90636eb56bf028129f0d53a84d2f4a13bd3c6aa794f46cc1ff
SERVER_TRAFFIC_SECRET_0 6c54e7bbadcebf37aeae975c5b353da2ef703cabb0e55235b5a3047a9d3684e0 91cc1ae9e78619abeafbc17d52c25544ff200afa6f565c2a07986977b8e0ce26
EXPORTER_SECRET 6c54e7bbadcebf37aeae975c5b353da2ef703cabb0e55235b5a3047a9d3684e0 df6cd0cc66409ebb61d50f69b7ada8776b7792012864d2a18b5c1cef85411e20
CLIENT_HANDSHAKE_TRAFFIC_SECRET df7f5803d7aabd7e87e4191a8124164c1c8130894ef3cb3b4f7471793e901d02 ae5404bc3656733621724038c766d7dea1c8dc6f277161f7a5be80dd6665818f
SERVER_HANDSHAKE_TRAFFIC_SECRET df7f5803d7aabd7e87e4191a8124164c1c8130894ef3cb3b4f7471793e901d02 4a42576300433a396b50ec1efa1739c8a6dc307ea276b02155c0b486663a0acc
CLIENT_TRAFFIC_SECRET_0 df7f5803d7aabd7e87e4191a8124164c1c8130894ef3cb3b4f7471793e901d02 054846e727eb312b18892e84ccb131ff2403cdb2c3cba30bfec800881a9fce6c
SERVER_TRAFFIC_SECRET_0 df7f5803d7aabd7e87e4191a8124164c1c8130894ef3cb3b4f7471793e901d02 4dafdd2b97d72b36ceed012a169363e2e48ed45f13090656ae4c9038eeccc1ba
EXPORTER_SECRET df7f5803d7aabd7e87e4191a8124164c1c8130894ef3cb3b4f7471793e901d02 a6621daac12d2d42251d0aef2661319f2693780d64a85ab98a20c0ff469c2e43
CLIENT_HANDSHAKE_TRAFFIC_SECRET 6ee0c50f96e1cac4f377563272e38ab379dfc074fd50825f0db84fdb8313aeaa 96090d58b3eef05c996ce4ce7824bd2285e6260b6b006321a15e32485556da9f
SERVER_HANDSHAKE_TRAFFIC_SECRET 6ee0c50f96e1cac4f377563272e38ab379dfc074fd50825f0db84fdb8313aeaa 37bff01ba79ee61dcfedf73807332d3e7b4c8a0743e0e1f6f6db5ea262b818d7
CLIENT_HANDSHAKE_TRAFFIC_SECRET 70a8192e4b09f119024ea7834913cf5f2fa8d71a6fa852e7d65e9b0441ba237b 30c60674e9ac31a3d92924fcd6a8f72ef650a2d23d144c443f74c12ee39d0d2e
SERVER_HANDSHAKE_TRAFFIC_SECRET 70a8192e4b09f119024ea7834913cf5f2fa8d71a6fa852e7d65e9b0441ba237b 5054dd7ad8ff0550e7fa679d21f88143ba9097961a0ba455ef1a813f10471af9
CLIENT_TRAFFIC_SECRET_0 70a8192e4b09f119024ea7834913cf5f2fa8d71a6fa852e7d65e9b0441ba237b 2fbce8cd68d448b25a65ec52cb2b0952f44aa695235a8a64ab005d89398322ff
SERVER_TRAFFIC_SECRET_0 70a8192e4b09f119024ea7834913cf5f2fa8d71a6fa852e7d65e9b0441ba237b ce11767711ae43889e6f03ca878aeafe82ef492f0eff04e731e15f67e4ac5f6a
EXPORTER_SECRET 70a8192e4b09f119024ea7834913cf5f2fa8d71a6fa852e7d65e9b0441ba237b b0d7cca50bbdd20bb9d31f903939d6af4f5b57b5973fb842fd2b4d9733c4cb1c
CLIENT_HANDSHAKE_TRAFFIC_SECRET 66ab885ff0f002f05e63bf76e7e8d8764d65735a03c21033611e9346f06349df 18f9167e5b0a531ab570034286751c469b7611eb2be7f3c42585a09934807229
SERVER_HANDSHAKE_TRAFFIC_SECRET 66ab885ff0f002f05e63bf76e7e8d8764d65735a03c21033611e9346f06349df 5134049828e8d8f108ba722fdfd2f1879b8992606bcb861c7ebe201560848876
CLIENT_HANDSHAKE_TRAFFIC_SECRET 0c47ea9f944ee04120f8725983c993bfc4b11cbd69ae6ddbdee5f383353475c1 d77412e0ed08e0c58271606f3ff36c894a605f358f8cb9fa80042ee92575e670
SERVER_HANDSHAKE_TRAFFIC_SECRET 0c47ea9f944ee04120f8725983c993bfc4b11cbd69ae6ddbdee5f383353475c1 d408d303691cc8509b78c31ba0c4953158b8cf9c395270332505b9f723fc803d
CLIENT_TRAFFIC_SECRET_0 66ab885ff0f002f05e63bf76e7e8d8764d65735a03c21033611e9346f06349df e9a80bc957c6b187bf4bf193bd3ce8f0f161bbfff2dc3f064d8a6a7357ded970
SERVER_TRAFFIC_SECRET_0 66ab885ff0f002f05e63bf76e7e8d8764d65735a03c21033611e9346f06349df ac58fed356aab2be2cef1c78a27b545818feca9dea75336719a1249e61db901e
EXPORTER_SECRET 66ab885ff0f002f05e63bf76e7e8d8764d65735a03c21033611e9346f06349df 8470eaf5956be1983f2a4bdd4946a5ce1ddd0f59fd9e5fa777c55b16d7558cfb
CLIENT_TRAFFIC_SECRET_0 0c47ea9f944ee04120f8725983c993bfc4b11cbd69ae6ddbdee5f383353475c1 e40c05e8118eeccca2199b6435b08f547faac69558073fe9e7e9c5527d38c1af
SERVER_TRAFFIC_SECRET_0 0c47ea9f944ee04120f8725983c993bfc4b11cbd69ae6ddbdee5f383353475c1 672fb7152116efc70e5dae01f7e5a0b8de063e3301e4b00c38757534bdef9c63
EXPORTER_SECRET 0c47ea9f944ee04120f8725983c993bfc4b11cbd69ae6ddbdee5f383353475c1 77c425f6359e82b8c421ef3ed9f0a525336fd2829ee2738fd825dc8f3c7c55bf
CLIENT_HANDSHAKE_TRAFFIC_SECRET 8df6deba0a714634b5c572defdf0149c3bc6952a0459b8d57fd9be5dbd2b63ad 2a067eefbf34da93b9917efa9816efd0426791a94e56422ca78281f82c008d70
SERVER_HANDSHAKE_TRAFFIC_SECRET 8df6deba0a714634b5c572defdf0149c3bc6952a0459b8d57fd9be5dbd2b63ad 97c4606543ab3670bca6c843d93eb8d854fa28faee88c8df8e3c2a8ecab53369
CLIENT_TRAFFIC_SECRET_0 8df6deba0a714634b5c572defdf0149c3bc6952a0459b8d57fd9be5dbd2b63ad 937008e5c2cb3b201fc8f698c025ab5b21df8288b55ca734f1b8bf3cafdf22a7
SERVER_TRAFFIC_SECRET_0 8df6deba0a714634b5c572defdf0149c3bc6952a0459b8d57fd9be5dbd2b63ad 9671379d2d2490c0f9914c4e290fef80571fe77e8b1bc5b503c51beb8dee2751
EXPORTER_SECRET 8df6deba0a714634b5c572defdf0149c3bc6952a0459b8d57fd9be5dbd2b63ad b96c39c3bb5a0755ac05f5dea03a7304818ba28f305d65a08b85cafd98ad560c
CLIENT_HANDSHAKE_TRAFFIC_SECRET 9dad879c47b5d7507a42379c1015b474b62c9daa47a325aa0cb2c5a4e9161986 ee6051a5c0d3265492c03a664769c4e552950ccc0268d22ccd783cf67f59bb61
SERVER_HANDSHAKE_TRAFFIC_SECRET 9dad879c47b5d7507a42379c1015b474b62c9daa47a325aa0cb2c5a4e9161986 04b6c820f72ac599914daadd1055cae3532cc4c335ff53da9a70cd098e902292
CLIENT_TRAFFIC_SECRET_0 6ee0c50f96e1cac4f377563272e38ab379dfc074fd50825f0db84fdb8313aeaa 6cc1392cfc1363c6583666c3a26d0e47b3bf2b905f9f00502f1e637dbd284387
SERVER_TRAFFIC_SECRET_0 6ee0c50f96e1cac4f377563272e38ab379dfc074fd50825f0db84fdb8313aeaa af957e7c9840a2bac76ab8da5ee35c5c4d2ca7bd0bc78ae86e6db5963a748239
EXPORTER_SECRET 6ee0c50f96e1cac4f377563272e38ab379dfc074fd50825f0db84fdb8313aeaa b3e33acdb87e79361696d750bc11807eeccd1975643f6ab648b71cd6a374182a
CLIENT_RANDOM 2950f1c5fb0f936bdd759560b9d15a61ea3af85d575dd200af8e339e9461169f 67fdbf3e5a1dce97edc3db472fa226c139e4a54264a94930b5effb67be023a9673c780ac00b964c4b1571064f1f2b281
CLIENT_TRAFFIC_SECRET_0 9dad879c47b5d7507a42379c1015b474b62c9daa47a325aa0cb2c5a4e9161986 da889cc8ecb42313ceb7035af7c3bbd7e0c36c7108707ac3a90eb71ca176758c
SERVER_TRAFFIC_SECRET_0 9dad879c47b5d7507a42379c1015b474b62c9daa47a325aa0cb2c5a4e9161986 c9f705869b2598fea2f5a6d9b63075e6b3840c7e2d0a56b4c098715ea8a65a2b
EXPORTER_SECRET 9dad879c47b5d7507a42379c1015b474b62c9daa47a325aa0cb2c5a4e9161986 563646b0fce5433f3301ca2b4ff9e5d0af136494a147b61b0e3b84fcc78a782e
CLIENT_HANDSHAKE_TRAFFIC_SECRET 8c871312e0c3c6971323423c24819482d15f57cfd1339bb9f9828e7e38c9a4ff 4dc75ce10eb04445eda6dabbbb6d7ddcf1a14b49de7a1c953ff1af1371cf476b
SERVER_HANDSHAKE_TRAFFIC_SECRET 8c871312e0c3c6971323423c24819482d15f57cfd1339bb9f9828e7e38c9a4ff b79e5213d312e53412de0575e435a7f1a8f6de25f4978599f40ca1391a70841f
CLIENT_TRAFFIC_SECRET_0 8c871312e0c3c6971323423c24819482d15f57cfd1339bb9f9828e7e38c9a4ff d42e5138efb1a50a883a3fb4fa4b80f679f4b3045f156b9c58764338d613cd4a
SERVER_TRAFFIC_SECRET_0 8c871312e0c3c6971323423c24819482d15f57cfd1339bb9f9828e7e38c9a4ff 4575632ca89b5d876412d6ad3ac6a62640aebd1632613898b6626753dd43ac32
EXPORTER_SECRET 8c871312e0c3c6971323423c24819482d15f57cfd1339bb9f9828e7e38c9a4ff 37efe08e27372a4688850b070abc74d9ac411418ba4344a1adc1339ad34cd4ee
CLIENT_HANDSHAKE_TRAFFIC_SECRET d661edf98ab6d72fc638c63ccf6ee2403812cb05b441026ce9851b86022f20af 51cb3fe713aec23be8e7991b2cd81930a65590bdc326dcc7e5b03c9db0ec240a
SERVER_HANDSHAKE_TRAFFIC_SECRET d661edf98ab6d72fc638c63ccf6ee2403812cb05b441026ce9851b86022f20af 17495b5267c6c178bc2c98a9d903c07ff758903161b4b204ecbb064391286d4b
CLIENT_TRAFFIC_SECRET_0 d661edf98ab6d72fc638c63ccf6ee2403812cb05b441026ce9851b86022f20af bcd9fd8030486005a4e124f2214f8a0a508392c8819e7e26f7823e50574a7815
SERVER_TRAFFIC_SECRET_0 d661edf98ab6d72fc638c63ccf6ee2403812cb05b441026ce9851b86022f20af fa34515332c7498adaa0d473bccb8c62d3641ae70b4f17f5e5b3d57e92505ef6
EXPORTER_SECRET d661edf98ab6d72fc638c63ccf6ee2403812cb05b441026ce9851b86022f20af 0c98d8f4284d9e0ae39e45df216387f2ad1b53e4fab68f933bae7b67ab6cc6bf
CLIENT_HANDSHAKE_TRAFFIC_SECRET 34c81538b6b7e1b8568943e9f831ea5a3a23142692b027bc040c130255fedb0e 258f6b0410d96d93b30befdd5e3dc354b8242fe1380a42196fce6ced61d20b98
SERVER_HANDSHAKE_TRAFFIC_SECRET 34c81538b6b7e1b8568943e9f831ea5a3a23142692b027bc040c130255fedb0e 70bf20e2806b18cd9c24e7ba0cc3089a8b9e269613865e1f712e3f010f857bdd
CLIENT_TRAFFIC_SECRET_0 34c81538b6b7e1b8568943e9f831ea5a3a23142692b027bc040c130255fedb0e 176ff007ec5842dd1a0f4835c33c52d33d8283fe43a7df9ed5105d03d10b6e5e
SERVER_TRAFFIC_SECRET_0 34c81538b6b7e1b8568943e9f831ea5a3a23142692b027bc040c130255fedb0e 7d761efeb34b563d2a36bde825c965576e4637c4dfca5da473089bfaf2c65042
EXPORTER_SECRET 34c81538b6b7e1b8568943e9f831ea5a3a23142692b027bc040c130255fedb0e 5dfb329cb6da36a917ba0cfebb623cddf4bbc77231db35be852fa390dac6f8db
CLIENT_HANDSHAKE_TRAFFIC_SECRET 47b32484be525ac52a1ea156b543265cd3cead76332f7f874b6506e15ecf1f7b 6ed5d0d00d05bf8c4be764398d76bae01ae286bdbf4b59be6c54b8640be4a2fd
SERVER_HANDSHAKE_TRAFFIC_SECRET 47b32484be525ac52a1ea156b543265cd3cead76332f7f874b6506e15ecf1f7b 845d4790a0cb4200bd8911d7e3bfb2eca5eef430b076099e6616cd5f6fb66ad4
CLIENT_TRAFFIC_SECRET_0 47b32484be525ac52a1ea156b543265cd3cead76332f7f874b6506e15ecf1f7b c6e99f42c0a10762d6882b0c007ee1e8d8992fa833cf554556423208271d47e9
SERVER_TRAFFIC_SECRET_0 47b32484be525ac52a1ea156b543265cd3cead76332f7f874b6506e15ecf1f7b bd72fb6d5b336ea3a10442c99077893f6732cd7bd3f49fadc5a0b8d959b51630
EXPORTER_SECRET 47b32484be525ac52a1ea156b543265cd3cead76332f7f874b6506e15ecf1f7b b921aef765547dd15e185fd15d85e25ceeafce69ea76fa6e40ac161fa40f44eb
CLIENT_HANDSHAKE_TRAFFIC_SECRET c9af5adfeb061c3f5fb713ab66a18e04b25e94bcd3b083343b35a1b8c1695f26 1a9ebf07adde2051119b7e9c26fbb9d587ba05d31a26733a01b8d31f3ad14193
SERVER_HANDSHAKE_TRAFFIC_SECRET c9af5adfeb061c3f5fb713ab66a18e04b25e94bcd3b083343b35a1b8c1695f26 3b30f6d445ef44a9a3f94fc122405d540653075544e1ec4c7ee5eaee1d823537
CLIENT_TRAFFIC_SECRET_0 c9af5adfeb061c3f5fb713ab66a18e04b25e94bcd3b083343b35a1b8c1695f26 63cb789344c6fd6820b1b04338973c69fea6b15b38947a5bd3a82a534f4d57bf
SERVER_TRAFFIC_SECRET_0 c9af5adfeb061c3f5fb713ab66a18e04b25e94bcd3b083343b35a1b8c1695f26 d5fb6a95c27f1cd096c27ca5f40fef68605747678db387eeff0a34dbf6da2a57
EXPORTER_SECRET c9af5adfeb061c3f5fb713ab66a18e04b25e94bcd3b083343b35a1b8c1695f26 90508f375494084b53c3330315c22b755fafd0e4b2582b9dffc82feab2e21138
CLIENT_HANDSHAKE_TRAFFIC_SECRET 3df9ba7249e7239c87edabd4bd1c966af96e053e122092a6ab87bb709671e5e2 b7b1f0f6f2c7bad73ec195394d430c43a4bda11f746557319d834872ff136d43
SERVER_HANDSHAKE_TRAFFIC_SECRET 3df9ba7249e7239c87edabd4bd1c966af96e053e122092a6ab87bb709671e5e2 a8283c3b17795b99b871877260633d8b3cb59b0eef88ff1f39f5ec5fe6791bcb
CLIENT_HANDSHAKE_TRAFFIC_SECRET 548e6b8e5f2409f8b4c5cc40148412ee307e4eece26f518b42c4acfe74658b4a d37c4c6e7c7e018be2bb2bfd7332244993f4b5fc24fc46444f46556cbcf39089
SERVER_HANDSHAKE_TRAFFIC_SECRET 548e6b8e5f2409f8b4c5cc40148412ee307e4eece26f518b42c4acfe74658b4a 37348a1399cae17ee7b0f1774dc2648b05f84d15528827adcecac5251cc545cb
CLIENT_TRAFFIC_SECRET_0 548e6b8e5f2409f8b4c5cc40148412ee307e4eece26f518b42c4acfe74658b4a 399f6684db074fe5fd12f29965d12ff9251b57aeda225c0592b43844846072a8
SERVER_TRAFFIC_SECRET_0 548e6b8e5f2409f8b4c5cc40148412ee307e4eece26f518b42c4acfe74658b4a 3bb0f67868da8ced6a20409ce9da0a973de9323eb179e9dfce2b96a3a75d2dcd
EXPORTER_SECRET 548e6b8e5f2409f8b4c5cc40148412ee307e4eece26f518b42c4acfe74658b4a 530d6cb5c39fc6b0b116b2f6b023c3aef4a6821db9424b9672d257aea805e792
CLIENT_HANDSHAKE_TRAFFIC_SECRET 7c11cebfed48b8454f1c84c05736821e69d7be476b0385c8f380149b71a3f652 6cb8e4c03278f3797a1a69183c64053cd22afa5b0534dfb7ba3f515be692bf01
SERVER_HANDSHAKE_TRAFFIC_SECRET 7c11cebfed48b8454f1c84c05736821e69d7be476b0385c8f380149b71a3f652 a96c8437ed2e7a436be17b0a7b2e01537e5cba2d15dd43461a84e3d922cdf5cc
CLIENT_TRAFFIC_SECRET_0 7c11cebfed48b8454f1c84c05736821e69d7be476b0385c8f380149b71a3f652 a661994f3134bf18b312404eb19afca7f36158f7aa2cbf7b4dad52bf1af63833
SERVER_TRAFFIC_SECRET_0 7c11cebfed48b8454f1c84c05736821e69d7be476b0385c8f380149b71a3f652 e2deee859dd29e9e4749147478d79e2bcebfbf770845b352443c8fda6874620f
EXPORTER_SECRET 7c11cebfed48b8454f1c84c05736821e69d7be476b0385c8f380149b71a3f652 6cddb092b03fd97fc55c786ca08f395c674a433583c594b3ec749d3b48b88b2a
CLIENT_TRAFFIC_SECRET_0 3df9ba7249e7239c87edabd4bd1c966af96e053e122092a6ab87bb709671e5e2 7567a2b676af0b2aeb7033b9a19217719c28830558adce5d26602c4899e343c2
SERVER_TRAFFIC_SECRET_0 3df9ba7249e7239c87edabd4bd1c966af96e053e122092a6ab87bb709671e5e2 47241a10248fa490778eaa5894c51436aba1ef93f5c20a3df9aa84ee653b54f3
EXPORTER_SECRET 3df9ba7249e7239c87edabd4bd1c966af96e053e122092a6ab87bb709671e5e2 36f2489169825fd200fccee7859fb0c066da1d4207e164c1ab82ad1ca9012d38
CLIENT_HANDSHAKE_TRAFFIC_SECRET d49d0b9adaf2a197c3e6f16e05afc800d8a94692e2a31f988fbdc97d11463850 970ee0da869effe16c7adefdbd2d1f3ce388b68eed710d735212e8470e13137e
SERVER_HANDSHAKE_TRAFFIC_SECRET d49d0b9adaf2a197c3e6f16e05afc800d8a94692e2a31f988fbdc97d11463850 39d17512998105855613f4f7e812c647ffe85df33768977e3a35858ceefc4acf
CLIENT_TRAFFIC_SECRET_0 d49d0b9adaf2a197c3e6f16e05afc800d8a94692e2a31f988fbdc97d11463850 94a51a7f6671c17108455675e047dc2ca7b61431c254e7ce05599633a6421e19
SERVER_TRAFFIC_SECRET_0 d49d0b9adaf2a197c3e6f16e05afc800d8a94692e2a31f988fbdc97d11463850 1c4c727c4d7aca610a38cd51aa7398850f6ef50ca2a53c3ae3667d202a791cdc
EXPORTER_SECRET d49d0b9adaf2a197c3e6f16e05afc800d8a94692e2a31f988fbdc97d11463850 e79ed91758a785f19b7d09349e4a0e0b989e3a174ac2bcea512dda6db73fcdf4
CLIENT_RANDOM 8a599acb034b798946c74ddef484a5cbcd9972d113ced45b553ed393c76cec84 847544eb577efd49548f831eac1dd01aac195d52b55d4e0708bfaba8279da7a986178debb32ae92226788527aa2822c6
CLIENT_HANDSHAKE_TRAFFIC_SECRET 55cb1d12829e9d7209a112fdbdfdccd64e10c3bedd7becc5d7ad7e2ecbb50b24 c1a6905ab9814a3b66e16b689faf7b27b6e3ff8d1b1e05f40f458cf891499a86
SERVER_HANDSHAKE_TRAFFIC_SECRET 55cb1d12829e9d7209a112fdbdfdccd64e10c3bedd7becc5d7ad7e2ecbb50b24 c363171fe3b47cbf0017bfd18c5af30a17acc4415b781b0439fe1d695b3d200a
CLIENT_TRAFFIC_SECRET_0 55cb1d12829e9d7209a112fdbdfdccd64e10c3bedd7becc5d7ad7e2ecbb50b24 a448b821f99d68e5190de43940b72c16cefde211e537b17372a81d2a2b494096
SERVER_TRAFFIC_SECRET_0 55cb1d12829e9d7209a112fdbdfdccd64e10c3bedd7becc5d7ad7e2ecbb50b24 fb9de46c63b71bab329dc3d399cc1c8ad46d80f23763d60f3b554d8280f768bc
EXPORTER_SECRET 55cb1d12829e9d7209a112fdbdfdccd64e10c3bedd7becc5d7ad7e2ecbb50b24 bf590f7872b0e87c8a536acf0dc2a28dab1cd60495065c0e8c48ff7d0d1e630e
CLIENT_HANDSHAKE_TRAFFIC_SECRET 80e68e4f6a607d16b22dca05732aabed92a13c79d7d1e046858f5b1cf98be3be 866ece869f5d9d74a14a1abe55c5a8f9349d270b9ccc93e4f20ed43f71cd783b
SERVER_HANDSHAKE_TRAFFIC_SECRET 80e68e4f6a607d16b22dca05732aabed92a13c79d7d1e046858f5b1cf98be3be 921362169004b372753bc721d7efe4c31bb55926efaf6730925b947ddaf5b5d6
CLIENT_TRAFFIC_SECRET_0 80e68e4f6a607d16b22dca05732aabed92a13c79d7d1e046858f5b1cf98be3be 4bc68e40abd2cc58b0807898ec0b26442ef0453939567f2e77e17f714fea35b5
SERVER_TRAFFIC_SECRET_0 80e68e4f6a607d16b22dca05732aabed92a13c79d7d1e046858f5b1cf98be3be 735d1887fc78fa683810b2bc729e92544f49a8bf16856d12b8a1cbd756b30b98
EXPORTER_SECRET 80e68e4f6a607d16b22dca05732aabed92a13c79d7d1e046858f5b1cf98be3be 4fc912d05b15cdf76fd98e7c9f6f2a071da8d113b1c4b8e1401795a21d4b650b
CLIENT_HANDSHAKE_TRAFFIC_SECRET 5f669099be81814af28d0b33b4dd53d0e974bdf1170f76ce8b0116689dfd6bf3 801c220bb0a6772c1b009b0d2d347a60c5de29383a5d5d17f6d299f3cb96b3b4
SERVER_HANDSHAKE_TRAFFIC_SECRET 5f669099be81814af28d0b33b4dd53d0e974bdf1170f76ce8b0116689dfd6bf3 f71783487909313d7d5c31e29b6798390843b9ffa9cdd685b3b645218597f5c3
CLIENT_TRAFFIC_SECRET_0 5f669099be81814af28d0b33b4dd53d0e974bdf1170f76ce8b0116689dfd6bf3 71b5d363561e332abef96fd308d90e2532b9824ceab56f3136724513292cf005
SERVER_TRAFFIC_SECRET_0 5f669099be81814af28d0b33b4dd53d0e974bdf1170f76ce8b0116689dfd6bf3 1cb3de3f3aa5444b8b44bfe15436384a31b751b9c63f029eed52abd095f46277
EXPORTER_SECRET 5f669099be81814af28d0b33b4dd53d0e974bdf1170f76ce8b0116689dfd6bf3 2edfc02d8731f6df8301f9e028f6dd21f03be04f83cf3a9306a5b249dc12acdb
CLIENT_HANDSHAKE_TRAFFIC_SECRET 18d4c701f23ae7d55ec76da9bc1ded93e1c82438444f54face593e112563baea dbd85fc0320ea7ab4428474fd3d1735d55418744e4f3c0739e75fbc275067e2ebd04f50c83fd10b9a64aad45429ac817
SERVER_HANDSHAKE_TRAFFIC_SECRET 18d4c701f23ae7d55ec76da9bc1ded93e1c82438444f54face593e112563baea 2be444d2c13542f99231d3160e45bf034d9fdeb7e01baee4f7f7ee0ed2987893b3d7ee4abc905b170bbf6593ffaa9a93
CLIENT_TRAFFIC_SECRET_0 18d4c701f23ae7d55ec76da9bc1ded93e1c82438444f54face593e112563baea bac921f656543e9f09ca1a2939e352d2178ed37b0eecbe4f2a0f2b35fec99a2b2a9bb6a844f3918dfdcd21b0c78aa291
SERVER_TRAFFIC_SECRET_0 18d4c701f23ae7d55ec76da9bc1ded93e1c82438444f54face593e112563baea 6c5ec839df29887192898cbc17337188ca2f8a3979687003e7fe74928a6924fc6e951d8d51477e833a342cfcb7b44d76
EXPORTER_SECRET 18d4c701f23ae7d55ec76da9bc1ded93e1c82438444f54face593e112563baea 15e2e96320ffc843df0631efd62474612dc57954492d06f1fd46b17036174d2652148deeb8b552b6ee9fc66b8667228a
CLIENT_HANDSHAKE_TRAFFIC_SECRET 1257eeae98fd8e93b6201cb919d7c95b54e141f353169840c8434170d479173f 9f99737741fa62c773b905cb443aeb7a40902e4cf408779aa1469e68d51e7b5007a5819fb3fb72bdec5205bfbb052fbf
SERVER_HANDSHAKE_TRAFFIC_SECRET 1257eeae98fd8e93b6201cb919d7c95b54e141f353169840c8434170d479173f 8f8764975b18bdc1cbe3ebf67d44ddc8f0666970862f72e09092712e29c91644827f7f55c181ba2a2dc04c5f212bc64d
CLIENT_TRAFFIC_SECRET_0 1257eeae98fd8e93b6201cb919d7c95b54e141f353169840c8434170d479173f f70993243b348605fdfbc364e8412b310e42ff517a30337f4a6fc5fd7bb6f513436b08c1ce07952ce5806ad67eac07a5
SERVER_TRAFFIC_SECRET_0 1257eeae98fd8e93b6201cb919d7c95b54e141f353169840c8434170d479173f 035d6121df4a9a756fdcb0130487feee8da2c1d541c86f3d6405687f7137d0d66add5f1a820e0a7ddd173fd1a6b77498
EXPORTER_SECRET 1257eeae98fd8e93b6201cb919d7c95b54e141f353169840c8434170d479173f f84f31ba38e1f2c56118731cb23451053c091b31f77a75a5d244f06aa96c06adcdfe730c6b529891124cd3b5a8064695
CLIENT_HANDSHAKE_TRAFFIC_SECRET 95f419844bd473ba168c533e5a4dfd1b7b060a136452cefd666df0b1ce50dc33 d84d87f6d43a8ac2688f3591d32412abb6722af2b7d17621a03120b64dcb30b529cac11b9e39ddeb1851fca53f39d2c0
SERVER_HANDSHAKE_TRAFFIC_SECRET 95f419844bd473ba168c533e5a4dfd1b7b060a136452cefd666df0b1ce50dc33 65596fc52b8b88b770bd1ac117c2b6cb71a0de9afc444f038291a83acf00fbe937b592da418e7b990937d84e816ab5d3
CLIENT_TRAFFIC_SECRET_0 95f419844bd473ba168c533e5a4dfd1b7b060a136452cefd666df0b1ce50dc33 dbc6d9a9dfe3471e42ec0fe439eb4069e628b2d99079ec40d66bbbd56db13b2ae2bb9a4138af11d6445fcf6a8e95cc15
SERVER_TRAFFIC_SECRET_0 95f419844bd473ba168c533e5a4dfd1b7b060a136452cefd666df0b1ce50dc33 3b661d3c82a4d92db7751b6eb3fdd88f19bfb7ecbbe4190d447961431773a71ded4c548c1d36895c53c3750897f532a1
EXPORTER_SECRET 95f419844bd473ba168c533e5a4dfd1b7b060a136452cefd666df0b1ce50dc33 efefebe24a7a7ce26ccfb18469a1525880bd7e6ffd8ea1c940609d20c41caf0f304bbb4aa44ad8d12674f034220fdb96
CLIENT_RANDOM 187d4af6e5ee77b21c89ed18a67dfc858c52b24c5ac694f7c63cc5388c05ee02 2ffc6a8e681830bcf82ae23047fe046d905e3e60d8236de7764490044b7ed47b1f853354ea30516ff033ec38f777ca34
CLIENT_RANDOM e9cf8602ee772ca8a6a6456ded524447d44597360124dc507676e201b0b657d9 9b35ff3e7848411aa263527e8af08c99e05b032530b7a97d65aeb081f7a456325488894bab3a2b2e4d7093a147f20bc7
CLIENT_HANDSHAKE_TRAFFIC_SECRET aab9d2224ce88f646ee32a8193a58eae6e455a8e821ebda8c7702e283d9554b5 f0a79e0684dfb70d42fe35e1b0aba21901ba7a137ba23d607747b409484ab03fc0dd231fd55f67bd0249a1a95aa9297f
SERVER_HANDSHAKE_TRAFFIC_SECRET aab9d2224ce88f646ee32a8193a58eae6e455a8e821ebda8c7702e283d9554b5 df9b3f1d447fd2019d0e4e20b1230ebe581048590b3d6d35f9b6143fc365796dbe78ad0c977729f7fa03200d2034b49d
CLIENT_TRAFFIC_SECRET_0 aab9d2224ce88f646ee32a8193a58eae6e455a8e821ebda8c7702e283d9554b5 8a548e08e9903b3e3768cab0c0a4c846d11c57333fb900d11fd9ab4b177eae5bf9840700eb593943a6d2d4702f4017ed
SERVER_TRAFFIC_SECRET_0 aab9d2224ce88f646ee32a8193a58eae6e455a8e821ebda8c7702e283d9554b5 33464cb6bd25c716c7ed2a58e02b64e03b8e7463ab4fe4ca20098b1b187c15b870cfed93f66f5f09f9e03513892a5a8d
EXPORTER_SECRET aab9d2224ce88f646ee32a8193a58eae6e455a8e821ebda8c7702e283d9554b5 eeb060747d6816fabedef5a0f05d67258662ce640688093ea716a2c51cb978a982bf97750c91773ce5554f9b4cd62040
CLIENT_RANDOM 6a0c90fc0c3ebe4a367b8c678da18357016b98837d7fdb9931a9cadedb4b5300 44e0acd9813c7f48519ad6d8936f7cc0e37ab053cbdf37da01ae53f034b1b65a3bbd47259b65e0071c2359589e3fd609
CLIENT_RANDOM b2d8bbce2185bd308375ddea1276fa8142719f614fb05119aa100cbe28874df4 b2ef26dfa976e5513b0d8e7d29e1249660c33f72068c601450c53e34907357728d30f4fe7198242809196f0edbd64524
CLIENT_RANDOM 33d66b7f827ee76574a3d3d17214945f38e8d9f885ca3dcfe8a62deefc1c9afc 0317def16abbc11acdfa0212df6c1dffae33942524b3cc430fd4e51ca566a02389e0dcfcf4dbc687034f2e08becebbbe
CLIENT_HANDSHAKE_TRAFFIC_SECRET 77fccb01c021fb3d7295988517c950e2b83dbfa19542f35f3d52cc9bd8851594 0176704bade409f801be23990d6d49b555adbc0e79698410752adb41ee99339d
SERVER_HANDSHAKE_TRAFFIC_SECRET 77fccb01c021fb3d7295988517c950e2b83dbfa19542f35f3d52cc9bd8851594 3195c92856dd9c468b289c258f4fef898197d2289e573da9a3561aae03d045f2
CLIENT_TRAFFIC_SECRET_0 77fccb01c021fb3d7295988517c950e2b83dbfa19542f35f3d52cc9bd8851594 e060297b59b663669bcd786e22b899715dc5e81a5672c0a19756d45885d358bc
SERVER_TRAFFIC_SECRET_0 77fccb01c021fb3d7295988517c950e2b83dbfa19542f35f3d52cc9bd8851594 5aebd47dabc5083125e2435e1f777604c3076712239359889f3ec61e64a0105a
EXPORTER_SECRET 77fccb01c021fb3d7295988517c950e2b83dbfa19542f35f3d52cc9bd8851594 fc5316f3a1f8f75b67f38ab3ee8dbc0074469dad2fa6b7d69971ec771b566553
CLIENT_HANDSHAKE_TRAFFIC_SECRET 86ad80027797ec6ce2204dba5e1698ebe01f950f2781ec4ccbab5b0227e95ff1 9607c8de8a3017351671f446a3df232ae693cb43c66e4479bd2823747667d065
SERVER_HANDSHAKE_TRAFFIC_SECRET 86ad80027797ec6ce2204dba5e1698ebe01f950f2781ec4ccbab5b0227e95ff1 ca58e06a1b5e026d4ff06d0f340ec2e1db62339b01f26e55e14d131ec06816c7
CLIENT_TRAFFIC_SECRET_0 86ad80027797ec6ce2204dba5e1698ebe01f950f2781ec4ccbab5b0227e95ff1 561b96705edd8146e05dd1c0d88aea88845c09aa3d3bacf246f094fdda34d757
SERVER_TRAFFIC_SECRET_0 86ad80027797ec6ce2204dba5e1698ebe01f950f2781ec4ccbab5b0227e95ff1 6213e2975ca3895f17970e5432279bae77894b3ab18a88f3dc3793987396dd41
EXPORTER_SECRET 86ad80027797ec6ce2204dba5e1698ebe01f950f2781ec4ccbab5b0227e95ff1 1f706a3ff74d8f5b2035d20f2814b8c23dff5cea185391a6276f9f0a0f82b6f3
CLIENT_HANDSHAKE_TRAFFIC_SECRET 838f937f5c72be7061e66eea8f36fb3f4e023321c3c9f48f4e23b6259c8858a3 b273ab787aa81cdc5d4e27a6dab1b169756f62ac890f5295f084220146ae15b1
SERVER_HANDSHAKE_TRAFFIC_SECRET 838f937f5c72be7061e66eea8f36fb3f4e023321c3c9f48f4e23b6259c8858a3 03ae0af3cb8e191e25961d0453813f82d8ad56e9d547a645ac722c5a41f0080b
CLIENT_TRAFFIC_SECRET_0 838f937f5c72be7061e66eea8f36fb3f4e023321c3c9f48f4e23b6259c8858a3 d72e027a853690612c14051c42846b27ce5b2bfec8ab43a0c13573fabce3858c
SERVER_TRAFFIC_SECRET_0 838f937f5c72be7061e66eea8f36fb3f4e023321c3c9f48f4e23b6259c8858a3 55caa8d90d12ada6cba0184532a2f2e628304e32fd06a13fbf9a8d6e541377ac
EXPORTER_SECRET 838f937f5c72be7061e66eea8f36fb3f4e023321c3c9f48f4e23b6259c8858a3 815a2acbf66dd8a4477be153bcec794de7ab086be76053c3108b2340f0fc7e3e
CLIENT_HANDSHAKE_TRAFFIC_SECRET 7a3702fb91763286a178f2013bb35aadd7b1cd69fdb765d0123ea46d21252eab 5ec069dadf265049bdafc1f56369f3762a613df218498fef4454f9c4db1addde
SERVER_HANDSHAKE_TRAFFIC_SECRET 7a3702fb91763286a178f2013bb35aadd7b1cd69fdb765d0123ea46d21252eab b8ebb4d4bea0fc82bcb881d18a865377261b1dd30daae27dbaca6d48307eed07
CLIENT_TRAFFIC_SECRET_0 7a3702fb91763286a178f2013bb35aadd7b1cd69fdb765d0123ea46d21252eab 85ad7411b8fb19e2721a5dc6b66aab06208a1eb1d1b0a8a3be475f25820ab5b8
SERVER_TRAFFIC_SECRET_0 7a3702fb91763286a178f2013bb35aadd7b1cd69fdb765d0123ea46d21252eab 0dcb65259e220b5971ece0b7ef6cb8faa5a39d1a8516a4d8d60812ecface352c
EXPORTER_SECRET 7a3702fb91763286a178f2013bb35aadd7b1cd69fdb765d0123ea46d21252eab 70e5119d18d359b9dfab21d93117ae220156db5744dc949d970b83ef87939483
CLIENT_RANDOM afd3e8817e1ac86f37d4b0e6bcc3b2aa13d2887f4fc6ae5968d2be7c1b107a16 0317def16abbc11acdfa0212df6c1dffae33942524b3cc430fd4e51ca566a02389e0dcfcf4dbc687034f2e08becebbbe
CLIENT_RANDOM c82600dc92d114e905992ceef6253cc9fa0a5ed3c801238f0e7bbe3c2332f413 2ffc6a8e681830bcf82ae23047fe046d905e3e60d8236de7764490044b7ed47b1f853354ea30516ff033ec38f777ca34
CLIENT_RANDOM 865d691d4e4fd7c61aae05c1d4d7684b633df2df45d897e252aab00e6d1a6186 9b35ff3e7848411aa263527e8af08c99e05b032530b7a97d65aeb081f7a456325488894bab3a2b2e4d7093a147f20bc7
CLIENT_RANDOM 680c6d905c08463cb9bb2131cc03087c2c70b627a1ceceac37a1cf7630e72747 c858bf7e0c37da81e42b9900bff69d929d5f548b1bcd3c9685e348d32349a8ae48e0ddba39d25ab4773c54496fb945e3
