CLIENT_HANDSHAKE_TRAFFIC_SECRET a20bf77ffe36033684b145c113893c345b7dfedcf6a4709ae0c156154bd180f8 72b911b9470a6c5cc5f669369a2b27bcbefde66cfb4f195c2f47b6c4a6ea2dfe
SERVER_HANDSHAKE_TRAFFIC_SECRET a20bf77ffe36033684b145c113893c345b7dfedcf6a4709ae0c156154bd180f8 930b82b5b152c0975ebfb6a1a68d9e829b6d99064ff69f7339fd4f314a956107
CLIENT_HANDSHAKE_TRAFFIC_SECRET 42332151cf97960abef00bbb855aed1d74be93fcc399bea4eb83a44fd5d828f2 4e2cd468ec23c370f6e28b12f1b072a94a97c54b16c314cfd27b83d078c28fb4
SERVER_HANDSHAKE_TRAFFIC_SECRET 42332151cf97960abef00bbb855aed1d74be93fcc399bea4eb83a44fd5d828f2 c8fb81b55f98576c357ee42781f2f8470fb709e986f5fe82cfa79ee7599ce71c
CLIENT_HANDSHAKE_TRAFFIC_SECRET 861a3987de950208452c4ffc4efa3bb287d6c42cdcec41ea9de81fabd7fec038 eb585a84776ea7553b8a22b171a3064ea784843812b386ac738e259bd8972702
SERVER_HANDSHAKE_TRAFFIC_SECRET 861a3987de950208452c4ffc4efa3bb287d6c42cdcec41ea9de81fabd7fec038 2cdfa24dc399cea599c311b7073df542829e1693361abcda95b38127cfcb9c3a
CLIENT_HANDSHAKE_TRAFFIC_SECRET a47bb6433431831c8c5a4f44d8f19556f16b645c5181b4056a37b91f5774f1be 42f50bc220ffb5238752bcd87017d0d1f9742cbd9a558b9f5831b507df3cadc3
SERVER_HANDSHAKE_TRAFFIC_SECRET a47bb6433431831c8c5a4f44d8f19556f16b645c5181b4056a37b91f5774f1be 94e03e5e02b954f88664c501a96f5fad7e2663b76793e880094138288e1ede01
CLIENT_HANDSHAKE_TRAFFIC_SECRET 739a5795175c89354cd6430ec65475b71b0644f136fa9de24758013fad7a566b 8a257d5172a7eaa068f867a36f6a2990c902e56340375e70816bca43272ef673
SERVER_HANDSHAKE_TRAFFIC_SECRET 739a5795175c89354cd6430ec65475b71b0644f136fa9de24758013fad7a566b 54614dd3dbef5dfaefbf979b388ee7fb886b94837ab266533989a391baa0b73d
CLIENT_TRAFFIC_SECRET_0 a47bb6433431831c8c5a4f44d8f19556f16b645c5181b4056a37b91f5774f1be f37ee09895a98b3acde3848341996a2c0680b08c11d7b7965ace19c23561fd57
SERVER_TRAFFIC_SECRET_0 a47bb6433431831c8c5a4f44d8f19556f16b645c5181b4056a37b91f5774f1be 8a271d0a1dbd5421fc3b7a1c8df84457a102ac856e56c251133830c4e0b2695f
EXPORTER_SECRET a47bb6433431831c8c5a4f44d8f19556f16b645c5181b4056a37b91f5774f1be 6b63fb84d0cfa7078ca68ca936006a3b52cb1e065b8c0df5c30a4f489b5d89a5
CLIENT_HANDSHAKE_TRAFFIC_SECRET 4b288c02df25e8bd53f673a39415ff95d7db9b7843a20f69870a65eb73399773 942915e2987e227d06f1ddb9ede3bc9290fb61ed83da9e4fb5532fa76be79c49
SERVER_HANDSHAKE_TRAFFIC_SECRET 4b288c02df25e8bd53f673a39415ff95d7db9b7843a20f69870a65eb73399773 dd6ba847b90e798290cabf8a70df55c16509b89ac0cb30c523b1945b30429fe9
CLIENT_TRAFFIC_SECRET_0 4b288c02df25e8bd53f673a39415ff95d7db9b7843a20f69870a65eb73399773 520b1dfad12a88c14f7793860d0c70fa0c85a10537c27e7ee085c8e457cca372
SERVER_TRAFFIC_SECRET_0 4b288c02df25e8bd53f673a39415ff95d7db9b7843a20f69870a65eb73399773 4589f2ad8158cc0cff505b86f3365e2ce4cf129fdc9bc3c89ad0c04ce5143e9c
EXPORTER_SECRET 4b288c02df25e8bd53f673a39415ff95d7db9b7843a20f69870a65eb73399773 ca690af92b6e667e5be178b1c753ed46f3dc6c4b5bc5382084d726e354932ef7
CLIENT_HANDSHAKE_TRAFFIC_SECRET 973594262ecd51eeeecb902187e1b770280e5d54ca42ca2887f29e67ce4738e9 a653eaa6d4748c24a85e242a62c68354d4abc1cc785edad4bb06121fe9d1ecd9
SERVER_HANDSHAKE_TRAFFIC_SECRET 973594262ecd51eeeecb902187e1b770280e5d54ca42ca2887f29e67ce4738e9 b755338b17ea1149c7f0574de32a487b6eb6171bc2b338323cc116638522fd1c
CLIENT_TRAFFIC_SECRET_0 973594262ecd51eeeecb902187e1b770280e5d54ca42ca2887f29e67ce4738e9 43f1653f46c6ae2df5fb7d29038c22c836fc6b5de7b2293877859383ee11c201
SERVER_TRAFFIC_SECRET_0 973594262ecd51eeeecb902187e1b770280e5d54ca42ca2887f29e67ce4738e9 1df196c2d4b80692024049a1896bc227847ab959d2b42909e22af8ae888bd060
EXPORTER_SECRET 973594262ecd51eeeecb902187e1b770280e5d54ca42ca2887f29e67ce4738e9 86366a94ddb0efb7eef07314f78debedad1b202e5cbff803c00578c29dc780a4
CLIENT_HANDSHAKE_TRAFFIC_SECRET 88ddaa8600bded7d52892476680a4e4462b6346a62642ef70e0fefb7f4760ac8 53e2e95d6dd3958f21397b600c437a054a91617ef1d6503146639ec698f51b32
SERVER_HANDSHAKE_TRAFFIC_SECRET 88ddaa8600bded7d52892476680a4e4462b6346a62642ef70e0fefb7f4760ac8 22a3e86e6510248261384a405aa5a862f724ad910503fa0218bcb7e96a3a16ad
CLIENT_TRAFFIC_SECRET_0 88ddaa8600bded7d52892476680a4e4462b6346a62642ef70e0fefb7f4760ac8 23a0d2163b025284a681de47f8115b60e490dfbbd38be3448d20054daf755ae0
SERVER_TRAFFIC_SECRET_0 88ddaa8600bded7d52892476680a4e4462b6346a62642ef70e0fefb7f4760ac8 cc99336897a420616dc9fbcef6c171c591ec7cbfb6e5383470a94dcd7b16dcec
EXPORTER_SECRET 88ddaa8600bded7d52892476680a4e4462b6346a62642ef70e0fefb7f4760ac8 727c83ce5c47a39d75345053cc77d49926daa6980a6023cf5dc5675b333a701a
CLIENT_HANDSHAKE_TRAFFIC_SECRET b0ca7a0e72ccef59b3242b6af0fd5248d3aff8cbb1f1f03c06a0ac9f1301fe6d fdc15d2be8228a9fdc13bd47be56878a8796486d8474ffc237df2fdabfb85689
SERVER_HANDSHAKE_TRAFFIC_SECRET b0ca7a0e72ccef59b3242b6af0fd5248d3aff8cbb1f1f03c06a0ac9f1301fe6d d8800e64fa982d25d0e5015921e8bfb081082b8e9312ec89238ab26c6efc2cef
CLIENT_TRAFFIC_SECRET_0 b0ca7a0e72ccef59b3242b6af0fd5248d3aff8cbb1f1f03c06a0ac9f1301fe6d 09c03f855cef63724779be76ff36c47d8c4e9ef7efd188c41bfa6be128f7a088
SERVER_TRAFFIC_SECRET_0 b0ca7a0e72ccef59b3242b6af0fd5248d3aff8cbb1f1f03c06a0ac9f1301fe6d 29b6231df22332b5d5feff62fdbd1945a61dfc865d341cb1334f18669630180a
EXPORTER_SECRET b0ca7a0e72ccef59b3242b6af0fd5248d3aff8cbb1f1f03c06a0ac9f1301fe6d 585cfbb3aed9825108ecb451109e5f16aa980d3fc69584d30eaffeef76dbe402
CLIENT_HANDSHAKE_TRAFFIC_SECRET f0fba60ed55e4798f6a6b6154f84b74593bd915486a3bfbf1b3d9e8e691727d7 44e82a57c50cfc85369ae815090f6e993bf97f811526c5a12d2c3d53f84ee703
SERVER_HANDSHAKE_TRAFFIC_SECRET f0fba60ed55e4798f6a6b6154f84b74593bd915486a3bfbf1b3d9e8e691727d7 5cc0e1bff556cce701fe239e8e5b29196a25c4c4272b382e76e640097b2eb5f9
CLIENT_TRAFFIC_SECRET_0 f0fba60ed55e4798f6a6b6154f84b74593bd915486a3bfbf1b3d9e8e691727d7 d50c8958c2a089dec6229317f4cad957389729d5cb8b0f4a74bd2880f2fc3801
SERVER_TRAFFIC_SECRET_0 f0fba60ed55e4798f6a6b6154f84b74593bd915486a3bfbf1b3d9e8e691727d7 0852b501778ab4771a59d3f97ff38dfa7e6493e2cbfd15d5378ff78bc8325ecb
EXPORTER_SECRET f0fba60ed55e4798f6a6b6154f84b74593bd915486a3bfbf1b3d9e8e691727d7 9f8e8f20438731d836c80b60d2dd9860a7192106fcdd2cd23ec6bfa3dd8bb3c2
CLIENT_HANDSHAKE_TRAFFIC_SECRET d16d420169b9daed40293cd3dd2975d79ae6280b60da4795721e8236889c822f abe4b0d7fc8b042c89a7a54c8d7bded063ecf44b259dbde9965e1ed79e12a4f8
SERVER_HANDSHAKE_TRAFFIC_SECRET d16d420169b9daed40293cd3dd2975d79ae6280b60da4795721e8236889c822f 80cfeaaae142fdec789111b5bd10eb750b5691173ccad11a45f0d9ffa27c8c4e
CLIENT_TRAFFIC_SECRET_0 d16d420169b9daed40293cd3dd2975d79ae6280b60da4795721e8236889c822f 66c0194e4443f9472e01db95898b652d407fd144004075f806b5e2355ee3a252
SERVER_TRAFFIC_SECRET_0 d16d420169b9daed40293cd3dd2975d79ae6280b60da4795721e8236889c822f bdc3ce91e4c44c68af9be9de9e5c5f15fc427935531be72c8dd531c51bac8d03
EXPORTER_SECRET d16d420169b9daed40293cd3dd2975d79ae6280b60da4795721e8236889c822f 36e888c5f7e61abf4b51c23c05f3f24bc547f8ac45626d5e97f1916ecf97084f
CLIENT_HANDSHAKE_TRAFFIC_SECRET 5dd4bd620590503dd8c78130287096d3ac65e52131835928d04d89c2d9137641 8f2b4445f582cbb2c8e5b50adfaf2df2646986b3c1d50bdb6ebf3ba1694a8eda07f3066e0b00a332d4678007df632a38
SERVER_HANDSHAKE_TRAFFIC_SECRET 5dd4bd620590503dd8c78130287096d3ac65e52131835928d04d89c2d9137641 984cab2069a90669a6343d91cd5ca1cb7d0aa71ad2648e1118f6626bfc9c22797ade2ef52a41a91830e462714feeef25
CLIENT_TRAFFIC_SECRET_0 5dd4bd620590503dd8c78130287096d3ac65e52131835928d04d89c2d9137641 d6f9275a9fc38ec8fe96ed0b1a00749cd8fcd9df6572c43398403509ee7d9e18504e8ee791964efc1779d2732906ec36
SERVER_TRAFFIC_SECRET_0 5dd4bd620590503dd8c78130287096d3ac65e52131835928d04d89c2d9137641 6e4eff8fa89f8ccf8d2cce615dfae4e729cdae0660c16636304807c36da2135a27dbafe868655c280d51eee60e225265
EXPORTER_SECRET 5dd4bd620590503dd8c78130287096d3ac65e52131835928d04d89c2d9137641 f9def5944b5402ba3b12090a95a60a2a8d76ef0a63f29b9959eb4800989303550e9ddb85384872ca2cb7d99885d413ee
CLIENT_HANDSHAKE_TRAFFIC_SECRET 22164d1f384b820261673c0af9b43a868eed2e0e5a47458897c68eeaefcc03d8 cafa01412ffca5d45dcc09e5410e44375d3f28555b9e13f879326420ca4e2fcc
SERVER_HANDSHAKE_TRAFFIC_SECRET 22164d1f384b820261673c0af9b43a868eed2e0e5a47458897c68eeaefcc03d8 c7f1ec72041d560b439b6aa6e21e2a0d0043d34f04a1b527110408011acd43e6
CLIENT_TRAFFIC_SECRET_0 22164d1f384b820261673c0af9b43a868eed2e0e5a47458897c68eeaefcc03d8 37a9466f33cdd262e42092c051ef68c86a72ad5025ff38233fb8da2a26b1a88e
SERVER_TRAFFIC_SECRET_0 22164d1f384b820261673c0af9b43a868eed2e0e5a47458897c68eeaefcc03d8 0eddc2dd78f235b16b7a546c2190f0b594cf09a6d4afca7f323d5d12b0b5572d
EXPORTER_SECRET 22164d1f384b820261673c0af9b43a868eed2e0e5a47458897c68eeaefcc03d8 589b9f67e6da154b0d4de195f8e7e2198e7b3f23c079431c503ff213eb4c9b1f
CLIENT_HANDSHAKE_TRAFFIC_SECRET 5e6500cd23500eb1c135e9281e00e27c9a29bc4918e8af12b1208f959adbc228 4bb3cac7d1d94217d461045ecfb6ba809425c74b880ebf03bb6d9231de24546d
SERVER_HANDSHAKE_TRAFFIC_SECRET 5e6500cd23500eb1c135e9281e00e27c9a29bc4918e8af12b1208f959adbc228 36aed9ffda1f010dc516b69bb8dba6c571db7e7c8dc1565509b58240bc4d8380
CLIENT_TRAFFIC_SECRET_0 5e6500cd23500eb1c135e9281e00e27c9a29bc4918e8af12b1208f959adbc228 5203247bf0f837fc1195d547b8dace003b52141638fdf9e2fb33e0a044122f0a
SERVER_TRAFFIC_SECRET_0 5e6500cd23500eb1c135e9281e00e27c9a29bc4918e8af12b1208f959adbc228 440e8f4f574e2b7adf3ea563b6788c94ab47e2bb40fedf8d41ad272a3710b2a1
EXPORTER_SECRET 5e6500cd23500eb1c135e9281e00e27c9a29bc4918e8af12b1208f959adbc228 b42fa6c5c7aa1ff79449568161b28b71e43177f3dbcdfda36d923b5bc3dae80e
CLIENT_HANDSHAKE_TRAFFIC_SECRET b5ebfac064a7fd3f52875459fbad4e7422764cc8c3694a356bb798c177fd817a d5aff7ebe1ac189ee8388c6e179d2341d2cec164d5a35ab3aa030e6f869132f7
SERVER_HANDSHAKE_TRAFFIC_SECRET b5ebfac064a7fd3f52875459fbad4e7422764cc8c3694a356bb798c177fd817a cb263ccfd1eb4de26c665fefe9c3f31c4c9e229f0641f6a5ab29face30732d87
CLIENT_TRAFFIC_SECRET_0 b5ebfac064a7fd3f52875459fbad4e7422764cc8c3694a356bb798c177fd817a d5d9e441a4d01ef48b12b5c2735b7ac252b3eef6f65aec2e0e616e1a60789af4
SERVER_TRAFFIC_SECRET_0 b5ebfac064a7fd3f52875459fbad4e7422764cc8c3694a356bb798c177fd817a 477a7b9526457897f0fbae2322941a6a594ac25ee7cc08c40e1b807bace76177
EXPORTER_SECRET b5ebfac064a7fd3f52875459fbad4e7422764cc8c3694a356bb798c177fd817a 2443443c7da2a3586c164bef7ee10833bc0630722f967f04a4b2bbae7e9d7663
CLIENT_HANDSHAKE_TRAFFIC_SECRET 7c6c1448f9464c2515c6116b7f45d7a8ace3ebf74898bf403437e4c52cc1953b 0f085bf440d3822fde8aba3cb58c2eb2dcedf78deb1bf894894683935caafa9e
SERVER_HANDSHAKE_TRAFFIC_SECRET 7c6c1448f9464c2515c6116b7f45d7a8ace3ebf74898bf403437e4c52cc1953b 26f6e651dfffd49ef001adb5c7e8b0eae634b99c713be15bcb19b6a989d60a23
CLIENT_TRAFFIC_SECRET_0 7c6c1448f9464c2515c6116b7f45d7a8ace3ebf74898bf403437e4c52cc1953b ad4f0a225a4f15ff3e8e57f7e0fd44ea6f00643d374bc898885130e12f4aa916
SERVER_TRAFFIC_SECRET_0 7c6c1448f9464c2515c6116b7f45d7a8ace3ebf74898bf403437e4c52cc1953b 6e50575cb918f1ad64d5dccba14825325efb9541c072a5865cc4e839f833e099
EXPORTER_SECRET 7c6c1448f9464c2515c6116b7f45d7a8ace3ebf74898bf403437e4c52cc1953b e6555bb90b35aa6ffe3d8b5848d00cbeed2265fdd2499a20d275b7b1c1417411
CLIENT_HANDSHAKE_TRAFFIC_SECRET 83318deefc5744300171fe30fa9674fa2bb8d79eef39be573e5b1af7dba286b1 53fa66daa0a7779c719c6292512190dfd8f528af9779f2e740a4e9c76b0bd2d5
SERVER_HANDSHAKE_TRAFFIC_SECRET 83318deefc5744300171fe30fa9674fa2bb8d79eef39be573e5b1af7dba286b1 4ade1b7acc44617944bece5826d280ed48a8898f194f96cf96698f16031f36f7
CLIENT_TRAFFIC_SECRET_0 83318deefc5744300171fe30fa9674fa2bb8d79eef39be573e5b1af7dba286b1 97506d226ad9f122093eb5e7edba55b005b34c1ff31224bf38472b2ff809a119
SERVER_TRAFFIC_SECRET_0 83318deefc5744300171fe30fa9674fa2bb8d79eef39be573e5b1af7dba286b1 7b034e2a85b4e0251c11bb3ee07c9d99092952891af5babffcfdd108b3264d61
EXPORTER_SECRET 83318deefc5744300171fe30fa9674fa2bb8d79eef39be573e5b1af7dba286b1 b0ba5b7d415345af20c7a67b5d44dafaf70f863e1b13bbf0a945dabcb3d502c8
CLIENT_HANDSHAKE_TRAFFIC_SECRET fd3f3a854d3dd968d47c51843e27a5d091f187145f1b13bed8219ce2d43fc521 a6fe484a57dd50ccf4514a64b8b31dfcea5c7681ade8b026d28e8227169625ee
SERVER_HANDSHAKE_TRAFFIC_SECRET fd3f3a854d3dd968d47c51843e27a5d091f187145f1b13bed8219ce2d43fc521 65e9b3e512196ee2638e2551cb74997b35f46af8e4776f6eb16cca5746d10d72
CLIENT_TRAFFIC_SECRET_0 fd3f3a854d3dd968d47c51843e27a5d091f187145f1b13bed8219ce2d43fc521 773a60125a588776c8349cc7e11b94cd073d57a29d70d7cd767876d06b519785
SERVER_TRAFFIC_SECRET_0 fd3f3a854d3dd968d47c51843e27a5d091f187145f1b13bed8219ce2d43fc521 942d5d0d0e829e993bb3bacb12b7af619fc35b8c7e02bc51847c13baafcbc1e1
EXPORTER_SECRET fd3f3a854d3dd968d47c51843e27a5d091f187145f1b13bed8219ce2d43fc521 960540c0ebecd70d90baef065b8a15db814fc1fe3b3bc1907693285fdb3990f2
CLIENT_HANDSHAKE_TRAFFIC_SECRET 7fbe2bdcf3ced7f9b97cc1d1e6518ed8505c94f1db2afa0b30e90c9812b3f2f6 50e0591935a705911657859a46d86a848528e567c4c8023586c725374d8aa089
SERVER_HANDSHAKE_TRAFFIC_SECRET 7fbe2bdcf3ced7f9b97cc1d1e6518ed8505c94f1db2afa0b30e90c9812b3f2f6 1dbde34209d4dfc2329552efeb3418115b1bb42653467884b4c16b1473a5cb63
CLIENT_TRAFFIC_SECRET_0 7fbe2bdcf3ced7f9b97cc1d1e6518ed8505c94f1db2afa0b30e90c9812b3f2f6 1509199c25e40af3428effee08a0632e3677b0881a935791c3e63208593487cc
SERVER_TRAFFIC_SECRET_0 7fbe2bdcf3ced7f9b97cc1d1e6518ed8505c94f1db2afa0b30e90c9812b3f2f6 718c5126b34200a58382d7d6c887f16a00ed4773bfa09702a216d9a8c68e31e7
EXPORTER_SECRET 7fbe2bdcf3ced7f9b97cc1d1e6518ed8505c94f1db2afa0b30e90c9812b3f2f6 3e47de137359a782f1a3c5f3eaf911e1da3da6a25529c31f0bdc7ebda208777b
CLIENT_HANDSHAKE_TRAFFIC_SECRET f9a7281f60ab9eefc7b4d319decbf282130c88e056ed83dbed4a466e9327182c 417d4a56287afe73e548c3118f5c73b4f5cf1706d04eb2e600cf493f816e838b
SERVER_HANDSHAKE_TRAFFIC_SECRET f9a7281f60ab9eefc7b4d319decbf282130c88e056ed83dbed4a466e9327182c 074cde0cf6827792abca41a4a5acbec4fc0c5d1cd7c4555dbedc1429db7eab96
CLIENT_TRAFFIC_SECRET_0 f9a7281f60ab9eefc7b4d319decbf282130c88e056ed83dbed4a466e9327182c 5e296f471790427a21567f0b22fb5c353ca80ce480dd68c9179f0aa9f14cc187
SERVER_TRAFFIC_SECRET_0 f9a7281f60ab9eefc7b4d319decbf282130c88e056ed83dbed4a466e9327182c e60934612789d704e4b4465114487c737e295f82a8b447caec595b54f0551422
EXPORTER_SECRET f9a7281f60ab9eefc7b4d319decbf282130c88e056ed83dbed4a466e9327182c d8f699604e1a17e923d2eb3f88f46cff35047ddf26a78848463d0ec19313604f
CLIENT_HANDSHAKE_TRAFFIC_SECRET b78a7db1609f9ceb43598ac8bb0d3b4a2b2d08517a89b13299bcefe14eb496c5 aed75d1d77989b37eaf5632fffa52bb0a12844cb46af4ec50889846373511a69
SERVER_HANDSHAKE_TRAFFIC_SECRET b78a7db1609f9ceb43598ac8bb0d3b4a2b2d08517a89b13299bcefe14eb496c5 9f520e2660429997dcf007bb7f277ee1324b83909b3083eeb28be2dfb307694f
CLIENT_TRAFFIC_SECRET_0 b78a7db1609f9ceb43598ac8bb0d3b4a2b2d08517a89b13299bcefe14eb496c5 e14734ee978be69309fe55945c471207fcd821673f764b946fc272864bbd8264
SERVER_TRAFFIC_SECRET_0 b78a7db1609f9ceb43598ac8bb0d3b4a2b2d08517a89b13299bcefe14eb496c5 3747bbecdb06b0661b2baa202f24edb1816df43dae356a5eb83ac19e6da95db4
EXPORTER_SECRET b78a7db1609f9ceb43598ac8bb0d3b4a2b2d08517a89b13299bcefe14eb496c5 dc700461a1973672dcf0f250c5882ef7a5ffe6ac6dff1c71e29690f5dc47837c
CLIENT_HANDSHAKE_TRAFFIC_SECRET 787d9661e9d922388575719ceba2de8cabed2dcbdea9aac652c6fa7be6acf9fa fe524e63d8ba1a9d11f3725a245c7bf64096864e3a3103824edcbfc168cce9e4
SERVER_HANDSHAKE_TRAFFIC_SECRET 787d9661e9d922388575719ceba2de8cabed2dcbdea9aac652c6fa7be6acf9fa a34a5d4a3c3bfceac11e7a13a545dc7aa5577d08e6bf353ccb481048bb2227e3
CLIENT_TRAFFIC_SECRET_0 787d9661e9d922388575719ceba2de8cabed2dcbdea9aac652c6fa7be6acf9fa d3f74e4cfb2c4efd0d30f283f8bcbd5e6e99a628e8119b32c9d4bd282fb9eebb
SERVER_TRAFFIC_SECRET_0 787d9661e9d922388575719ceba2de8cabed2dcbdea9aac652c6fa7be6acf9fa d733b049b6d93d7771113614205d65c44c96a1a101bd3138eae9f3d5ba87e563
EXPORTER_SECRET 787d9661e9d922388575719ceba2de8cabed2dcbdea9aac652c6fa7be6acf9fa c87a9d8b880062e0145563530a31d6ef6967a67a6c438b722d74907feed8b61b
CLIENT_HANDSHAKE_TRAFFIC_SECRET a4bafb0d69e01cfc10835e9832f9d4a0734d7349e3e9e55226b4c5db266aa240 41506e8966a3ea1d7d378ee5de7e2f384fef45c5ec31d1eef065a73e7607bd00
SERVER_HANDSHAKE_TRAFFIC_SECRET a4bafb0d69e01cfc10835e9832f9d4a0734d7349e3e9e55226b4c5db266aa240 6fddedd78584c39f1d90559c35fba6e20ce4983985f2fbac74e2dd45cd389fc3
CLIENT_TRAFFIC_SECRET_0 a4bafb0d69e01cfc10835e9832f9d4a0734d7349e3e9e55226b4c5db266aa240 cde7cb5d6373efb16177d0d867fe3ac40493eb63d49ba6632cdc71566a7bccf3
SERVER_TRAFFIC_SECRET_0 a4bafb0d69e01cfc10835e9832f9d4a0734d7349e3e9e55226b4c5db266aa240 6aa5e57befb90df1b92788460a874f8a7e2646c3c544790676fc647ca06375b4
EXPORTER_SECRET a4bafb0d69e01cfc10835e9832f9d4a0734d7349e3e9e55226b4c5db266aa240 21fc4f206a9656f898d799d68c90a2be0d4ca60861feae03a954e62bce2c2df5
CLIENT_HANDSHAKE_TRAFFIC_SECRET 032a211061fbf54766511b75906c24f24b69be75c545e1f3b6a0477e844f9d8b 40b17b6206c96a309de5c089e565cf36f637f1a941ff96a341caf36686c94432c3549b53a6a3f9d1dd6af866dcb907f9
SERVER_HANDSHAKE_TRAFFIC_SECRET 032a211061fbf54766511b75906c24f24b69be75c545e1f3b6a0477e844f9d8b 7e858093ae1d295336b3adc667c23c357dbcf561d24475dfcd373cbf54debcf79fdcd24f60283df68b48400314a24282
CLIENT_TRAFFIC_SECRET_0 032a211061fbf54766511b75906c24f24b69be75c545e1f3b6a0477e844f9d8b 67f01e31b4017b290a0b7f03d7b478f130dbd87d13f5610963356e97bc36693d640be4ecbe38c1ff2286acc6bdc16743
SERVER_TRAFFIC_SECRET_0 032a211061fbf54766511b75906c24f24b69be75c545e1f3b6a0477e844f9d8b 725ec7afc784d592b56b119915bc187a42bebbaf6e61ab3075ee82fb07dbb67005a93843f5406761706c8eeebf6e217d
EXPORTER_SECRET 032a211061fbf54766511b75906c24f24b69be75c545e1f3b6a0477e844f9d8b 8605f6a7569e35cdc194f1ecd8a17e147248d7f965313483e9e3975a389ed9c880fc9502d144a76076ba5d028503f53d
CLIENT_HANDSHAKE_TRAFFIC_SECRET 9bd0d9b650523e5362b386852e60dc533082389ea2831e124600fff24f510829 06549a07794f84fb747c92d9f077de310fbacd87fa06e21db1ddfe9746c89652
SERVER_HANDSHAKE_TRAFFIC_SECRET 9bd0d9b650523e5362b386852e60dc533082389ea2831e124600fff24f510829 b1c48c78617779774c36491bf8ed34eb32b6a84b53589083e776c3e00aaddba4
CLIENT_TRAFFIC_SECRET_0 9bd0d9b650523e5362b386852e60dc533082389ea2831e124600fff24f510829 bcb5b771b240c66301d40db242171e492315c4f36f2c45b661baff2926a00a15
SERVER_TRAFFIC_SECRET_0 9bd0d9b650523e5362b386852e60dc533082389ea2831e124600fff24f510829 51b58313cff3f4f54c6981206557517e54a72e6e81fe377c70b7b42633b0925e
EXPORTER_SECRET 9bd0d9b650523e5362b386852e60dc533082389ea2831e124600fff24f510829 43ac7b6699e363724853063878cd2038149100fc1e391e8bcc17c4bd3cd06f38
CLIENT_HANDSHAKE_TRAFFIC_SECRET da48f32dd54877be91c2aa80f044612ab90f9d36a06d76dddfc1ee10e4383527 6185aa3e8ce912c40658fa7ae2b6dfb667e518b2d859e453e606e00999eff5fd
SERVER_HANDSHAKE_TRAFFIC_SECRET da48f32dd54877be91c2aa80f044612ab90f9d36a06d76dddfc1ee10e4383527 e4ba4066b8c0ae47d2606f173df005773e72e8e2f8dcf678e74310852288cc0b
CLIENT_TRAFFIC_SECRET_0 da48f32dd54877be91c2aa80f044612ab90f9d36a06d76dddfc1ee10e4383527 96b11e53cb3eefb3a30a186dbdd400cfc4499e2e5fb6502081e0309d9f9b9986
SERVER_TRAFFIC_SECRET_0 da48f32dd54877be91c2aa80f044612ab90f9d36a06d76dddfc1ee10e4383527 c01313719b21d2ff176c3aa2f1d5b368f293900b4d9b40d3045b1a4742025131
EXPORTER_SECRET da48f32dd54877be91c2aa80f044612ab90f9d36a06d76dddfc1ee10e4383527 72e3afa6e6a5563377e5c69f1692e5f43a5d342fbe38f738aef801ca61410e88
CLIENT_HANDSHAKE_TRAFFIC_SECRET 6b747e8b3491d0948ff929f3260dc3911bae8cf7cceb46e18f0ef9a8af2df782 48568906e5856092aaa93c6f774bdcd54bc1eaf17ca2d4d77f79afa61f00e745
SERVER_HANDSHAKE_TRAFFIC_SECRET 6b747e8b3491d0948ff929f3260dc3911bae8cf7cceb46e18f0ef9a8af2df782 ff6413a984d8b6787cb647dc01be1786b94567ea5df31b24121f6f4f775e3ed8
CLIENT_TRAFFIC_SECRET_0 6b747e8b3491d0948ff929f3260dc3911bae8cf7cceb46e18f0ef9a8af2df782 07a42c300b87453c63e032dfb77966ed83b4400ba0cb024e3e9712a709cb8a90
SERVER_TRAFFIC_SECRET_0 6b747e8b3491d0948ff929f3260dc3911bae8cf7cceb46e18f0ef9a8af2df782 c9ffaba42f25a7cc25c4959d8027d1ecb7e9a63e6ab0a1394f66ccc8fccd266b
EXPORTER_SECRET 6b747e8b3491d0948ff929f3260dc3911bae8cf7cceb46e18f0ef9a8af2df782 c5e6d47e30f94e65b107223acf17e3089f815f3b9d651628460851970f1f1ea8
CLIENT_HANDSHAKE_TRAFFIC_SECRET a7f8b30975428502603a155eea7cc98211cba095aaa5a2b04298523ae45bdac4 2fc1f2f727232e22133556373beb47cd013dd55db453b3615710edaed556ca90
SERVER_HANDSHAKE_TRAFFIC_SECRET a7f8b30975428502603a155eea7cc98211cba095aaa5a2b04298523ae45bdac4 5ed4089600ec888396b308eb2736b0066ccd0f7c62fa483b1fbfe60188644dc8
CLIENT_HANDSHAKE_TRAFFIC_SECRET e346ad63832ecdf8273200bc479eb94114bcf58b4d6c81956b07f5992a3df392 2b756fb4b95d4ed88640f1afcf1e41287f6cb3da2bf73dfc5fa3619ebab3a8e3
SERVER_HANDSHAKE_TRAFFIC_SECRET e346ad63832ecdf8273200bc479eb94114bcf58b4d6c81956b07f5992a3df392 df4d616c7c2dfd4ee5afc6221d474bd296d0a74a6c78789787008aa4f0c0a8c2
CLIENT_TRAFFIC_SECRET_0 e346ad63832ecdf8273200bc479eb94114bcf58b4d6c81956b07f5992a3df392 9008d44c4288d374a01cc5daeeb0b577fe704edf36313dc69315f27b2c634302
SERVER_TRAFFIC_SECRET_0 e346ad63832ecdf8273200bc479eb94114bcf58b4d6c81956b07f5992a3df392 9cdf2b7c47e34dc19eb8c499f2feba9c362b8af9aac29aca6b494100973df981
EXPORTER_SECRET e346ad63832ecdf8273200bc479eb94114bcf58b4d6c81956b07f5992a3df392 25d0cce868cf61a4c7079b1e23a4c4dde2d9a77d56cf422f40c71ca511525580
CLIENT_HANDSHAKE_TRAFFIC_SECRET f9d4a39df8c4cbfa382d7b95ac06bff7ed85eb2777baedad9cbb075c6b711e50 08d003e5812ef811d353413e810f0008fd4d155d9cd1984add1ecad57f39843a
SERVER_HANDSHAKE_TRAFFIC_SECRET f9d4a39df8c4cbfa382d7b95ac06bff7ed85eb2777baedad9cbb075c6b711e50 a30b7cafd0a4566c8920fba24834d1dda611ae5120be972c8532a3dd5cd132d4
CLIENT_TRAFFIC_SECRET_0 f9d4a39df8c4cbfa382d7b95ac06bff7ed85eb2777baedad9cbb075c6b711e50 dd9a642c14f19203c31ece1807b0756af9c34155789c3a3f66473c116852464c
SERVER_TRAFFIC_SECRET_0 f9d4a39df8c4cbfa382d7b95ac06bff7ed85eb2777baedad9cbb075c6b711e50 5eedf2297e9d3fa127f9a96c793101264889251d0e6b87c4d8d241fdfc9f0efa
EXPORTER_SECRET f9d4a39df8c4cbfa382d7b95ac06bff7ed85eb2777baedad9cbb075c6b711e50 1e2c407589f3038988ece06a16304d70483319dcf9f7437092f29447ffc380fe
CLIENT_TRAFFIC_SECRET_0 a7f8b30975428502603a155eea7cc98211cba095aaa5a2b04298523ae45bdac4 6b4ac9da9fd675720e756df06b7f99bceca1d618014c7634b4ebeae4cd9a9bcd
SERVER_TRAFFIC_SECRET_0 a7f8b30975428502603a155eea7cc98211cba095aaa5a2b04298523ae45bdac4 ccf6b41e6b3cf5773c8aef3305588af425c43602d23478e9f5e3f8bb8d537bc3
EXPORTER_SECRET a7f8b30975428502603a155eea7cc98211cba095aaa5a2b04298523ae45bdac4 1391c51c711165ed554bbf452899012b3ff63e77f90d6ede66e1caf8e88c435e
CLIENT_HANDSHAKE_TRAFFIC_SECRET 4287954f5b88c79f41230076851f01e7c0fd7e42ec5fe55c90f69f78220ecfaa 18235f55ba990d6d99a1b291720063adf49a06f48a0ebb78940d19d028538eea
SERVER_HANDSHAKE_TRAFFIC_SECRET 4287954f5b88c79f41230076851f01e7c0fd7e42ec5fe55c90f69f78220ecfaa 73bf9b6e5646c5f89f04fd64fee7dad6a2a036049427db6eaff9ea00d50923d8
CLIENT_TRAFFIC_SECRET_0 4287954f5b88c79f41230076851f01e7c0fd7e42ec5fe55c90f69f78220ecfaa 0eeb7c853d3116cfd48c4bb0c3af4f76b98e9f014607780404acd30e06da9d47
SERVER_TRAFFIC_SECRET_0 4287954f5b88c79f41230076851f01e7c0fd7e42ec5fe55c90f69f78220ecfaa d6b6ca354ab1303f8386a4255c28382bcb8150648f37427c4a02816e7ae64c81
EXPORTER_SECRET 4287954f5b88c79f41230076851f01e7c0fd7e42ec5fe55c90f69f78220ecfaa 80320c5a3657cbf0ea3a275be44d8b7b45b9e1aa2c4b25345ef341fb6acc3df4
CLIENT_RANDOM 61955dfba641a59cd60dc35d5b120ac84de5fdc6fe2c33c981a06da9f6a6ef0a f67525124ff6c26305e0b52a53538f52c82b621a38bd0e165fc1f2b5c1f707fab822c800e06819c166529573ccd3ee8a
CLIENT_RANDOM 3c737993b2b896b5472601b25138ebf6e93ceee0a56b833f1cb741f6dd44bac6 7b3508201400b3e66040e1bcd8f82cb2e33f1c6cba2868d5a2fe469cc63aaba774d4b098c29adf1dbc4e9302aebbc332
CLIENT_HANDSHAKE_TRAFFIC_SECRET 8d197e4a87689e6da9d4d32e30ebd486631e0ed3f63107a93509eb7b045036c8 5a7539b2563d1863231879e37608fcf699f30fa1f8bdbd82b8620d2e3e9cb99d
SERVER_HANDSHAKE_TRAFFIC_SECRET 8d197e4a87689e6da9d4d32e30ebd486631e0ed3f63107a93509eb7b045036c8 e525bd5a9aebe3848655ee935ba5d419969a67ab74b844c223e6b640c5f5dd21
CLIENT_HANDSHAKE_TRAFFIC_SECRET 40b498c65f27b97c88b4911576f19314ac928f089b5713c7474dbec4424139ae 797558c5fa8d0d513c01ac6bbd224b35b4375b55a1130deb9002fe4215821cae
SERVER_HANDSHAKE_TRAFFIC_SECRET 40b498c65f27b97c88b4911576f19314ac928f089b5713c7474dbec4424139ae d978a19d670892d413d21448cea2fcc6e8ae1b4226583c2554bcfd4bc5059978
CLIENT_TRAFFIC_SECRET_0 8d197e4a87689e6da9d4d32e30ebd486631e0ed3f63107a93509eb7b045036c8 59e97549f5eab9a9302f8d783280fb1b3a4259cd1c51887e29e206eb61dd2f5a
SERVER_TRAFFIC_SECRET_0 8d197e4a87689e6da9d4d32e30ebd486631e0ed3f63107a93509eb7b045036c8 ead555c4d2d0961e2e953b773fc4f77eccf9f5885c9da0f73a9fcc3d92307754
EXPORTER_SECRET 8d197e4a87689e6da9d4d32e30ebd486631e0ed3f63107a93509eb7b045036c8 05edddf43a5164e3df47d53288f4ef6e34caa7491a7618b0bc3cca2d7801f46e
CLIENT_TRAFFIC_SECRET_0 40b498c65f27b97c88b4911576f19314ac928f089b5713c7474dbec4424139ae 98f12f78fe52d2d35ab68f3346a90af35ff7fb92cd1ad2f003b83ddc33fe7853
SERVER_TRAFFIC_SECRET_0 40b498c65f27b97c88b4911576f19314ac928f089b5713c7474dbec4424139ae 24e8b8440fa80ffa8cd928a99ff76a0fc36087026e48521ea2e1f31035233496
EXPORTER_SECRET 40b498c65f27b97c88b4911576f19314ac928f089b5713c7474dbec4424139ae 258f8bd6e878b8cc197d4388eae9b052b35882ce2bfbc7ff788695f6c6b20f29
CLIENT_HANDSHAKE_TRAFFIC_SECRET 9ad86b590eccdc348ebd05886a70f05488f9e80101183692db1bbeac41c5c822 1ef173b788b30338628e4955d7f49bde15d48dc780def5344805527ab1c48789
SERVER_HANDSHAKE_TRAFFIC_SECRET 9ad86b590eccdc348ebd05886a70f05488f9e80101183692db1bbeac41c5c822 a99da740693002240d4533bbe72231f05da94ad5346028c9b2bb4f15981712a9
CLIENT_HANDSHAKE_TRAFFIC_SECRET ed427fb1462a7cb69c546e4cb839b6494749aeae252cf499aed6c3ab6e8d1b94 4a6ebd1a322b69623dc33420eaa143a8663bf1767a2614c89fd39be3963144b6
SERVER_HANDSHAKE_TRAFFIC_SECRET ed427fb1462a7cb69c546e4cb839b6494749aeae252cf499aed6c3ab6e8d1b94 afb14b90fa4f48ca6d98aa8eec1697c9d48e0dea4d4788182d64956117b353a8
CLIENT_TRAFFIC_SECRET_0 9ad86b590eccdc348ebd05886a70f05488f9e80101183692db1bbeac41c5c822 c9b221a72511bb9322b011ebf848a3d501899f5abe4349d6a28e95e0ba8a4051
SERVER_TRAFFIC_SECRET_0 9ad86b590eccdc348ebd05886a70f05488f9e80101183692db1bbeac41c5c822 c7b2d90f3f88ee5ffdd6e0fc21af55522779b7d46ec494143d38a55a8a5e18a5
EXPORTER_SECRET 9ad86b590eccdc348ebd05886a70f05488f9e80101183692db1bbeac41c5c822 0592098e4f627b5b18df5a19ccbd5f3ad480404111b6f6259c3349987c0fbf82
CLIENT_TRAFFIC_SECRET_0 ed427fb1462a7cb69c546e4cb839b6494749aeae252cf499aed6c3ab6e8d1b94 9a67a94d51fb7537842f82fbd5a9d9b2bad17e7e6eff51dbde9bcbc37d3eb886
SERVER_TRAFFIC_SECRET_0 ed427fb1462a7cb69c546e4cb839b6494749aeae252cf499aed6c3ab6e8d1b94 5bd53f17b2a54b1d930c350555bed25dfd5a05d6627aac340ec910ecfc728830
EXPORTER_SECRET ed427fb1462a7cb69c546e4cb839b6494749aeae252cf499aed6c3ab6e8d1b94 b177e9cc64eff73b6eecec231c66ed54b4239af478fd36d3aa93652091cb3bc9
CLIENT_HANDSHAKE_TRAFFIC_SECRET e8986c6425f0e0891aac52cc08a30cc47e188fd4fd1fdcc63a12f188e7952cd5 5afd9726a3e25facc132c858da31c606267f6d8158f25e1d5fd52223ad45744b
SERVER_HANDSHAKE_TRAFFIC_SECRET e8986c6425f0e0891aac52cc08a30cc47e188fd4fd1fdcc63a12f188e7952cd5 a67b1c31137036e323c965c34b5ade5cb95ab370f40a0d13637d9ad03329185b
CLIENT_HANDSHAKE_TRAFFIC_SECRET be0f0cbd17c57a3de21195fcbfbcb200ace39de52d23d0bebfa433a09e259e10 87b14cd721dd64ddfb4c1a4f5c96ad100118cc1948e6b34c1a5e21937799b47b
SERVER_HANDSHAKE_TRAFFIC_SECRET be0f0cbd17c57a3de21195fcbfbcb200ace39de52d23d0bebfa433a09e259e10 8c7c385687cd54f60adbbf16253ce0dcd6f369381fd95d5a913b42d73bbbe2dd
CLIENT_TRAFFIC_SECRET_0 be0f0cbd17c57a3de21195fcbfbcb200ace39de52d23d0bebfa433a09e259e10 ac1d6efac0094522c15a8e87fc886696ef6adb9b885747361eb0ffad445d7055
SERVER_TRAFFIC_SECRET_0 be0f0cbd17c57a3de21195fcbfbcb200ace39de52d23d0bebfa433a09e259e10 d7a29b5976b12bd8767cf6741392134b37e056802ce1be58cedc171f287d26a5
EXPORTER_SECRET be0f0cbd17c57a3de21195fcbfbcb200ace39de52d23d0bebfa433a09e259e10 06b86f96591cce0517e39f745e35e5049751d0f955f71e071fa4c134d23170f5
CLIENT_HANDSHAKE_TRAFFIC_SECRET 261d6ecadf969c1ada6ac4ad6e778b8bbd4abbae104b8b0e2a7539ce04d72d55 fd5b42ebb9af0ea0beb2cb90f7890f36727d8076fc03a3efa7f0e4884e7cef5c
SERVER_HANDSHAKE_TRAFFIC_SECRET 261d6ecadf969c1ada6ac4ad6e778b8bbd4abbae104b8b0e2a7539ce04d72d55 6ade92b793fa91f59000c5b1bcbda7921a0d273e4a5e7cba8a9e3c27a584539d
CLIENT_TRAFFIC_SECRET_0 e8986c6425f0e0891aac52cc08a30cc47e188fd4fd1fdcc63a12f188e7952cd5 9c00b91798c8d39e11d2770d21ea977b64f3b8b7b9f3c69522a9da73f625f931
SERVER_TRAFFIC_SECRET_0 e8986c6425f0e0891aac52cc08a30cc47e188fd4fd1fdcc63a12f188e7952cd5 b4e50d42c58f9dad5fea8cdff9ae47f9432f0c30ee72898851f35aa74fa529de
EXPORTER_SECRET e8986c6425f0e0891aac52cc08a30cc47e188fd4fd1fdcc63a12f188e7952cd5 eae1c24860806ac60ff13ff4197361675efd3b5217aa9b040049ed8fc9594501
CLIENT_TRAFFIC_SECRET_0 261d6ecadf969c1ada6ac4ad6e778b8bbd4abbae104b8b0e2a7539ce04d72d55 8729a6b8225e3cc2a6b19bfaf68a23cf50505eaee18d5c4dc6d41f45b505b9bf
SERVER_TRAFFIC_SECRET_0 261d6ecadf969c1ada6ac4ad6e778b8bbd4abbae104b8b0e2a7539ce04d72d55 94b7207efe142bc78a63658cf120b4796ee510885e5cabcd9fab61cf3d91a24e
EXPORTER_SECRET 261d6ecadf969c1ada6ac4ad6e778b8bbd4abbae104b8b0e2a7539ce04d72d55 369b493f278550cda247684a313e50927a65b68f468090a024a722223c260834
CLIENT_HANDSHAKE_TRAFFIC_SECRET 424122cbb670fc0950348138792f4f0c243882c50cc29dcb0aab410fe1c0c61a 87e8b0758c75c8b3caabe75322bbdbbd71047664900dee1727e24afcbf6ea2eb
SERVER_HANDSHAKE_TRAFFIC_SECRET 424122cbb670fc0950348138792f4f0c243882c50cc29dcb0aab410fe1c0c61a c732ca7313f6da57e3462ae39931b2a4f1f866f6f353ed6dae46d6d98b866ece
CLIENT_HANDSHAKE_TRAFFIC_SECRET 3e6a461122b55f8efb391d57a0d66d1cf4a6b417a47597ba3fbad726ff3c7da7 e9a167835c8348186c1e41153137b98267f5f2a192dd8b1024f4c9de48b9b60e
SERVER_HANDSHAKE_TRAFFIC_SECRET 3e6a461122b55f8efb391d57a0d66d1cf4a6b417a47597ba3fbad726ff3c7da7 37811e03c0b54c71e8f1df2194d2222106250f76c620105df098d714d041ea5c
CLIENT_TRAFFIC_SECRET_0 3e6a461122b55f8efb391d57a0d66d1cf4a6b417a47597ba3fbad726ff3c7da7 4b7bab576dcb922310fcecdd2a782cc1b977a58401be4572aa44362e36f6ef61
SERVER_TRAFFIC_SECRET_0 3e6a461122b55f8efb391d57a0d66d1cf4a6b417a47597ba3fbad726ff3c7da7 e81c4da79f4a99fd879c488cffe880291bf702bba3b8cdd9cd7fa0f7110fece4
EXPORTER_SECRET 3e6a461122b55f8efb391d57a0d66d1cf4a6b417a47597ba3fbad726ff3c7da7 9af93d0e49d65524b11878b726b3ff45e846f659d5479f27f6b59a6edcc80c25
CLIENT_TRAFFIC_SECRET_0 424122cbb670fc0950348138792f4f0c243882c50cc29dcb0aab410fe1c0c61a ccbe5fecc5fe47ffbf8318e687c1b7f2116468a39a7eb153477e773cf48b73ee
SERVER_TRAFFIC_SECRET_0 424122cbb670fc0950348138792f4f0c243882c50cc29dcb0aab410fe1c0c61a c9bbba5155c458de9115df1338f1a338f7f5a95dd203e971272fb77739a88cab
EXPORTER_SECRET 424122cbb670fc0950348138792f4f0c243882c50cc29dcb0aab410fe1c0c61a b24ebd7b84ff5799a99fcb8236276db4731cc8bba2fe7403851db384e40749c8
CLIENT_HANDSHAKE_TRAFFIC_SECRET dbe6341af4ade47c4eefe808cf4dba4289360e695103bd45fbd5ae7bcb6cb3ca 530e92d39ab314e7447550e1e7d4e6914bcbc97c387dcf337ac559c0c87e8792
SERVER_HANDSHAKE_TRAFFIC_SECRET dbe6341af4ade47c4eefe808cf4dba4289360e695103bd45fbd5ae7bcb6cb3ca cbcf6465df7882c6952c21ebe21a4c7b6ed7ab2bede9dfc9439b4f2d0c7f5d83
CLIENT_TRAFFIC_SECRET_0 dbe6341af4ade47c4eefe808cf4dba4289360e695103bd45fbd5ae7bcb6cb3ca 5fa236396f8d7380cd1830508b79ac9bd629444e983a75e431893d3b34f66045
SERVER_TRAFFIC_SECRET_0 dbe6341af4ade47c4eefe808cf4dba4289360e695103bd45fbd5ae7bcb6cb3ca 90cfcf6e7df676a5e650d22560b3ecb64b0d122540800683c63eaa644aacf3f5
EXPORTER_SECRET dbe6341af4ade47c4eefe808cf4dba4289360e695103bd45fbd5ae7bcb6cb3ca b9666b2288f881dcfbeedfb733d75d12f1c5a82b48e7202a709a64df1210d7eb
CLIENT_HANDSHAKE_TRAFFIC_SECRET 3497c418443a2f15e495a1e1eac10995a3d687a8a1b7f07280cbb6038ab4e23b 936a66d831bbc4e0fc70b6cb862b9a65c2a11eb447bd394a4ed2572ca0664566
SERVER_HANDSHAKE_TRAFFIC_SECRET 3497c418443a2f15e495a1e1eac10995a3d687a8a1b7f07280cbb6038ab4e23b c09ed8904cfac19a84ef4b348f85c3d1ff173c2e0a0e2f862c1614361ce3cd0e
CLIENT_TRAFFIC_SECRET_0 3497c418443a2f15e495a1e1eac10995a3d687a8a1b7f07280cbb6038ab4e23b 0b6ef51576c6b345a4ff3e95d5277f69f38140586495ea6dd31252f47861c5d9
SERVER_TRAFFIC_SECRET_0 3497c418443a2f15e495a1e1eac10995a3d687a8a1b7f07280cbb6038ab4e23b e5f9ce052b5667491edd20d764b3d9366a993422b6f0eaf6ff457e89e21ead80
EXPORTER_SECRET 3497c418443a2f15e495a1e1eac10995a3d687a8a1b7f07280cbb6038ab4e23b 81ad8b8f3e383fa4dc823391ebc34f0f57a5fa32bf75fa72f5f7ec6ec1d3ba35
CLIENT_HANDSHAKE_TRAFFIC_SECRET 1834207aeab035bfe6c04266985c4fcf691eddb903c84b1750ec0b2843f2c6aa 4117ba68564642fa969f0e3692426fd637bd2b2f7e0ad63db00db53cde09a9a8
SERVER_HANDSHAKE_TRAFFIC_SECRET 1834207aeab035bfe6c04266985c4fcf691eddb903c84b1750ec0b2843f2c6aa d46442a84091cc3d7ff30efc151b8f1ef7bf13bf4a1df5d163020efddfaed84e
CLIENT_HANDSHAKE_TRAFFIC_SECRET e6c6a6aefb870e4dbf5411729fdc0487e59dd06cdb895227d4d041e0c8ee9afd 664dd7ab3e7d75c6fc6b00ad90a305186dccaae643065fba8b6421ec0429a97f
SERVER_HANDSHAKE_TRAFFIC_SECRET e6c6a6aefb870e4dbf5411729fdc0487e59dd06cdb895227d4d041e0c8ee9afd 07972d95186c4aeee405defbcebbfed2c4e08b64fd740d1c8ce55066c0515ea8
CLIENT_TRAFFIC_SECRET_0 e6c6a6aefb870e4dbf5411729fdc0487e59dd06cdb895227d4d041e0c8ee9afd b25f956a415a8a0076a2a0ddb74aaa4eb63839fc4e50e89f955509b9e79ecc4c
SERVER_TRAFFIC_SECRET_0 e6c6a6aefb870e4dbf5411729fdc0487e59dd06cdb895227d4d041e0c8ee9afd 0a1473c2b42f250abdad997d8bbeaab37fe5e844c6d97ce7a8e05467ae47a9c3
EXPORTER_SECRET e6c6a6aefb870e4dbf5411729fdc0487e59dd06cdb895227d4d041e0c8ee9afd 28b29ee521e1d6e7000583ef5c49af51f4cce1871b9da07e7b5dc667335b18ce
CLIENT_TRAFFIC_SECRET_0 1834207aeab035bfe6c04266985c4fcf691eddb903c84b1750ec0b2843f2c6aa 99a99a2099ea781a8d7900952547c4135fd147c2759d187aacc24c43e5a66abb
SERVER_TRAFFIC_SECRET_0 1834207aeab035bfe6c04266985c4fcf691eddb903c84b1750ec0b2843f2c6aa 9dd121bf64a14528f565ec9ea44c3af76a8931a8a217898b3be3b76891f87109
EXPORTER_SECRET 1834207aeab035bfe6c04266985c4fcf691eddb903c84b1750ec0b2843f2c6aa febf4a7ba3e9f39bd90aac7be849795d9f887e84e485d71f886ef5c9d2babd3b
CLIENT_HANDSHAKE_TRAFFIC_SECRET 794caf283bbc1ac3a05767ea8e14d76ff9f79dddc8a8591bf97f5cd1725b83ff 8ce97fe4bf573936d186973d6458d9821575751323248b4704b07e7a71d0ace90491e727ae6f530996a3e3e261bb39d2
SERVER_HANDSHAKE_TRAFFIC_SECRET 794caf283bbc1ac3a05767ea8e14d76ff9f79dddc8a8591bf97f5cd1725b83ff 5fbfdcf02a82c61c9a820e57a5ee379742ddf1a145e5abeb95d32863f89d398f90c9579a5c9175868806d0ae61e4ff20
CLIENT_TRAFFIC_SECRET_0 794caf283bbc1ac3a05767ea8e14d76ff9f79dddc8a8591bf97f5cd1725b83ff 1843620a22da4cdd6c1caad3e776bbc8a20c9989087bbf1e8c5335bb59264f5883309f237abe458134b886d0b8560734
SERVER_TRAFFIC_SECRET_0 794caf283bbc1ac3a05767ea8e14d76ff9f79dddc8a8591bf97f5cd1725b83ff a06f8a9c5dc2bacf11c98d8f703c3946df6b20f87c8ec3207f3a2fad945979be8dab87bef2dd40f1b6901c9dac31ab77
EXPORTER_SECRET 794caf283bbc1ac3a05767ea8e14d76ff9f79dddc8a8591bf97f5cd1725b83ff da5c6bb934bf06646778676908767eb5bd1082805349482d920361966234a16e03566584304b8743ba9d1b9ffef81460
CLIENT_HANDSHAKE_TRAFFIC_SECRET 93d71aa61c66822eb1955ae92d9e47c04110dfad4a616102a8c6d981d152ec9a 351c1df3ac29aa3509e256cd8e02e913ce34990f3f8c9d75b9a03f396dd827ff37cba60bf4cbc57157304ee299290add
SERVER_HANDSHAKE_TRAFFIC_SECRET 93d71aa61c66822eb1955ae92d9e47c04110dfad4a616102a8c6d981d152ec9a 30050a61662009be202ef4d7573921bd74ae10cdbf140ecbb850194d492689c05cdc92832825f22af659b04393e94b6e
CLIENT_TRAFFIC_SECRET_0 93d71aa61c66822eb1955ae92d9e47c04110dfad4a616102a8c6d981d152ec9a 7e6e630906d274e2a6c633bc44dcff0aa1bc2ebc7e77939992dd280824ab511a2f40e25db0dbcb6ad9d5c3e0248084fd
SERVER_TRAFFIC_SECRET_0 93d71aa61c66822eb1955ae92d9e47c04110dfad4a616102a8c6d981d152ec9a cfc447a996dc5d28780f23b6f60018e3afa1bc6caffb8e2ad8ca4abf5a0f25f770a4db05903d4f043e9b2a619cf58d0c
EXPORTER_SECRET 93d71aa61c66822eb1955ae92d9e47c04110dfad4a616102a8c6d981d152ec9a ff440d5cfe94205e1afd9d5bdd6d57d60ca97d7e3bb5eac8c79ca28eb45eee9a393d240840fafc8dbd40db0c6c92b7e7
CLIENT_HANDSHAKE_TRAFFIC_SECRET d547f5d90563bfa9ba534e10a6c960ccedb6bee78aa3cd574fdd0c7b2c71ea00 8dfca544ede9569843925bf97ca05683a4df335e00e3126bfe48428437c96469
SERVER_HANDSHAKE_TRAFFIC_SECRET d547f5d90563bfa9ba534e10a6c960ccedb6bee78aa3cd574fdd0c7b2c71ea00 1680d82c3b361a6fdcd339413953b3279d672041295070622ff7a80dc1a35184
CLIENT_TRAFFIC_SECRET_0 d547f5d90563bfa9ba534e10a6c960ccedb6bee78aa3cd574fdd0c7b2c71ea00 f1857d96d120084f205c60ce19a59a453234d9283e54aec15d95e8c255fc5403
SERVER_TRAFFIC_SECRET_0 d547f5d90563bfa9ba534e10a6c960ccedb6bee78aa3cd574fdd0c7b2c71ea00 03dd6503388477d629ad9a99178785dba2da921dcb34683e087921c779b85801
EXPORTER_SECRET d547f5d90563bfa9ba534e10a6c960ccedb6bee78aa3cd574fdd0c7b2c71ea00 d3f6be6961863ea892b1f2b84aca4103c489ee8d18e5d8cbf228704030aa3fce
CLIENT_HANDSHAKE_TRAFFIC_SECRET 38fb5442e934f07f7c4fe2b5ec4136607b0ea941ae41a031b268542054d9179c b2bb9d5978074b0fa0dae44b1c7641acde7416d6eba70666fc055407426d76ad
SERVER_HANDSHAKE_TRAFFIC_SECRET 38fb5442e934f07f7c4fe2b5ec4136607b0ea941ae41a031b268542054d9179c 126c8bfb24d92b6954f182f7e1ec753f53a14a63b3b322b82a41e863694176b7
CLIENT_TRAFFIC_SECRET_0 38fb5442e934f07f7c4fe2b5ec4136607b0ea941ae41a031b268542054d9179c 9758f545ac6483baa43890a42350e1b486f717ecb7d6834100244598a713b3f3
SERVER_TRAFFIC_SECRET_0 38fb5442e934f07f7c4fe2b5ec4136607b0ea941ae41a031b268542054d9179c 84d2e85f7732d8c03f346c7194aae7e44c3fd9c9b5e5e9765b0893ccaa5852c6
EXPORTER_SECRET 38fb5442e934f07f7c4fe2b5ec4136607b0ea941ae41a031b268542054d9179c cf8beaf3db10dfffb3bcb3b04162dddb776062ee095695bceae07e82af1c0509
CLIENT_HANDSHAKE_TRAFFIC_SECRET 97dc0d07e2d98514b0d99f02c0e1e94feda6078ff246760fffdc39e4ecff5e0d bdcf53a87f0d956f5892f3c8d7c72f9f5045bd8aff1802f3e15f8eae1406188e
SERVER_HANDSHAKE_TRAFFIC_SECRET 97dc0d07e2d98514b0d99f02c0e1e94feda6078ff246760fffdc39e4ecff5e0d 93df135f637dfe17452260eb765ee521ec574d49988558865519f01806454c68
CLIENT_TRAFFIC_SECRET_0 97dc0d07e2d98514b0d99f02c0e1e94feda6078ff246760fffdc39e4ecff5e0d 5be80ec366516c01224ae3fc286f77c86bbe73497c0ea18050425225df75b0df
SERVER_TRAFFIC_SECRET_0 97dc0d07e2d98514b0d99f02c0e1e94feda6078ff246760fffdc39e4ecff5e0d b33a6b4c260dcdbb3acebb713a7421b52e2d38f65e91053679438f57a284d5df
EXPORTER_SECRET 97dc0d07e2d98514b0d99f02c0e1e94feda6078ff246760fffdc39e4ecff5e0d 9dddbb8b7dea6269036100f9266de028cd3e3100de4925753d83f69ded137591
CLIENT_HANDSHAKE_TRAFFIC_SECRET 632d974fb29acbe6547fa50d0ddc6cbddf6ac24177481eb294f7c83cf9691a17 81b9443616caa44662544f8f599c140e17f48c9f637a6184f9004673cfdd958a
SERVER_HANDSHAKE_TRAFFIC_SECRET 632d974fb29acbe6547fa50d0ddc6cbddf6ac24177481eb294f7c83cf9691a17 ed384ffb0b7377dfbcaef32c8bb456bf91a05e855149dadd9f334d0a0be0cc75
CLIENT_TRAFFIC_SECRET_0 632d974fb29acbe6547fa50d0ddc6cbddf6ac24177481eb294f7c83cf9691a17 93fd4def8117c217caecb7dc3501e26ca9f91d930d97ce91bc6d8dd15b570edf
SERVER_TRAFFIC_SECRET_0 632d974fb29acbe6547fa50d0ddc6cbddf6ac24177481eb294f7c83cf9691a17 6bd7d0c789665f6f633192dcd4684163adab7dbe08c0cf8ea80056f2a86db709
EXPORTER_SECRET 632d974fb29acbe6547fa50d0ddc6cbddf6ac24177481eb294f7c83cf9691a17 7660e9e508dc7fab19938c673cf2a10414d463ed39a98366cfe1142312e182ab
CLIENT_HANDSHAKE_TRAFFIC_SECRET 740a2a999dde72c8010641b0c1126adab663b384384f90763a23d5a402b28d79 479ae28624eb1671abd4fec4f86440477bf55c1729da0d77b439381f8cb76d11
SERVER_HANDSHAKE_TRAFFIC_SECRET 740a2a999dde72c8010641b0c1126adab663b384384f90763a23d5a402b28d79 8c19d4acd0b2dad3fadab44978cf87bc3ec6d8b6e72389842beb93f734c1ef6c
CLIENT_TRAFFIC_SECRET_0 740a2a999dde72c8010641b0c1126adab663b384384f90763a23d5a402b28d79 9f1f43b35b1e973a139105401d8510ab7a4a543384f0e67a4668e1fcf212c47b
SERVER_TRAFFIC_SECRET_0 740a2a999dde72c8010641b0c1126adab663b384384f90763a23d5a402b28d79 d0a86e11f95de5cc7392654143f7a3110f31c46fbc927e4475eb9a136d21aeea
EXPORTER_SECRET 740a2a999dde72c8010641b0c1126adab663b384384f90763a23d5a402b28d79 d515a36d2764de0594e3b39d3dfbfe719714033b7d372fd2821feacff2f8b946
CLIENT_HANDSHAKE_TRAFFIC_SECRET 280676e10865010fa9034744416e353477fbfd57bace91434d9efddfbac98294 86a9c9e090832acdee3fee6dd2b3b888e2f93bd1cf7e46e3dbbc71130ea6605d
SERVER_HANDSHAKE_TRAFFIC_SECRET 280676e10865010fa9034744416e353477fbfd57bace91434d9efddfbac98294 9885fe7766262c0ffa6662a4adf915c03d99e149aadc5bf73ff1eb8054d74dc9
CLIENT_TRAFFIC_SECRET_0 280676e10865010fa9034744416e353477fbfd57bace91434d9efddfbac98294 a2418a3f8f5be6bbae90134e8407f0223ad27b5e4b2e7b940cd3eb054df68d0e
SERVER_TRAFFIC_SECRET_0 280676e10865010fa9034744416e353477fbfd57bace91434d9efddfbac98294 d8924b3c03a26c64befe4b0e124889b91862039374f09258c8d45c3262b9fe9a
EXPORTER_SECRET 280676e10865010fa9034744416e353477fbfd57bace91434d9efddfbac98294 f2a1e812513cd6045271822381ed78526f76481b06e66d6c3e31d930e4884e6d
CLIENT_HANDSHAKE_TRAFFIC_SECRET db049bcd27a01b0d6787489b4e4e490b895b9b6713f6902d6d145c39020123b6 e9fd4363ae4aa46df689e64c98ff13b87a463e97231c7f145ad1bc97edeef029
SERVER_HANDSHAKE_TRAFFIC_SECRET db049bcd27a01b0d6787489b4e4e490b895b9b6713f6902d6d145c39020123b6 5446d5a90449b339885dcbee84b8d95585a8ff097e3feaedea84838665bf0bb1
CLIENT_HANDSHAKE_TRAFFIC_SECRET af4572b91324e3c656a2e0278e2266ead044ecd2ff5464df253c2eb4fb4a6d07 9a41d86312fe329a5c28541894ff480683a5c4e20ad81610e87a64020e9484eb
SERVER_HANDSHAKE_TRAFFIC_SECRET af4572b91324e3c656a2e0278e2266ead044ecd2ff5464df253c2eb4fb4a6d07 57f4f5af88d87ae8af32d57f047811c3ab495f903be6cb3fb38d00f0449f7204
CLIENT_HANDSHAKE_TRAFFIC_SECRET 2eef5f0c0e535ccfd0bc363c4b1552bc28c0c52561d758d4904f19446d98bd14 2acc48544f074d662fe73b941fae99d164eb5706917299dd3d15368aacbf3450
SERVER_HANDSHAKE_TRAFFIC_SECRET 2eef5f0c0e535ccfd0bc363c4b1552bc28c0c52561d758d4904f19446d98bd14 2ea2a0232287f18511101d73cd9e54cc5c3e8d606da11d063eafba5e1f284974
CLIENT_TRAFFIC_SECRET_0 db049bcd27a01b0d6787489b4e4e490b895b9b6713f6902d6d145c39020123b6 e5f374ab3121429d8cc9a210064a2bcb0b2d1b0143cb985b0cfd1eac68e7fb23
SERVER_TRAFFIC_SECRET_0 db049bcd27a01b0d6787489b4e4e490b895b9b6713f6902d6d145c39020123b6 85a1c8f9686292fb6b3c3acbc5e21a52a9e9f1bd51400964a851e3d6fc4fd0cd
EXPORTER_SECRET db049bcd27a01b0d6787489b4e4e490b895b9b6713f6902d6d145c39020123b6 d5b02e1d424ca32b2405ec6244f63c9b9686bfa119f409e55ba503147254b055
CLIENT_TRAFFIC_SECRET_0 af4572b91324e3c656a2e0278e2266ead044ecd2ff5464df253c2eb4fb4a6d07 634be6b567c39e5c3cb3fd41b1a8c2289688d1e2ee1e3483143c2e56f79b8f15
SERVER_TRAFFIC_SECRET_0 af4572b91324e3c656a2e0278e2266ead044ecd2ff5464df253c2eb4fb4a6d07 22cae57942cac041acba4042704911ec98b414882a752ef7d2e5ab378ff18717
EXPORTER_SECRET af4572b91324e3c656a2e0278e2266ead044ecd2ff5464df253c2eb4fb4a6d07 e7ebe7f6a7a177e3f8068b867255c8fa7f44ab0e01261f6e74d9927d20afe201
CLIENT_TRAFFIC_SECRET_0 2eef5f0c0e535ccfd0bc363c4b1552bc28c0c52561d758d4904f19446d98bd14 1b7d9c93f1e621cdeba8bb8d12ec5faef317498554d9374bf120bb9b74cdb647
SERVER_TRAFFIC_SECRET_0 2eef5f0c0e535ccfd0bc363c4b1552bc28c0c52561d758d4904f19446d98bd14 8173891aae939ecd0f8c7e2020bcb5a2427582f916c0eb148d3396767b0ca9ff
EXPORTER_SECRET 2eef5f0c0e535ccfd0bc363c4b1552bc28c0c52561d758d4904f19446d98bd14 b8efe78bb372407f6e34f0d4aba28359af5241926ea46516045c114cdeff33d2
CLIENT_HANDSHAKE_TRAFFIC_SECRET eec4bd612cd3725f2f9e9775da81dded31015e3f1adc53bdaaec2f768917a47c fea24695b3e2d4262008fc2fc9a7757f054bd8db6b09b75242bb942e915f3442
SERVER_HANDSHAKE_TRAFFIC_SECRET eec4bd612cd3725f2f9e9775da81dded31015e3f1adc53bdaaec2f768917a47c 81b005665fa236d6dc41e503afd3908f51590f5d4c6e6db838ed1abe99cdf4e5
CLIENT_TRAFFIC_SECRET_0 eec4bd612cd3725f2f9e9775da81dded31015e3f1adc53bdaaec2f768917a47c fd3adfd3656d230a122ea47910382971c1b801672d27c53a6424f64174805d05
SERVER_TRAFFIC_SECRET_0 eec4bd612cd3725f2f9e9775da81dded31015e3f1adc53bdaaec2f768917a47c c23e06cb4a2f669f3b14251bc4a9403d9db87f81061b7de2f2b17db915ebf873
EXPORTER_SECRET eec4bd612cd3725f2f9e9775da81dded31015e3f1adc53bdaaec2f768917a47c 8e79d046f5d4673c1aa58c2d1047fe35ed13eca820298b136092f4c79aed6378
CLIENT_HANDSHAKE_TRAFFIC_SECRET d6c136572a2ee99a4ef63c5af5719aea30372fd81bf68f131663ab38da069d63 3456b3ad5ea2c82ca4091126aaa6e00bc15c41fccacdf0b334f3b4139bd9d094
SERVER_HANDSHAKE_TRAFFIC_SECRET d6c136572a2ee99a4ef63c5af5719aea30372fd81bf68f131663ab38da069d63 c8a90bbe3932c6a8a3fe3f4f28e23e509da59c6102bc557e5a1c6594bbc66d52
CLIENT_TRAFFIC_SECRET_0 d6c136572a2ee99a4ef63c5af5719aea30372fd81bf68f131663ab38da069d63 94d3495beefc460142fd6a503cad9bc1b2ffdfd9bfa09d3e73832287985ab778
SERVER_TRAFFIC_SECRET_0 d6c136572a2ee99a4ef63c5af5719aea30372fd81bf68f131663ab38da069d63 97f0d1a5d3e61f2451d5c4946394d836ddf0097fbe815813a3de0bffb76aed2b
EXPORTER_SECRET d6c136572a2ee99a4ef63c5af5719aea30372fd81bf68f131663ab38da069d63 cd3d2f30c1fe821bf794b6620974b21371021600b43862a4f272c0ff378363e7
CLIENT_HANDSHAKE_TRAFFIC_SECRET a0a6b1a8f2935a57eee6c659303b5146ad74f4c417af6f5d6e8dbdbcc2f6e1a6 111b3789aeec8531e76a5055db15905643199b10139328c953effb266793db51f0b3c5e0e05a485cec714534ad178de6
SERVER_HANDSHAKE_TRAFFIC_SECRET a0a6b1a8f2935a57eee6c659303b5146ad74f4c417af6f5d6e8dbdbcc2f6e1a6 b7bf1bd8c71380c454a151d30657e9b67fe44bd7efb19d34c0c1ab1554f2359aafa2f5a34e8905b84d1501aabc0b2751
CLIENT_TRAFFIC_SECRET_0 a0a6b1a8f2935a57eee6c659303b5146ad74f4c417af6f5d6e8dbdbcc2f6e1a6 f17bdf5ec2b8c8e805c35adfc027e0af88f42f10dedc149cdaa57f752b7fe3d8e40dfa740d9f31b92a631c7c153118ca
SERVER_TRAFFIC_SECRET_0 a0a6b1a8f2935a57eee6c659303b5146ad74f4c417af6f5d6e8dbdbcc2f6e1a6 758a522210baca5f806ed10ef9ef50ed9d88dabc993fbbe94dc01923dd972cbe54e2ea1f8d5dac2511465652d3ffa6b4
EXPORTER_SECRET a0a6b1a8f2935a57eee6c659303b5146ad74f4c417af6f5d6e8dbdbcc2f6e1a6 00ac8dcb64b511814ab13038f7a79e2c9be6f6393da9277e1d05b9a9264ebc12083a258ebfd54e469ecd08834ff1ae61
CLIENT_RANDOM 208e66d06e2fa508d3267d18b0122b6c715075a07f1d31d50373358216e7f7fa 0d150dac2189224e9ff84d6330f81b192cad88d8c61804b3fc55afab511a0280c00a41d19436ec09c65684f676689fa0
CLIENT_HANDSHAKE_TRAFFIC_SECRET dd2425a1b62475f8a2e9f8deeeb3c4e19ea5790282acd75070613f1d4a79ff49 4e2241d3f0d14dd225fa1fe46ce023abf07599b590bade7e7eea979c967613f1
SERVER_HANDSHAKE_TRAFFIC_SECRET dd2425a1b62475f8a2e9f8deeeb3c4e19ea5790282acd75070613f1d4a79ff49 8c3ddcb4ee17e1eb4a471565e2870d3c48c153c59ca9e143381b7d574c724f3b
CLIENT_TRAFFIC_SECRET_0 dd2425a1b62475f8a2e9f8deeeb3c4e19ea5790282acd75070613f1d4a79ff49 e0012ff8729220dcff521cea8fb50651cc48c0b76c5ff3b7854d4f3c7d15c476
SERVER_TRAFFIC_SECRET_0 dd2425a1b62475f8a2e9f8deeeb3c4e19ea5790282acd75070613f1d4a79ff49 6b70f7009d19c7e0ae97a89a6515c235894e6182f8a6b7d55f8de076eb532207
EXPORTER_SECRET dd2425a1b62475f8a2e9f8deeeb3c4e19ea5790282acd75070613f1d4a79ff49 7b8bfc26ae1f049abc9f25421d9910349cbbeca87c828cea2274495541a54cda
CLIENT_RANDOM 5e16dda01c504ff43aa934403939889efb0df5a647261d3943ab6935c2eee8f4 31ef60e5edfd41cb41ac395d9193c112759598bec246322f50390e020ab70748695228bf3f7b7e410028ce673a335f2f
CLIENT_HANDSHAKE_TRAFFIC_SECRET 860d8721f64c7eb671add8295067485539239be5e121a4682a590953870296c7 5122346987416eac1df191481d6b69ae4a588077a7b28a25fb7bd6d838caf898
SERVER_HANDSHAKE_TRAFFIC_SECRET 860d8721f64c7eb671add8295067485539239be5e121a4682a590953870296c7 0f2126c44453b08b2a79930e8d2279c62ffe392b242cc45092409d7a01de4c78
CLIENT_HANDSHAKE_TRAFFIC_SECRET 21a640b479c948f3f5e6b63c97249fe50e38e168461371cb9e6bace86f7f4816 1b4c4301ab61fb75b52b6198f812ae9dd336f1cb2c258e05ba6b6689e89e0e93
SERVER_HANDSHAKE_TRAFFIC_SECRET 21a640b479c948f3f5e6b63c97249fe50e38e168461371cb9e6bace86f7f4816 0e4d1b2d83e3090481b43d1ec1f7e6f23491bb5aa699a5ea293a2178f3c3c423
CLIENT_TRAFFIC_SECRET_0 860d8721f64c7eb671add8295067485539239be5e121a4682a590953870296c7 b725da45b1a88710d9f7c80a937862463d9bbe08ec8a294f89b48ee8c3eb78a0
SERVER_TRAFFIC_SECRET_0 860d8721f64c7eb671add8295067485539239be5e121a4682a590953870296c7 0b8ed43446b838837ee77027fcd544b5cd228676a01a3e920540087423f8e61e
EXPORTER_SECRET 860d8721f64c7eb671add8295067485539239be5e121a4682a590953870296c7 6e36cb88c9e764f8034c98b288dd7b6999039658c5cf4f3cfa107eddbce501f7
CLIENT_HANDSHAKE_TRAFFIC_SECRET 4f8bc9d942c5aa900128ba48fe06863522f61ca12d832336774f4ed01910b76c 1fd2b52b61ff41280f98da6c72d57513d1be9068a5b0cc0a4104f7e49c8aee72
SERVER_HANDSHAKE_TRAFFIC_SECRET 4f8bc9d942c5aa900128ba48fe06863522f61ca12d832336774f4ed01910b76c b3f540b545353ce89295ec9975ff18d0772e0c50dd66c99e3c8ee1747caa7407
CLIENT_TRAFFIC_SECRET_0 4f8bc9d942c5aa900128ba48fe06863522f61ca12d832336774f4ed01910b76c 310826168c6a85c674b673ed118c20a2d4bcb6e9b7f2f0089c4fddc1fd8239f7
SERVER_TRAFFIC_SECRET_0 4f8bc9d942c5aa900128ba48fe06863522f61ca12d832336774f4ed01910b76c 3fd0335e3bffc5f79f65f6c743cac335d888dc42f7c39711683785b3f5089d5f
EXPORTER_SECRET 4f8bc9d942c5aa900128ba48fe06863522f61ca12d832336774f4ed01910b76c 3a0d13ad6dd63ec025ea8587627a81400874fe1dccd24d39866e7cf8f99a33c4
CLIENT_HANDSHAKE_TRAFFIC_SECRET e0b3801496831a1348e5e2e60c25869f1e9565354ff2dc2e0f88e90dc8c6c2bf b73818b19ebeab7f512e19afb99aa7ddaf0987c1f83166acf6531459d5145b3d
SERVER_HANDSHAKE_TRAFFIC_SECRET e0b3801496831a1348e5e2e60c25869f1e9565354ff2dc2e0f88e90dc8c6c2bf f76feb9c7dc366e3acf3bd75307e851bc142d0e4b2cfe5aaa6e954b75a5dd6f5
CLIENT_TRAFFIC_SECRET_0 e0b3801496831a1348e5e2e60c25869f1e9565354ff2dc2e0f88e90dc8c6c2bf 7854a98eab0da4d68a6a38c0643608280bc4489c6c2a9c1773c5951e61fa4548
SERVER_TRAFFIC_SECRET_0 e0b3801496831a1348e5e2e60c25869f1e9565354ff2dc2e0f88e90dc8c6c2bf cc9166f6b26db921b1db866e7fe3279114b0b0ef284c229b1d569ea08fcf475d
EXPORTER_SECRET e0b3801496831a1348e5e2e60c25869f1e9565354ff2dc2e0f88e90dc8c6c2bf e68817ae00e94222e2fb5b3b321aadfdf1d92aae06627e413ead3546ae7abb16
CLIENT_HANDSHAKE_TRAFFIC_SECRET e72b900516d4ba05381e0c833aa61889534b2140ea7f03eaa14d68cde8af0d33 d72c775af046cf7c12a1fa3d91aba7d4b1d25e6915a1f94a4dfe31a6cfb61f50
SERVER_HANDSHAKE_TRAFFIC_SECRET e72b900516d4ba05381e0c833aa61889534b2140ea7f03eaa14d68cde8af0d33 6e63cbfbde5e12d8cae9e33fc4b12378c5eefc3a39084d9c237d797ab4e91733
CLIENT_TRAFFIC_SECRET_0 e72b900516d4ba05381e0c833aa61889534b2140ea7f03eaa14d68cde8af0d33 5395485088807350e0e88c23772efe0938f3392b3fae346bc8fd4db507bf20aa
SERVER_TRAFFIC_SECRET_0 e72b900516d4ba05381e0c833aa61889534b2140ea7f03eaa14d68cde8af0d33 9c47f516f166e31d4af9a9152e3227e74e7c29925f410e2edfca6c706d6d8f4f
EXPORTER_SECRET e72b900516d4ba05381e0c833aa61889534b2140ea7f03eaa14d68cde8af0d33 ef02e3fe4d00890864d4263cbb071c6a4b80e680c182e65f9994e20bc23ff002
CLIENT_HANDSHAKE_TRAFFIC_SECRET b5f89ff8c762ff8c3a9bd755b9adf1798978c3acc1879165180d641492415fb9 a296f878e61581c387a89c36ad3148141353a1d1909ce47d4d85d0b08717aeac
SERVER_HANDSHAKE_TRAFFIC_SECRET b5f89ff8c762ff8c3a9bd755b9adf1798978c3acc1879165180d641492415fb9 ea5760ed03848e343d49a04e4eddc35622ab4184a31554efcbb6e25f265947bd
CLIENT_HANDSHAKE_TRAFFIC_SECRET 73cdf7e876b287c8b2115897ccc20e6be162c99edd75d2fcdb0a825508d1c7fb cc065ec276ed8ee42c91acccd563e51bb0b38ed0d562f3c4ac4e2a3d3b0a3271
SERVER_HANDSHAKE_TRAFFIC_SECRET 73cdf7e876b287c8b2115897ccc20e6be162c99edd75d2fcdb0a825508d1c7fb b509b0fff028131341a29f82b59a2c2765051f3cd2d6e9704941719ffb76ed08
CLIENT_TRAFFIC_SECRET_0 73cdf7e876b287c8b2115897ccc20e6be162c99edd75d2fcdb0a825508d1c7fb d84c381cc4634d346c7f374e85ade25eb0c3dc4728a229f6fe6db160fe0a4cc9
SERVER_TRAFFIC_SECRET_0 73cdf7e876b287c8b2115897ccc20e6be162c99edd75d2fcdb0a825508d1c7fb accf756a2f3711e51a25f19eba217fa4575d05e94d98e77b887ffd62213477d7
EXPORTER_SECRET 73cdf7e876b287c8b2115897ccc20e6be162c99edd75d2fcdb0a825508d1c7fb 00ed0cc7e55d70140f64a3029bb5110fc80d9ec611edccb74a4759da7c8e4268
CLIENT_TRAFFIC_SECRET_0 b5f89ff8c762ff8c3a9bd755b9adf1798978c3acc1879165180d641492415fb9 206c54824b499ad9b84bae15a9563860b0fdc5a6b327486746a7d3d8c5f4120f
SERVER_TRAFFIC_SECRET_0 b5f89ff8c762ff8c3a9bd755b9adf1798978c3acc1879165180d641492415fb9 e1f212190b89d486e8e1e514c5d76443aa215bac68f75a4234fd31e4b6949f8c
EXPORTER_SECRET b5f89ff8c762ff8c3a9bd755b9adf1798978c3acc1879165180d641492415fb9 6b07beff8888aaef45df7427faf6e1ff97818fc2ca88fb8a5fc66701acce01f2
CLIENT_HANDSHAKE_TRAFFIC_SECRET 3f2d1768fd282247354d94ad4cc22f512c26b0dfe0dd30ac85b3db03c30c059a 5f2ed5aa7e9371a0e26f7c1766d964f0b2898377528357bbabe92c1b78e0465f
SERVER_HANDSHAKE_TRAFFIC_SECRET 3f2d1768fd282247354d94ad4cc22f512c26b0dfe0dd30ac85b3db03c30c059a d5631b593173de5e99809fe28dd5f48a847aa5729de06b36f62e70ad7f0c42ca
CLIENT_TRAFFIC_SECRET_0 3f2d1768fd282247354d94ad4cc22f512c26b0dfe0dd30ac85b3db03c30c059a 7c9bcc21711bf8da44e2de2a401a601327b74c93afd6df9ab05de5cdfce6cfb4
SERVER_TRAFFIC_SECRET_0 3f2d1768fd282247354d94ad4cc22f512c26b0dfe0dd30ac85b3db03c30c059a bcfd9c4d95489343450cd35c60f9fd490a2bbf4b9bb909cccf919fc482bb4640
EXPORTER_SECRET 3f2d1768fd282247354d94ad4cc22f512c26b0dfe0dd30ac85b3db03c30c059a bf304b9a194b3dd1ef794a9d35edfffd62737e4bdda7f62549565c219ff3cd1f
CLIENT_HANDSHAKE_TRAFFIC_SECRET 9367c02cd4b1a7cc5caeac3811ede42d8ca3334263d22a3d15bd2565ee08ee85 e75fb6c45c981c751cd71b4aeefa946a35f7efaee3a9b992a0fc3a38777bd9c5
SERVER_HANDSHAKE_TRAFFIC_SECRET 9367c02cd4b1a7cc5caeac3811ede42d8ca3334263d22a3d15bd2565ee08ee85 998c227557c6994a507a85caff54da9ff7a1de4ba67f199160b1b543ff6b8b4d
CLIENT_RANDOM ea0b6b65e43b1380563aeb75cdda31a8ff41efd171d041277ebd77d645620f3a cf1730da2b0438527b036384ceeee2452827e26b9a8b4e60a222608f862431449b983c1fd88ed16b92960caa66212120
CLIENT_TRAFFIC_SECRET_0 9367c02cd4b1a7cc5caeac3811ede42d8ca3334263d22a3d15bd2565ee08ee85 648fe43b8d5818232dbfb79ddc79f9f2ac6ea5d63b9a3077a72d8d121787879a
SERVER_TRAFFIC_SECRET_0 9367c02cd4b1a7cc5caeac3811ede42d8ca3334263d22a3d15bd2565ee08ee85 a7e4a4b851fba0b01dc2b2a10aab18269f405e91f772192f7b02382036f71d57
EXPORTER_SECRET 9367c02cd4b1a7cc5caeac3811ede42d8ca3334263d22a3d15bd2565ee08ee85 f428790f25da1125bd64c700b7a58b3b932d8992dbf2f3b57669d8d4e14d2707
CLIENT_HANDSHAKE_TRAFFIC_SECRET 53c6651b3652e8df8e12619d366224eeb5e81b0f4e35ca406cd5be16f9438df9 8e0d62113c70d85792ec68d44f01848ac4d20d072547715e2cd584e9aa62cb60
SERVER_HANDSHAKE_TRAFFIC_SECRET 53c6651b3652e8df8e12619d366224eeb5e81b0f4e35ca406cd5be16f9438df9 e49d50df41fd0325dd7894e20659585ef46ad2031037e83cca230bc865d502d4
CLIENT_TRAFFIC_SECRET_0 53c6651b3652e8df8e12619d366224eeb5e81b0f4e35ca406cd5be16f9438df9 7c24bbf422a3e61c18f859c324deb9d6a18eab5534148bc1025a43f218663a1a
SERVER_TRAFFIC_SECRET_0 53c6651b3652e8df8e12619d366224eeb5e81b0f4e35ca406cd5be16f9438df9 07bde951709edf0014077e15ed2d7b51dbe2c7e4cb619f4f966e2f1d0337e55c
EXPORTER_SECRET 53c6651b3652e8df8e12619d366224eeb5e81b0f4e35ca406cd5be16f9438df9 e43d9fb2538dbccf081a73806e70b3adc15a58d3274de53e568d76fbd4aa749d
CLIENT_RANDOM f62c1af152822b942a6c2f0c7eeabd49d9c84ff071234dc7ebf571ebb80c8e8b c69075be57e681603f25d077e696da1c19ac7929afe1deaaaaaa0742c15ca3c2047e26fb4c88b806986e63a30f39b848
CLIENT_HANDSHAKE_TRAFFIC_SECRET 2276f5b3bac8002b40b0a95d0f6cfc6aeeec6a0a81556f389b1e03ded1bd1aad 6cbc0b76d3057410e496d3e0cdff82bf57e4948c16899ebfe9e5f63e9ac3967c
SERVER_HANDSHAKE_TRAFFIC_SECRET 2276f5b3bac8002b40b0a95d0f6cfc6aeeec6a0a81556f389b1e03ded1bd1aad a11abb04ab9621d4d2366ac03ec6ab7490887c7765e6e11909c645e48787bd4f
CLIENT_TRAFFIC_SECRET_0 2276f5b3bac8002b40b0a95d0f6cfc6aeeec6a0a81556f389b1e03ded1bd1aad 8cc777251b9f1462899cfbc21c317f81e197a803706cde1414e4c1d785895bef
SERVER_TRAFFIC_SECRET_0 2276f5b3bac8002b40b0a95d0f6cfc6aeeec6a0a81556f389b1e03ded1bd1aad 68e0d05be6956f4269fb7e071215d5d22bc743dc1a0e26d2ac1877d9135be92b
EXPORTER_SECRET 2276f5b3bac8002b40b0a95d0f6cfc6aeeec6a0a81556f389b1e03ded1bd1aad d764f3eeedd9cf1ae59e2257f69bd69d708814ed01a9f2e2b5381fb028ac4031
CLIENT_HANDSHAKE_TRAFFIC_SECRET 293e45bfedaa8a3db863d876ef19f51483de39ab7c1bb0cc18a83fc60e58b453 729d34410f1543260c076ff4f20826e4762252901d10b94a6c8d4e1cf1671a51
SERVER_HANDSHAKE_TRAFFIC_SECRET 293e45bfedaa8a3db863d876ef19f51483de39ab7c1bb0cc18a83fc60e58b453 1074f236dbe551f46a22d796c4f0297815561510080d3dec75ce45b0f6a5e8b2
CLIENT_TRAFFIC_SECRET_0 293e45bfedaa8a3db863d876ef19f51483de39ab7c1bb0cc18a83fc60e58b453 845dfe9b295db2cda5681ebabd7968246c75da192d46521372c2015157e6c7ab
SERVER_TRAFFIC_SECRET_0 293e45bfedaa8a3db863d876ef19f51483de39ab7c1bb0cc18a83fc60e58b453 da4631feb1d65ec045da26b47515e670a1740e228b750c81409a15470ba8e5c3
EXPORTER_SECRET 293e45bfedaa8a3db863d876ef19f51483de39ab7c1bb0cc18a83fc60e58b453 2147884ddb81a26ff6f9675451c1d609aed49057de168e7beacf3ebaac1611e3
CLIENT_HANDSHAKE_TRAFFIC_SECRET 92e4f1205aa4461a8c904e09723b6aaca5c8d2637f416637185913a1e3f28087 6ab14220e820a6a7c6f340d6504c0ab1eabb26a4f1adebbba87fd511dc066ae7
SERVER_HANDSHAKE_TRAFFIC_SECRET 92e4f1205aa4461a8c904e09723b6aaca5c8d2637f416637185913a1e3f28087 682144da171bcb7ad7577778ce452de63e90c34ab01b01bfc7fc9ea2a3cab3ae
CLIENT_TRAFFIC_SECRET_0 92e4f1205aa4461a8c904e09723b6aaca5c8d2637f416637185913a1e3f28087 7d3fe3fc278e61085cfb68721cc03762a3cc447214b04c7802773ed4c2da3ebc
SERVER_TRAFFIC_SECRET_0 92e4f1205aa4461a8c904e09723b6aaca5c8d2637f416637185913a1e3f28087 99f9348ed1d531c21b841ec4a02a7ff70ef09b0c34aa5bf6182274cbfb6d9c5f
EXPORTER_SECRET 92e4f1205aa4461a8c904e09723b6aaca5c8d2637f416637185913a1e3f28087 e8f7cc9e1faa7b3b91d9d843013f6699789d855d79e34f34d12ba385b8442748
CLIENT_HANDSHAKE_TRAFFIC_SECRET ad9271d843995a0149ea2d1aa4aa9b95bf3b50fd40275d1d794f01c83148880e 219f6be9d8762bd04fc4c4ec8751cf75142e2cb88a743ca613346334608f9ae7
SERVER_HANDSHAKE_TRAFFIC_SECRET ad9271d843995a0149ea2d1aa4aa9b95bf3b50fd40275d1d794f01c83148880e 97dcef14c81e4e7473da45f343a8f74dee02b3e4a4c18eda042241fa3731d92c
CLIENT_HANDSHAKE_TRAFFIC_SECRET 53b36fffea95471052ae2d3b00c91f1f715fe0ff6254211b3e0c26954f911d11 351ca1cd5bba97a6b5dc69fd41b5630f1ff4358a786f779e5173fe6aa4db5c38917e948bfae0137e6334e11313d4b408
SERVER_HANDSHAKE_TRAFFIC_SECRET 53b36fffea95471052ae2d3b00c91f1f715fe0ff6254211b3e0c26954f911d11 4372c6712c8014c8ba4f0945a693e0c115fbaa04d32a299fb76b06da89fbd60ad16fd96f62716edc47cfb88d01ff422d
CLIENT_TRAFFIC_SECRET_0 ad9271d843995a0149ea2d1aa4aa9b95bf3b50fd40275d1d794f01c83148880e 515595c439235228c7cad71f36da243b86aebc6e79e32b58c23f50cdf44abff5
SERVER_TRAFFIC_SECRET_0 ad9271d843995a0149ea2d1aa4aa9b95bf3b50fd40275d1d794f01c83148880e 3147b89f6f11dee7effdc32ab96f1ae1164bf4866b73836eba2bb3bee2c348ac
EXPORTER_SECRET ad9271d843995a0149ea2d1aa4aa9b95bf3b50fd40275d1d794f01c83148880e 0372f7bc96ada16d20ccecf5aa0ec41591c8878977b3bb0cd0ebb55c1bcb7920
CLIENT_TRAFFIC_SECRET_0 53b36fffea95471052ae2d3b00c91f1f715fe0ff6254211b3e0c26954f911d11 a589cb482116714f375dd0048235ed884f3d6689aeca9587c79a63fc2b5c0e2e72fea51ad993a704a957be4a334055b0
SERVER_TRAFFIC_SECRET_0 53b36fffea95471052ae2d3b00c91f1f715fe0ff6254211b3e0c26954f911d11 3d75f0c20c11a2041d3385a075ad92fa4408530c43b2e3350c5a431d14dc11900812bd81e4d22e0f5c2f5664e4a5f178
EXPORTER_SECRET 53b36fffea95471052ae2d3b00c91f1f715fe0ff6254211b3e0c26954f911d11 222a613ac4375bea8f100c0f64fd3f5642c4ac06feb1c88faafc8553aa997cf6912fcd204e5ab6c1e537953c1c661831
CLIENT_RANDOM f48ce7c9b4b39dd8aa868e0ba454ead553f1c8eb8623e2141d9c59370af50b78 c5926eb5dd8b464297a17fdaa5dc08c4db5536b569702ab35a7ea115b098f0193e68fcc96c3dc019fcc1d85001415c83
CLIENT_HANDSHAKE_TRAFFIC_SECRET 2a169e2902f996d60b3688e83a75ccceade2ff7994757c627fc9654b12de5f0a e6a6b7dd401070b8dc7c06dbcaffabcc6e98efda09acd425fafb3e370ace78cea3f79b66d447d8bb0cc3747878e77e43
SERVER_HANDSHAKE_TRAFFIC_SECRET 2a169e2902f996d60b3688e83a75ccceade2ff7994757c627fc9654b12de5f0a 6805cb13518a7ba5740e55be4629cfd3c7d79a7ce4f000046034b4d0b7bf8b3b38f77179830027ace8a1177f3ed2e0c4
CLIENT_TRAFFIC_SECRET_0 2a169e2902f996d60b3688e83a75ccceade2ff7994757c627fc9654b12de5f0a c8da7c421087ebcf436ed6f9a02cbe5878e31dbdb7abf9f6d698323f12b9d4690734d74941150e728a12009db18798bc
SERVER_TRAFFIC_SECRET_0 2a169e2902f996d60b3688e83a75ccceade2ff7994757c627fc9654b12de5f0a 3bce67e4e5d72f373fdf03b03023800e7d44e344ccfd1514ce516e2406703c6a5b7aaffbb1cd617d9e42808bf0e9523f
EXPORTER_SECRET 2a169e2902f996d60b3688e83a75ccceade2ff7994757c627fc9654b12de5f0a 8ab63fd09840a58b10d71f9b6d591038c274d94f2e938c4c85cfa08f4a0e1efc4d13aa67bf9a83937b39006bfc1a33af
CLIENT_RANDOM 6eb4e04673bfe0714f20ac8eb6b5636491b9155a90ced3821aec004d826b1e04 9bee5f6b422de8277d57a778318c9033f5335a04759af861ef9d652277b89a50bc6f542076c1d0932c965eaf8382f6dc
CLIENT_RANDOM fef7a333c0f7099be064c9e6314278296e056b995fbe8f48645990d09870a80a 8e4bb63d34a723d5bbd3da1880b8452931261b45ad1b6f71b33bcd7909ee7f628fe0dd31fad93321eb430ff7e94d8303
CLIENT_RANDOM 5b185b47382be42e6d3c13ddfb9fc8d9e1ad86a3563be07a7c4a997923ac0286 bd43b18b51cc377d8622b456c7b179e359e85c7444a770d04845c442a95dbfb9a39a846cf2af712b02b0608417f97d8a
CLIENT_RANDOM f4502960cdb72ecdca45707f6c912c88723818a975d5e8c49b91fbc65c230f39 7dcce0e835674b02571809ea08bf51e9a6dab0904cfa26369927c893726c219b6b89efc4fa35ced2771d29e22514b1b3
CLIENT_HANDSHAKE_TRAFFIC_SECRET 13486c73cb6a1ece5efb897b5737224022be37338a3ace92bfac4ef28b834470 5bfd5927450f4a73693d801f648c34f6d6ed8a5ce89eac594c128716dcdf3118e7d13ff3045af65b3cc07013d3c4db9e
SERVER_HANDSHAKE_TRAFFIC_SECRET 13486c73cb6a1ece5efb897b5737224022be37338a3ace92bfac4ef28b834470 cc4e5551a4069a54a59516ca8913010dc4278d7c97715d25da49857c88eeb872fb4133bf51bbae3a1db5ff284bedf9f0
CLIENT_TRAFFIC_SECRET_0 13486c73cb6a1ece5efb897b5737224022be37338a3ace92bfac4ef28b834470 b259d7c7a305c686f52d2b591d7b0f314c96d5d4315f23c9cbaa733068e2ea83cdbb44406700f971da9b47534b101566
SERVER_TRAFFIC_SECRET_0 13486c73cb6a1ece5efb897b5737224022be37338a3ace92bfac4ef28b834470 864b02d67eeec098bf222ab274dd7d516d2ef8a05745620b1e4e2ec82c12da4f50d99460eee454e48c1a4792825e6b3c
EXPORTER_SECRET 13486c73cb6a1ece5efb897b5737224022be37338a3ace92bfac4ef28b834470 4c9e14e69b00a0521477625e0511382319e1032e7d4a8974de5cc253e3a1a9e3a17052d7753939d6d8255a15049acd50
CLIENT_HANDSHAKE_TRAFFIC_SECRET 7e798a5cda7ceb219288944cdaf73e1cf3ce3a6b95a3be2b37f9834638118221 8eef031fd70eeb65963ecab845ef4e7a0e708586f93edd58d07b0d331ccc84cc
SERVER_HANDSHAKE_TRAFFIC_SECRET 7e798a5cda7ceb219288944cdaf73e1cf3ce3a6b95a3be2b37f9834638118221 22271984514974272cf233b435188b6bb18a3474db95d34350724840dd4c5522
CLIENT_TRAFFIC_SECRET_0 7e798a5cda7ceb219288944cdaf73e1cf3ce3a6b95a3be2b37f9834638118221 ccc0a83f3cb493fcf513a51568d4571d124f901725c65bcf3d9d7b281c8460e4
SERVER_TRAFFIC_SECRET_0 7e798a5cda7ceb219288944cdaf73e1cf3ce3a6b95a3be2b37f9834638118221 ec8779f6834a3d896654644616b2248a8a2c175babf60ce0f145e07fc4bcae03
EXPORTER_SECRET 7e798a5cda7ceb219288944cdaf73e1cf3ce3a6b95a3be2b37f9834638118221 d55a7cc4dd9de2d50e6e94c1c035e6f2b4951aebeb85403ddc3145ef97dbbfa8
CLIENT_HANDSHAKE_TRAFFIC_SECRET 5db2522a70a602b0f5b0727a2980f64141187e699c126cdd2f2eea158aead4ba 7de5236a70772460fb9dbe34ebe384712c187f43dbd609d11f8daa210aff003b
SERVER_HANDSHAKE_TRAFFIC_SECRET 5db2522a70a602b0f5b0727a2980f64141187e699c126cdd2f2eea158aead4ba ff78e17508e92d68d37634fd62a671641a56d3bb1dfe10256232e3f581ca5965
CLIENT_TRAFFIC_SECRET_0 5db2522a70a602b0f5b0727a2980f64141187e699c126cdd2f2eea158aead4ba cc793e413d70d3db7fd6514c64d338d0ea2f5b7caecc4c22900c704ce02b9920
SERVER_TRAFFIC_SECRET_0 5db2522a70a602b0f5b0727a2980f64141187e699c126cdd2f2eea158aead4ba e24934393acb8aefedf97114ffc5d603a2191b08f6bc60549a3a69e48aaa0f11
EXPORTER_SECRET 5db2522a70a602b0f5b0727a2980f64141187e699c126cdd2f2eea158aead4ba f30f32933b07db0d11b204e6627784522245752dbefb9adba7e0ce0c86d66f90
CLIENT_HANDSHAKE_TRAFFIC_SECRET 79aa3b292a1e549071afbb08536db4b3fbf38b0367c2d7b26f9f84f6a9a743f1 5b75bb2a70fa2b34e6728243ea2f9ce3ed1f7f868343ab84b21caa8387373859
SERVER_HANDSHAKE_TRAFFIC_SECRET 79aa3b292a1e549071afbb08536db4b3fbf38b0367c2d7b26f9f84f6a9a743f1 e4827e74b64bcb5bced44200559a5a56f6d86b8a395f1b29d7ee0f06f9d0ec1a
CLIENT_TRAFFIC_SECRET_0 79aa3b292a1e549071afbb08536db4b3fbf38b0367c2d7b26f9f84f6a9a743f1 5d6a1e3c55330cf28fe08a388cd00bcf1c59162321292cc04ef3ff69f8bc2981
SERVER_TRAFFIC_SECRET_0 79aa3b292a1e549071afbb08536db4b3fbf38b0367c2d7b26f9f84f6a9a743f1 294475929e2a1b330e37e3d79fdab152e904a342ea0b82977d5e04e93615a47f
EXPORTER_SECRET 79aa3b292a1e549071afbb08536db4b3fbf38b0367c2d7b26f9f84f6a9a743f1 2f41b696e3ae4b36b970c592bdc1b84e19ffc2b1181f7fc49f5e47c72aed983d
CLIENT_HANDSHAKE_TRAFFIC_SECRET c3b601a30c1dab1cafd08ba665f0210385cb12b1ec5b2778d796eb29322c0420 2130b28a4fa11bf4601df10cdae3f5902bea9c019e2b35647b1f95a4003fc329
SERVER_HANDSHAKE_TRAFFIC_SECRET c3b601a30c1dab1cafd08ba665f0210385cb12b1ec5b2778d796eb29322c0420 514706b5aaba45d0aa492ac73a7d752dce537e7d66f1b40c889815b327dfdf6d
CLIENT_TRAFFIC_SECRET_0 c3b601a30c1dab1cafd08ba665f0210385cb12b1ec5b2778d796eb29322c0420 09946ba2c17b86b86be14bb992a1c83e9343e86ab2caa66dcfd628b9c5f2fe2d
SERVER_TRAFFIC_SECRET_0 c3b601a30c1dab1cafd08ba665f0210385cb12b1ec5b2778d796eb29322c0420 612c859b99cd767e320fcf7635b181b9c8447f9e1ca248a590c48a73f3443a96
EXPORTER_SECRET c3b601a30c1dab1cafd08ba665f0210385cb12b1ec5b2778d796eb29322c0420 e051ddb72b6523470330e1e5900f211446312591b1b09f274800ac46489d4027
CLIENT_RANDOM 77bb4139e5d51d02a458cbfa8f2a50602d1cb7bf981247eebe60d86fd84758b0 262ea1f21b1a43958f5aa0e2bc5de2d1f417445f4b5f10c0c0f76c3d582be4aed955e0f35c42ff44ff642358144df05d
CLIENT_RANDOM 315e4c9b1227731641ff678573688adb5ab61d27aded684f19632f41869460af 9bee5f6b422de8277d57a778318c9033f5335a04759af861ef9d652277b89a50bc6f542076c1d0932c965eaf8382f6dc
CLIENT_RANDOM 51698fe7cf9367f065e2f7e1a325e373238b558cd1d8582e6f5512aad017c763 31ef60e5edfd41cb41ac395d9193c112759598bec246322f50390e020ab70748695228bf3f7b7e410028ce673a335f2f
CLIENT_RANDOM 6a1e047d51e941de78de5dca43a91040a2ddd076133686b05501cb66d24add99 8e4bb63d34a723d5bbd3da1880b8452931261b45ad1b6f71b33bcd7909ee7f628fe0dd31fad93321eb430ff7e94d8303
CLIENT_HANDSHAKE_TRAFFIC_SECRET 93fb7bc1aba5a3c7c4f8b716d5f857d8e54de924c2d15d9705236c5bb0b757e6 84e65b917ee3554ff7387eec973361d182daebeb692f102d57d1bc47fb67b666
SERVER_HANDSHAKE_TRAFFIC_SECRET 93fb7bc1aba5a3c7c4f8b716d5f857d8e54de924c2d15d9705236c5bb0b757e6 5090e1b2960a129c9ee355e38068c14895066fcc2259ff1429a6ed8c16603e03
CLIENT_TRAFFIC_SECRET_0 93fb7bc1aba5a3c7c4f8b716d5f857d8e54de924c2d15d9705236c5bb0b757e6 a7c149092af6e2cf99e1c810491c65e8a15dcb9f400cfa8cc63f7135c44a731e
SERVER_TRAFFIC_SECRET_0 93fb7bc1aba5a3c7c4f8b716d5f857d8e54de924c2d15d9705236c5bb0b757e6 1bd34068af662a2fa978678b2518657686efbe7d63dbcde620ca38fe757716ed
EXPORTER_SECRET 93fb7bc1aba5a3c7c4f8b716d5f857d8e54de924c2d15d9705236c5bb0b757e6 a9b2f879c1f384f3f4ba1fc583d0b9558f1f189220c00bc0eb84661204ed4730
CLIENT_HANDSHAKE_TRAFFIC_SECRET eb7789970aef319aa2ea36671d8e1681277b56ffc85e6b4f1ddb88ec5ff6b5df e624bde2ef7ff5320725f37f1b526f52af6dac96763ac7e50be03e081f7936f8
SERVER_HANDSHAKE_TRAFFIC_SECRET eb7789970aef319aa2ea36671d8e1681277b56ffc85e6b4f1ddb88ec5ff6b5df 46bf6e3287657967d6dc9d45fa9ea8b5526a9b5bdae0c1318d61676bab8d6759
CLIENT_TRAFFIC_SECRET_0 eb7789970aef319aa2ea36671d8e1681277b56ffc85e6b4f1ddb88ec5ff6b5df 65cdafd3cbe07c2aea5d04d37d8f02f8675e35a48f7d760e0a54ed419cbef626
SERVER_TRAFFIC_SECRET_0 eb7789970aef319aa2ea36671d8e1681277b56ffc85e6b4f1ddb88ec5ff6b5df 20eb12f8a4ff887197fdddf6b2da4cfa56a7a135ffe3c3d970dc326e9f0214ea
EXPORTER_SECRET eb7789970aef319aa2ea36671d8e1681277b56ffc85e6b4f1ddb88ec5ff6b5df 93d51d64d675bbe9bd586c36e1223cbb54873a63b2ef50000f3ffa97d2844c9b
CLIENT_HANDSHAKE_TRAFFIC_SECRET f8c2da5b266a344ac56f1a8ff9a814fec7a8eee26aa4f7a54c3664ceea820577 3287e1762a712d9505162e247d691db181bbf4bfbd2f8c8c26ce55211efdf5f9
SERVER_HANDSHAKE_TRAFFIC_SECRET f8c2da5b266a344ac56f1a8ff9a814fec7a8eee26aa4f7a54c3664ceea820577 9df9af2bd0a1a0ad2e3435adcbe264a51e5f202a5f5bf3ccd1e94e0a3d1ec2f2
CLIENT_TRAFFIC_SECRET_0 f8c2da5b266a344ac56f1a8ff9a814fec7a8eee26aa4f7a54c3664ceea820577 43d8771ff7d9cbaacb2f8acba4176859e98a6533e85d1690c0dc995e05152364
SERVER_TRAFFIC_SECRET_0 f8c2da5b266a344ac56f1a8ff9a814fec7a8eee26aa4f7a54c3664ceea820577 7f4a2c1b04f85cef497743a8a33837b019662dedc675eda34ac4b2ec09dfece1
EXPORTER_SECRET f8c2da5b266a344ac56f1a8ff9a814fec7a8eee26aa4f7a54c3664ceea820577 a55da1815479c60c657dd22d5ccbb4c7917fa582af6a8b08e1bc688a62973017
CLIENT_RANDOM 2593dea693b65b9cfb57c77f431f2099da9f18b6deda37ef80e1e3f46b3449f8 262bef1a7209ddfbd04942aa0046be8578355456d203c99b156fb2fdb7c266232d72b53025d401747df5b5c36b744e94
CLIENT_RANDOM e93b77e2ee73ce79d26c5da555101519d18293206f70f4547879885c87671198 c69075be57e681603f25d077e696da1c19ac7929afe1deaaaaaa0742c15ca3c2047e26fb4c88b806986e63a30f39b848
CLIENT_EARLY_TRAFFIC_SECRET 384c12d156a33b6c7d8d02482fd0c2b324a95101010ee47110f08ace3963eb01 8273bf20e1053f62a6143f9a3ab1d542566b3305010292055d8b5f8047c2dcf1
CLIENT_HANDSHAKE_TRAFFIC_SECRET 384c12d156a33b6c7d8d02482fd0c2b324a95101010ee47110f08ace3963eb01 95b3132721563f60f9aa59be6980cf1adcc611de25e6ce3afb1b9bc21e6867c1
SERVER_HANDSHAKE_TRAFFIC_SECRET 384c12d156a33b6c7d8d02482fd0c2b324a95101010ee47110f08ace3963eb01 ec32aa2f009d5fba5aafacee44e713247e588f59799d7196251801072d797e24
CLIENT_TRAFFIC_SECRET_0 384c12d156a33b6c7d8d02482fd0c2b324a95101010ee47110f08ace3963eb01 39505baf7db2a7e6611fe047672d76df9cdec4f0a6dc521a3a75f9136e47e87f
SERVER_TRAFFIC_SECRET_0 384c12d156a33b6c7d8d02482fd0c2b324a95101010ee47110f08ace3963eb01 2f0740b879f8a2d7f470699cf6b4e7489568092782caf4f51db297ec0d1afbe3
EXPORTER_SECRET 384c12d156a33b6c7d8d02482fd0c2b324a95101010ee47110f08ace3963eb01 77a58e0ae6a13cf125c5ffff201326cf559d2390cfefe134c783b11b8e39803b
CLIENT_RANDOM 3791259dc8c0a7d659702480ca1be41c5ce7278c42681993f985d18e18ffae4c 64e5d25e60dd340c9d3ccd84bad6c7b839c2f5b2446bf8cffeeceb377d6bc78a10f0d6276242b405fb68240e165bdb57
CLIENT_EARLY_TRAFFIC_SECRET ec78f6b29045f4114168143e50c974dcd1c25e1b9307642aef3b928dec560721 6448293df2ee1e7915963ff70e35997864ca30983ebed162f9e54d0bb38efb44
CLIENT_HANDSHAKE_TRAFFIC_SECRET ec78f6b29045f4114168143e50c974dcd1c25e1b9307642aef3b928dec560721 7c976d0e99bb50b34db949fcaff8fea32e1e69a5ed9e24ef7fa64374e10e09e9
SERVER_HANDSHAKE_TRAFFIC_SECRET ec78f6b29045f4114168143e50c974dcd1c25e1b9307642aef3b928dec560721 e6fafee8ef754b84a3bf56195c1db77cb23bd62ebb164f7b839977f556576540
CLIENT_TRAFFIC_SECRET_0 ec78f6b29045f4114168143e50c974dcd1c25e1b9307642aef3b928dec560721 e7dc56cc23b04ce934b3ca13eb90bd3d900fabc5dfaca66c84500dd88835cfd6
SERVER_TRAFFIC_SECRET_0 ec78f6b29045f4114168143e50c974dcd1c25e1b9307642aef3b928dec560721 c4c8bbafd8dd96fe153de87b253be07199742cee980a484b228669d7df25f5cc
EXPORTER_SECRET ec78f6b29045f4114168143e50c974dcd1c25e1b9307642aef3b928dec560721 921c7b31d47fa81e7acf6223d301d39536731ff54cd7ae0cc962cb6da850372a
CLIENT_HANDSHAKE_TRAFFIC_SECRET 9d9598fb71df823f1dc8d8b4f1045ac7b119639d89c92671e0a52ce961e7062e 99b6ec799eafcfbc8a64f9671943267dc72aaf819b4ab7873e1c1aa20048a4bf
SERVER_HANDSHAKE_TRAFFIC_SECRET 9d9598fb71df823f1dc8d8b4f1045ac7b119639d89c92671e0a52ce961e7062e 91bf0a94a1eabe30406382add8e0e116a511fa012186e6e70d8f55e758b4be80
CLIENT_TRAFFIC_SECRET_0 9d9598fb71df823f1dc8d8b4f1045ac7b119639d89c92671e0a52ce961e7062e 317cdaa74615c65c3018a70558c492ef3ffe640e8597ac950c50401fd20a8583
SERVER_TRAFFIC_SECRET_0 9d9598fb71df823f1dc8d8b4f1045ac7b119639d89c92671e0a52ce961e7062e 16a6eab7667e8b3d5d7ce0f643b410910dd217304d8b8317b81e12ebdc9199e7
EXPORTER_SECRET 9d9598fb71df823f1dc8d8b4f1045ac7b119639d89c92671e0a52ce961e7062e 3e2606f7ec9c787cf4bdc016e8a90b89e09392c433ffc2ba67fecd362ff43b8c
CLIENT_RANDOM 4cdbd70f93ccb8dfd2b2c5bc951b4624553a96b4571cca5c944bbc0ff75e2705 54fbf4388e2b1c5a612ed28774887b549cfb47de3e4068e1239fa789b56833816c0a8bb9be138e2dd1daf3de3524c2b0
