CLIENT_HANDSHAKE_TRAFFIC_SECRET 4084e541c4f41aa53240b3a158ea5c9dd17b52fb437887a8fdf6472fe45d5db5 0b51031d804d99bc345218099a333b3fbdd0b9a356da838a08aec4b76c873fab
SERVER_HANDSHAKE_TRAFFIC_SECRET 4084e541c4f41aa53240b3a158ea5c9dd17b52fb437887a8fdf6472fe45d5db5 f19e5ea10fa0137ecf1731cab091ed9ed2cbfb729cc8e7b8689576f4dd38b2ca
CLIENT_HANDSHAKE_TRAFFIC_SECRET 428783c99cc73df5dd657d85e09bf8e977c7e885af4876e3d4901f5fbb9fe2de f622fae4420bc7078ebbf097ca97126df41f69ff3f15203e345814f7c22509fa
SERVER_HANDSHAKE_TRAFFIC_SECRET 428783c99cc73df5dd657d85e09bf8e977c7e885af4876e3d4901f5fbb9fe2de ace834fa476036e62726f406624d74071fc7c092aa8dd6a211b75979ca6bc2ce
CLIENT_TRAFFIC_SECRET_0 4084e541c4f41aa53240b3a158ea5c9dd17b52fb437887a8fdf6472fe45d5db5 d6bfe850c9697513434f6b770e2d4a2fdfed1dc301f859b3a6e1067abf801f80
SERVER_TRAFFIC_SECRET_0 4084e541c4f41aa53240b3a158ea5c9dd17b52fb437887a8fdf6472fe45d5db5 d86c52b17379addc1b7f061297afe3b721ebfa23dc4c5ff0306c73430bbc6f92
EXPORTER_SECRET 4084e541c4f41aa53240b3a158ea5c9dd17b52fb437887a8fdf6472fe45d5db5 e79ffaaa1dff60948b9a0022d8fbdfd627ba637d923c7e4709e58c7a6682ae7a
CLIENT_HANDSHAKE_TRAFFIC_SECRET b01d0b4abff36073d367733056aee4c4d17f1f62089132b6b4004343c9097a23 6455a3fc55856f8d43863b4a53eade23a3d265c6eebd00a7b2e1c5ad915d2df1
SERVER_HANDSHAKE_TRAFFIC_SECRET b01d0b4abff36073d367733056aee4c4d17f1f62089132b6b4004343c9097a23 6b75ce1225ec755066240fb6c07fbad527670f7d6e522e7362858266adc53384
CLIENT_TRAFFIC_SECRET_0 b01d0b4abff36073d367733056aee4c4d17f1f62089132b6b4004343c9097a23 8c9688494687b392cb39b443ba371bb24dc750bcfc6785ef9620c8ec4c46b83e
SERVER_TRAFFIC_SECRET_0 b01d0b4abff36073d367733056aee4c4d17f1f62089132b6b4004343c9097a23 e6cefb71a1696abc91d3bbcdabbbde1472478008a5294865c920c60904abb72f
EXPORTER_SECRET b01d0b4abff36073d367733056aee4c4d17f1f62089132b6b4004343c9097a23 194d2fe457da54ae006b9ca83c62a74b40143ca31443333392977f42ac27dc88
CLIENT_HANDSHAKE_TRAFFIC_SECRET facf96fb7fbd9d0d781baa714aa302dcc2f43e18b98147005fc7224e83c657e5 b3e021b70856ae0e8e60886bdfc176600eb39e6e27f020aec564e0b0968d5d0f
SERVER_HANDSHAKE_TRAFFIC_SECRET facf96fb7fbd9d0d781baa714aa302dcc2f43e18b98147005fc7224e83c657e5 52fdc504c3bef0ef048569074158bb45cd43f1d0229c5969fadc78051a0be96d
CLIENT_TRAFFIC_SECRET_0 facf96fb7fbd9d0d781baa714aa302dcc2f43e18b98147005fc7224e83c657e5 79a0fc1769621776a61f642f25d5956e6f318fbd3db23a676df58498536f5d9a
SERVER_TRAFFIC_SECRET_0 facf96fb7fbd9d0d781baa714aa302dcc2f43e18b98147005fc7224e83c657e5 910f69c4d05ddd77fd136df54e7cceb78b2319c7113958197d1f102cdc80f59b
EXPORTER_SECRET facf96fb7fbd9d0d781baa714aa302dcc2f43e18b98147005fc7224e83c657e5 2f36feaf14f6f1189e67fe32e136d84c4e7e9555523d2de7070cbb1ff32add92
CLIENT_HANDSHAKE_TRAFFIC_SECRET 5dfb8bfd0c88c85eac751befc5771bfa925635296bbb105433992608d2425572 6bb4128b65dd5a33fd62bf70abf4a937c9c686329937eefbf8790ba631511d15
SERVER_HANDSHAKE_TRAFFIC_SECRET 5dfb8bfd0c88c85eac751befc5771bfa925635296bbb105433992608d2425572 f73c373b0ccf0685f8af85a0cf3e8702661aac75b74ba4f084ff4cebce00a333
CLIENT_TRAFFIC_SECRET_0 5dfb8bfd0c88c85eac751befc5771bfa925635296bbb105433992608d2425572 5ca768637ad2d07518db496c2e016aae58144a63963de6de1ce0c6b8cf98085d
SERVER_TRAFFIC_SECRET_0 5dfb8bfd0c88c85eac751befc5771bfa925635296bbb105433992608d2425572 3db98a76efc67feceaaedcbeccad692c5c339c85eaf3ce385d656317ae664c27
EXPORTER_SECRET 5dfb8bfd0c88c85eac751befc5771bfa925635296bbb105433992608d2425572 ebdf955b9e15acb57996952b31f22a6f2c5d85867e9b051f04342caa09844e6f
CLIENT_HANDSHAKE_TRAFFIC_SECRET bac5afcaeed6d7fb1272ffe2f16c952b83d251f3a8be5e7538c3ebed0a04dd80 dece15676168b4ab2d83a3806bc0cda5f951166e7413fc0bb98bdebc10524ed6
SERVER_HANDSHAKE_TRAFFIC_SECRET bac5afcaeed6d7fb1272ffe2f16c952b83d251f3a8be5e7538c3ebed0a04dd80 7b41a3c285893e1ffa87c015ea38bdde5796b42c1262912835606f03a55d357a
CLIENT_TRAFFIC_SECRET_0 bac5afcaeed6d7fb1272ffe2f16c952b83d251f3a8be5e7538c3ebed0a04dd80 ab2c1b23fc216686431d36e3d874155e843f5ad1110dbbb4a0abd2ca3730e015
SERVER_TRAFFIC_SECRET_0 bac5afcaeed6d7fb1272ffe2f16c952b83d251f3a8be5e7538c3ebed0a04dd80 9cd76df8aa2fe698fbd2202d3df44e8a516a785f102b4b6bbe8853c2fb417441
EXPORTER_SECRET bac5afcaeed6d7fb1272ffe2f16c952b83d251f3a8be5e7538c3ebed0a04dd80 09a902bd85898bb2695398413f8203007f2c244ee4d904e4dc09ee767abc8fb4
CLIENT_HANDSHAKE_TRAFFIC_SECRET 88586ca976167517bde5d58d7cf2161cc0d40a21b94f00a016fecbd6e1705488 18cc6e50041b9fc411cce722dd0b18d996a91bd80a724e019b0637f03495448d
SERVER_HANDSHAKE_TRAFFIC_SECRET 88586ca976167517bde5d58d7cf2161cc0d40a21b94f00a016fecbd6e1705488 26319af2093ee2dea1f4bbd0bbfe9a7fc8a6a4b298840e192b7cacc8d83067c8
CLIENT_HANDSHAKE_TRAFFIC_SECRET d64c83b894f7c183b830789ae59a809d3c9d158a5ebfa25f0145be281bbd612f 2b0670f673d4640b4beae7c00c632fab6df9428ca01f01a544aacc0ed8b576f6
SERVER_HANDSHAKE_TRAFFIC_SECRET d64c83b894f7c183b830789ae59a809d3c9d158a5ebfa25f0145be281bbd612f 3a403ca28c117b4d1d01f1870f3611e19121ef4bfbafc31806293023bdddc82d
CLIENT_TRAFFIC_SECRET_0 d64c83b894f7c183b830789ae59a809d3c9d158a5ebfa25f0145be281bbd612f 427705520aa67ce4c81d49dca4b737184993a3239a9b119ce7cd890f50a4ed88
SERVER_TRAFFIC_SECRET_0 d64c83b894f7c183b830789ae59a809d3c9d158a5ebfa25f0145be281bbd612f 8414437e641fe8875d32cd7adf141b018eea59a9a6f1c14939b80c6f2e615d1b
EXPORTER_SECRET d64c83b894f7c183b830789ae59a809d3c9d158a5ebfa25f0145be281bbd612f bb0d00cfd63f2a4a955f6514fa3c1fa89d0fcebfe6ae7e142cf27d3574c9ba78
CLIENT_TRAFFIC_SECRET_0 88586ca976167517bde5d58d7cf2161cc0d40a21b94f00a016fecbd6e1705488 d3b73fe35f2d4b94b4e6a526d4fd8c85bf418248bc5992f2d5d768d0d1871cdf
SERVER_TRAFFIC_SECRET_0 88586ca976167517bde5d58d7cf2161cc0d40a21b94f00a016fecbd6e1705488 b874339470eae713a87b874b09a113ac335ad3f02d3c1ec9f2fb85b88ee76386
EXPORTER_SECRET 88586ca976167517bde5d58d7cf2161cc0d40a21b94f00a016fecbd6e1705488 3b112e1cbd2146d7d2882267a856eaf362ad8db006362b1194b22ad8eecd5323
CLIENT_HANDSHAKE_TRAFFIC_SECRET 00f38d04499ac526d43936cdc149db21259ef265ff93834556dd0eb3b81bcb10 d6e00bc44a464b8938908160ca72f603b624669613821de19a0382ac39e989e4
SERVER_HANDSHAKE_TRAFFIC_SECRET 00f38d04499ac526d43936cdc149db21259ef265ff93834556dd0eb3b81bcb10 f67fff003734c4acdebb8835f30774f140c157c720beab731dd7a25ddb64960c
CLIENT_TRAFFIC_SECRET_0 00f38d04499ac526d43936cdc149db21259ef265ff93834556dd0eb3b81bcb10 3721dee221208156be2ccc261b24ecf3c4f69a2f4bed9732c1b126b19b6b903a
SERVER_TRAFFIC_SECRET_0 00f38d04499ac526d43936cdc149db21259ef265ff93834556dd0eb3b81bcb10 c125856f17b70e2ef1665091af4c82f1ae6c4b200f93c739dc7549f370f43a4f
EXPORTER_SECRET 00f38d04499ac526d43936cdc149db21259ef265ff93834556dd0eb3b81bcb10 e3cde437fe36da7c818bba80a8b2b5bc22498712abb4a28f4a52c665b7d1b6ef
CLIENT_HANDSHAKE_TRAFFIC_SECRET a79a2aba8a23bf43ee98f4512c75019fef1a04cac42a6f0580a26bbd2a95dc0e 33803bc73bde6adc3ab745bec2b1cfe18c56d7b2a622fc7a557802137f4e5715
SERVER_HANDSHAKE_TRAFFIC_SECRET a79a2aba8a23bf43ee98f4512c75019fef1a04cac42a6f0580a26bbd2a95dc0e 0cbea4d99ef33e3ec58f928db58d4ea714748a95c245c8b5ee175e06e940f8ea
CLIENT_TRAFFIC_SECRET_0 a79a2aba8a23bf43ee98f4512c75019fef1a04cac42a6f0580a26bbd2a95dc0e 6087e6c05d46a789f73e6189080024a9b59bf7f8d1fcea2462a6950ba40e94ed
SERVER_TRAFFIC_SECRET_0 a79a2aba8a23bf43ee98f4512c75019fef1a04cac42a6f0580a26bbd2a95dc0e 8e0e817712136e056184e611a9bd3d03bccf28d23027e47e3b68416fee56e71c
EXPORTER_SECRET a79a2aba8a23bf43ee98f4512c75019fef1a04cac42a6f0580a26bbd2a95dc0e 2677ed2347ddacbb96d7e836b3222c2b54e861e908b3f316bfb9ccd322f71746
CLIENT_HANDSHAKE_TRAFFIC_SECRET fc6563120929801d25a27775b1b0745fca80b0bf708397b15f3be0757a4c198f 88a5e5815742da4d2d60433a4fbce8521bdd75d23587a6542b9ef1912e492703
SERVER_HANDSHAKE_TRAFFIC_SECRET fc6563120929801d25a27775b1b0745fca80b0bf708397b15f3be0757a4c198f 78b8b2adc77146ed44e337ecc049d0f8af4cbf8d7696be610dd3e0b95183d033
CLIENT_TRAFFIC_SECRET_0 fc6563120929801d25a27775b1b0745fca80b0bf708397b15f3be0757a4c198f 93709741ad2433fa5e92c15fb09bbe91a7187927f1a0f896fe33cea37bf536b4
SERVER_TRAFFIC_SECRET_0 fc6563120929801d25a27775b1b0745fca80b0bf708397b15f3be0757a4c198f fa3da356fc2622b874fbf55c00037efb5031c8884d5772c763132f252f624449
EXPORTER_SECRET fc6563120929801d25a27775b1b0745fca80b0bf708397b15f3be0757a4c198f c4ff4217ee11de29ddbcb85359e2273f269a700ac8b58dbc7b2598033c55652c
CLIENT_HANDSHAKE_TRAFFIC_SECRET c8d540ac430589250a681490ea22f3fc027d49c49be829da93b2c8db7e813c50 7134cde83cad679cdcaa0ea1df4fb47412e22dc263ec4d3e3ebb40de62de9d38
SERVER_HANDSHAKE_TRAFFIC_SECRET c8d540ac430589250a681490ea22f3fc027d49c49be829da93b2c8db7e813c50 ac04effd46c3e122a6d521c731440a1d47be72a66c90c2702008d24a3443047a
CLIENT_TRAFFIC_SECRET_0 c8d540ac430589250a681490ea22f3fc027d49c49be829da93b2c8db7e813c50 56752682dfcb50ca918d4a24d25f7c24775a3c80895388010e59101c7b3faeae
SERVER_TRAFFIC_SECRET_0 c8d540ac430589250a681490ea22f3fc027d49c49be829da93b2c8db7e813c50 4ca1e4d8e46403feb5749c8a3bbd2af59b503897d4da01078411ec688af7a954
EXPORTER_SECRET c8d540ac430589250a681490ea22f3fc027d49c49be829da93b2c8db7e813c50 4265721805774662c6a67d4c7d36ce52b55bda79e77dd83795d422463b58ad78
CLIENT_HANDSHAKE_TRAFFIC_SECRET b26b946a482dfd24d1f57e927766a9cf95a94465cac422898aab98eace968411 f787e6b01dec07c59e3eb7241425ab94a1684b235a50ed2d304a9b564d422b8b
SERVER_HANDSHAKE_TRAFFIC_SECRET b26b946a482dfd24d1f57e927766a9cf95a94465cac422898aab98eace968411 755367c69b338502f2e5779e2357640aa16d5819ed1582cbe412a96a903ec9d3
CLIENT_TRAFFIC_SECRET_0 b26b946a482dfd24d1f57e927766a9cf95a94465cac422898aab98eace968411 d2d1778d22d8a357a369bd8631e80d00656fa0d48dff745c07e10c0be62392ee
SERVER_TRAFFIC_SECRET_0 b26b946a482dfd24d1f57e927766a9cf95a94465cac422898aab98eace968411 1b6f1e9c07a525ff553f9537d6363727a1319e3e96689d1974832fd29c34babc
EXPORTER_SECRET b26b946a482dfd24d1f57e927766a9cf95a94465cac422898aab98eace968411 884c0dca5d4cb9bdd3612428acea6ba339471400139a27abff51cb6b0b90140b
CLIENT_HANDSHAKE_TRAFFIC_SECRET dddb2d284635a49a13bf8c79ad5806a77f7a5fc288bc731a4d5b74b239dd07bc a36ae3eb0b72afb09923c6a9464278b5734b79a9e6628bcfb4606b38bf3b50e63fc77c346f6d73c55037f2925e3a570d
SERVER_HANDSHAKE_TRAFFIC_SECRET dddb2d284635a49a13bf8c79ad5806a77f7a5fc288bc731a4d5b74b239dd07bc 9807869fcb4dcb8aacb24b8c4c2fa986214393f14a6ad18238d713bb8b0830247cf7808b7061dd3a054944ba7c93ab9d
CLIENT_TRAFFIC_SECRET_0 dddb2d284635a49a13bf8c79ad5806a77f7a5fc288bc731a4d5b74b239dd07bc 4099af8d376f874d634648e6e8d00741c76fa78a0a14b4cc1f5ecf77abd09f0b33260971de448afd6eca9e06def3c67e
SERVER_TRAFFIC_SECRET_0 dddb2d284635a49a13bf8c79ad5806a77f7a5fc288bc731a4d5b74b239dd07bc 3aa6af3309b99f6f4b637c5632ba5d3891857949d60f17b7376e1401c11d4454db8733741eeed18f0b4abde4966d2e1e
EXPORTER_SECRET dddb2d284635a49a13bf8c79ad5806a77f7a5fc288bc731a4d5b74b239dd07bc aadf4dc7aeb1a2501240211f9cad1a9f7df0305d7ee64668b9ae9d14965125aa7d9ed60efa238c1f74c337957eeb0905
CLIENT_HANDSHAKE_TRAFFIC_SECRET 436d878206598d3574a713358428620e52f63e6ed3b153e344fbad0a23bcc8d0 1767dfff903bf38c04b3ac4660ae6118a4b00a6f3eb40d4cca3ba003c841befc
SERVER_HANDSHAKE_TRAFFIC_SECRET 436d878206598d3574a713358428620e52f63e6ed3b153e344fbad0a23bcc8d0 43837d92c811b6a4bb93d1400917cb1a436d78b46a9c77544d8b4cd3af125ee6
CLIENT_TRAFFIC_SECRET_0 436d878206598d3574a713358428620e52f63e6ed3b153e344fbad0a23bcc8d0 34646aef86bd5383b9715b064f4c9a04523048a20c48ca35688ae4187038dc59
SERVER_TRAFFIC_SECRET_0 436d878206598d3574a713358428620e52f63e6ed3b153e344fbad0a23bcc8d0 81ce26a53a2853b102b8d38073b59db7c5887d3d4504cdecf348aa2fddf018d4
EXPORTER_SECRET 436d878206598d3574a713358428620e52f63e6ed3b153e344fbad0a23bcc8d0 48795dc9592f97206966ff2599fb9e5693e2ef70626198c818770f8b561a5ea9
CLIENT_HANDSHAKE_TRAFFIC_SECRET 7f20e0adc7bf1384bfd0cfdc4a66a36f1539b7b16de6c9db072a9fc13fd754b2 320bbb049deefee7a7d9a2580109b27285c934114dd8ce97db52dda515b3a1c2
SERVER_HANDSHAKE_TRAFFIC_SECRET 7f20e0adc7bf1384bfd0cfdc4a66a36f1539b7b16de6c9db072a9fc13fd754b2 76c5fa4687d92d5a95c867f8ba47ea6bc07643520872cf00ce4c02f24af5f091
CLIENT_TRAFFIC_SECRET_0 7f20e0adc7bf1384bfd0cfdc4a66a36f1539b7b16de6c9db072a9fc13fd754b2 a8c2a4b537c1b2cb74e5efbd6ae05049f5639a60a5e44fc83041f627af586c7b
SERVER_TRAFFIC_SECRET_0 7f20e0adc7bf1384bfd0cfdc4a66a36f1539b7b16de6c9db072a9fc13fd754b2 223f82ddcfedf260cfb7daa988af26750b39472aa549fdfa9bf32eb628d03cda
EXPORTER_SECRET 7f20e0adc7bf1384bfd0cfdc4a66a36f1539b7b16de6c9db072a9fc13fd754b2 39739c77b7f8e2ee1d8a0cb316c20dd31a7a5bc973e0d1a1595c292fc22dffc9
CLIENT_HANDSHAKE_TRAFFIC_SECRET cbbd1b849f263b79d08ca2167264ebabd562f67b3ccd1ab81fa071209d20602d 13bd7549db4c74e2846f9067cc542bccc53d520d8fdb7cc3700e17ce1b662c1e
SERVER_HANDSHAKE_TRAFFIC_SECRET cbbd1b849f263b79d08ca2167264ebabd562f67b3ccd1ab81fa071209d20602d dca1360862b1103b8e23b1bd41a567747b80aca53d52198ed2d51f799303e481
CLIENT_HANDSHAKE_TRAFFIC_SECRET 025f4628ba9434e9ac3a871819d4f77c6f488c39352b83f04656d0004dc32c9a 69c7d36c3fb4a710aa10be5345e58c89bf88014b1d42db3cc5b2c46f8cc592f2
SERVER_HANDSHAKE_TRAFFIC_SECRET 025f4628ba9434e9ac3a871819d4f77c6f488c39352b83f04656d0004dc32c9a ff5a4cfb5acc0c9b5624422e2a5d22d6fc4a9087a601b879732ca94e0bacb3c8
CLIENT_TRAFFIC_SECRET_0 cbbd1b849f263b79d08ca2167264ebabd562f67b3ccd1ab81fa071209d20602d c3bfea95b635cb174050eaec207a401bee88755af4328767d879febfc322c61b
SERVER_TRAFFIC_SECRET_0 cbbd1b849f263b79d08ca2167264ebabd562f67b3ccd1ab81fa071209d20602d 80d896cd239e6cbd7856e2155e70f110e4688d6e98cac19fe78dbaaf09cc3a09
EXPORTER_SECRET cbbd1b849f263b79d08ca2167264ebabd562f67b3ccd1ab81fa071209d20602d 3354aa00c376128c7193a55626db71b564ebbc898f5ac33917fde54ea9a1a2e1
CLIENT_TRAFFIC_SECRET_0 025f4628ba9434e9ac3a871819d4f77c6f488c39352b83f04656d0004dc32c9a fa44a3a43bebdd6d3ab349399c8cb6196dc9eedffe7623d73ffb74aef484b58c
SERVER_TRAFFIC_SECRET_0 025f4628ba9434e9ac3a871819d4f77c6f488c39352b83f04656d0004dc32c9a dc7a4ec1cc16c9ad52264f201014591b99d068553c2f0d406a00398f2bc0f9b3
EXPORTER_SECRET 025f4628ba9434e9ac3a871819d4f77c6f488c39352b83f04656d0004dc32c9a a2bc24b88a294cea5bd3222c29281d2146ca1121264d6edb9b6bf21fe4f1261f
CLIENT_HANDSHAKE_TRAFFIC_SECRET 750ab2bcf000856050c708e3db9b16a5b5af5b645bf92113452cd26be515c047 c171870987d6971da40eb7d5d42ed1c4251f1719e4bf8848ec2173dcc8ee3f3a
SERVER_HANDSHAKE_TRAFFIC_SECRET 750ab2bcf000856050c708e3db9b16a5b5af5b645bf92113452cd26be515c047 822d5129561efc30e59169f9e7e1a1617ed36b363964334d51b1ba3f154c7dcd
CLIENT_TRAFFIC_SECRET_0 750ab2bcf000856050c708e3db9b16a5b5af5b645bf92113452cd26be515c047 ca73b7d086fb1e1411822df343be045ed8aae0bfbb956e3881cbb4cac2e9d148
SERVER_TRAFFIC_SECRET_0 750ab2bcf000856050c708e3db9b16a5b5af5b645bf92113452cd26be515c047 b775ab692ff44c488a05deb4e58f05fc984757f84949ab84de14323dbfcbc623
EXPORTER_SECRET 750ab2bcf000856050c708e3db9b16a5b5af5b645bf92113452cd26be515c047 095bdb2a7dc6ec2e972674f59e33a4c30529b994b825e4cfedea3d5ebf1d5ffa
CLIENT_HANDSHAKE_TRAFFIC_SECRET 667ad90bd1f798d72df3d9a176f64f173936d028a5e1cb933ff7c2d7830f8040 ee4a8641d3ed9a76ec0e90b3c74c1a076609a0203d29c319d2ceeda016fffe58
SERVER_HANDSHAKE_TRAFFIC_SECRET 667ad90bd1f798d72df3d9a176f64f173936d028a5e1cb933ff7c2d7830f8040 2f4686689df554f131c43e65f1ecc125cea04b966d3311f852eca7d685d75708
CLIENT_HANDSHAKE_TRAFFIC_SECRET 771c85004076238f4a9e71d83fd8005631381dd5f32055d1e03740bcf367dfa8 1f673d4a045be9eae8e5b26e4219daaaecf94594f3e76eb8d0b369b0653d2207
SERVER_HANDSHAKE_TRAFFIC_SECRET 771c85004076238f4a9e71d83fd8005631381dd5f32055d1e03740bcf367dfa8 149367f8e81d52f94321a6adf69419c74e512faece267cadcbec0a2e55342bfb
CLIENT_TRAFFIC_SECRET_0 771c85004076238f4a9e71d83fd8005631381dd5f32055d1e03740bcf367dfa8 f4d3fefd4dd5aa8c32b8718605bc70d14c38f8012ca145e9f8baeb129fb9263f
SERVER_TRAFFIC_SECRET_0 771c85004076238f4a9e71d83fd8005631381dd5f32055d1e03740bcf367dfa8 c2c9309501026433e22940f0e31a3adf6e149485a8ab47a887dfa98679840ac3
EXPORTER_SECRET 771c85004076238f4a9e71d83fd8005631381dd5f32055d1e03740bcf367dfa8 fcdbaeb7badfeaa09bfac5be3f573c66e8875679843cea6c73458727d55abbb7
CLIENT_TRAFFIC_SECRET_0 667ad90bd1f798d72df3d9a176f64f173936d028a5e1cb933ff7c2d7830f8040 6b43cd3293ee99be910005c473ea3a787a718cc2ff3c1ff0afd9bc9f8c79fe7c
SERVER_TRAFFIC_SECRET_0 667ad90bd1f798d72df3d9a176f64f173936d028a5e1cb933ff7c2d7830f8040 528acdfa402bd3f968cbd3972b1e4665263f4c7fd60eb0f32897c744f90a6809
EXPORTER_SECRET 667ad90bd1f798d72df3d9a176f64f173936d028a5e1cb933ff7c2d7830f8040 14026df61ff082b910b178ae0ee730819ffdb44ddb33f9240e9f3906652d5429
CLIENT_HANDSHAKE_TRAFFIC_SECRET 6e739d17be77b35483028be3aebe4801c64e88fa6270dc21d307d8ebc2cf590b 4db66535bae13d0d037048932865efa871df570b02df2d4588a146a4242e92f13889a15eeae683eb0ff0a81c278a036c
SERVER_HANDSHAKE_TRAFFIC_SECRET 6e739d17be77b35483028be3aebe4801c64e88fa6270dc21d307d8ebc2cf590b 760287222bfa268d994584f8d79247a06a90ac8b710f9220eefc6cbca34ba97052472f50ec13be2ea4a5cdb435a02c0b
CLIENT_HANDSHAKE_TRAFFIC_SECRET f2882391bb102af504eee0660c52cacce03231935feb83ef007a69dbaa970ad9 038663ce14e95aba2ee06858db557a1793212666888f5146e9a273ef08d120f0
SERVER_HANDSHAKE_TRAFFIC_SECRET f2882391bb102af504eee0660c52cacce03231935feb83ef007a69dbaa970ad9 0b492f762a89054844ce218f622063d4763af5a3d027917ebed1cca003efa13c
CLIENT_TRAFFIC_SECRET_0 f2882391bb102af504eee0660c52cacce03231935feb83ef007a69dbaa970ad9 2f053f304a8a77ded84ff9cdbefa789b015020494c7f62394ffe907c3e360681
SERVER_TRAFFIC_SECRET_0 f2882391bb102af504eee0660c52cacce03231935feb83ef007a69dbaa970ad9 441f441c344707e4389a27ba7784d352293691599eef3eca089b689ddb3281a0
EXPORTER_SECRET f2882391bb102af504eee0660c52cacce03231935feb83ef007a69dbaa970ad9 1f62bffa8e17dbbf79703e5101d349c326ba0e796de6b51f429ad574cf1df63e
CLIENT_TRAFFIC_SECRET_0 6e739d17be77b35483028be3aebe4801c64e88fa6270dc21d307d8ebc2cf590b 4f2f9902e95b744fad6be2114daa73e1a7d4e6d67b515f1aba71e698ec4b624b73a1941561986aaf352bb9523b2920ca
SERVER_TRAFFIC_SECRET_0 6e739d17be77b35483028be3aebe4801c64e88fa6270dc21d307d8ebc2cf590b f860f154d03ae14774a3b3c55e66f11fd6f01296a4c3566150d7671229b87a5de07af2d0f924ff6ece9467f8117d150f
EXPORTER_SECRET 6e739d17be77b35483028be3aebe4801c64e88fa6270dc21d307d8ebc2cf590b 9f336a1846a686f83dd71c1d32089c8670fb53f7edaf92ae615c43838c1cb34d5a3f45b683963d467e38958409b0447e
CLIENT_HANDSHAKE_TRAFFIC_SECRET 76b7fa967353fd796d120fcdfa26ca49458569dbe9fbfaeafff875f1c840acae 2733bff5c00b9a2b8f88a1e1599f29efe49e8ee17f39cf8174d4040a5a15e697
SERVER_HANDSHAKE_TRAFFIC_SECRET 76b7fa967353fd796d120fcdfa26ca49458569dbe9fbfaeafff875f1c840acae 4ef40cdd268fd7eb34601f47a9a9a7688246320a12d53b848c0cf725f97f3dbd
CLIENT_HANDSHAKE_TRAFFIC_SECRET 5c784827073972a4cce3a05d9ca5587d7f8f1ebd5c2f066897645199eb202fc7 5890dd863bb3d54ae4125f98479146722f7594d9e60b7efbf9ea6c7472583b8a
SERVER_HANDSHAKE_TRAFFIC_SECRET 5c784827073972a4cce3a05d9ca5587d7f8f1ebd5c2f066897645199eb202fc7 009ccb7dfd60c094991c011fa350ae66296cd639dfb1673b94063aa0281e3c2c
CLIENT_HANDSHAKE_TRAFFIC_SECRET 4931a55d9760a9e96b1f9d8527ee792926e540bd826e2edc1f3300425cab6995 3a410654a4578a21b0a5c326a71add7c70d8d020aca0ddaeb7ee2b96a5f1d5d2
SERVER_HANDSHAKE_TRAFFIC_SECRET 4931a55d9760a9e96b1f9d8527ee792926e540bd826e2edc1f3300425cab6995 a51a03b3072845b70df563071f8bd1bc1e19bc5cecc83cfd32fe514ef853620e
CLIENT_RANDOM a9cefee35d7b3c31c22ea73d100ea8b39b020b6f6744d363178174d06034c377 583df83556a008bd464c64cbd10cef222e88bde08453fa9ebe9057c2eac1783ff1149b9eeba03007b5a377aa04b5b28f
CLIENT_TRAFFIC_SECRET_0 76b7fa967353fd796d120fcdfa26ca49458569dbe9fbfaeafff875f1c840acae 8412fc1fddc18e59d615587b924e17a1cf195658e8c233830f46049f42cbce7e
SERVER_TRAFFIC_SECRET_0 76b7fa967353fd796d120fcdfa26ca49458569dbe9fbfaeafff875f1c840acae d3bcd5a97aa60b30bdf3ed660749bfb7dcac32a58b7918b0aa55f522c6d04858
EXPORTER_SECRET 76b7fa967353fd796d120fcdfa26ca49458569dbe9fbfaeafff875f1c840acae 3cae740d5ec6499f5f75b6f891ded4e11af3aa69f8061969f8ae486b091ca268
CLIENT_TRAFFIC_SECRET_0 4931a55d9760a9e96b1f9d8527ee792926e540bd826e2edc1f3300425cab6995 a9ab6e42ccd2c67eb139a7ff97eecdd365d0eb15c5057ad2a4aaf87793262abc
SERVER_TRAFFIC_SECRET_0 4931a55d9760a9e96b1f9d8527ee792926e540bd826e2edc1f3300425cab6995 3051fb99f61b6a5ec1833daa6d788559e0782affe72b8d8eb1861c669b9ec24d
EXPORTER_SECRET 4931a55d9760a9e96b1f9d8527ee792926e540bd826e2edc1f3300425cab6995 9b3142f1b1c2c486fc2e9b9d53c82d8fd8196f85ac0ede07a108d539ac1e1d75
CLIENT_TRAFFIC_SECRET_0 5c784827073972a4cce3a05d9ca5587d7f8f1ebd5c2f066897645199eb202fc7 4b44ffacf520998d3abb7fed6d0e60cd31ea8308d4467643ea80ed71f6cd5bc8
SERVER_TRAFFIC_SECRET_0 5c784827073972a4cce3a05d9ca5587d7f8f1ebd5c2f066897645199eb202fc7 e1e82e3f11be3471c9a427f48d612bdb2ea0425270f282f2b0e5a8017d24ec9b
EXPORTER_SECRET 5c784827073972a4cce3a05d9ca5587d7f8f1ebd5c2f066897645199eb202fc7 711928298f6adce4463fe227e0bf7472da4a33aa6e22e9ea55ed744848143c4b
CLIENT_HANDSHAKE_TRAFFIC_SECRET 0c6658f3a5445c693a735908e2e0e899fd721b85f761802b7040e3d27235a0ce cc90d555dd644541b1f14d7448f3f52b9352d7ce34271007bb9a53cf6c1141f5
SERVER_HANDSHAKE_TRAFFIC_SECRET 0c6658f3a5445c693a735908e2e0e899fd721b85f761802b7040e3d27235a0ce bb808dd0b4551a742a5e7574fcc4820010c06597cc87c4a2c2ac950606b0fade
CLIENT_TRAFFIC_SECRET_0 0c6658f3a5445c693a735908e2e0e899fd721b85f761802b7040e3d27235a0ce fbe4b7eb87259c9b30cacffe931b0adc3aa6d3545ebbb2c95cd701efc5d99472
SERVER_TRAFFIC_SECRET_0 0c6658f3a5445c693a735908e2e0e899fd721b85f761802b7040e3d27235a0ce 13c5f16b4eec2265fc3953d8c2e0432609fe883f917b8ff8a7997d25411f9575
EXPORTER_SECRET 0c6658f3a5445c693a735908e2e0e899fd721b85f761802b7040e3d27235a0ce e640194f0340d0575c95164d8b313bc21faaadaba858cca718047dd327597482
CLIENT_RANDOM 23090dc36bc347e2424fa04fab0e7bd7ac208655bc04a388c7aaba84614572b0 715cb62b6d81d02ae4e7c1be503a02257c32537a7110c553dc1cbaac1f3c967cd75cf64b95e9e9fceadff771d329dabf
CLIENT_HANDSHAKE_TRAFFIC_SECRET a1d7fe57a8ff7063b7c4b65560e53d3b819ada64e4b539861c8db033c211bbfc 0e381f0a664470d693421703428420bb8cdcd3bb4fe61e681d21a3371989b4ef
SERVER_HANDSHAKE_TRAFFIC_SECRET a1d7fe57a8ff7063b7c4b65560e53d3b819ada64e4b539861c8db033c211bbfc 0d32f824ef17d6eac29120a8cfeef26d5fdbd4960bfad0aa8efb66ea9137eb57
CLIENT_TRAFFIC_SECRET_0 a1d7fe57a8ff7063b7c4b65560e53d3b819ada64e4b539861c8db033c211bbfc f635e5a8d60426a9627abedd48d97e8353206fdc037f61204ab8d99a96a9f0c8
SERVER_TRAFFIC_SECRET_0 a1d7fe57a8ff7063b7c4b65560e53d3b819ada64e4b539861c8db033c211bbfc 254afce713becbf2f3992eb1bc915aa5bd987cff0e7335e28ba8a881a0804568
EXPORTER_SECRET a1d7fe57a8ff7063b7c4b65560e53d3b819ada64e4b539861c8db033c211bbfc 6e5ca749d254542b8daf18120a8c93912f88fd27a479dd52e6a6dc511700080d
CLIENT_HANDSHAKE_TRAFFIC_SECRET cebc386484b52324c3bbda677cbf4b45f94490b0d28644ead5963ab254f38b5d 895381733cb42ebc148453d6125e317e42e31ec850bb2d5ff6ad5d4cbe1cc2cb
SERVER_HANDSHAKE_TRAFFIC_SECRET cebc386484b52324c3bbda677cbf4b45f94490b0d28644ead5963ab254f38b5d cd740d97af0234bb40df77175de9fffdb987a25b3f5c993bcbb29d6d66ee58ac
CLIENT_TRAFFIC_SECRET_0 cebc386484b52324c3bbda677cbf4b45f94490b0d28644ead5963ab254f38b5d acebcc12b68949f5587662dddfc870d6ac7e0db5753bc488fec127936d888e98
SERVER_TRAFFIC_SECRET_0 cebc386484b52324c3bbda677cbf4b45f94490b0d28644ead5963ab254f38b5d 2a2f4152465407d71aa98866b8ea0941c11f5791dd26bbca9c75517bc1f9c7e1
EXPORTER_SECRET cebc386484b52324c3bbda677cbf4b45f94490b0d28644ead5963ab254f38b5d 1edd6e84637e16c158dcfb8175d53ce2f5562f0fadde055bf2c21bb682c862c4
CLIENT_HANDSHAKE_TRAFFIC_SECRET 3901ffcf6b9dbfc7546bbf4d95c37d2e37b7ab534b10d364d9b45466829bfa28 e2af9c3cfb74c3570e45187cecf5de7caf6957e749b5f62eaeae9fd7a95f2998
SERVER_HANDSHAKE_TRAFFIC_SECRET 3901ffcf6b9dbfc7546bbf4d95c37d2e37b7ab534b10d364d9b45466829bfa28 d3f7c55cb4d1807eb08d57dc9b493d14ada8647a0e12eca8361671eefb77fa1d
CLIENT_TRAFFIC_SECRET_0 3901ffcf6b9dbfc7546bbf4d95c37d2e37b7ab534b10d364d9b45466829bfa28 b9558639f0e3c603160d93d7e387d2f4351298368ee174ee660097653747257c
SERVER_TRAFFIC_SECRET_0 3901ffcf6b9dbfc7546bbf4d95c37d2e37b7ab534b10d364d9b45466829bfa28 aa6fc95cdf31180dc757382552da2670eea41884f47020d2b6ab176b47bb9d34
EXPORTER_SECRET 3901ffcf6b9dbfc7546bbf4d95c37d2e37b7ab534b10d364d9b45466829bfa28 501a8f91b0870accdc8b952ad3cd867f3e294fdb49f534bbf9e1712b2ab8cc21
CLIENT_HANDSHAKE_TRAFFIC_SECRET 939a827c0604e7efd934196d8f58ed93fa72b1ca6dc5fbf27dd3cbd538287fa6 3472f9d9d7a894ec02755742513ddf84542a0059f1201b4b3edb30562c2b7cc4
SERVER_HANDSHAKE_TRAFFIC_SECRET 939a827c0604e7efd934196d8f58ed93fa72b1ca6dc5fbf27dd3cbd538287fa6 1d45a98d9b9b6cfcd7b578f5d5c413a036139c8817a3f552921f04599f732475
CLIENT_HANDSHAKE_TRAFFIC_SECRET 82c65c149225faecd7c76b8e27785d5f6516439ad2231905a2285cd47a7f99d9 cb9ac27cb0d6b39459c081784507775348b656eea593016108b95c1f23fa1132
SERVER_HANDSHAKE_TRAFFIC_SECRET 82c65c149225faecd7c76b8e27785d5f6516439ad2231905a2285cd47a7f99d9 a89a543721b20076d11e91d0e7ad419b6adfdef8ab4cb7700e07287107e02577
CLIENT_TRAFFIC_SECRET_0 939a827c0604e7efd934196d8f58ed93fa72b1ca6dc5fbf27dd3cbd538287fa6 f8358b2d14bf25cd3d048b658ee1e422687a86f12d689542eddc9e1e09a11766
SERVER_TRAFFIC_SECRET_0 939a827c0604e7efd934196d8f58ed93fa72b1ca6dc5fbf27dd3cbd538287fa6 fa4afee1667edafc82882d0de19c2c288be7a6e7fbcb900f77360521f2aee326
EXPORTER_SECRET 939a827c0604e7efd934196d8f58ed93fa72b1ca6dc5fbf27dd3cbd538287fa6 5425d21262064456b7c111e489da60d918b68bade00604ecbea5ad3465f646a8
CLIENT_TRAFFIC_SECRET_0 82c65c149225faecd7c76b8e27785d5f6516439ad2231905a2285cd47a7f99d9 f2b82e1cf34d82f45fd732a843b4ee5ba4f19ebdb960d448f9bf2255377fd71a
SERVER_TRAFFIC_SECRET_0 82c65c149225faecd7c76b8e27785d5f6516439ad2231905a2285cd47a7f99d9 15faf4f7e84d6b1add6510bda3d58e4b90e3e97d335c659299190714b836e5a7
EXPORTER_SECRET 82c65c149225faecd7c76b8e27785d5f6516439ad2231905a2285cd47a7f99d9 2d50e448e19f29390650371e480ecdb215cbe2968cd58feed74d269bb8240405
CLIENT_HANDSHAKE_TRAFFIC_SECRET fa3cf59b2c88da0fd86d656bc676ae1389c4641f3e4e6c6303487564398efcb3 6261573b973cacc2ea8776f8d2fdf97c834e5007e8de9830018105bf9737641f
SERVER_HANDSHAKE_TRAFFIC_SECRET fa3cf59b2c88da0fd86d656bc676ae1389c4641f3e4e6c6303487564398efcb3 b01afd04afcd62a91028e02d4ce688624e99ec3dc0d3355219497e9984ff579e
CLIENT_TRAFFIC_SECRET_0 fa3cf59b2c88da0fd86d656bc676ae1389c4641f3e4e6c6303487564398efcb3 3d0a38d75a3652d96dd649957a50c514a0d7ece5084a65fa75b452a5ab3901a7
SERVER_TRAFFIC_SECRET_0 fa3cf59b2c88da0fd86d656bc676ae1389c4641f3e4e6c6303487564398efcb3 4a911edea8b2f359b7d496bff153dc09e8568c752a4ebf5fb81d921d535c2520
EXPORTER_SECRET fa3cf59b2c88da0fd86d656bc676ae1389c4641f3e4e6c6303487564398efcb3 6829e309e4aadea52b0bb8b572fc08b7c7ea4f3e99a8484395c4d0d1101341e6
CLIENT_HANDSHAKE_TRAFFIC_SECRET d4f13bc55c561dad334aa99544a7e5e7f9bdf571d0e1bcf6c6bd91469f7e2ec1 c2d287ae5a84309460ab7efc98f340c357d7241bf2f753ddd6f82c1449f81810
SERVER_HANDSHAKE_TRAFFIC_SECRET d4f13bc55c561dad334aa99544a7e5e7f9bdf571d0e1bcf6c6bd91469f7e2ec1 ddbbcf54b955fa01dc9b2b0304a9dbf6f83676e7b6ae4dfb46e4676a947a2239
CLIENT_TRAFFIC_SECRET_0 d4f13bc55c561dad334aa99544a7e5e7f9bdf571d0e1bcf6c6bd91469f7e2ec1 ac5a0df7d0403413b071225b378b95f95adc199dde7ca5a6b0ec8da159e94c1a
SERVER_TRAFFIC_SECRET_0 d4f13bc55c561dad334aa99544a7e5e7f9bdf571d0e1bcf6c6bd91469f7e2ec1 80e8d0fdc10acda2ff745bc27c69f2d0644624f649dcf2b526da33d298d2c7fb
EXPORTER_SECRET d4f13bc55c561dad334aa99544a7e5e7f9bdf571d0e1bcf6c6bd91469f7e2ec1 81679ea5e3a12ef84977a434a1e0af3a9293e30f38f6bb2372a8899d34761233
CLIENT_HANDSHAKE_TRAFFIC_SECRET 032ccdb9803f6f74358f73ce9854f94c4a5a0968c054b453e3172f7e5ec571e5 d6d33cc60162b1571d88e4066cf153c2005407e84ff41949bd7afb7dfa12dc4db2b08af197424fbd0fb7349992fc0573
SERVER_HANDSHAKE_TRAFFIC_SECRET 032ccdb9803f6f74358f73ce9854f94c4a5a0968c054b453e3172f7e5ec571e5 d9c94db88167d89f5d2ef227a81cebded5ce9d261ffecda8e43a6c7b18cf8b01027817b00717fba11b186c54e1c3c878
CLIENT_HANDSHAKE_TRAFFIC_SECRET 3d8328858ced99eb87b0708a7b02b9d5a9a60ea28c1169b5c24546b13c05dfe0 062970a5d132a32b8c5bc37f8b94d0cd4848ba9ecd0b80b3126a4289ac19c64c
SERVER_HANDSHAKE_TRAFFIC_SECRET 3d8328858ced99eb87b0708a7b02b9d5a9a60ea28c1169b5c24546b13c05dfe0 94cbcf456b312d756f7b5c9cd22df3e95115b71c483e05116023a011f2a513d0
CLIENT_TRAFFIC_SECRET_0 032ccdb9803f6f74358f73ce9854f94c4a5a0968c054b453e3172f7e5ec571e5 6ac5049abc15cc6b1d007159bbe0006c09e9f8a35c7c68b55c25266f62c3afd441417ce8cdb24e1731c3296afcd25efd
SERVER_TRAFFIC_SECRET_0 032ccdb9803f6f74358f73ce9854f94c4a5a0968c054b453e3172f7e5ec571e5 dc6ab9ecb022aab95b7790421b464f346ee7694fef42361b2f1ac5a8c383221c719fcff3d7fec0fa034a3d1aab654be1
EXPORTER_SECRET 032ccdb9803f6f74358f73ce9854f94c4a5a0968c054b453e3172f7e5ec571e5 d3b3661ac84b60195a457bb2505cd5226bc96e804a6523ceca60035ae160a66b65aebff08c342dc04ac19dcfc7e5cc66
CLIENT_TRAFFIC_SECRET_0 3d8328858ced99eb87b0708a7b02b9d5a9a60ea28c1169b5c24546b13c05dfe0 dece7f458c74ebedf8fff0767b355d24f966d20cc41615d3d2d23c5387dadfc0
SERVER_TRAFFIC_SECRET_0 3d8328858ced99eb87b0708a7b02b9d5a9a60ea28c1169b5c24546b13c05dfe0 5fcf3693f08f854f81c0ad7a1c759c70db8ee7cf2e7d74ff39c54e046a651516
EXPORTER_SECRET 3d8328858ced99eb87b0708a7b02b9d5a9a60ea28c1169b5c24546b13c05dfe0 0c73a132effd6d6539e95c130cb1c46f1afbea6dabbbbd9b0b1386d89b119f9e
CLIENT_HANDSHAKE_TRAFFIC_SECRET fc0c1a4ce73c2eb9618b8d6d95d1ceec319d7720bf58f556e824b9a218a9ea0c 2555aa8a18b8ddd31526c1a095ce5bab9dd2d0cedbbcfdafca12aa7364497e73
SERVER_HANDSHAKE_TRAFFIC_SECRET fc0c1a4ce73c2eb9618b8d6d95d1ceec319d7720bf58f556e824b9a218a9ea0c 9b5048abd7c1e29fe44b1ca1635f7f47138cc0a878fe64f531f5010225da2020
CLIENT_TRAFFIC_SECRET_0 fc0c1a4ce73c2eb9618b8d6d95d1ceec319d7720bf58f556e824b9a218a9ea0c becfe43a4c0301e45baf6b058ee120274b4fcfe991d1538be69742f6ae14a5fc
SERVER_TRAFFIC_SECRET_0 fc0c1a4ce73c2eb9618b8d6d95d1ceec319d7720bf58f556e824b9a218a9ea0c 80a3cb65904668c3bdac620b388ee0ad2813142f3665871302c9636acd1c243e
EXPORTER_SECRET fc0c1a4ce73c2eb9618b8d6d95d1ceec319d7720bf58f556e824b9a218a9ea0c 5c39d22879de98e561e708ef31771d4ab7f54fa37b959dd630811482f317b47a
CLIENT_HANDSHAKE_TRAFFIC_SECRET b4873167d0de3e982f6d39d7809f1aa088f221b1777b61c0b2ee1097cd63d988 8b3f5e1050d5d2413c522cf8b643c3ebfea90a162a2c3b102619c654f4fae3af
SERVER_HANDSHAKE_TRAFFIC_SECRET b4873167d0de3e982f6d39d7809f1aa088f221b1777b61c0b2ee1097cd63d988 00651f4f011f08d156bba9486c0a594f383c925751b447eaf3091ec760bcdfee
CLIENT_HANDSHAKE_TRAFFIC_SECRET a2025d9be4ab9d13bace33e5ae70b8ce3a669653ccd59f29eb4394fdaceca155 ea26596e61309fa6fe47230a31fe6c594132cc063368c935f955b3ce2f3fa084
SERVER_HANDSHAKE_TRAFFIC_SECRET a2025d9be4ab9d13bace33e5ae70b8ce3a669653ccd59f29eb4394fdaceca155 22bcd98a8cb28dcaf49ece0f5b879f256a1efdec1ae2f99126a13756d93cf0d3
CLIENT_TRAFFIC_SECRET_0 b4873167d0de3e982f6d39d7809f1aa088f221b1777b61c0b2ee1097cd63d988 9f54068b460e649f70cb01c2d4c070c1173417e6ba7e5b61c2fb7bb238dd91bc
SERVER_TRAFFIC_SECRET_0 b4873167d0de3e982f6d39d7809f1aa088f221b1777b61c0b2ee1097cd63d988 ab58cd5ea236d4cd4a6d5b8e51ba1853ca51f9a2b53a67b4ae3a21695ce889fd
EXPORTER_SECRET b4873167d0de3e982f6d39d7809f1aa088f221b1777b61c0b2ee1097cd63d988 d8d4b9bf4139d362d549fa028b57c2f965158e8ff62957cef0a6ad417548d305
CLIENT_TRAFFIC_SECRET_0 a2025d9be4ab9d13bace33e5ae70b8ce3a669653ccd59f29eb4394fdaceca155 1af36389e41d8b542905342ea9046c6945383f3cf50547d1a6449fe3e6786d46
SERVER_TRAFFIC_SECRET_0 a2025d9be4ab9d13bace33e5ae70b8ce3a669653ccd59f29eb4394fdaceca155 78680ecc478ef5c3a9c8bd368343b60de33913a93d2cdebe8281eeb95f9ecf4e
EXPORTER_SECRET a2025d9be4ab9d13bace33e5ae70b8ce3a669653ccd59f29eb4394fdaceca155 6bbbb6e1f1f43912683563b918e238cb5856446694473eb445fad4c5aae766bb
CLIENT_HANDSHAKE_TRAFFIC_SECRET aa2c4df70a8dc178a1b8ee76ec85d57671903e448f702642214b9307139d3219 b71b4150897c965838e27c9cbe54201cb0cbae820beb0b693b576cea465fd842371a35d080a3624da5323e3d30aa1db9
SERVER_HANDSHAKE_TRAFFIC_SECRET aa2c4df70a8dc178a1b8ee76ec85d57671903e448f702642214b9307139d3219 b5e20192a33ca90b5f9b256b7b64f1ea88c9aee768906f3e1b9fbbbe5f164fc16c418bfea5ce9475bd4977872ae637ea
CLIENT_TRAFFIC_SECRET_0 aa2c4df70a8dc178a1b8ee76ec85d57671903e448f702642214b9307139d3219 f58b61716dc5eb04468cac063ea20ae22067e745cd7ddceafd7bdb65ff9f3251c9b07d3aa73eafb7d23bcb82bff2c702
SERVER_TRAFFIC_SECRET_0 aa2c4df70a8dc178a1b8ee76ec85d57671903e448f702642214b9307139d3219 1bb6a3a9a286216415ee759c836287007be285723636a849f8c3f609f689feefd13d98674719c0dff9fa270f00f2729e
EXPORTER_SECRET aa2c4df70a8dc178a1b8ee76ec85d57671903e448f702642214b9307139d3219 717d151fc158c7e7e421225295347c87f4ecb1e4a059678d40eefc86acf3bcfb4dc3ee0e96244eb453ea0c42744edb06
CLIENT_HANDSHAKE_TRAFFIC_SECRET 63c69d20ffff1256c9aabe76089cfa79404b3007e6b9af09a86d28ab68b3396f 31ce10664ed6b860b9ec0faabe4ab96803094dee2ae8c995ec53e031e1ba4515
SERVER_HANDSHAKE_TRAFFIC_SECRET 63c69d20ffff1256c9aabe76089cfa79404b3007e6b9af09a86d28ab68b3396f 0132f281a23c4b1c7a988449330af0f12687a591d5730691f0608e6b9f742754
CLIENT_TRAFFIC_SECRET_0 63c69d20ffff1256c9aabe76089cfa79404b3007e6b9af09a86d28ab68b3396f e9ad7e45785764adf77b374237b8677bc469deaefcf7502d2d619e2f05cdb05c
SERVER_TRAFFIC_SECRET_0 63c69d20ffff1256c9aabe76089cfa79404b3007e6b9af09a86d28ab68b3396f ae2578891b3b293004fc15c5606c100029bca4bb0f04be5ecd8129f6803717ce
EXPORTER_SECRET 63c69d20ffff1256c9aabe76089cfa79404b3007e6b9af09a86d28ab68b3396f 0942013045bc03682dce2556b47e070692ded060b759d86ee310a868a07c16cb
CLIENT_HANDSHAKE_TRAFFIC_SECRET 30b1fb4c4952e68a469d5f875bb4ef45d5a67e22d24a8a93febaa9be16f1011b 25177cb5c7e2a324c37bf3f6212eb7a0912033bd42621cfbb11ec16b9b477f94
SERVER_HANDSHAKE_TRAFFIC_SECRET 30b1fb4c4952e68a469d5f875bb4ef45d5a67e22d24a8a93febaa9be16f1011b 461458168459deaa40051f416cc9f87a14e2d096334d27f85e90d7432bd1277c
CLIENT_TRAFFIC_SECRET_0 30b1fb4c4952e68a469d5f875bb4ef45d5a67e22d24a8a93febaa9be16f1011b ad532a6af15325dda4ece4986a8ccdf545bfe8c5176d4286ae667f9724a16330
SERVER_TRAFFIC_SECRET_0 30b1fb4c4952e68a469d5f875bb4ef45d5a67e22d24a8a93febaa9be16f1011b 4fe3dff839a97da5551551c722197b01237e402aadf4255b9130e3ce13298644
EXPORTER_SECRET 30b1fb4c4952e68a469d5f875bb4ef45d5a67e22d24a8a93febaa9be16f1011b 71b83f1a7253b68a8f90395136cdce840ae2bd13cdd814ef3054c460e095166f
CLIENT_HANDSHAKE_TRAFFIC_SECRET 94b94ea2eba21aa5b17ee40c6bc4e78b70afc1c3c19fe927c9d196c5ef9bcbf7 f6a8f62f05036f2400e1e2e68f9cc455577914a2e423ad82afcae3762c83ce59
SERVER_HANDSHAKE_TRAFFIC_SECRET 94b94ea2eba21aa5b17ee40c6bc4e78b70afc1c3c19fe927c9d196c5ef9bcbf7 afc2bba0d59a57163734214dc05698657c927aa36edd1306fd792d5bf39759ab
CLIENT_TRAFFIC_SECRET_0 94b94ea2eba21aa5b17ee40c6bc4e78b70afc1c3c19fe927c9d196c5ef9bcbf7 bdafe6468831bc44b63495057e09fff3c5c53bf3823e25956056854c41963cf8
SERVER_TRAFFIC_SECRET_0 94b94ea2eba21aa5b17ee40c6bc4e78b70afc1c3c19fe927c9d196c5ef9bcbf7 3ed287c58d2e7a66641a7dcba33c99632aa82e241589a77b4b056e4f830d9d57
EXPORTER_SECRET 94b94ea2eba21aa5b17ee40c6bc4e78b70afc1c3c19fe927c9d196c5ef9bcbf7 ba28119cb75d528936a303d92f2e2914ff5aca779de3cbf508e768d2d68d62cc
CLIENT_HANDSHAKE_TRAFFIC_SECRET 282a79b6d37107efcc966b651062bc6892ac9fe953c67317199f76887bac595c 1c5b33958ec01d5fdc87fd0121f16a13cd33c1ba7b287b9bcf171e9fe35b15a8
SERVER_HANDSHAKE_TRAFFIC_SECRET 282a79b6d37107efcc966b651062bc6892ac9fe953c67317199f76887bac595c 7cdeea7f4574fa9badaea2b7b1e566e2d846bf2dfb1841c603baece124693405
CLIENT_TRAFFIC_SECRET_0 282a79b6d37107efcc966b651062bc6892ac9fe953c67317199f76887bac595c f6568b835a94fa5be264057a8d3ef175c3d476c02474493a8ac7d33f629cc314
SERVER_TRAFFIC_SECRET_0 282a79b6d37107efcc966b651062bc6892ac9fe953c67317199f76887bac595c 6a1740b981124c69b619092ea8ea3f983f56525504a4510b1393004e61962570
EXPORTER_SECRET 282a79b6d37107efcc966b651062bc6892ac9fe953c67317199f76887bac595c b23a9c58b58cd2d25303d3ad4021e3f550be541be670ed06d9b70e6510cf49bb
CLIENT_HANDSHAKE_TRAFFIC_SECRET eb1b37a418759647ba1b98240b9a3534dc6b072ce2ea47742387070c9e85a03b f560b8029970e9664811d1b933e7ef96752cb238654e601ed748006c4e0151a5
SERVER_HANDSHAKE_TRAFFIC_SECRET eb1b37a418759647ba1b98240b9a3534dc6b072ce2ea47742387070c9e85a03b afbb1d88533f77c305a3bb827e0ad7895ee6d7a4bfba84d00f4c30f37752b494
CLIENT_TRAFFIC_SECRET_0 eb1b37a418759647ba1b98240b9a3534dc6b072ce2ea47742387070c9e85a03b f86bc9b152a433c58ee48ea429b0bcbc7051f08f4419128237e6f163bdea0266
SERVER_TRAFFIC_SECRET_0 eb1b37a418759647ba1b98240b9a3534dc6b072ce2ea47742387070c9e85a03b 7fc81f9828724fff16849c83b988bb8dbd162eac0450ab992a88f9d60ddb8fff
EXPORTER_SECRET eb1b37a418759647ba1b98240b9a3534dc6b072ce2ea47742387070c9e85a03b c50434912310c0d64a07e8aa5927d505f1428bde339c3e4c46f3edf0446f5030
CLIENT_HANDSHAKE_TRAFFIC_SECRET 8dfb56adde57a5cc3bbb8ad4ce3741b9254bb9c88cc6522cf6a6d0f4f80e26ec 5c5bd893832faebe10c9ce4ddb6515ece8db10a60de1368f7a2fa39b9874869e
SERVER_HANDSHAKE_TRAFFIC_SECRET 8dfb56adde57a5cc3bbb8ad4ce3741b9254bb9c88cc6522cf6a6d0f4f80e26ec 67b47d5856df8d24f7bcef9456982ee95cf2c1c00ac6eac41af38e0022eafe5d
CLIENT_HANDSHAKE_TRAFFIC_SECRET 07c568c8151033cd47f4dae1bf6f82bad8fe4192155d7cd36ef0fa543fe0d7b4 bd8cdad1b5baf7c4a3c012f419e728b7dbe9f94d1a99a515e68abfcf1e968dc5
SERVER_HANDSHAKE_TRAFFIC_SECRET 07c568c8151033cd47f4dae1bf6f82bad8fe4192155d7cd36ef0fa543fe0d7b4 52e104832ddd8859b129bbf439208551ea6465d234e26e2be05c0b3a47e2d508
CLIENT_TRAFFIC_SECRET_0 8dfb56adde57a5cc3bbb8ad4ce3741b9254bb9c88cc6522cf6a6d0f4f80e26ec 6c73026d9269b84993e0d1f5f722922aa8065e63b9b34cdcacb9fe5885f722f9
SERVER_TRAFFIC_SECRET_0 8dfb56adde57a5cc3bbb8ad4ce3741b9254bb9c88cc6522cf6a6d0f4f80e26ec 1d27077a85f5af4b7da710e0a41b6f406f2d14283365955e7865ab60bbd837f0
EXPORTER_SECRET 8dfb56adde57a5cc3bbb8ad4ce3741b9254bb9c88cc6522cf6a6d0f4f80e26ec 820af45ae3987b944b580600f749adbcad17783deef5a89dc98819304ddbe1cb
CLIENT_HANDSHAKE_TRAFFIC_SECRET 8b4397b090cec224131426ffa78302637e6bb3c121e1cd1e141123885f4eb0f9 f8e5ec5d1f1f0f8ae0d79a441c26b5d4f92b8588b0360b31ab3acfb42c854f76
SERVER_HANDSHAKE_TRAFFIC_SECRET 8b4397b090cec224131426ffa78302637e6bb3c121e1cd1e141123885f4eb0f9 0cb07cb9e820c4c65854a4ba9b5f90222d3635dff04f8ed53f57b2cb10bb11c1
CLIENT_TRAFFIC_SECRET_0 8b4397b090cec224131426ffa78302637e6bb3c121e1cd1e141123885f4eb0f9 bf87d59ce59e99bbe5e75010e96a987f0898d05f057e8051e3a943a52667b406
SERVER_TRAFFIC_SECRET_0 8b4397b090cec224131426ffa78302637e6bb3c121e1cd1e141123885f4eb0f9 5e614fe6ac6de797d54ce0bc0beb62e542b5d1088a52d358da3e38ce067a7d1a
EXPORTER_SECRET 8b4397b090cec224131426ffa78302637e6bb3c121e1cd1e141123885f4eb0f9 2729a29e11d497bc6844e1f6c1f276c38834bda56b511f1172f485c4e44ea25c
CLIENT_HANDSHAKE_TRAFFIC_SECRET 5641ac4cc1bceeea68182f68ea48edc7c8fb2fae9a69787ebff9376325eea50a 319a7784a043e9326263faa555b7a47d5b0b9d1a2de29c051c94f506b896d115
SERVER_HANDSHAKE_TRAFFIC_SECRET 5641ac4cc1bceeea68182f68ea48edc7c8fb2fae9a69787ebff9376325eea50a 4fb6c286fa2a2156e4953d8f797112de777f4f4440d59433643c82669bc6bed2
CLIENT_TRAFFIC_SECRET_0 5641ac4cc1bceeea68182f68ea48edc7c8fb2fae9a69787ebff9376325eea50a 39d23e9c5199de7526f8dff1e43bfb742acc47347deda654000b2abe100e5068
SERVER_TRAFFIC_SECRET_0 5641ac4cc1bceeea68182f68ea48edc7c8fb2fae9a69787ebff9376325eea50a a5964d6bc0a2e4fc1dc19a0a6adcaae74819321d9ef6f583a84dcfc6e513eefb
EXPORTER_SECRET 5641ac4cc1bceeea68182f68ea48edc7c8fb2fae9a69787ebff9376325eea50a 0f2ca9a615efaf77290a0dc0a927fc435857c4a36d8fd237243663861474ebe7
CLIENT_HANDSHAKE_TRAFFIC_SECRET b86da72f1d4556f8352af780b0341651f34430cbe0a7f4772a29983a682f8f4b 7ac00117828338dbbf0555a082b9d99dc3c55c099cd44a0612fca53885f4f553
SERVER_HANDSHAKE_TRAFFIC_SECRET b86da72f1d4556f8352af780b0341651f34430cbe0a7f4772a29983a682f8f4b 361b4fd156613c2b6e4107affaaf6423482d33a531626b2b5825f80923f8b5fc
CLIENT_TRAFFIC_SECRET_0 b86da72f1d4556f8352af780b0341651f34430cbe0a7f4772a29983a682f8f4b 1d7fa06035b5b20e58b7469b6e810332221fd6be4a2b493a6292b8fd934fe3a6
SERVER_TRAFFIC_SECRET_0 b86da72f1d4556f8352af780b0341651f34430cbe0a7f4772a29983a682f8f4b e7e4d5bf28d2999fdc1290a226ae239b4c830438bea712a062a6ef972757cbdd
EXPORTER_SECRET b86da72f1d4556f8352af780b0341651f34430cbe0a7f4772a29983a682f8f4b a9dcd32db43e590ffea41a51d41a15acb6492c7baa660624a97642d9e3b01ac9
CLIENT_HANDSHAKE_TRAFFIC_SECRET 042e6df58d57c33235debc545a6e08bef2d4f0ca081bbbc0224ae19d85d38dc8 3710f8f0a5bdbdcc644af5297987459158356eeb7469d70babf3cebb40d14dfc
SERVER_HANDSHAKE_TRAFFIC_SECRET 042e6df58d57c33235debc545a6e08bef2d4f0ca081bbbc0224ae19d85d38dc8 fc82f6c0bb6d5e91907324cb9cdcadf611a166aeacc44f82e4a52e6f0a2d0b39
CLIENT_HANDSHAKE_TRAFFIC_SECRET 821047f7dbaf8925065f8f4458b526e700ddb37dd577713e5a019c1e8535ef9b e1859028c8dd309ae8a8c8625dc81b44afea98242e04d9cb85de7fadd1247be9
SERVER_HANDSHAKE_TRAFFIC_SECRET 821047f7dbaf8925065f8f4458b526e700ddb37dd577713e5a019c1e8535ef9b 0db329748f041cd167c34bbee82e2580628807e9f9f70ca1a30cb540b80ca3cb
CLIENT_TRAFFIC_SECRET_0 821047f7dbaf8925065f8f4458b526e700ddb37dd577713e5a019c1e8535ef9b ef343e3629b0f01b19f988c2c930f3e5648d670fdd1215cfef85e402c0da9ad7
SERVER_TRAFFIC_SECRET_0 821047f7dbaf8925065f8f4458b526e700ddb37dd577713e5a019c1e8535ef9b 1d3d7d64b462155e5d42f23c40a5cac1d3facd11851eca39c51898a77f8966c2
EXPORTER_SECRET 821047f7dbaf8925065f8f4458b526e700ddb37dd577713e5a019c1e8535ef9b 2fb885672844fdee5bc7e66be529e6a3c3710df63b30d2f840b9b47c1fcaa237
CLIENT_TRAFFIC_SECRET_0 042e6df58d57c33235debc545a6e08bef2d4f0ca081bbbc0224ae19d85d38dc8 888cf8335a5f651e73197c8853c4967bc8716f938fa4b5ea37f2f133b8466782
SERVER_TRAFFIC_SECRET_0 042e6df58d57c33235debc545a6e08bef2d4f0ca081bbbc0224ae19d85d38dc8 b5af4884624144d28ccf6782c940b5e8f0b756ec1fb3653d0aeeb5de21a4b69f
EXPORTER_SECRET 042e6df58d57c33235debc545a6e08bef2d4f0ca081bbbc0224ae19d85d38dc8 7cc9b867ebe8186db7717234e20765dce685c471daad88c6f67d91d0493d2a7f
CLIENT_HANDSHAKE_TRAFFIC_SECRET 708de00824a0bfde4253e361a77bff710cc31178e9ad3014d921f85897f1c8ad 7868396efb10aefe3f7fca73b75325f2d0f302f870d4ede428d1376f21911a6d
SERVER_HANDSHAKE_TRAFFIC_SECRET 708de00824a0bfde4253e361a77bff710cc31178e9ad3014d921f85897f1c8ad e0b9598365f899ba041bcb5d16cf0cc240d553edb5b7b3d27266d65e6b391a9b
CLIENT_TRAFFIC_SECRET_0 708de00824a0bfde4253e361a77bff710cc31178e9ad3014d921f85897f1c8ad 7ee618e6d4ddc37bf514d2b2e512f06ec2603e3c5804f126f0ef7023b348ac73
SERVER_TRAFFIC_SECRET_0 708de00824a0bfde4253e361a77bff710cc31178e9ad3014d921f85897f1c8ad 295a0d90483f0430bfc635d09b37bbd1aa3ceb12bce2d8654de1f6282742ec7a
EXPORTER_SECRET 708de00824a0bfde4253e361a77bff710cc31178e9ad3014d921f85897f1c8ad 8fc8a9c42735a583e940e6674596031562ba27e2d104ba917b99f0fb611a141f
CLIENT_HANDSHAKE_TRAFFIC_SECRET c3636e05f53be81050e7cfc6bbd1c2fe73af17913fde763fccb9a125df594e4a ef7ebd305d76fc7b7cd0a1cef96c38333bc0a74975fb57dd3e3e8cc40523f2c59d5d9e933ff253fd70e7d056e610de82
SERVER_HANDSHAKE_TRAFFIC_SECRET c3636e05f53be81050e7cfc6bbd1c2fe73af17913fde763fccb9a125df594e4a 548bd1ef6825df6502ac033b0fc15dc535de4b5e86344f8811323d3a560bed8007395cd294f5170ab9deeab5a3d26ee4
CLIENT_TRAFFIC_SECRET_0 c3636e05f53be81050e7cfc6bbd1c2fe73af17913fde763fccb9a125df594e4a e675692808fce72a544d61579cf646591d5e0522e954b573928aa202ac22ac4cce3482141546b271f0f53c4e7dd27a81
SERVER_TRAFFIC_SECRET_0 c3636e05f53be81050e7cfc6bbd1c2fe73af17913fde763fccb9a125df594e4a f04b497c6393da7274a22e82a6798e85da3644ff73085d39bd996b22e69d73b57e1a5053fc57f4fb7e95f2de3847a07e
EXPORTER_SECRET c3636e05f53be81050e7cfc6bbd1c2fe73af17913fde763fccb9a125df594e4a 4fdb8ce41edd39608135cfc7f0b07a750ccad4e325b1016563d06c02775dcead3e4e9348a65b95dcf1b4456827e08236
CLIENT_HANDSHAKE_TRAFFIC_SECRET 5933e165379384662c4533dcf9bf821f78e376c002d2f181ad312ba88f4c28ad 653e2e74cc8e56b5015e70093123572ed2846f80095d2908c763b20cb0ff1e35
SERVER_HANDSHAKE_TRAFFIC_SECRET 5933e165379384662c4533dcf9bf821f78e376c002d2f181ad312ba88f4c28ad b503b5f21db66adf00223d63ae46a2f2978654bbeee9176103587e3bfe823e2a
CLIENT_TRAFFIC_SECRET_0 5933e165379384662c4533dcf9bf821f78e376c002d2f181ad312ba88f4c28ad 85255c376ff4f39d966a72227c7fc51f1fc652003a2a2e81c368c651e2a3966d
SERVER_TRAFFIC_SECRET_0 5933e165379384662c4533dcf9bf821f78e376c002d2f181ad312ba88f4c28ad 0ccf5489dfb1687adfe8568be7b04f46718e0a57989c10e576ee1f1299511277
EXPORTER_SECRET 5933e165379384662c4533dcf9bf821f78e376c002d2f181ad312ba88f4c28ad 67c36b63af46836d70a2ef2e0d8decff6f5d0e8e15b9202b5b6bf57a42d29a16
CLIENT_RANDOM 3192f89b76bc181cb0ce83e853ffe5b298f0236a1c7ec029bf51be5e86ecd203 c463595a9c2d6411aa6f90c6a66d7acc4515a52f5c9075925d2759a6b61afd7bb1b1d784b484e24818f3e9762e154cce
CLIENT_RANDOM 851c340e714df5a234304c5cc4bcb0b52157ebd4ccd11ba71733c4cef8ad2af3 76b468159f543805dda7c0d6204826ee30da89146d113010d2c542b903727dd4f6a6abf56d9574f8bed8ae9834600ec6
CLIENT_HANDSHAKE_TRAFFIC_SECRET 64305fd670c608b9def4555c7678ef1cb94d53009182f777c59f708549772c99 f96bbae7cee97bfacc0ea29bd6ba40ab53537ba0495762036f9f5c18109ad61f
SERVER_HANDSHAKE_TRAFFIC_SECRET 64305fd670c608b9def4555c7678ef1cb94d53009182f777c59f708549772c99 ccf2949e7a0bee8386dc95aa4a125a6666bafbcc873b93d517a6f4a4a2adc9a8
CLIENT_TRAFFIC_SECRET_0 64305fd670c608b9def4555c7678ef1cb94d53009182f777c59f708549772c99 e413533bee28ca3221bc87e677b05a029ee9d01ee076a93b99f0da7ca3228abf
SERVER_TRAFFIC_SECRET_0 64305fd670c608b9def4555c7678ef1cb94d53009182f777c59f708549772c99 d413c233890386138475f844e63f1dfe50137a16f711899510c4caca0e0334c8
EXPORTER_SECRET 64305fd670c608b9def4555c7678ef1cb94d53009182f777c59f708549772c99 c1314bf1070f9324e9c4d6956e89f56eaa251b7c67d5c913975977f71917740c
CLIENT_HANDSHAKE_TRAFFIC_SECRET 06c785c212ef4c9b9440bc939b7b8848911f8d803064f6ed732883432e5e83ce 5b59e664101e42d5e6c652df5d9b27b7f777a9678cb93683cdc79eda154d4321
SERVER_HANDSHAKE_TRAFFIC_SECRET 06c785c212ef4c9b9440bc939b7b8848911f8d803064f6ed732883432e5e83ce 3130a6ac9a069e3d55870aff01d1a00bda4505d57ccb6707ab8d28d995b0c677
CLIENT_TRAFFIC_SECRET_0 06c785c212ef4c9b9440bc939b7b8848911f8d803064f6ed732883432e5e83ce 0d25c8fbb7cbaa372379a56e707d01d265f5d49937c827479e5598b422f9b567
SERVER_TRAFFIC_SECRET_0 06c785c212ef4c9b9440bc939b7b8848911f8d803064f6ed732883432e5e83ce a2d9573bcae2d40d0c061ca72d3563541910dfeed3ce72c90ad2dff1aba2ad6a
EXPORTER_SECRET 06c785c212ef4c9b9440bc939b7b8848911f8d803064f6ed732883432e5e83ce 5ebdb04bc63f0d1c8bc142e915565c7997eda1b60323f422336bf04a81e2e22a
CLIENT_HANDSHAKE_TRAFFIC_SECRET fa43b0d4b9fe13e7807bbf6baac0841bbeb61fb3ea117677852d4edc50fa261b b7a3e901d7068df3261a79e45027197f8f4d333aff663dcb8f6ea976e9e06a00
SERVER_HANDSHAKE_TRAFFIC_SECRET fa43b0d4b9fe13e7807bbf6baac0841bbeb61fb3ea117677852d4edc50fa261b 09bf06fe7a06aee57755026063bcc0cc2d91ce3fe8fcb0a1e36374c9627ca046
CLIENT_TRAFFIC_SECRET_0 fa43b0d4b9fe13e7807bbf6baac0841bbeb61fb3ea117677852d4edc50fa261b 953d1e3ce21aa931cce815731ced6d83b24ded8d4939daaefd0249797d6d9be5
SERVER_TRAFFIC_SECRET_0 fa43b0d4b9fe13e7807bbf6baac0841bbeb61fb3ea117677852d4edc50fa261b d5ed04fc9ff0ab230b74fde585d388588431a73efd94440166c0fecd942a32bc
EXPORTER_SECRET fa43b0d4b9fe13e7807bbf6baac0841bbeb61fb3ea117677852d4edc50fa261b 0793f74666a2c7879640f64c75418449503a8188822472768f906ea148afe781
CLIENT_HANDSHAKE_TRAFFIC_SECRET 2c513fc711a8d01c59cb0ec8fb7a9ab70041ae2c9e85a82091298acb63cd652e 15dedabb07b3efcfeb46090972b63650adb6454143f39803bc5b18cad4d18487
SERVER_HANDSHAKE_TRAFFIC_SECRET 2c513fc711a8d01c59cb0ec8fb7a9ab70041ae2c9e85a82091298acb63cd652e 6dfbb81568157f6e5f72274874dd0d6bba9854de6f060df3cd6a6fc4a37748fd
CLIENT_TRAFFIC_SECRET_0 2c513fc711a8d01c59cb0ec8fb7a9ab70041ae2c9e85a82091298acb63cd652e 6587aae8010c60873d04990954d147c01e340de49d3ca862a07bf05b40174036
SERVER_TRAFFIC_SECRET_0 2c513fc711a8d01c59cb0ec8fb7a9ab70041ae2c9e85a82091298acb63cd652e 1bb0eee972f4aab94bdbeced10daf37fa7931ffbc5c4b4f544a4fe756eb0b9b5
EXPORTER_SECRET 2c513fc711a8d01c59cb0ec8fb7a9ab70041ae2c9e85a82091298acb63cd652e 16471a95af7bb7b581a91084281934068226079ab24b6d3c99f2d2a5ef617389
CLIENT_HANDSHAKE_TRAFFIC_SECRET 492eadb4a1ca93834c6253e15877fd8936ce782a51ece9b62655650f12bb1df7 fce03bbffd6d9e3a39f966c9df8a5960ce715e54009793c399afb503ce42e3f5
SERVER_HANDSHAKE_TRAFFIC_SECRET 492eadb4a1ca93834c6253e15877fd8936ce782a51ece9b62655650f12bb1df7 aee5109bf07502294d28dcf7328d2724ef89df1893309472e0414e855750e496
CLIENT_HANDSHAKE_TRAFFIC_SECRET c30bb87364c5ae2ca35edf02dc0f795beaa7c3165fc02f35863ed90d203c2246 0f2063ebce2186ca06acd24082447a64c4e14a336713a01ca9a6d57dbb184cdd
SERVER_HANDSHAKE_TRAFFIC_SECRET c30bb87364c5ae2ca35edf02dc0f795beaa7c3165fc02f35863ed90d203c2246 e9697161d8389dbafd49afdf772b18eda232bd7626554b034e015bab70886430
CLIENT_HANDSHAKE_TRAFFIC_SECRET d515dd75c67be324222ce528dd066f2a10aa6c64d363a90d9787661b6a91e09f dae2a6d6585e0595093498f18e33d890237dcd2f1d0b62b434a35616843cdcf1
SERVER_HANDSHAKE_TRAFFIC_SECRET d515dd75c67be324222ce528dd066f2a10aa6c64d363a90d9787661b6a91e09f 74aad8ce9e7100d36d48e32ee15ae37393d2bfedb9ddc82ae3eb2aa685c4c2d1
CLIENT_HANDSHAKE_TRAFFIC_SECRET 003d395c7eb71f26887e107986c7bfed7cfb981421b0698e4cc37b27bfd9e54f 9e7a322615a4c8b60b5778d3468180589b0708d0d0cd76737049b25704d47305
SERVER_HANDSHAKE_TRAFFIC_SECRET 003d395c7eb71f26887e107986c7bfed7cfb981421b0698e4cc37b27bfd9e54f c5677debdd18f9d35df24acff1f78fce22aa433bc583b2941dc00da1eab998ee
CLIENT_TRAFFIC_SECRET_0 492eadb4a1ca93834c6253e15877fd8936ce782a51ece9b62655650f12bb1df7 82dcb624429804753aa843e32b778e1785d0b6db403a5933da23f219f7445f80
SERVER_TRAFFIC_SECRET_0 492eadb4a1ca93834c6253e15877fd8936ce782a51ece9b62655650f12bb1df7 0d249c68db9df3b5a4cb56e8ec6c62b7ebcb7fcb1c79ae683c04f8c5efca2b03
EXPORTER_SECRET 492eadb4a1ca93834c6253e15877fd8936ce782a51ece9b62655650f12bb1df7 dbbe9283ae7a035dcfdf7624e0e4b9e6da0252292a118491d036cad5e655a0da
CLIENT_TRAFFIC_SECRET_0 d515dd75c67be324222ce528dd066f2a10aa6c64d363a90d9787661b6a91e09f 0f4e7285e6061ae855c0244e8dc8978ce5f0e0f5b764c013d3edaf66e3b2bf06
SERVER_TRAFFIC_SECRET_0 d515dd75c67be324222ce528dd066f2a10aa6c64d363a90d9787661b6a91e09f e7dd6034ca79d702309cbb94e14d167a0afcb821033b5e87b81aa671c24c9a4f
EXPORTER_SECRET d515dd75c67be324222ce528dd066f2a10aa6c64d363a90d9787661b6a91e09f d858de4c5563d87e2c0405ac282168604c9732377f12fd7517031990027f295f
CLIENT_TRAFFIC_SECRET_0 003d395c7eb71f26887e107986c7bfed7cfb981421b0698e4cc37b27bfd9e54f 9c54f3114d43856ab7b1dd33c4600905bd08d7300d16e221a913047a3e61e8bf
SERVER_TRAFFIC_SECRET_0 003d395c7eb71f26887e107986c7bfed7cfb981421b0698e4cc37b27bfd9e54f b2f418fb447a61f92162fd75c60f4ed7c91cba51594424150c5e13fca3438659
EXPORTER_SECRET 003d395c7eb71f26887e107986c7bfed7cfb981421b0698e4cc37b27bfd9e54f 3b6a279396ec28b43a3fc1db327d000a9a88811b04144267e1e310068fbe56fe
CLIENT_HANDSHAKE_TRAFFIC_SECRET ed673b73355122a64cde68e4105568f15ca5b60e08ae781b11773d5a1a7aabd3 760b4c40d0363fa6f26c9a28adeb72887aed7987067f05aca13b9f397fd3df03
SERVER_HANDSHAKE_TRAFFIC_SECRET ed673b73355122a64cde68e4105568f15ca5b60e08ae781b11773d5a1a7aabd3 ff064662718d29b406598c1170eb4099f2b8cfa563c8a073c16ea9b623f33f1e
CLIENT_TRAFFIC_SECRET_0 ed673b73355122a64cde68e4105568f15ca5b60e08ae781b11773d5a1a7aabd3 485960993684efea544f560779ebb4378e96399b1e4e6f3287699626c4f9f3b0
SERVER_TRAFFIC_SECRET_0 ed673b73355122a64cde68e4105568f15ca5b60e08ae781b11773d5a1a7aabd3 09b3b2205ecccfef74c8e36e83888785211733f5edbfa30597dd1a00812bd7dd
EXPORTER_SECRET ed673b73355122a64cde68e4105568f15ca5b60e08ae781b11773d5a1a7aabd3 8abd936f366900ba6c8337064f6b9033102e17c23968578f061550914e575d08
CLIENT_HANDSHAKE_TRAFFIC_SECRET fb0ff1d0c13fee3bfe465c31bedd8e043f957ea974ba5fda7f196b9a09675cc3 b98b84dcfb7b811c6ca5003c7b1f582738d6c6a14e03d019bb302f5f78a17b28
SERVER_HANDSHAKE_TRAFFIC_SECRET fb0ff1d0c13fee3bfe465c31bedd8e043f957ea974ba5fda7f196b9a09675cc3 d7f9876693ccea3fda5e6105cc46580cd7f287690e1676a9008e4f63cff76ded
CLIENT_TRAFFIC_SECRET_0 fb0ff1d0c13fee3bfe465c31bedd8e043f957ea974ba5fda7f196b9a09675cc3 1b0fdc4135495dba6c1797f130aebba91caef13e2e5f866187b9c5fa3a29506e
SERVER_TRAFFIC_SECRET_0 fb0ff1d0c13fee3bfe465c31bedd8e043f957ea974ba5fda7f196b9a09675cc3 9223ee890b14518f427614038f41d03ded9ef63516376952d3696e390ea6bc9e
EXPORTER_SECRET fb0ff1d0c13fee3bfe465c31bedd8e043f957ea974ba5fda7f196b9a09675cc3 71a33e2884ccf60b68fce2fdc0ee889342b1a50ef396ad72c6043ce34c2c6e4e
CLIENT_HANDSHAKE_TRAFFIC_SECRET 6efb8a335bc642056c0b1bd3f4c177f77228839ee9a81777e27abfa61ba74b27 ebf15bfa7eb8110a05c95ca5392716139ac29c385f5610892fb374693a7372d5
SERVER_HANDSHAKE_TRAFFIC_SECRET 6efb8a335bc642056c0b1bd3f4c177f77228839ee9a81777e27abfa61ba74b27 5ed0b96c60d54e4e0770f66e01d1f829f815669d6f81b7e2d8cac27fafd738b5
CLIENT_TRAFFIC_SECRET_0 6efb8a335bc642056c0b1bd3f4c177f77228839ee9a81777e27abfa61ba74b27 ca42ae43794a04ba49e1faf3510d8aed58f187e5495856b6df3940530b84646e
SERVER_TRAFFIC_SECRET_0 6efb8a335bc642056c0b1bd3f4c177f77228839ee9a81777e27abfa61ba74b27 cffc95968eedb44925fbe691cdff6fcee3ac31180cecf7c63fd01d63a62a2ae0
EXPORTER_SECRET 6efb8a335bc642056c0b1bd3f4c177f77228839ee9a81777e27abfa61ba74b27 3c952c751126aaebc86b59de840956d7a5b3c6c7bf2b4fbfa83de18c50b307fd
CLIENT_HANDSHAKE_TRAFFIC_SECRET 3f5c4a5378cde18284bc805fe78698c0e2cc8f5e742a16e37fd4fb0798fced31 ecec00377d734207d564b4173234c3b58d32b3ea5a3c02e4907bf40707476a4a
SERVER_HANDSHAKE_TRAFFIC_SECRET 3f5c4a5378cde18284bc805fe78698c0e2cc8f5e742a16e37fd4fb0798fced31 99b5aec00a7c9f6932a69b5c584d0d6dd22b4ea49049b10babbae7083cd3500b
CLIENT_TRAFFIC_SECRET_0 3f5c4a5378cde18284bc805fe78698c0e2cc8f5e742a16e37fd4fb0798fced31 4bbea33ebc1e2adef79eb49ca80964d9d54a07dbc2440a7c6bd02c7f37b1ec39
SERVER_TRAFFIC_SECRET_0 3f5c4a5378cde18284bc805fe78698c0e2cc8f5e742a16e37fd4fb0798fced31 1fff1cb36385d45c7aedda5fc3b523fd80a3e5b4e7721b0acde1975390c72223
EXPORTER_SECRET 3f5c4a5378cde18284bc805fe78698c0e2cc8f5e742a16e37fd4fb0798fced31 6749effc506f029065467777a7ef751fce9f25fc35b62c21148ce857f7d077f4
CLIENT_RANDOM c067421b33a82e52e4ae67bad8465845c603b7fed328b063bbe1f7678971255d f77437d0e8da6baab3434edd7a178540d229b3250b05c3af3a60713239a9bb1d251d9494bdd94a66973c80acd2ae6cde
CLIENT_HANDSHAKE_TRAFFIC_SECRET 01877f9bc00a974df2b77e6e232cffe8ce1c09b088a6de8e2a3cb90a78d2cd60 2bbe7753d15fd2fa074a9023435dd5963bad4c621a26dd5d64cf9cc285763235
SERVER_HANDSHAKE_TRAFFIC_SECRET 01877f9bc00a974df2b77e6e232cffe8ce1c09b088a6de8e2a3cb90a78d2cd60 7bc04a778b8b20045bf5df23691cc8d6e98d52a93ce56a3459fbad2424edf719
CLIENT_RANDOM bfa22366f41d59d1b31a8c34c6ac22fa4a214fcc3a3d4a2852479ec079d61ee1 003197b1e29e5486d4376022a35cf33cb858e5ee0e3bd4f15deaea1d6d3fcb5b9b3efba630946854b950d88c5e5b8b64
CLIENT_TRAFFIC_SECRET_0 01877f9bc00a974df2b77e6e232cffe8ce1c09b088a6de8e2a3cb90a78d2cd60 c13414d1b7fdc6d72506aa0c122ab22ef31e7197a89765a49f939ec2d11c20cd
SERVER_TRAFFIC_SECRET_0 01877f9bc00a974df2b77e6e232cffe8ce1c09b088a6de8e2a3cb90a78d2cd60 e9d02052df8cd4acc1b15f8973c4695e59bdbf057c636c240949396eda698351
EXPORTER_SECRET 01877f9bc00a974df2b77e6e232cffe8ce1c09b088a6de8e2a3cb90a78d2cd60 c70c7e95913ab5a5728c7b3a50b51de8c8f9f32dea34a15d1e4f4364d8e6d7ad
CLIENT_HANDSHAKE_TRAFFIC_SECRET 7104ba6efc2fecf4f3a26ac9c68eed0f06dc5934e412840e172ca4a79b683292 e46421ed1161252b7986a619a96f68511fdabe6cc842d7c4b350963eca63510c
SERVER_HANDSHAKE_TRAFFIC_SECRET 7104ba6efc2fecf4f3a26ac9c68eed0f06dc5934e412840e172ca4a79b683292 9eda77d0283a23b4bae14989ad2d9e5cc3f055516f0de69337ab876981ac994b
CLIENT_TRAFFIC_SECRET_0 7104ba6efc2fecf4f3a26ac9c68eed0f06dc5934e412840e172ca4a79b683292 e42bd2e169a3f2295e27fae8b2ee2da72943523febd0aa6dd6950bc9aafab023
SERVER_TRAFFIC_SECRET_0 7104ba6efc2fecf4f3a26ac9c68eed0f06dc5934e412840e172ca4a79b683292 f7971e82b09b4408b9e99c074126ea9ac54ffbfd464eaf7464a9abe1c2c4bbce
EXPORTER_SECRET 7104ba6efc2fecf4f3a26ac9c68eed0f06dc5934e412840e172ca4a79b683292 61215f20f69023139e2014d079fa72868c058ea6232e058232b421d319b72c75
CLIENT_HANDSHAKE_TRAFFIC_SECRET 120ded27e0d47b3ca7bea99b9f4f26b997ff726e038d8c3ce06c285db43fdcf2 7a4146a314b0c27afdf52f600b754079872f6a5a41cab2b8a1116e9fcf19a98a
SERVER_HANDSHAKE_TRAFFIC_SECRET 120ded27e0d47b3ca7bea99b9f4f26b997ff726e038d8c3ce06c285db43fdcf2 43204bf63102e8d5fcb51959b7a87b5902d3ce68a7cc66819ef825d986f16ac7
CLIENT_HANDSHAKE_TRAFFIC_SECRET bd7d1569bcbd138ee58d30cebd5c77db711dba4b93d27df9412a9cb85563ec64 4ce9a373750f6c33304dae69f3876baada3245396df7285836806f9bac609cb2
SERVER_HANDSHAKE_TRAFFIC_SECRET bd7d1569bcbd138ee58d30cebd5c77db711dba4b93d27df9412a9cb85563ec64 7593bc846b8a93c9945339e281be9dec009a82322cf74f346e6f52621abfebbb
CLIENT_TRAFFIC_SECRET_0 bd7d1569bcbd138ee58d30cebd5c77db711dba4b93d27df9412a9cb85563ec64 6064bc6ce0379300cf6521e6b6d03d88bae155a211ca3c8eaae3af75fef67da1
SERVER_TRAFFIC_SECRET_0 bd7d1569bcbd138ee58d30cebd5c77db711dba4b93d27df9412a9cb85563ec64 027027d99a37c8d46c0bdfd963ea9a4abdecba3005dc82b4009f0f4260a09ef0
EXPORTER_SECRET bd7d1569bcbd138ee58d30cebd5c77db711dba4b93d27df9412a9cb85563ec64 2056f7dd0f365becaf816e1a44b07d0a19c04445f126f7dc991244a4578e1399
CLIENT_TRAFFIC_SECRET_0 120ded27e0d47b3ca7bea99b9f4f26b997ff726e038d8c3ce06c285db43fdcf2 f62a27f2d6f1cc4228941d141363e00e645d1a789c6d6a05f02f0e70d276054b
SERVER_TRAFFIC_SECRET_0 120ded27e0d47b3ca7bea99b9f4f26b997ff726e038d8c3ce06c285db43fdcf2 6335f2615d71fd822d74e0947ddc42ab55adf7ad8219ac28db91fd9d9e898686
EXPORTER_SECRET 120ded27e0d47b3ca7bea99b9f4f26b997ff726e038d8c3ce06c285db43fdcf2 8b18fc029fca00bb3b6b3df6cd5f5663f0dd5acd51065370c0523c5d83cd4185
CLIENT_HANDSHAKE_TRAFFIC_SECRET fb49ac702dc4329d9740dacc23412d6050e031e0b76ef006d5f93ca2892bf1d9 c2d5bca8e46d1c2b049912d52e72037267e1a0169fe4decaecdd4f9d65e70748ece31161b2853b5124ba27268849d64d
SERVER_HANDSHAKE_TRAFFIC_SECRET fb49ac702dc4329d9740dacc23412d6050e031e0b76ef006d5f93ca2892bf1d9 04328f8869f512a7fba11838f7bf88b889f522f6ab83c27fc296368618921488559f2a15836e3554f585f1d061613184
CLIENT_TRAFFIC_SECRET_0 fb49ac702dc4329d9740dacc23412d6050e031e0b76ef006d5f93ca2892bf1d9 2fede11887b94c5163cd9482869112a372f3134e1ddfe9db14e7b6714fac2a9beaef8e0d0b1ca25062e868378c5ce455
SERVER_TRAFFIC_SECRET_0 fb49ac702dc4329d9740dacc23412d6050e031e0b76ef006d5f93ca2892bf1d9 d59b3c0923306277badfa364ae62aafa5c5efcaf4523258cc0b6983e55d15311a7b0a6011669a82e7cf453169c6929c2
EXPORTER_SECRET fb49ac702dc4329d9740dacc23412d6050e031e0b76ef006d5f93ca2892bf1d9 144de488a6725acb8af701a171515fd2c7444d0c444ddeb81356642fdac19958bfd4e183f1f29a93b5824e13c616f784
CLIENT_RANDOM 57fddb39ce90d33d367f5e8f3bb44c7352cec6785bd8f59e3f93fcc6c308e13d ee269d868c4e15e556c3c036d130b95e5d46788737b87407795b75158bab13472bb57a531a6b719b6d8112d1cbe1532e
CLIENT_HANDSHAKE_TRAFFIC_SECRET f9ac357e3881198c40c599a0057d6d86ac7b06095935c5d93869d454c05db535 ea054c152a8b7a4585d525c32fffff40a42cd4c4ac44a2eb0960bb42b267c3f946265b0b1db3c63f64f5fc6620557e5f
SERVER_HANDSHAKE_TRAFFIC_SECRET f9ac357e3881198c40c599a0057d6d86ac7b06095935c5d93869d454c05db535 360c4d2f9c54c59ff7b58f40c23a1f951a531455754090faa360835d72cc39d3ea676d4e8f2a2f28ab58e229c0d9d9ed
CLIENT_TRAFFIC_SECRET_0 f9ac357e3881198c40c599a0057d6d86ac7b06095935c5d93869d454c05db535 2a8fa04b59a2a196a016fb581181e3f573e02b8bbcb23f91ce5a2208cee1051d0f7cfdb095e495bf0a8ae7dabafffc62
SERVER_TRAFFIC_SECRET_0 f9ac357e3881198c40c599a0057d6d86ac7b06095935c5d93869d454c05db535 f27c64d33b48b4ed9831009c6a54be08aef688b426237fa7594a1fa8ec9bb8d51a80841b36413e65a8d214de6ac5235a
EXPORTER_SECRET f9ac357e3881198c40c599a0057d6d86ac7b06095935c5d93869d454c05db535 f59cc77161ff551edd3e8a9332776b1fff17125546a570f45f508aa12161e2fa06f63bad0e791be960981e0dc5c362d5
CLIENT_RANDOM df9a57b95d10b27bf405ad1ae8accfd15ddb6581365a67850699db5abdf2620c d2fb6d733dcaf726856bb4dbd9b4a79db90e07d66486807df6495ff002c055a60919b27d50b7db08e1e5e86a1e34816d
CLIENT_RANDOM df1ca64615ed7839cfad9350ed4066d4d17c240f30bd6b9d3f87d512c6317d2c afc0e7225194cd55a4aaaddf030ceb0db2544ee752f10d207cf525c10347499a7a21c7b0ec64918c885694e82e0e7a6b
CLIENT_RANDOM 1056966f667b0106c009dd6f7d764cf67e10615c37123922de0fae01ea93cce0 e36caf21eaa07e6e870481b38796cbecbd4bad829dc552552ba3b108f0f517318d6f76897746e66fd66f9822ce1cd8e6
CLIENT_HANDSHAKE_TRAFFIC_SECRET 2f4991001c32769e63ec5693b13caaf43717c33f9ac28f80e0eaa93bd6304101 d4ccbe9c8ad6a27b8287c823279a565a91a05f028b9f22620e0dd9739b200d87f0eab9d2510eb660b1a83e07a1769849
SERVER_HANDSHAKE_TRAFFIC_SECRET 2f4991001c32769e63ec5693b13caaf43717c33f9ac28f80e0eaa93bd6304101 f1ef1c3da44097398c1750deacf03d075305d3af8f6d3e7783a39d3956ebe8e41924af1e55312774d2f812dedd5e7b73
CLIENT_RANDOM e0f3c10ba075777f81da181b2cf1ddc4c5fb805bdc5a30940626c95993457beb 96eb10acf02f9798634b045c7189f1d9c5a5a462bac3dcace0c1434c05f25aff78d9f258684cbc7d965c6b2973684a42
CLIENT_TRAFFIC_SECRET_0 2f4991001c32769e63ec5693b13caaf43717c33f9ac28f80e0eaa93bd6304101 55a5ccde50493d877229f90c501dd5de2b1039404b2935081ae74258738cebeab84ef882374b82a9e006c6d9c8aa25fd
SERVER_TRAFFIC_SECRET_0 2f4991001c32769e63ec5693b13caaf43717c33f9ac28f80e0eaa93bd6304101 d91bc49c370ce1bc8dd0c384d7fe76362f08ae75687b3b795a7cf5bea303d4ffc63b4b26b04b3756ec70c6076ebe6888
EXPORTER_SECRET 2f4991001c32769e63ec5693b13caaf43717c33f9ac28f80e0eaa93bd6304101 ef15730f71a8129ab11f9449f379eae841a3af72a290e7b895141c13a64f4c43f7f28b7f7653346afcecd776af87027b
CLIENT_RANDOM f681816a5ee2a48431b43ecd930d0d942a73b9a604ef0bb9803b925ee0ad62ca a98bea4376f18a34a40b3d8c434aed9e52d65f9c38528c06e1ba3bb37c43fe19b189f302bfdcb5874287bffc7ab0455f
CLIENT_HANDSHAKE_TRAFFIC_SECRET b508676d337f328dded3bb8fb1f9998e5e1c3647f1b86d2225553cb9fabd16f3 355cd6e24811dab6e6bdee17c83d226520fc3ed3834d72c46779ffcc425a930e
SERVER_HANDSHAKE_TRAFFIC_SECRET b508676d337f328dded3bb8fb1f9998e5e1c3647f1b86d2225553cb9fabd16f3 905651229ce2c788d48ca353ad40435c96b84975018d70b04e5c5d3f03c41c2e
CLIENT_TRAFFIC_SECRET_0 b508676d337f328dded3bb8fb1f9998e5e1c3647f1b86d2225553cb9fabd16f3 668db643302fe2571428872964dcf02e6c0046f0ee5a9220294c2fe3b3848fc0
SERVER_TRAFFIC_SECRET_0 b508676d337f328dded3bb8fb1f9998e5e1c3647f1b86d2225553cb9fabd16f3 574f455810b07305e8dab615384694fd7c7de60a8940b379847edcb1c04edc85
EXPORTER_SECRET b508676d337f328dded3bb8fb1f9998e5e1c3647f1b86d2225553cb9fabd16f3 0d9a7eea2efcf38f9be5e4f881d17b2a831540401abb1dab4e76529053f47424
CLIENT_HANDSHAKE_TRAFFIC_SECRET 7e3b08c957065097096e23c1663a7143ff47d498cdacd585f25523126227478a 0011d8d2cba0513404141d8497e2b8436940557ce64adccd3a59224b68bf76eb
SERVER_HANDSHAKE_TRAFFIC_SECRET 7e3b08c957065097096e23c1663a7143ff47d498cdacd585f25523126227478a 9e7cedf3ff72a9b7774cdc3221651d7fa88fa70db3be1d55b78feb02576b8c08
CLIENT_TRAFFIC_SECRET_0 7e3b08c957065097096e23c1663a7143ff47d498cdacd585f25523126227478a 84ce7b38bff00c0132a5c264c68f7842e78f98549375dee75a19ff168aadc8ff
SERVER_TRAFFIC_SECRET_0 7e3b08c957065097096e23c1663a7143ff47d498cdacd585f25523126227478a c68870120d0b18405c8d88a39ce1ed24d93f481458029818fed58a2dd9b9126e
EXPORTER_SECRET 7e3b08c957065097096e23c1663a7143ff47d498cdacd585f25523126227478a e034a82c580054937dd41fd229a6f4204860ac7cf700b7cdb84e1f80de03637c
CLIENT_HANDSHAKE_TRAFFIC_SECRET 2c30bc1801cb9805a750acd01a4f25e4b4401c53790c6c84b9f1e7e4735ae041 b1c837debeef14973e56a06eab842977171fb60a839d9f5fc90c9f139924468d
SERVER_HANDSHAKE_TRAFFIC_SECRET 2c30bc1801cb9805a750acd01a4f25e4b4401c53790c6c84b9f1e7e4735ae041 21ca85a9912f3afcc17c983984c675e1e764397a83a5e6db991d5172deb9b6af
CLIENT_TRAFFIC_SECRET_0 2c30bc1801cb9805a750acd01a4f25e4b4401c53790c6c84b9f1e7e4735ae041 4acc0adfd0444033f06ec7cf6b7f5b6a8f89b87d1fe80b38f1beb7a3aaea5cae
SERVER_TRAFFIC_SECRET_0 2c30bc1801cb9805a750acd01a4f25e4b4401c53790c6c84b9f1e7e4735ae041 4f8ba9cb451d2bc1526ee471ee590926e32cea3c2b8ce1c540436a17534bf313
EXPORTER_SECRET 2c30bc1801cb9805a750acd01a4f25e4b4401c53790c6c84b9f1e7e4735ae041 80577ba063418da34a1090abc9c1a8433d522c2c8a486414c22cf2477cb28ab1
CLIENT_HANDSHAKE_TRAFFIC_SECRET 8dcf8b287c84e2f1c20c895da6ab346ccb97da68b418ca64651061a7a5b57087 94dc40e93acf84b3cb79632b3a508a1089007c5ae449e5618bfed6b11482199c
SERVER_HANDSHAKE_TRAFFIC_SECRET 8dcf8b287c84e2f1c20c895da6ab346ccb97da68b418ca64651061a7a5b57087 cc98ba61ce9f08aa4b71b0215ca9978f68c4c4f6e599419aba7c523fe23148c9
CLIENT_TRAFFIC_SECRET_0 8dcf8b287c84e2f1c20c895da6ab346ccb97da68b418ca64651061a7a5b57087 97242285f5a675faf75450eb740be1996e78dc010620cce85d15cd1c1057ccb8
SERVER_TRAFFIC_SECRET_0 8dcf8b287c84e2f1c20c895da6ab346ccb97da68b418ca64651061a7a5b57087 6e3ce9bfb189bbd963e959c99b54a1ea8f3573ea825153e09195bd1c256b07ee
EXPORTER_SECRET 8dcf8b287c84e2f1c20c895da6ab346ccb97da68b418ca64651061a7a5b57087 b38da32947bbad55b448dbe67063d2a0d96555e7cad96be06bbda0083a97ae5a
CLIENT_RANDOM 9163f094725f8434cd88b47fe13e39303baeac90570b6ef4cb707616a05072d9 d2fb6d733dcaf726856bb4dbd9b4a79db90e07d66486807df6495ff002c055a60919b27d50b7db08e1e5e86a1e34816d
CLIENT_RANDOM 8b43d9b921c6fe6615992c65ba9438722e7e39a47eec562fc51925556a650aa0 e36caf21eaa07e6e870481b38796cbecbd4bad829dc552552ba3b108f0f517318d6f76897746e66fd66f9822ce1cd8e6
CLIENT_RANDOM e2ab37a7a6acf5b28064a41e4d0f88f445b16ffc9fee5572a33e4a95e3c8541a afc0e7225194cd55a4aaaddf030ceb0db2544ee752f10d207cf525c10347499a7a21c7b0ec64918c885694e82e0e7a6b
CLIENT_RANDOM 229f6e59da807ccdf457f8785c14296f9e18bf1b9877124a768f761ecf193231 c463595a9c2d6411aa6f90c6a66d7acc4515a52f5c9075925d2759a6b61afd7bb1b1d784b484e24818f3e9762e154cce
CLIENT_HANDSHAKE_TRAFFIC_SECRET 5ee6b4db095287a2da49b920d4ee1e0aace31235e6791d5797263702e5d30405 1eaff90ea5d0fb1bdc60d3a1c4da93372464edc97837c30569a7bfcc91cea070
SERVER_HANDSHAKE_TRAFFIC_SECRET 5ee6b4db095287a2da49b920d4ee1e0aace31235e6791d5797263702e5d30405 a3512fb59d79e1ff0a6ce2953d04dffa13272ee45a719da2dc6b8723e1775128
CLIENT_TRAFFIC_SECRET_0 5ee6b4db095287a2da49b920d4ee1e0aace31235e6791d5797263702e5d30405 7c635562bfbb3e8d3e8e5b32e85935b8d87a506ea9bb02d7730f68824f67730e
SERVER_TRAFFIC_SECRET_0 5ee6b4db095287a2da49b920d4ee1e0aace31235e6791d5797263702e5d30405 5a2fe533a1206f1538560e3cb44204933b7fc9a6a215a8f3fbf4bfa9f657cec2
EXPORTER_SECRET 5ee6b4db095287a2da49b920d4ee1e0aace31235e6791d5797263702e5d30405 c5711fcb82f23edaf428a44298419d4148de3255ab91deb31a10930d286afad5
CLIENT_EARLY_TRAFFIC_SECRET 7de08db163ef25aeda3b3bbc5ed032ed07c9c3123a54cd397cfbf5922e0041bd fefd7bc567505d8a26870ea66260d2b8c19fa1bd20f437f8238c642c811aed62
CLIENT_HANDSHAKE_TRAFFIC_SECRET 7de08db163ef25aeda3b3bbc5ed032ed07c9c3123a54cd397cfbf5922e0041bd 9b7c5446ba4a9f24df7671d15af1f359ffc763a568e580abb3b6044440d2b374
SERVER_HANDSHAKE_TRAFFIC_SECRET 7de08db163ef25aeda3b3bbc5ed032ed07c9c3123a54cd397cfbf5922e0041bd 32dfaf68b8a0dd9ba6674631b75c7c0ba5edc06b72ae57e55d4776fded18dad0
CLIENT_TRAFFIC_SECRET_0 7de08db163ef25aeda3b3bbc5ed032ed07c9c3123a54cd397cfbf5922e0041bd c3e868b9378468aa7f8168ed5bc1eb3184c6c411033d2cf3be528a4e8c6e949a
SERVER_TRAFFIC_SECRET_0 7de08db163ef25aeda3b3bbc5ed032ed07c9c3123a54cd397cfbf5922e0041bd 96a58d88e1f028e572d073dc319705a9bec5bf695157801a273d72c2ab58807e
EXPORTER_SECRET 7de08db163ef25aeda3b3bbc5ed032ed07c9c3123a54cd397cfbf5922e0041bd 916bad357ee77375cfc1dd1010868678d809bdd702dd0ebc3c475865c7c772e3
