CLIENT_HANDSHAKE_TRAFFIC_SECRET a2e81bbee4e21458eef32382b329d889e23a4c2c5cc78feeda2a5152ae7d6203 fb661e9df5561d54e8ef84f1419f69fc2412cad08913b522fdc9caa5c882c18a
SERVER_HANDSHAKE_TRAFFIC_SECRET a2e81bbee4e21458eef32382b329d889e23a4c2c5cc78feeda2a5152ae7d6203 63d60e0e84fb09616763725bc166ee3070443b5188fb42d01198b8b87bafb8e6
CLIENT_HANDSHAKE_TRAFFIC_SECRET 5d440687f394a5c518e37f2d1552293524b8496642587a3fea8450f4d29560da 677bd797d9a5346f8b48e582701aa22455032e1f8a51de8076769d79d441bcc9
SERVER_HANDSHAKE_TRAFFIC_SECRET 5d440687f394a5c518e37f2d1552293524b8496642587a3fea8450f4d29560da 20fb5aa27b20321daf0ee22176ba7dd44fd75d5be0271b49842c8f38c949defc
CLIENT_HANDSHAKE_TRAFFIC_SECRET b730141ee1322051bb2eb61a5f6251478e1a909747aeb1b8ac2d269c97d87271 2e8730c851ebed7d9825554628a069c05c74620a910da0992b4a15ecad43b62f
SERVER_HANDSHAKE_TRAFFIC_SECRET b730141ee1322051bb2eb61a5f6251478e1a909747aeb1b8ac2d269c97d87271 32b7cf2692d0f2c3c640dd1b113f64b7c79262855a88c77588a3387ebb0bcd7f
CLIENT_HANDSHAKE_TRAFFIC_SECRET 65399a803423c8b4636b1beb8d3f4d5d55818429dfcc4362996cf0d7d5c68142 914f21ddd88aa5919dc7d9341c829190fc9a2a40445aeb5edd483b667350a12c
SERVER_HANDSHAKE_TRAFFIC_SECRET 65399a803423c8b4636b1beb8d3f4d5d55818429dfcc4362996cf0d7d5c68142 70239dcd62ccfa529eb1da4b98c8592ce1ad6ed3d6755e63b805389ae1691671
CLIENT_HANDSHAKE_TRAFFIC_SECRET 81ce5d877e41fd8627c758bed0f3818352da1c8d65c5e3e1ee29673d5d4d3356 3bcf46414ebf8932ec2d828e390b59675cca1aab874f5519ec3f622f10283ee9
SERVER_HANDSHAKE_TRAFFIC_SECRET 81ce5d877e41fd8627c758bed0f3818352da1c8d65c5e3e1ee29673d5d4d3356 bb147ae8b5fa534322adf825ec8885e19e91e1c971e0dc72a87adc9fd5ebc33d
CLIENT_TRAFFIC_SECRET_0 65399a803423c8b4636b1beb8d3f4d5d55818429dfcc4362996cf0d7d5c68142 df5f89cba422dc8ad7b97594f5610c699583c8efda96dd06b81701e549e3370e
SERVER_TRAFFIC_SECRET_0 65399a803423c8b4636b1beb8d3f4d5d55818429dfcc4362996cf0d7d5c68142 fdbfa48e6c8d1f1a5b33d5412343e6975c1f28fd0ea958e9cc12e1a5d143b782
EXPORTER_SECRET 65399a803423c8b4636b1beb8d3f4d5d55818429dfcc4362996cf0d7d5c68142 8492ff108235753adb60be515b8eb0c09730b43d044b929b1d99e0cf368d0d07
CLIENT_HANDSHAKE_TRAFFIC_SECRET 01a279a8449f31641776418fb2bb3c6e0af806909512b19582374e802899f6de f70f97e7b69a4d40fd4972606af762759eeb2b7cb89476f9cf84efdeaea91a6b
SERVER_HANDSHAKE_TRAFFIC_SECRET 01a279a8449f31641776418fb2bb3c6e0af806909512b19582374e802899f6de 730833e1f6b9c4df5e43c945c2abd9450fceae43cb16e5122d711934effb2d45
CLIENT_TRAFFIC_SECRET_0 01a279a8449f31641776418fb2bb3c6e0af806909512b19582374e802899f6de 783a6ae0dc37c983b9595d68cf807641544a973df96fb884ab8e449f7c7b7f0b
SERVER_TRAFFIC_SECRET_0 01a279a8449f31641776418fb2bb3c6e0af806909512b19582374e802899f6de 44561e83c817e482b4096ee95f65cbbaad1d5389fef0d94cbecda126264e62eb
EXPORTER_SECRET 01a279a8449f31641776418fb2bb3c6e0af806909512b19582374e802899f6de be92237fc859075004c858d77254b64575347f1973446c845f255877eb2e3059
CLIENT_HANDSHAKE_TRAFFIC_SECRET 3eacad04a5db0893b87d8a4d7380068f82b05271c1337e3be902144cb755689e 6eeb0a945c0cee3672b909840e80263c3f1e0b87e532b8d9be49a55a908c8b37
SERVER_HANDSHAKE_TRAFFIC_SECRET 3eacad04a5db0893b87d8a4d7380068f82b05271c1337e3be902144cb755689e a39863df71a8b6432ddc85c5bb0f36533b7424df4fac82475ce5872f5e7c7bff
CLIENT_TRAFFIC_SECRET_0 3eacad04a5db0893b87d8a4d7380068f82b05271c1337e3be902144cb755689e c13b328020b483dd6085e9851367b0512e2a50a624fec49030ca715c3b46e7e3
SERVER_TRAFFIC_SECRET_0 3eacad04a5db0893b87d8a4d7380068f82b05271c1337e3be902144cb755689e 701884708a0df8071b315e41396979112f808077027cfee3ff8fb834dbd16c18
EXPORTER_SECRET 3eacad04a5db0893b87d8a4d7380068f82b05271c1337e3be902144cb755689e 9fd9c9edbd8ae1dab215834a69a8f4ccec8e9eb14707792d69b3376db2eae4a7
CLIENT_HANDSHAKE_TRAFFIC_SECRET f04963e4b2e0c7a6f43ff563804a2d2ad73eb9805f20e2a0733f39768b39f598 0f73c8b79e467835b37e4191a17db75a2570a59abf5ebee1c84d3047a226aa02
SERVER_HANDSHAKE_TRAFFIC_SECRET f04963e4b2e0c7a6f43ff563804a2d2ad73eb9805f20e2a0733f39768b39f598 1f2066cd8f9f39d1becf4b346b4b474be3cc30b4794a93979f9f704950799018
CLIENT_TRAFFIC_SECRET_0 f04963e4b2e0c7a6f43ff563804a2d2ad73eb9805f20e2a0733f39768b39f598 89dc8c95cece13de2293bcfdb9b83aa12c08c46897a49ed1bd6e312d265623b5
SERVER_TRAFFIC_SECRET_0 f04963e4b2e0c7a6f43ff563804a2d2ad73eb9805f20e2a0733f39768b39f598 fdd02da8aaa4204d93e037fc456be86264fd229ff68759477f273ba2a1d3a43e
EXPORTER_SECRET f04963e4b2e0c7a6f43ff563804a2d2ad73eb9805f20e2a0733f39768b39f598 8c2aef04232b8b31a1ee8740f2b9b2c80589b08335c62626ab0a5b2d81eb3c13
CLIENT_HANDSHAKE_TRAFFIC_SECRET e5c6a5b62b68dee97abc2cf3e0a495bd64c011a3361e12ffca7bbd4ba6f8ea10 6d061e89fdd8901a6d0432ad0b00cf6444b8498e29d9e409af5be0c3ff89947d
SERVER_HANDSHAKE_TRAFFIC_SECRET e5c6a5b62b68dee97abc2cf3e0a495bd64c011a3361e12ffca7bbd4ba6f8ea10 413e0f97d84ee0c6f7cf941f981c1ac5807dc6eb17c2ab4cece2a23831e54590
CLIENT_TRAFFIC_SECRET_0 e5c6a5b62b68dee97abc2cf3e0a495bd64c011a3361e12ffca7bbd4ba6f8ea10 b550ba71e6b618746c77fc14ff660916997e888676509e750483564186c67ec3
SERVER_TRAFFIC_SECRET_0 e5c6a5b62b68dee97abc2cf3e0a495bd64c011a3361e12ffca7bbd4ba6f8ea10 28bf53cd132c2a08ba32db8c33c954e3ea732e8a357d8c98dc96016a2752767f
EXPORTER_SECRET e5c6a5b62b68dee97abc2cf3e0a495bd64c011a3361e12ffca7bbd4ba6f8ea10 8a1bded1b9b2da7f50f430b7a17b81eccd2aba68a7ee0ef01b8d0abb24c8250a
CLIENT_HANDSHAKE_TRAFFIC_SECRET 63e2c52afed97cd20988110b2dbb067610fc6ccbf6801e32934893334e4d86e6 4fa98352d7f0e3c39e830e4e380a7567a537ba0b95067dcb1bde9cb6ab18b983
SERVER_HANDSHAKE_TRAFFIC_SECRET 63e2c52afed97cd20988110b2dbb067610fc6ccbf6801e32934893334e4d86e6 0e2902baca80ee3d1694dd7eb0d5c042ae736cdc4b72bf9fe4d9733ea708ed72
CLIENT_HANDSHAKE_TRAFFIC_SECRET b3ae2612cbe3dac4261e960e7ef350b9631786a2791b165436766e573bfed018 6a39ae7f3782e1acaa3e84efdb1f5f415c2f9b8461b56e101c0318b066c4a4fe
SERVER_HANDSHAKE_TRAFFIC_SECRET b3ae2612cbe3dac4261e960e7ef350b9631786a2791b165436766e573bfed018 f674750f8179ffe699591d80d7ec97c892d05e859e118d02776e31689b75eec2
CLIENT_TRAFFIC_SECRET_0 b3ae2612cbe3dac4261e960e7ef350b9631786a2791b165436766e573bfed018 5a97f187af1c963a26911a986225f043269867859619fddedde7a2f25bb29557
SERVER_TRAFFIC_SECRET_0 b3ae2612cbe3dac4261e960e7ef350b9631786a2791b165436766e573bfed018 cbaacc1d842490939cb6f23c62986a56ca79c95d238309d434f50c9a2883c66e
EXPORTER_SECRET b3ae2612cbe3dac4261e960e7ef350b9631786a2791b165436766e573bfed018 3fecdd034d845d055b2b587fcb796d8ebe5b956307ede426f6ff41a8de530e73
CLIENT_TRAFFIC_SECRET_0 63e2c52afed97cd20988110b2dbb067610fc6ccbf6801e32934893334e4d86e6 4f5b43e6ec15f5153f9434e4f3959166092956d094cf9a93ab4480afeb08b0c7
SERVER_TRAFFIC_SECRET_0 63e2c52afed97cd20988110b2dbb067610fc6ccbf6801e32934893334e4d86e6 29ad854af24e7188b53a67870b96761fccc33f4f02eecd95079b29d429242d14
EXPORTER_SECRET 63e2c52afed97cd20988110b2dbb067610fc6ccbf6801e32934893334e4d86e6 e276ee169ee3ad61cd9e73a1d2a5f38acd644121d0d1f87c3d1a412286746c42
CLIENT_HANDSHAKE_TRAFFIC_SECRET fc7de0db7d548ecce3b45521663cc6f1e280bb2d90589ab0d2d05dc7950221ab ad77394e8826f75b25df5ac6bf80c473e20aecb37e29046b94c04a89856f1d4b
SERVER_HANDSHAKE_TRAFFIC_SECRET fc7de0db7d548ecce3b45521663cc6f1e280bb2d90589ab0d2d05dc7950221ab c50c5f6f55552859b0420bfb1ab0a028e3ad6565448d2ab343cbd36d2cab439d
CLIENT_TRAFFIC_SECRET_0 fc7de0db7d548ecce3b45521663cc6f1e280bb2d90589ab0d2d05dc7950221ab 4329a8a322e967ef83498b34c022a94eeb4c919234ba882f425515ea80867c4f
SERVER_TRAFFIC_SECRET_0 fc7de0db7d548ecce3b45521663cc6f1e280bb2d90589ab0d2d05dc7950221ab 156ced97c8479b3be00383f8c20511c62a01e4dd3bb5629757be3d35fdbbee91
EXPORTER_SECRET fc7de0db7d548ecce3b45521663cc6f1e280bb2d90589ab0d2d05dc7950221ab 28562201bfd6f9c6033fe342143bf7cbb32c9af7db429027aa30ed31629f86c1
CLIENT_HANDSHAKE_TRAFFIC_SECRET bc0f8e681f8e72671227b74928965c6897deb9888632cf065875f55c75eff1b6 bf5507700bee06a341a154cc135d6ea23ffb6cb837a279fc66983b7f9fcabb7503052a95c4b724c8155f5c9f553a2ee4
SERVER_HANDSHAKE_TRAFFIC_SECRET bc0f8e681f8e72671227b74928965c6897deb9888632cf065875f55c75eff1b6 ef93bd637ea06af2d3beadd0793c8c3d7e93b532b6e791b471a587f9e822580bf3ebeb0584fc75dc87b5cc5a37170d12
CLIENT_TRAFFIC_SECRET_0 bc0f8e681f8e72671227b74928965c6897deb9888632cf065875f55c75eff1b6 5300122d6a3c2338eb0367afa15c364331da826dd6fa6f43d58b55629a2830ac20a9950464fbd339bb94e7f02296ef9b
SERVER_TRAFFIC_SECRET_0 bc0f8e681f8e72671227b74928965c6897deb9888632cf065875f55c75eff1b6 8f4d83479bc79201bc521f74c9e15250340bd54491ba2c84dd2415a8f486cded8acfe1b2c3650cf2baa056144477a8b1
EXPORTER_SECRET bc0f8e681f8e72671227b74928965c6897deb9888632cf065875f55c75eff1b6 0fe3afb17142b1b158d2b6d91e2075f078220fda8b0473beb1184edc5ec5fae4d7127c9e99c1af25032b6cc6e60240c5
CLIENT_HANDSHAKE_TRAFFIC_SECRET 20348a237adda6738fa6471b48d2152b25ec1e728e339e41caec113156bceb09 7b935f52eb929278721f196e7628e1ae31914d478bfded57d4e372e61216bdd5
SERVER_HANDSHAKE_TRAFFIC_SECRET 20348a237adda6738fa6471b48d2152b25ec1e728e339e41caec113156bceb09 0e6e9031a76c8446bda082db25e95e73d4d0596884c2c95fb5c683fe2c850c0e
CLIENT_TRAFFIC_SECRET_0 20348a237adda6738fa6471b48d2152b25ec1e728e339e41caec113156bceb09 a9a555f06b873b6b9e4fe76aec6a11383aefb803ae5823359c44409011e6c26a
SERVER_TRAFFIC_SECRET_0 20348a237adda6738fa6471b48d2152b25ec1e728e339e41caec113156bceb09 39c789b20c6e62c8bbc0ba8cfdae8c1d6796b64daf223df5887108bb51ef87ac
EXPORTER_SECRET 20348a237adda6738fa6471b48d2152b25ec1e728e339e41caec113156bceb09 b84c896bca7ed0733078257a32cf4daaa8fe0c13d8e0c0b98cbf0e927cb28173
CLIENT_HANDSHAKE_TRAFFIC_SECRET ced249166f75b5576f4aea8530a3f6f3c5839ff6d4d46d1827fa0e8ba9cb18b2 7090782966bc19e887f77b4e968b5d0f6bc16b5d3f84eb91069921f5b94e0fd8
SERVER_HANDSHAKE_TRAFFIC_SECRET ced249166f75b5576f4aea8530a3f6f3c5839ff6d4d46d1827fa0e8ba9cb18b2 d26d647065e9bf2eb182e2443ea47d975f7259f26e14374d5f767bb1bd01e96f
CLIENT_TRAFFIC_SECRET_0 ced249166f75b5576f4aea8530a3f6f3c5839ff6d4d46d1827fa0e8ba9cb18b2 34fe3b2ebae5fd2a55bf21849a2b17e02f96a2c484a118b116d05810816bfffe
SERVER_TRAFFIC_SECRET_0 ced249166f75b5576f4aea8530a3f6f3c5839ff6d4d46d1827fa0e8ba9cb18b2 056a4efe3708d8ed1d538aee09dd69e3b4d9f67bc43e860cbd0fde1be0302978
EXPORTER_SECRET ced249166f75b5576f4aea8530a3f6f3c5839ff6d4d46d1827fa0e8ba9cb18b2 e6d4321e0e252b20ced410049d57a0a02f609fa15e5a7e211e310439294974e0
CLIENT_HANDSHAKE_TRAFFIC_SECRET 8bd1dea139c55be8888b3782b853c205f5a5de9c6a6d4263c247236d403626ce ea685fa92f806bbde2a04cb63c8fcb62f2e571fd0079bda0f9524cd2fca8e119
SERVER_HANDSHAKE_TRAFFIC_SECRET 8bd1dea139c55be8888b3782b853c205f5a5de9c6a6d4263c247236d403626ce 7ade1af315060979e73801564cf1f990f793e76108f86e801dadafdc6119804a
CLIENT_TRAFFIC_SECRET_0 8bd1dea139c55be8888b3782b853c205f5a5de9c6a6d4263c247236d403626ce 3917de602d7f1c8485244200bd006462bc560f969b0e9c6a7e20bbf69f2ba30c
SERVER_TRAFFIC_SECRET_0 8bd1dea139c55be8888b3782b853c205f5a5de9c6a6d4263c247236d403626ce 75be530f9b3fe01ace0aba705f72ae12fc3a4d59ecf6a0bb9e8158999ad34dd2
EXPORTER_SECRET 8bd1dea139c55be8888b3782b853c205f5a5de9c6a6d4263c247236d403626ce f1784b040eacdd399fae9dc561ed6e6316343598034fd00cb14b8438f8652fc5
CLIENT_HANDSHAKE_TRAFFIC_SECRET 3c5d8c90b9240dc03e26b45f372974a0a6079a6799c549ae7d5be5af2415553e e78298fa57ddd10ea58db2a6485a04e80b1af468c704a0e1cd7b4f3622e1dc80
SERVER_HANDSHAKE_TRAFFIC_SECRET 3c5d8c90b9240dc03e26b45f372974a0a6079a6799c549ae7d5be5af2415553e a5c31c14ddd69d84306929e8b8d994505fb019a682092c260760d5989eb266bb
CLIENT_TRAFFIC_SECRET_0 3c5d8c90b9240dc03e26b45f372974a0a6079a6799c549ae7d5be5af2415553e 0aeb6e7da87559869365e37d412d059cbbe31e1d696506c671473e3899ad79f1
SERVER_TRAFFIC_SECRET_0 3c5d8c90b9240dc03e26b45f372974a0a6079a6799c549ae7d5be5af2415553e cf9b2721c3037d9f8f4a86f1209acb18f43c985dc2d26fa3aa0f9dc5ef08ff8b
EXPORTER_SECRET 3c5d8c90b9240dc03e26b45f372974a0a6079a6799c549ae7d5be5af2415553e e35498e0a1bf3367810022b8a913e20601e46d8c4e09c4f7068db5e431836b93
CLIENT_HANDSHAKE_TRAFFIC_SECRET 0774cd666e5816858ce4956f5fb0587fda16747d12ffc3d4b4c9a613daba3fe9 7d01f4240f0743eaf6bb1d2bc5333f000d02c7064718f78e8f11141a7c0003c0
SERVER_HANDSHAKE_TRAFFIC_SECRET 0774cd666e5816858ce4956f5fb0587fda16747d12ffc3d4b4c9a613daba3fe9 e0593e17ba26e93a613924b01742e8fb1f482eac77b0790bb9928da5a8cf6d24
CLIENT_TRAFFIC_SECRET_0 0774cd666e5816858ce4956f5fb0587fda16747d12ffc3d4b4c9a613daba3fe9 efcbbdcd2eadef162f108fad8f09f2549a1796dddd4897cdeea93b37770ccb55
SERVER_TRAFFIC_SECRET_0 0774cd666e5816858ce4956f5fb0587fda16747d12ffc3d4b4c9a613daba3fe9 179a915ad186deefc30d8bb40dfa5b9317b2fce8f39d836c3506f294f407b0c9
EXPORTER_SECRET 0774cd666e5816858ce4956f5fb0587fda16747d12ffc3d4b4c9a613daba3fe9 fabc73e5de3903d9fb5a0074d8ec39a3febeb93fe303acb3ed4f937db29d3329
CLIENT_HANDSHAKE_TRAFFIC_SECRET 9465ede17d1b79800e5ead8978d6abb37cfd573734cae328d63d14726b6298e4 0d45647dbb56f56514e73402865406679da6ab2abb956eb53cd2ba2cf8559158
SERVER_HANDSHAKE_TRAFFIC_SECRET 9465ede17d1b79800e5ead8978d6abb37cfd573734cae328d63d14726b6298e4 7f5b9057587a488cc43cf2bd51851cb6e75f6accd2da65ffd3e0b397d1d40f13
CLIENT_TRAFFIC_SECRET_0 9465ede17d1b79800e5ead8978d6abb37cfd573734cae328d63d14726b6298e4 183c8fcca1eed2189170f2b9c0ed822de5a8d313e62d289ed5dca067e595a0ae
SERVER_TRAFFIC_SECRET_0 9465ede17d1b79800e5ead8978d6abb37cfd573734cae328d63d14726b6298e4 596b2062a8c27914292eca3a5dda69d3fe16358c982ca945170cb727e24d3d6d
EXPORTER_SECRET 9465ede17d1b79800e5ead8978d6abb37cfd573734cae328d63d14726b6298e4 02e855c61876a9a186fb0b5549c9d14bb4217a3a42df2ae97893abe2c376c10f
CLIENT_HANDSHAKE_TRAFFIC_SECRET 4dc2a4b99ddf46a080c36f1125151f095940d4a48ad0f7c9d390562b1c96b5a5 786b1a4270c2886187ebdd328cfb7a5fcfb13fc46eaa509db645574641437726
SERVER_HANDSHAKE_TRAFFIC_SECRET 4dc2a4b99ddf46a080c36f1125151f095940d4a48ad0f7c9d390562b1c96b5a5 931dd770caedf14d6f00993662319995a88bc9734220dd8b4d4482331b24b46c
CLIENT_TRAFFIC_SECRET_0 4dc2a4b99ddf46a080c36f1125151f095940d4a48ad0f7c9d390562b1c96b5a5 f4f4521f0e44c4d1fb1e24b4636f02369018a4c05761bf1da727b8579833ee2f
SERVER_TRAFFIC_SECRET_0 4dc2a4b99ddf46a080c36f1125151f095940d4a48ad0f7c9d390562b1c96b5a5 02a01675da59c63e047795faa71896bbdc709ce267f5d2cdc9b942a08bf24611
EXPORTER_SECRET 4dc2a4b99ddf46a080c36f1125151f095940d4a48ad0f7c9d390562b1c96b5a5 778a595e83d37b77260b5c0ba28ec3384ed2e6d70dd11dbabd8540ffe87ad1e6
CLIENT_HANDSHAKE_TRAFFIC_SECRET f302f8ea9a94cd1858eaaeef8e2043435eebe82d40ed05f82d8f9d738d312a73 bceedc576da424f286e25d926b957559593259a15877a940bd0f34da407b395d
SERVER_HANDSHAKE_TRAFFIC_SECRET f302f8ea9a94cd1858eaaeef8e2043435eebe82d40ed05f82d8f9d738d312a73 62fbd670bcfb639b45e7a0913e1ad75b4d39b5b1cfbe7d4c0c031011e5facbcb
CLIENT_TRAFFIC_SECRET_0 f302f8ea9a94cd1858eaaeef8e2043435eebe82d40ed05f82d8f9d738d312a73 966b2661471491cef7156da5817169127a02ffa6e7d88c2d08d709b5f9663dd8
SERVER_TRAFFIC_SECRET_0 f302f8ea9a94cd1858eaaeef8e2043435eebe82d40ed05f82d8f9d738d312a73 48777623fd5bbf9ab9ef1f05be6468c11f8391c642895626f828b23846e67a81
EXPORTER_SECRET f302f8ea9a94cd1858eaaeef8e2043435eebe82d40ed05f82d8f9d738d312a73 8a80965304bba26e42210685424374ac321269b394e413979a48b1d58675a853
CLIENT_HANDSHAKE_TRAFFIC_SECRET b7d085d31ced8e140935c219d6a12c62a819fa4908dd5dba5a18a2eb8d2fb0bd 696cbc34cfc891a338ed28311c5a71007218c1255fa2ec9dfc3bc09e80ca9226
SERVER_HANDSHAKE_TRAFFIC_SECRET b7d085d31ced8e140935c219d6a12c62a819fa4908dd5dba5a18a2eb8d2fb0bd 8fbaefc7c15fbbe3ff502d19b1a090382aa4eb71a7f0391962f754851f29b250
CLIENT_TRAFFIC_SECRET_0 b7d085d31ced8e140935c219d6a12c62a819fa4908dd5dba5a18a2eb8d2fb0bd e6b55f61a3bf809c0bc04aeaeae136580c6f52c3219907201577f08c17826715
SERVER_TRAFFIC_SECRET_0 b7d085d31ced8e140935c219d6a12c62a819fa4908dd5dba5a18a2eb8d2fb0bd d1b698d7f537132c683ffa59c5d4bf5a6ee85c94950bff18e6cf814a0c4558ae
EXPORTER_SECRET b7d085d31ced8e140935c219d6a12c62a819fa4908dd5dba5a18a2eb8d2fb0bd 90976839a488dc7c0b78d391eea0de26d084bab43968d34e65bca206e7708e42
CLIENT_HANDSHAKE_TRAFFIC_SECRET c205a0d17b739c3456d996d27131ee8f36f8afc279e3ffa5c5e0bc023062ffa8 4a26a6da6b9d68eb4a1a1f94e6e557c65ddcadbbf4a414eef1ff8ca0e1eed487
SERVER_HANDSHAKE_TRAFFIC_SECRET c205a0d17b739c3456d996d27131ee8f36f8afc279e3ffa5c5e0bc023062ffa8 13fdb9e499fa08bd335a10e1a497120c81a44c9e56dacf63054f107a702b2686
CLIENT_HANDSHAKE_TRAFFIC_SECRET f036a615231a81b0ea23cf818373fb97583589b480ec4c6c87f103a25cde97b2 0be5acbb93c390bbc4c897b4ce5516019cf7e7b3ddbed6834a007cb3f8173803
SERVER_HANDSHAKE_TRAFFIC_SECRET f036a615231a81b0ea23cf818373fb97583589b480ec4c6c87f103a25cde97b2 8da36a334d1b92a1a31fa8a83b1a9b21acee45222bcfad7d7a748a6936f994a2
CLIENT_TRAFFIC_SECRET_0 f036a615231a81b0ea23cf818373fb97583589b480ec4c6c87f103a25cde97b2 b41a5ab25dc87bd7af972e8d7c1d3599e68f966b2811b03c0b20b7bf84954528
SERVER_TRAFFIC_SECRET_0 f036a615231a81b0ea23cf818373fb97583589b480ec4c6c87f103a25cde97b2 ef6106ab0fd6dd9a95d210dd791248f666cd83a930196c28150308b4c1a16a77
EXPORTER_SECRET f036a615231a81b0ea23cf818373fb97583589b480ec4c6c87f103a25cde97b2 4c75de158e45e7d8aa09b68f8f1d8dae64179188dc9bdd86705a68059a6d79a6
CLIENT_HANDSHAKE_TRAFFIC_SECRET 621dcfd102ed98d9ea96da77129744cbcb517838f6eea87645166c6a59beedac 98626bda6b3ddf45bead7460eee493553c5ea2b154bb1638e8145184b72e4f61
SERVER_HANDSHAKE_TRAFFIC_SECRET 621dcfd102ed98d9ea96da77129744cbcb517838f6eea87645166c6a59beedac d0c58e89dcc0f0f81aa0eca3053b0e2dd4ccf7c86acf95f51158ed18eb69a34e
CLIENT_TRAFFIC_SECRET_0 c205a0d17b739c3456d996d27131ee8f36f8afc279e3ffa5c5e0bc023062ffa8 9594d10465d364e7deb2dd1169ea1db639381282d6143de957724c7e16af1e70
SERVER_TRAFFIC_SECRET_0 c205a0d17b739c3456d996d27131ee8f36f8afc279e3ffa5c5e0bc023062ffa8 c00ceb07b5ff1e97e9c0353eca046e6bfebb1c058bbc246ac07f6d0f70d6b4dd
EXPORTER_SECRET c205a0d17b739c3456d996d27131ee8f36f8afc279e3ffa5c5e0bc023062ffa8 b18c9439451957405de9f84462c59c47002f6c1b5e9ca833e2a1432958c01ccd
CLIENT_TRAFFIC_SECRET_0 621dcfd102ed98d9ea96da77129744cbcb517838f6eea87645166c6a59beedac 2b024c354b2b9100a13c1785abb0753db522dcdd5ab2777f7cd79a863110e52b
SERVER_TRAFFIC_SECRET_0 621dcfd102ed98d9ea96da77129744cbcb517838f6eea87645166c6a59beedac 1d64952408cbd287469eecc300ae3f1ea8821cf501652a8d9548ec78fe03c9eb
EXPORTER_SECRET 621dcfd102ed98d9ea96da77129744cbcb517838f6eea87645166c6a59beedac 7e46a4b4a041585ac9d3518ebaecf727bbf4f44376b1afca350097c58addbab3
CLIENT_HANDSHAKE_TRAFFIC_SECRET 3109db3d8e92a006a731bbab8b845ee9f18fb64bfd577c9d0812df4151de24e8 0824499fb7cca675284ec8ee13152d74637023b8efd796fa3a659ef8a2de0b58
SERVER_HANDSHAKE_TRAFFIC_SECRET 3109db3d8e92a006a731bbab8b845ee9f18fb64bfd577c9d0812df4151de24e8 6af2b331d097c304fe4bf6db68a2bd263164a118aa5e18f6c0df1c0c22c86be7
CLIENT_HANDSHAKE_TRAFFIC_SECRET c01d38c17405244d72e085d21eff40afea85925d81bac0765f3af72b5cfaf580 92e21656c44420352dd3d95d8e6bc6e4df6301aea2a38862d794c0c69151bd7a17b2f3f60522134da4339cb8ca87ce83
SERVER_HANDSHAKE_TRAFFIC_SECRET c01d38c17405244d72e085d21eff40afea85925d81bac0765f3af72b5cfaf580 97ebeda4423a5283028f473d6f22e68a3dc8ae3fe89d3bdbc484c88a0fdccfaab204d04b77b4b050669be710de3418dc
CLIENT_HANDSHAKE_TRAFFIC_SECRET 73126c4f86317208c419145544609ff79295e6de9fe966ea2d6553ac51a97ad5 593d3b3f33b280396cc08ad4861a6fa1adf76cde115674cd976a6affc8306b7a
SERVER_HANDSHAKE_TRAFFIC_SECRET 73126c4f86317208c419145544609ff79295e6de9fe966ea2d6553ac51a97ad5 76f18fac4295af62d0d2f8338106032d9a3a8f13824abbc6a34bb117bed96a79
CLIENT_HANDSHAKE_TRAFFIC_SECRET 9a0d83bfbced759d69822f6a09354d771a97de132396032783bc6c37a8c8c1a6 d4cf69ea2215bf4e23c53f4f3cc6989e90b31d7e3a8983477f92f8c1ca0f0a16
SERVER_HANDSHAKE_TRAFFIC_SECRET 9a0d83bfbced759d69822f6a09354d771a97de132396032783bc6c37a8c8c1a6 b456a7ed1f1bab4c53e95e5b0dac84c0be4e72413da24d484afb341fd477c1a2
CLIENT_TRAFFIC_SECRET_0 3109db3d8e92a006a731bbab8b845ee9f18fb64bfd577c9d0812df4151de24e8 59ca6a2ac51d0b6524ad7fdb7f08e4d23ec694ac282364f25953ea0cb786c064
SERVER_TRAFFIC_SECRET_0 3109db3d8e92a006a731bbab8b845ee9f18fb64bfd577c9d0812df4151de24e8 9440cd4720e638954f2bfe9f0eca047061502d0a1687ffe42651640df4e20a2d
EXPORTER_SECRET 3109db3d8e92a006a731bbab8b845ee9f18fb64bfd577c9d0812df4151de24e8 5f24da60d182d223c509fa7030a081e3f916bb6f0801bf319a7b62a81e13f0c7
CLIENT_TRAFFIC_SECRET_0 73126c4f86317208c419145544609ff79295e6de9fe966ea2d6553ac51a97ad5 63ca1d7d59447358772d697a3d4e8ce5aee8690170afcfe91805fa780045984d
SERVER_TRAFFIC_SECRET_0 73126c4f86317208c419145544609ff79295e6de9fe966ea2d6553ac51a97ad5 79ae306242bbbbcd9bab3e0c93c5b12ccc48da139dc058fd4241fbdbaa42f472
EXPORTER_SECRET 73126c4f86317208c419145544609ff79295e6de9fe966ea2d6553ac51a97ad5 d3a0b74f3b6f9004ca5ac32355cf533eb549360eed93f0f1732aa1b268ea7f34
CLIENT_TRAFFIC_SECRET_0 c01d38c17405244d72e085d21eff40afea85925d81bac0765f3af72b5cfaf580 cfb2272e08efe5ea4b6e65870cf7a584ce7327ea60cd32a49bbf1a0161135d3f32212d02d14bd2995459a6c51a263d05
SERVER_TRAFFIC_SECRET_0 c01d38c17405244d72e085d21eff40afea85925d81bac0765f3af72b5cfaf580 4595d6ade20c9f1aad2e1bedac6cfbf2b87a386c70e5d96bebe7cbc8356bff6fcd16ab2a4a13a04d5f23271aef5ea336
EXPORTER_SECRET c01d38c17405244d72e085d21eff40afea85925d81bac0765f3af72b5cfaf580 1f764b4a9d059dcfbc84fa38332f8ff4c9884d43df475ad3771e407cdc4b38153d43d31afa37e2095d5abad55e16804b
CLIENT_RANDOM bad12d72286c114f2cd5a134c1ebe4f6791d4d9647c4d6906d97a9b6dd759999 e294a021e8860c0c80fd9a98aee2de6a2121b4443e288df368245bc01b0d47cf9bac28b82f97f54b57c602995adf5897
CLIENT_TRAFFIC_SECRET_0 9a0d83bfbced759d69822f6a09354d771a97de132396032783bc6c37a8c8c1a6 f4716eb8c0cff56ec25cad07b93290d92747f8eacac167637f47546ee2d1574d
SERVER_TRAFFIC_SECRET_0 9a0d83bfbced759d69822f6a09354d771a97de132396032783bc6c37a8c8c1a6 16f9d835c1de6d5d98334ae61068473cb156e7eb528112f8ad33ef677f4961cc
EXPORTER_SECRET 9a0d83bfbced759d69822f6a09354d771a97de132396032783bc6c37a8c8c1a6 5921bc8d75d1f7bab8585af6512c4596f6b3740b5017bef44cf8db8f080267aa
CLIENT_RANDOM 5b4899c0cca522d6e451827f90d2c9ac21e48d1d279fb6d63b91d3fb50f41165 097f424e5df42936fd0c932af92e1c970d9b383941e197996d1f6f7da1683dbeab578b3e63583410c869826add1c5569
CLIENT_HANDSHAKE_TRAFFIC_SECRET 307bc085e3859cca4db18a6ee18d2e31fbd5fe19f2749ac41e6e825da373c261 71b5cb8e35e23ae48cde8d537368f90c3dd598a824dc8733fa1740aea6141f33
SERVER_HANDSHAKE_TRAFFIC_SECRET 307bc085e3859cca4db18a6ee18d2e31fbd5fe19f2749ac41e6e825da373c261 d5185d18f662db7966c7cbb83a2920893115a6477610959ba61c5eb2ac64008c
CLIENT_TRAFFIC_SECRET_0 307bc085e3859cca4db18a6ee18d2e31fbd5fe19f2749ac41e6e825da373c261 c330638ddedca382d27699d967247477ebf7129cc591160418f5d87e27935008
SERVER_TRAFFIC_SECRET_0 307bc085e3859cca4db18a6ee18d2e31fbd5fe19f2749ac41e6e825da373c261 ad0736a877d945f93d411d0034cea3447a4d4365caa8e547e4520895d238cd28
EXPORTER_SECRET 307bc085e3859cca4db18a6ee18d2e31fbd5fe19f2749ac41e6e825da373c261 9cfc5202dd258c04dbf51c9c0ccc3fe9d729384824bcc34fd5a8efb876a670bd
CLIENT_HANDSHAKE_TRAFFIC_SECRET 1a3a1db89242c61ea69dd8a8adfc25c4196e9492daeb2a9b1f533745f34386ab e24289eccb2d3fdc3f3128dc5b8c4ea7581d2ba72b655815ca0da7434c8eb5cb
SERVER_HANDSHAKE_TRAFFIC_SECRET 1a3a1db89242c61ea69dd8a8adfc25c4196e9492daeb2a9b1f533745f34386ab 3b07afe23393b9f241e838afcea03ecf0b43a12537105172095e5bd83781ee50
CLIENT_HANDSHAKE_TRAFFIC_SECRET 879b4c48df51444b539930e11d5703ceb81c860ac73a833053f47f4cc84ab2a8 0a0656f27d3ca09686a58cd7af4666a0ab41934c13bdc918b6d8e549105f5dc4
SERVER_HANDSHAKE_TRAFFIC_SECRET 879b4c48df51444b539930e11d5703ceb81c860ac73a833053f47f4cc84ab2a8 9a832521a6b6fcadc53b88b3d43bc8b99d29e0898eee55b7621e2cc0911076c1
CLIENT_TRAFFIC_SECRET_0 1a3a1db89242c61ea69dd8a8adfc25c4196e9492daeb2a9b1f533745f34386ab e27df41d1b5a6042961cb67fdcc68e636358a950c321c3d7ca9cb2d7f01aaeed
SERVER_TRAFFIC_SECRET_0 1a3a1db89242c61ea69dd8a8adfc25c4196e9492daeb2a9b1f533745f34386ab 8c7b1bc1f5aa83ca5e6ce0f03b06b14b90724ffa5533ec1b833796c75ade38de
EXPORTER_SECRET 1a3a1db89242c61ea69dd8a8adfc25c4196e9492daeb2a9b1f533745f34386ab 1ec8ec3b240370697ec94b0fd38caf04a5d81fd7b5d4ea8d77f2e60b046dcfb8
CLIENT_TRAFFIC_SECRET_0 879b4c48df51444b539930e11d5703ceb81c860ac73a833053f47f4cc84ab2a8 35620caaeb7f4aa0ff3b7164d1ef3653a19f98c5a1bea6ca05cc8772a3a2a947
SERVER_TRAFFIC_SECRET_0 879b4c48df51444b539930e11d5703ceb81c860ac73a833053f47f4cc84ab2a8 be5236b0eee6a322c12fc2dd6c76a94f6e17df69a29e874b7d7428f0dcccc694
EXPORTER_SECRET 879b4c48df51444b539930e11d5703ceb81c860ac73a833053f47f4cc84ab2a8 eefc99eccaacaec15e690be1da4e9afaffdd838f7cbbcd5f648f18f545b4d563
CLIENT_HANDSHAKE_TRAFFIC_SECRET e32242a4d69d18eb6f775143664f48f387627079cce23c3b6814957fb759bfb2 a6c6f9f4bc771e3de88d74594b7e8415cc42fe942011f3d3917b3ea6c5e9cbec
SERVER_HANDSHAKE_TRAFFIC_SECRET e32242a4d69d18eb6f775143664f48f387627079cce23c3b6814957fb759bfb2 c299270613f35d199ff13af3feff89ff8f7901183aa6eb91f387e04f25355d49
CLIENT_TRAFFIC_SECRET_0 e32242a4d69d18eb6f775143664f48f387627079cce23c3b6814957fb759bfb2 0f9a6011ee4db7626fbe46d9ea50144b5175d640d369382b14e1ddcaa75c87d0
SERVER_TRAFFIC_SECRET_0 e32242a4d69d18eb6f775143664f48f387627079cce23c3b6814957fb759bfb2 f6884c5164a7fd8014ef88197c8163a0f955d6b1cf7bb79d077f6cc2ee811b55
EXPORTER_SECRET e32242a4d69d18eb6f775143664f48f387627079cce23c3b6814957fb759bfb2 17159d821c9f0ba9841a635042290089e421e8f9f482b36d8744eb46b660d367
CLIENT_HANDSHAKE_TRAFFIC_SECRET 60b492b231be7d0fb2f025e260011ef76a6ef0c1cba8db0a24699e689545a7c2 4b5d9c1ff1d539960946aceda3e21c691df6e5a696d9f2112afb870600c197da
SERVER_HANDSHAKE_TRAFFIC_SECRET 60b492b231be7d0fb2f025e260011ef76a6ef0c1cba8db0a24699e689545a7c2 ca68762f3e9688902649b475e06366e621804414324c29f43f8f89bba4526e19
CLIENT_TRAFFIC_SECRET_0 60b492b231be7d0fb2f025e260011ef76a6ef0c1cba8db0a24699e689545a7c2 e7737c0d2ee65c7c5230e6bbb402fda45b21dfde5ec572537b03b89c53704c3d
SERVER_TRAFFIC_SECRET_0 60b492b231be7d0fb2f025e260011ef76a6ef0c1cba8db0a24699e689545a7c2 64b7ecfbb09386ab2e23c8b21efcff5010d0ab9414450d31abe1ec7695c88dac
EXPORTER_SECRET 60b492b231be7d0fb2f025e260011ef76a6ef0c1cba8db0a24699e689545a7c2 198ff7c2b7ce2cabb5d82eb8a96a8d222015648503c8ead6161e2779aebcb712
CLIENT_HANDSHAKE_TRAFFIC_SECRET 929af23f0a14ec98a7ff1d263c7f7142e6bff9788409bbd1a10fe1cdea11204f c9356012ea815856b7fd687e6ad7b448ae8e59d50f204fb8b1efb6766c3c4652
SERVER_HANDSHAKE_TRAFFIC_SECRET 929af23f0a14ec98a7ff1d263c7f7142e6bff9788409bbd1a10fe1cdea11204f ec0140974a47b9ea418b195c7d92f7fc862d24fc22b898aebe61e083401ded6a
CLIENT_TRAFFIC_SECRET_0 929af23f0a14ec98a7ff1d263c7f7142e6bff9788409bbd1a10fe1cdea11204f e7d7bdb12458fea789af2eebd500b3fd93e9a5757dad845dccc10117114fcec0
SERVER_TRAFFIC_SECRET_0 929af23f0a14ec98a7ff1d263c7f7142e6bff9788409bbd1a10fe1cdea11204f 33965eabfb874d24a3670a7be466cc7f6a90f639da09311e4b74a9427c488d00
EXPORTER_SECRET 929af23f0a14ec98a7ff1d263c7f7142e6bff9788409bbd1a10fe1cdea11204f 8f34d305f8a1e70cacc188f1fe1410799fa296a71004606f2603bbc8391a51fa
CLIENT_HANDSHAKE_TRAFFIC_SECRET 70e820b690f3d1c92ba20d4590539059655a792c3b661df0001f64b517f3d17a f912a22d7f74e04f0dc4f624a6f0ba83db32b009f4153f99461e9bcc03817966
SERVER_HANDSHAKE_TRAFFIC_SECRET 70e820b690f3d1c92ba20d4590539059655a792c3b661df0001f64b517f3d17a 4372db16db31c3e37f746eb44a35434458309d8291f92e99a53e2ab2166b8dbd
CLIENT_TRAFFIC_SECRET_0 70e820b690f3d1c92ba20d4590539059655a792c3b661df0001f64b517f3d17a 632a5f6bd77b8a3ec698e86074f1ea051ca4d38545c9f7154b441957e0593933
SERVER_TRAFFIC_SECRET_0 70e820b690f3d1c92ba20d4590539059655a792c3b661df0001f64b517f3d17a f8919226f40fe1eea2589d4743356932a688311af2882a965337f2b946065a61
EXPORTER_SECRET 70e820b690f3d1c92ba20d4590539059655a792c3b661df0001f64b517f3d17a a462f3657e973953ae8da92ec3f6726b32620e3aa6d92bea3ce4ac175b5a70dc
CLIENT_HANDSHAKE_TRAFFIC_SECRET 13f9326269e4e75b162d86d5d23880a0f13c3de59a08ebc48aedd98c7d44be4a eca85f49cc6c79d779dae8f47b9609aebe07bbbe93869c6b2f73099aa802ffe2
SERVER_HANDSHAKE_TRAFFIC_SECRET 13f9326269e4e75b162d86d5d23880a0f13c3de59a08ebc48aedd98c7d44be4a d4dbaeb559920e43a371c1ff9efbfd7621b6e44f3a8739c205c31badd9ba8be0
CLIENT_TRAFFIC_SECRET_0 13f9326269e4e75b162d86d5d23880a0f13c3de59a08ebc48aedd98c7d44be4a 9813d753b7bb24a5029a73bdee5b706e583fe7229defa588096e906fa1fc4f72
SERVER_TRAFFIC_SECRET_0 13f9326269e4e75b162d86d5d23880a0f13c3de59a08ebc48aedd98c7d44be4a 7c52d777ca8e9328525740b45c9154e5eb8217d3dc2a024bd2aa2883a4034ebf
EXPORTER_SECRET 13f9326269e4e75b162d86d5d23880a0f13c3de59a08ebc48aedd98c7d44be4a e4509c8841666d5034be179cec855db671dac4352a92df831cb6ffaec227b86d
CLIENT_HANDSHAKE_TRAFFIC_SECRET 4b58bea3d142beb489867ead7bfe8fae2883302a2abbe415983b162ee9d6b114 1ecbbfbc6dbe76bd77ebb293c7863ae6d30356a36fa4438818b4d73c2a4e2858
SERVER_HANDSHAKE_TRAFFIC_SECRET 4b58bea3d142beb489867ead7bfe8fae2883302a2abbe415983b162ee9d6b114 9986e9f1ac1eccec02b44d501a21df8e9ff3db0b5a0e15e60d29315146e152c3
CLIENT_TRAFFIC_SECRET_0 4b58bea3d142beb489867ead7bfe8fae2883302a2abbe415983b162ee9d6b114 be6bf3e41cf5d677c20f7cd44182b62df6091958ff12a26396f0f51266ffbc5b
SERVER_TRAFFIC_SECRET_0 4b58bea3d142beb489867ead7bfe8fae2883302a2abbe415983b162ee9d6b114 0465fad873cc5f860294947fcf66c4a34a4165334f08ea2b52f6b023b4d8bb99
EXPORTER_SECRET 4b58bea3d142beb489867ead7bfe8fae2883302a2abbe415983b162ee9d6b114 df46016d0cf9cb609a54520adbf48ab3665d29122b40c61d55e1404e383bed8b
CLIENT_HANDSHAKE_TRAFFIC_SECRET 45d5fbfec723594cc9fde9f3d437f68eadd8b5950ba726f7572a4ccb28ca53cb 9b5853b86b707aac003d602f2e34efb80bbfca9ab550c648554fbf08024435821f6090b465acda84ce19bf8eab76e583
SERVER_HANDSHAKE_TRAFFIC_SECRET 45d5fbfec723594cc9fde9f3d437f68eadd8b5950ba726f7572a4ccb28ca53cb fdd7ace348722f4271a5beba3e96fb645ea20bffba8f80b9ee9469252c9f946fe972de5325f9b6b85c99903a7ee48eb9
CLIENT_TRAFFIC_SECRET_0 45d5fbfec723594cc9fde9f3d437f68eadd8b5950ba726f7572a4ccb28ca53cb 7c1c4fafddcde84de489b03fb59051bd07bb00edf95099377009e7602fccecfd9a8feaf4c4b0ff217063a0e69ce757dd
SERVER_TRAFFIC_SECRET_0 45d5fbfec723594cc9fde9f3d437f68eadd8b5950ba726f7572a4ccb28ca53cb d2a0e85d445d080d3b6ea6be6cf11148f1c883aa6f205e55f1f857f13828f5b4fa528f3211979ae8d72b3b5002d3ef2a
EXPORTER_SECRET 45d5fbfec723594cc9fde9f3d437f68eadd8b5950ba726f7572a4ccb28ca53cb 9a7faae0e7b479c13f4cebc06cd293ccf2eb0fc377e46f2cde699dd2ddab51b566d80247f6d458ece762c3ced40369be
CLIENT_HANDSHAKE_TRAFFIC_SECRET f645d0e3034876b6f58997924f3bc53f84559fda9226d37dc0e8bd84b76fe451 8eee840c545ec52df68df6846f1b49361c4a8c95ffa2c4348812a91e529a7eba
SERVER_HANDSHAKE_TRAFFIC_SECRET f645d0e3034876b6f58997924f3bc53f84559fda9226d37dc0e8bd84b76fe451 1231bbb836c967be1ae82b718890029e69e28ecc6d94421bf4d3d8d654b42918
CLIENT_HANDSHAKE_TRAFFIC_SECRET b9850dbf58bab19c5d178499cd941cbe34b7ef59f0d8b7bc238f280586c37ccb 4dd0abbb5749c1ec0df8d720f884ed412ff554e8b940c5d11ea3a353810efe85
SERVER_HANDSHAKE_TRAFFIC_SECRET b9850dbf58bab19c5d178499cd941cbe34b7ef59f0d8b7bc238f280586c37ccb 9338d1409a6b4642efb65b14a1c6726df6ec738e3bea89e76e1589a76adfd2b3
CLIENT_TRAFFIC_SECRET_0 f645d0e3034876b6f58997924f3bc53f84559fda9226d37dc0e8bd84b76fe451 7bed172506a505f5781977c692a7db698683bf18a7807a6dbbbafd9141a02d68
SERVER_TRAFFIC_SECRET_0 f645d0e3034876b6f58997924f3bc53f84559fda9226d37dc0e8bd84b76fe451 d779bd147eca6e3ce72e78db59ee4076c0344ba08eaa40803fb603ef6b1f8f43
EXPORTER_SECRET f645d0e3034876b6f58997924f3bc53f84559fda9226d37dc0e8bd84b76fe451 96e949476569ea41ffb8fe460d4bc4075fd9a2f4afb62fd94a05fc770903d9c7
CLIENT_TRAFFIC_SECRET_0 b9850dbf58bab19c5d178499cd941cbe34b7ef59f0d8b7bc238f280586c37ccb 8a316aa85f1836a0eacd54e1ace8b07298b17c5774670495dadf98a3314ed8fe
SERVER_TRAFFIC_SECRET_0 b9850dbf58bab19c5d178499cd941cbe34b7ef59f0d8b7bc238f280586c37ccb df0359a930dbf8db591b927dd38831008473b40b1908be653111d4de3236ece8
EXPORTER_SECRET b9850dbf58bab19c5d178499cd941cbe34b7ef59f0d8b7bc238f280586c37ccb 15842654ee8acc6751fc0db00739eb84bc9180ddd843ef3aab0fb78ddf543ef2
CLIENT_HANDSHAKE_TRAFFIC_SECRET b418439624bf13760de661bc4ffab3355afea4588ad498f1ce4cd4f2f9af760c bd8d036f811e05b22762fadb74602c833bb2e54c50615e64695fe1e280684e408a5e0a26ba1b92ffaf999a5f13215c77
SERVER_HANDSHAKE_TRAFFIC_SECRET b418439624bf13760de661bc4ffab3355afea4588ad498f1ce4cd4f2f9af760c 131bbc828ae5efb506d707d66ad6badd4872bf83893080e01fea1762e6fb211247d7c7fc26a2184ea7190d8713cfe84a
CLIENT_TRAFFIC_SECRET_0 b418439624bf13760de661bc4ffab3355afea4588ad498f1ce4cd4f2f9af760c b59cf34fb5f991e86cb56fccbdfc09b19a3b360a5fa842fc158bc2b96abbbd892ffe6c4343d6e30a5795a4244303eae1
SERVER_TRAFFIC_SECRET_0 b418439624bf13760de661bc4ffab3355afea4588ad498f1ce4cd4f2f9af760c 6c17ec33e77c549df5c698767c386aca80c5b8344b22839db72f8bc025a43d0163a58616f28054277166173730f796b1
EXPORTER_SECRET b418439624bf13760de661bc4ffab3355afea4588ad498f1ce4cd4f2f9af760c 2a31bb4a4e4d8a159e81c2cef5f8cfe1c54f517f881ecebf5eff4f6d30d8c3d78fcaac3fb7f7b832f845415abb7d6f7c
CLIENT_HANDSHAKE_TRAFFIC_SECRET 092bf5768c9bbfdc6f808316a99e8d6325ad4e8acffeb5a3c884570d8847de9c 715158e41c605c5ddfcf7e6651fdc8309f1c24244013e03781c81e830680eccf
SERVER_HANDSHAKE_TRAFFIC_SECRET 092bf5768c9bbfdc6f808316a99e8d6325ad4e8acffeb5a3c884570d8847de9c 18b3eae09160ca14d518ee72a77359fd417668ed6129615369d0b54d03e6fced
CLIENT_HANDSHAKE_TRAFFIC_SECRET b6449693a2830218adb44512da24c2eb81952aae8f9ce4424472fefba9c313f3 d67eca91662b37f5948be59968ef104b9152ca4bf031a547cb60eaf627b0b439
SERVER_HANDSHAKE_TRAFFIC_SECRET b6449693a2830218adb44512da24c2eb81952aae8f9ce4424472fefba9c313f3 94c996fae2ab3b36db577b677ee96d0ae384468a633a4a4107f9593d389f2934
CLIENT_TRAFFIC_SECRET_0 092bf5768c9bbfdc6f808316a99e8d6325ad4e8acffeb5a3c884570d8847de9c b64075884f4d439240abe441efc536ffea5ca851056883504630d3031f0d91fd
SERVER_TRAFFIC_SECRET_0 092bf5768c9bbfdc6f808316a99e8d6325ad4e8acffeb5a3c884570d8847de9c 289134a57593e1d94608c249acd6afb4562304dde8e8dddae46f21611bf0cb59
EXPORTER_SECRET 092bf5768c9bbfdc6f808316a99e8d6325ad4e8acffeb5a3c884570d8847de9c b5666026466975817b94423062f0130c7b82f48f63d722fd626e27ac0c516dc8
CLIENT_TRAFFIC_SECRET_0 b6449693a2830218adb44512da24c2eb81952aae8f9ce4424472fefba9c313f3 8e2fea08de60579be3f32531950754c989e2d700d2d12b438c6c8c1af41f48da
SERVER_TRAFFIC_SECRET_0 b6449693a2830218adb44512da24c2eb81952aae8f9ce4424472fefba9c313f3 d281441bc846d02b4ba5c7d607e0165bf5df4241d76a28b07b2a217d184c9d95
EXPORTER_SECRET b6449693a2830218adb44512da24c2eb81952aae8f9ce4424472fefba9c313f3 85132a1beeaedb5a9daf04d484653594e8c335a28d58fc385aaf41a8a1f65b49
CLIENT_HANDSHAKE_TRAFFIC_SECRET 2fd751b41efa7a5d86822f3d9b068e1659f1716920022ebc0d73a0aeaa0c6420 eb9eed5afb2b6bdd637966e78311619787b582a83aefc7bf16d3642598bb1d9e
SERVER_HANDSHAKE_TRAFFIC_SECRET 2fd751b41efa7a5d86822f3d9b068e1659f1716920022ebc0d73a0aeaa0c6420 a26b80cf30054feb24df32b36caf9879bee6c091c56a32177a151f190a4cbd7a
CLIENT_TRAFFIC_SECRET_0 2fd751b41efa7a5d86822f3d9b068e1659f1716920022ebc0d73a0aeaa0c6420 0184fac32165dea833ce32ae11d057e36b84f2951d94ddc63d41d632a22f822e
SERVER_TRAFFIC_SECRET_0 2fd751b41efa7a5d86822f3d9b068e1659f1716920022ebc0d73a0aeaa0c6420 d35f5641341c26b790690140d7a4b479653cdc074446978a6cadfa07d27f5136
EXPORTER_SECRET 2fd751b41efa7a5d86822f3d9b068e1659f1716920022ebc0d73a0aeaa0c6420 23df214abaa314664f5d84c61435088c85db37ce10128abf4b36335e65725e64
CLIENT_HANDSHAKE_TRAFFIC_SECRET 3a35a177a401a4a3058616cf7976079d0d768fb6de3a0963df5bab9196971549 53365f56be650976e09926a1da30cf55e8e2943fc7bb53c39fe94b19e947a7c1
SERVER_HANDSHAKE_TRAFFIC_SECRET 3a35a177a401a4a3058616cf7976079d0d768fb6de3a0963df5bab9196971549 ca90a4fabe4541c10e72eb21cc9495735535fd58dd53e618d983ec1d3a71e97a
CLIENT_TRAFFIC_SECRET_0 3a35a177a401a4a3058616cf7976079d0d768fb6de3a0963df5bab9196971549 b5534f4e195e4f19f1ce0b0b354a5b114fc9d474aef097ff56d49b88fe1554f1
SERVER_TRAFFIC_SECRET_0 3a35a177a401a4a3058616cf7976079d0d768fb6de3a0963df5bab9196971549 ea835a01367d822972f3cca4a25c4f6f053077d90f22e1691dde58e2a8b05cab
EXPORTER_SECRET 3a35a177a401a4a3058616cf7976079d0d768fb6de3a0963df5bab9196971549 5b71957bbd577a5bd6fa2fa8427d3633a081a2f5815949d7500e05358f87f801
CLIENT_HANDSHAKE_TRAFFIC_SECRET f7909a1d69a4124ad3ad06dc2d95db2573d878fb746db3f12b5e8f02192cc078 37f34b15cb0fb94bcfece21f1a45285414f264d892ab237518e02a0353e83026
SERVER_HANDSHAKE_TRAFFIC_SECRET f7909a1d69a4124ad3ad06dc2d95db2573d878fb746db3f12b5e8f02192cc078 73ec317bae879088d7e2fced93fc28084491bb741e59c5681b7a3b90e36c56e0
CLIENT_TRAFFIC_SECRET_0 f7909a1d69a4124ad3ad06dc2d95db2573d878fb746db3f12b5e8f02192cc078 c1590cda86a25890dd93b9772eb2a71e62c6170777950e6a9285eabb23a00e67
SERVER_TRAFFIC_SECRET_0 f7909a1d69a4124ad3ad06dc2d95db2573d878fb746db3f12b5e8f02192cc078 52c2e4f6c7a09cfcded4903499f8ece659a7d2f3dd65b35c8c044f13b6b7b2e2
EXPORTER_SECRET f7909a1d69a4124ad3ad06dc2d95db2573d878fb746db3f12b5e8f02192cc078 75362572a935cd256d74514743551f55f89de8156ed9983b4f4dfd99ef6b29d0
CLIENT_HANDSHAKE_TRAFFIC_SECRET b761a053a41dcb6f70ae8d1870b3bab07d350f7707a0c0d0f6c44cf22e38e01d a4ee8bba10b11ba959bd602abed220c86e30833ff23cbb0a974ac1ff7a190625
SERVER_HANDSHAKE_TRAFFIC_SECRET b761a053a41dcb6f70ae8d1870b3bab07d350f7707a0c0d0f6c44cf22e38e01d 554689914966265f2c816dc24e83fde8c2fe028b2c857da0c1038701a5f75012
CLIENT_TRAFFIC_SECRET_0 b761a053a41dcb6f70ae8d1870b3bab07d350f7707a0c0d0f6c44cf22e38e01d 597b4fb5a949139ab12c9d9c970affbb9acfc21fbd23b3078ef07571bf73fbd4
SERVER_TRAFFIC_SECRET_0 b761a053a41dcb6f70ae8d1870b3bab07d350f7707a0c0d0f6c44cf22e38e01d 605b96a2af07cd8ea7bae90f291e5bff8e359bb25e5c57e8f18a951a5084c354
EXPORTER_SECRET b761a053a41dcb6f70ae8d1870b3bab07d350f7707a0c0d0f6c44cf22e38e01d 8f92af4f220189c7e16e65cec8dc5d4c3f14d9e62ec94bfe91bdd3429bd4ef0f
CLIENT_HANDSHAKE_TRAFFIC_SECRET 755b2239e76ca882a1cb02d77963819a2a36033fd4cb818d4a4190fa24f61ab2 320633af65838231df32a622985fc4a8b189c89afa0ef7f57089c6c3c58e6d53
SERVER_HANDSHAKE_TRAFFIC_SECRET 755b2239e76ca882a1cb02d77963819a2a36033fd4cb818d4a4190fa24f61ab2 61c8d43da1d85e616b88520373f49f99daf25a338dabe081f701477d134b687d
CLIENT_TRAFFIC_SECRET_0 755b2239e76ca882a1cb02d77963819a2a36033fd4cb818d4a4190fa24f61ab2 4132863c30b1c1e6ce504595ba34362fdf080016655b5e0583f943c4c8baebf8
SERVER_TRAFFIC_SECRET_0 755b2239e76ca882a1cb02d77963819a2a36033fd4cb818d4a4190fa24f61ab2 3b189a431092f5865ca1226d8618d90f92d168ff302ba52fdad4ec9108d35128
EXPORTER_SECRET 755b2239e76ca882a1cb02d77963819a2a36033fd4cb818d4a4190fa24f61ab2 d77ba3d2a9542d31cb545767a8a12df0e87acab25bc865772cb62f8e6f694849
CLIENT_HANDSHAKE_TRAFFIC_SECRET f228c953b89ca8ab825441446b9e2546b7485851e3650a8562f9f4bcc8c0e729 49e7c0da464f9dfb1663ea84d332f7a0d737e57e12cd4544591bcb7246fb509e
SERVER_HANDSHAKE_TRAFFIC_SECRET f228c953b89ca8ab825441446b9e2546b7485851e3650a8562f9f4bcc8c0e729 1fd7d159d6c6dfacbaa8e5afa433c13d76616679f40d5855b639713d387ae9ba
CLIENT_TRAFFIC_SECRET_0 f228c953b89ca8ab825441446b9e2546b7485851e3650a8562f9f4bcc8c0e729 d32b683792857d2e4b49b85552d944eee9f4a3767d3f0ff8ec3b00da22d909e6
SERVER_TRAFFIC_SECRET_0 f228c953b89ca8ab825441446b9e2546b7485851e3650a8562f9f4bcc8c0e729 25a40744578de44f4fb79350c5059dbb2f7246a7068b50fd4c3e7cf6f91e0845
EXPORTER_SECRET f228c953b89ca8ab825441446b9e2546b7485851e3650a8562f9f4bcc8c0e729 580051872de8e9fc4dc9e2d02840d3a89f4fa6a7b26b13c79745f0ba1ac19ce1
CLIENT_HANDSHAKE_TRAFFIC_SECRET 007d868cf7950117b7320433449dca8c778d36bd25b0f6795fa17d0800905e13 24eefc837e7bda05ccf6a5e11aaec6317be3933e31f878365da3f1d0e393cc78
SERVER_HANDSHAKE_TRAFFIC_SECRET 007d868cf7950117b7320433449dca8c778d36bd25b0f6795fa17d0800905e13 211b50652e5acdae34026f1ca595180222513207a01a1095a1ee39a7ed0d8758
CLIENT_HANDSHAKE_TRAFFIC_SECRET 9a2da47d105e03fce69037df346ecce5acf7690f9166ea7c1b24582bc3796cac 9aa5702dd05ceed66cc236cf60a7f36db28fd86c41d19aed8b876c8b47e5b706
SERVER_HANDSHAKE_TRAFFIC_SECRET 9a2da47d105e03fce69037df346ecce5acf7690f9166ea7c1b24582bc3796cac b86435309a339ace7e9d7810ee7de83d643d9c7649c4538cd4409f3c675b7b91
CLIENT_HANDSHAKE_TRAFFIC_SECRET 80e63fa2759c06b09d083c270c4c0ec277d03ad82fea39d8bf6ad8cd89ce042a 083d233986af5a6b66aa8d7980a93193ce82060f6167c3b7d36da22182ef16bf2a167a556e1424344e1d26191bb62653
SERVER_HANDSHAKE_TRAFFIC_SECRET 80e63fa2759c06b09d083c270c4c0ec277d03ad82fea39d8bf6ad8cd89ce042a dc134aca968e68c123c40f92bc20a24581f11c539446ab326a72be3bdcb23d426d33cb3d15d863ae282c67e48af94be4
CLIENT_HANDSHAKE_TRAFFIC_SECRET e5fd3430233e7c91e30832caf921c21bfa87d262688138022c4231219718c612 3c0ffbc45cbd9f4fde5af8cb23d34f33498b9c39c1d68dd5ce32dbd8f548f5f9
SERVER_HANDSHAKE_TRAFFIC_SECRET e5fd3430233e7c91e30832caf921c21bfa87d262688138022c4231219718c612 de84e474a3966f7a0dcd35067959e617b0ef5b3cf711ef502a545152b425da2f
CLIENT_TRAFFIC_SECRET_0 007d868cf7950117b7320433449dca8c778d36bd25b0f6795fa17d0800905e13 39ab372f4e3ac37ac4898a956254dcd887e057ba5a20fc8c1aad46c3e2dac2c4
SERVER_TRAFFIC_SECRET_0 007d868cf7950117b7320433449dca8c778d36bd25b0f6795fa17d0800905e13 b0428672529905d994859b04a06be973cd2d1ee0f93122a3981bb24b2c3ca568
EXPORTER_SECRET 007d868cf7950117b7320433449dca8c778d36bd25b0f6795fa17d0800905e13 42ce94d897920e8b47a0db314926a566bddda6acd334639aa8af9a26ca40421f
CLIENT_RANDOM e89ead9e94ffce3a76bfec15cbdc243498e09f59db02f395df0b0dfdd173450f 7b13e2a130c9927e82210401d4f45d008725bcc68c98d47c6b3f8e048ccb6852ab9dffb751d8515408c0d87c161baa8d
CLIENT_HANDSHAKE_TRAFFIC_SECRET abe735b73e703aa277b0d800fafc0800f51a8517fdb9dc1b0715c20f9f6eddeb f541af543a9d124f4d8929e573489ed15f108a6c364fd0fce8babb687935d831
SERVER_HANDSHAKE_TRAFFIC_SECRET abe735b73e703aa277b0d800fafc0800f51a8517fdb9dc1b0715c20f9f6eddeb f7c81b9b1ecf65405f561bd391c2843992b77d8f0b0377eca70c42cc3cd0a03d
CLIENT_TRAFFIC_SECRET_0 9a2da47d105e03fce69037df346ecce5acf7690f9166ea7c1b24582bc3796cac f3a265e94c2d8f4e9a6fd995aa94bcb4f9ea13b030c48820065a1d85f314987e
SERVER_TRAFFIC_SECRET_0 9a2da47d105e03fce69037df346ecce5acf7690f9166ea7c1b24582bc3796cac f693bb71aff0f03a4d566d3e2d45a01a47586e8501735cde30d77cfce45d50a8
EXPORTER_SECRET 9a2da47d105e03fce69037df346ecce5acf7690f9166ea7c1b24582bc3796cac e686006337d64d7607eb522a94d5d0f5babe7168da8001f948d31d92ea8df755
CLIENT_TRAFFIC_SECRET_0 abe735b73e703aa277b0d800fafc0800f51a8517fdb9dc1b0715c20f9f6eddeb 573cb92d6babca86459c135e1b3dbc81c76e13bc5396ee0b17a8159d6d761678
SERVER_TRAFFIC_SECRET_0 abe735b73e703aa277b0d800fafc0800f51a8517fdb9dc1b0715c20f9f6eddeb fcaeca3f346442cfc7d2a2166b27e27a42d23daf97ec6e43b1b2faaaba1cedc0
EXPORTER_SECRET abe735b73e703aa277b0d800fafc0800f51a8517fdb9dc1b0715c20f9f6eddeb b25146d9329e3e65b1088262b1bfb420d4eda18ac356f9962b61a9819c72b3c4
CLIENT_TRAFFIC_SECRET_0 80e63fa2759c06b09d083c270c4c0ec277d03ad82fea39d8bf6ad8cd89ce042a afddf95010348e517908a364853dc02b1e63d5eeadbda9775822454f6ef7803ba88f2dd4907ca2f7c082147663eec8d5
SERVER_TRAFFIC_SECRET_0 80e63fa2759c06b09d083c270c4c0ec277d03ad82fea39d8bf6ad8cd89ce042a fa08a8da93002f094c73ebfc075888140b92d693180f6c16de2006b43037c589ca719c2caf143398e78db86f595f938d
EXPORTER_SECRET 80e63fa2759c06b09d083c270c4c0ec277d03ad82fea39d8bf6ad8cd89ce042a c01fe07f9110466fd05fa96685c4fdf791a210c6d98978deda2edacaf7e9e218e0572d4c4c88ab25cb3f16da6212faae
CLIENT_HANDSHAKE_TRAFFIC_SECRET 960a932fd0a67eacda19e6e4ab5a8afc17398314516a48a4a4da8e9604e61971 86222576a9b073ffd11fe95e64f673edff1ae94c7b3b6679e6539088944c971a
SERVER_HANDSHAKE_TRAFFIC_SECRET 960a932fd0a67eacda19e6e4ab5a8afc17398314516a48a4a4da8e9604e61971 af62b65880dfe0424d91155583a0ae4139f90fa7626b21d276c365020b8e64de
CLIENT_HANDSHAKE_TRAFFIC_SECRET 603434ef04b919828e21ac112d4019f9f7ccacedd21b466b142e523eef93d9c1 3c26739091fdfa600b19af3520ee7df0b9fbae44040604eb7475c0d3cabde45f
SERVER_HANDSHAKE_TRAFFIC_SECRET 603434ef04b919828e21ac112d4019f9f7ccacedd21b466b142e523eef93d9c1 14d96de1b0ad856d0a7e5024418b35970adfe3c79d77af780920d65573d8ce07
CLIENT_HANDSHAKE_TRAFFIC_SECRET 4c1cefb1a34d55d5302eb0a078072707b16cd1f34f83610c82eedffe820cd2d2 7d43d37913a9fee983a9e6b8ac82b7343d20cfe6f871e8bb426c1cdbd7c254b6
SERVER_HANDSHAKE_TRAFFIC_SECRET 4c1cefb1a34d55d5302eb0a078072707b16cd1f34f83610c82eedffe820cd2d2 b84a06bae193d5c494976a00445172c60b4aa5976edbfe31497227ac514e56b8
CLIENT_TRAFFIC_SECRET_0 603434ef04b919828e21ac112d4019f9f7ccacedd21b466b142e523eef93d9c1 2a33bb13ef18aa3739121e5293d2bbae41f97a9de8a67502bb27921c54d4895c
SERVER_TRAFFIC_SECRET_0 603434ef04b919828e21ac112d4019f9f7ccacedd21b466b142e523eef93d9c1 77ceffdeea3edb720f1430e889b45b5aceb20ed5e3ab915c05c34e97f473266d
EXPORTER_SECRET 603434ef04b919828e21ac112d4019f9f7ccacedd21b466b142e523eef93d9c1 d6021688935c74cb8eee184dae0322fed297f7931c6e31a39b29dac827ae85db
CLIENT_HANDSHAKE_TRAFFIC_SECRET d9e21e367aed29242b1320514233c7905dab36a4be1aad4fa7a0a1a749019426 46745b3bdd3faa22b5f2713a4411e6a3533c5500732969e2e4217b52681a4ae6
SERVER_HANDSHAKE_TRAFFIC_SECRET d9e21e367aed29242b1320514233c7905dab36a4be1aad4fa7a0a1a749019426 7643e54e62677616fbe3489f2db4913d7840e62e24daa654aa374e110edff9b3
CLIENT_HANDSHAKE_TRAFFIC_SECRET 4579ffdb887b88a0f0915ef95a1283c3ae9e1feadff061b1741fcb52b416383f 9f1d65f0587ab102b544588a3d1fce97466589414938ec9d047c731716a5c43b
SERVER_HANDSHAKE_TRAFFIC_SECRET 4579ffdb887b88a0f0915ef95a1283c3ae9e1feadff061b1741fcb52b416383f 6a4fb13946588ee298a591b62e242f14e283c02692142ace790d3c07478b1636
CLIENT_TRAFFIC_SECRET_0 4c1cefb1a34d55d5302eb0a078072707b16cd1f34f83610c82eedffe820cd2d2 a6d82f5ff017f44e37cf3b2e94dbfbcf3fdccec09b9ba1c3c41b23ac05bfb7f2
SERVER_TRAFFIC_SECRET_0 4c1cefb1a34d55d5302eb0a078072707b16cd1f34f83610c82eedffe820cd2d2 6a41c88668cd998fda814f27757888e3be8a5503e5736e0a7e8f4f672a8f28be
EXPORTER_SECRET 4c1cefb1a34d55d5302eb0a078072707b16cd1f34f83610c82eedffe820cd2d2 e7e4fdbb3fbc8aadafcc8a5d18c651ec1e0dacb4d2bde0f6e364edc3042a61b0
CLIENT_RANDOM 3a793fa8305b58fbb5b54480bdc7987ead9e8f0d783fab3bc53e34096422d17f 899cab3d49ef557788ebea541b70707568b97dda91b634184976785697f6597d0838d3321645b39316d9fcb1e5d0637f
CLIENT_HANDSHAKE_TRAFFIC_SECRET d867ac18f82a9a5eeeefc409f4d1efd40fc8b8b30464cc7ba19a2de659f50a4d c4b84f11fc430fad60dd8ad5fd407b2cf960ab2449db3f33a63bb93a66a11fa9
SERVER_HANDSHAKE_TRAFFIC_SECRET d867ac18f82a9a5eeeefc409f4d1efd40fc8b8b30464cc7ba19a2de659f50a4d da4b02fcb9d17125e35b59a9d58c1cca44209549571217fc022ca484b07c4582
CLIENT_TRAFFIC_SECRET_0 960a932fd0a67eacda19e6e4ab5a8afc17398314516a48a4a4da8e9604e61971 e283d67793e61387f6befd8ee44587b92a87ad1c0bc896a265c88aa9b47528bd
SERVER_TRAFFIC_SECRET_0 960a932fd0a67eacda19e6e4ab5a8afc17398314516a48a4a4da8e9604e61971 010cb8b167be195888cabd37e114209efa6f2ac524fdf3878481bcf3ded29053
EXPORTER_SECRET 960a932fd0a67eacda19e6e4ab5a8afc17398314516a48a4a4da8e9604e61971 ea19935fa25b2701db6499d3357668418e4da8851956eb5483d22c979f0e957d
CLIENT_TRAFFIC_SECRET_0 d867ac18f82a9a5eeeefc409f4d1efd40fc8b8b30464cc7ba19a2de659f50a4d c9cfb305bc8c8295a6daa15b3ff54ea9979136e11ca00e4a1a3374903b500feb
SERVER_TRAFFIC_SECRET_0 d867ac18f82a9a5eeeefc409f4d1efd40fc8b8b30464cc7ba19a2de659f50a4d b4c97ce990816973c6a83ed2935362e3a3a041112389f984ac28ab469a35d6a0
EXPORTER_SECRET d867ac18f82a9a5eeeefc409f4d1efd40fc8b8b30464cc7ba19a2de659f50a4d a324dc6db1f35cc25ff61e2c16c1b50d2b179afe1424c70e73ead270de80c754
CLIENT_HANDSHAKE_TRAFFIC_SECRET c3bd3965acd79f3a1e1de5d29b84b64c0a5907c4fe77724f67f0d680d6ff2ae6 9e172ba22f0b3dca2f3f3a1ddb9275afc5fe19527578ffca335863912591f31a
SERVER_HANDSHAKE_TRAFFIC_SECRET c3bd3965acd79f3a1e1de5d29b84b64c0a5907c4fe77724f67f0d680d6ff2ae6 2ef0c11ac32d46ad03fa394bd5327ccc81bd4098df4df508123c1ecb46fe2fc9
CLIENT_TRAFFIC_SECRET_0 c3bd3965acd79f3a1e1de5d29b84b64c0a5907c4fe77724f67f0d680d6ff2ae6 8f0b15d1b18bd1c3ccb02400969b277995949e12f1d8330f293dd48df483be67
SERVER_TRAFFIC_SECRET_0 c3bd3965acd79f3a1e1de5d29b84b64c0a5907c4fe77724f67f0d680d6ff2ae6 d59dfb98b0d291a87b89b50a813d5d6a7ff845fac23472e5596710557852a09d
EXPORTER_SECRET c3bd3965acd79f3a1e1de5d29b84b64c0a5907c4fe77724f67f0d680d6ff2ae6 82d2bd131c9d7159a9df423815e247e456f4536ae6a3c3d7c1e68e7025d5ef91
CLIENT_HANDSHAKE_TRAFFIC_SECRET 0f21879c07920cdaa3591f98f5b8cfb6acf73c5233ad2c4fab19dec468eade86 c118b2c9bbdacc1fd4ad016d112c64b0ff95accb252b9017d8a536cd51c3c0a5
SERVER_HANDSHAKE_TRAFFIC_SECRET 0f21879c07920cdaa3591f98f5b8cfb6acf73c5233ad2c4fab19dec468eade86 4769e95eca996de6bcd4b12678c585b690a0fb368d122ae24a8ab4abc69b3a00
CLIENT_HANDSHAKE_TRAFFIC_SECRET 40d945f5ed160fa9f69fb9a1ccedcd2e89f887f1cbb2999d4cb81f1fe773fd5f d386e12098dedba3606015ad40dfb3acdcca29bdb94a1665be62e60fd40d6d6a
SERVER_HANDSHAKE_TRAFFIC_SECRET 40d945f5ed160fa9f69fb9a1ccedcd2e89f887f1cbb2999d4cb81f1fe773fd5f 2ee7fc2b0f66c3bfb73c33d32d8302ceb158da71e5723c42d18e70eaf5dedda0
CLIENT_HANDSHAKE_TRAFFIC_SECRET 9855a3598133a6ba2b4ffd4cb26738470dd9b3905e0ff48eb4321a4b32f902d3 b3dc9105abd5af808e192a4dd0d27e8923c39a8edcb2d44c137ab4b1752eb7d9
SERVER_HANDSHAKE_TRAFFIC_SECRET 9855a3598133a6ba2b4ffd4cb26738470dd9b3905e0ff48eb4321a4b32f902d3 c88d4d81af5245493a4aee86bff8e67f823ad56b5220add2b94df6765be86d0e
CLIENT_HANDSHAKE_TRAFFIC_SECRET b4d06fddcedc5a221944260e7e9da8da18e2fa4f218fcefc85c71e6b972b76d8 6f0525772d87b46617e86d17b52b4cc393ee87351e1d6ed6a4c2c1125a113cfc
SERVER_HANDSHAKE_TRAFFIC_SECRET b4d06fddcedc5a221944260e7e9da8da18e2fa4f218fcefc85c71e6b972b76d8 5bdb9e13b16560d422eab0bbf20ee6f74780b4ba5f6ad131e0c93dfe02109c7a
CLIENT_TRAFFIC_SECRET_0 0f21879c07920cdaa3591f98f5b8cfb6acf73c5233ad2c4fab19dec468eade86 11bda905524cb5b6ef789d2709394a2f36e77ca139f5bb01550ad29a5400dd0b
SERVER_TRAFFIC_SECRET_0 0f21879c07920cdaa3591f98f5b8cfb6acf73c5233ad2c4fab19dec468eade86 ca2d658b3d9a0c7af73f92f5f0030b8225652122b1d3bc2d7457a65da2660fad
EXPORTER_SECRET 0f21879c07920cdaa3591f98f5b8cfb6acf73c5233ad2c4fab19dec468eade86 49e4e528922c76624f2c03074b0c293cd72f7783b6f50c86e3ab1f818d66f9a5
CLIENT_TRAFFIC_SECRET_0 40d945f5ed160fa9f69fb9a1ccedcd2e89f887f1cbb2999d4cb81f1fe773fd5f 9de61a45b8607399596f4008f347e3d416362c2bc9d953972fcfd719353823fd
SERVER_TRAFFIC_SECRET_0 40d945f5ed160fa9f69fb9a1ccedcd2e89f887f1cbb2999d4cb81f1fe773fd5f 8c8bc75acb2623b218ed0242dc8a4c7e04bba9943415c43b73adfd56127a11a0
EXPORTER_SECRET 40d945f5ed160fa9f69fb9a1ccedcd2e89f887f1cbb2999d4cb81f1fe773fd5f c855b599c82b097ee093d28d2a9d89e370b1403c0d4cdbe43ac93a28de23b47b
CLIENT_TRAFFIC_SECRET_0 9855a3598133a6ba2b4ffd4cb26738470dd9b3905e0ff48eb4321a4b32f902d3 f963aaad8ea49a3a5a141b375a2e0f89ad1e0c1a1640e688f7ed94c875444b29
SERVER_TRAFFIC_SECRET_0 9855a3598133a6ba2b4ffd4cb26738470dd9b3905e0ff48eb4321a4b32f902d3 6523f8f870691c52c741073591505c0fa451cba16c1bdea6e4bc0d6e85d2b9c7
EXPORTER_SECRET 9855a3598133a6ba2b4ffd4cb26738470dd9b3905e0ff48eb4321a4b32f902d3 826ca03370e19f8789d3b97082d41bc7cf3bfa7b57ed1cc4bd2deac1badfc5d8
CLIENT_TRAFFIC_SECRET_0 b4d06fddcedc5a221944260e7e9da8da18e2fa4f218fcefc85c71e6b972b76d8 77752c60beeaa9eb5c076fc66ba9f26358c2f464cc3b49fc1f1355c18baa7257
SERVER_TRAFFIC_SECRET_0 b4d06fddcedc5a221944260e7e9da8da18e2fa4f218fcefc85c71e6b972b76d8 af28b6eafc584b6e52c9c8b8b007a0bb944be3c7a33fd44435320f29202f9e57
EXPORTER_SECRET b4d06fddcedc5a221944260e7e9da8da18e2fa4f218fcefc85c71e6b972b76d8 bde5e85da41ed168b80a4073fe7a85054718e5bc7013e6ea86322ef32dcc0263
CLIENT_HANDSHAKE_TRAFFIC_SECRET fd24ee52ec249a585cc0f71c9e0bcd3467797b52a41e862c3295cb3832ac7d2f 672c5c2c028fadcc60e054c9972d6349c21e2da065ca7ebf98aa0326ca344a56
SERVER_HANDSHAKE_TRAFFIC_SECRET fd24ee52ec249a585cc0f71c9e0bcd3467797b52a41e862c3295cb3832ac7d2f 94243bcc593713ec0745bc8bde29505e48d7e61f747260ab56cab749b7f0204c
CLIENT_TRAFFIC_SECRET_0 fd24ee52ec249a585cc0f71c9e0bcd3467797b52a41e862c3295cb3832ac7d2f 33c13e5510a5c8337d3e722db10049af9a948cac2e7f051f0476733a83995f3e
SERVER_TRAFFIC_SECRET_0 fd24ee52ec249a585cc0f71c9e0bcd3467797b52a41e862c3295cb3832ac7d2f befa7f1ed2ebd07c1d29c1cbb4079f5507d7a20fcd4c70e16cdd1c73d16acee0
EXPORTER_SECRET fd24ee52ec249a585cc0f71c9e0bcd3467797b52a41e862c3295cb3832ac7d2f 07a4510524efcdeca36555b9f57f8764127432903cb7ef5180ea31ee5033285f
CLIENT_HANDSHAKE_TRAFFIC_SECRET 0210e72e4ac002d4f1c9f4f72d39fb05e49633a2f1a70f9cb502e06af456f563 fc589c3c15770aa2b03cc3259e373a14803bf9c5a34810966fba348ed10da5e1
SERVER_HANDSHAKE_TRAFFIC_SECRET 0210e72e4ac002d4f1c9f4f72d39fb05e49633a2f1a70f9cb502e06af456f563 77408396049e1d44fdc0b922b4d8de66d129983c4711d0e478c9131b079b099c
CLIENT_TRAFFIC_SECRET_0 0210e72e4ac002d4f1c9f4f72d39fb05e49633a2f1a70f9cb502e06af456f563 53c28d2d552db0ff5a4908746b169218d8d51cb3d690f9947560eceb24df9d38
SERVER_TRAFFIC_SECRET_0 0210e72e4ac002d4f1c9f4f72d39fb05e49633a2f1a70f9cb502e06af456f563 5618fb047c5fcbb761f4e9252982e429cdab245335baec0886096d7ee936314f
EXPORTER_SECRET 0210e72e4ac002d4f1c9f4f72d39fb05e49633a2f1a70f9cb502e06af456f563 6102e457d9ced85222796f634a1be5183668c60cca5a3f54e89bc408163e9609
CLIENT_RANDOM baba18d33be59bc3954cba27323c0e2f6b29fc624596a2e9640a7b9ea1153063 71252c48f94027c1b241148f1b4178c49d0c9654a835fccb45ca09702ddf3bbb66c5d57948b6f10f9a9863ddda5e4fa9
CLIENT_HANDSHAKE_TRAFFIC_SECRET 44c2901aaa75c9d3e9e6e30fc9460e4f20563413ec9adceb6eaef0e94c7d4547 d0c42a028ff55c2d96abc67dcc3223392531759db7cd18bb5f4599defae761cc
SERVER_HANDSHAKE_TRAFFIC_SECRET 44c2901aaa75c9d3e9e6e30fc9460e4f20563413ec9adceb6eaef0e94c7d4547 548301e778f8a55d6f006ab8362f7bdf53f0cd14bcc91dab49797f598cd4a031
CLIENT_TRAFFIC_SECRET_0 44c2901aaa75c9d3e9e6e30fc9460e4f20563413ec9adceb6eaef0e94c7d4547 66fd625aaabbba871058b5291ac7b7e2f9d0c2749f2d63976d1f32c5cd6d41ef
SERVER_TRAFFIC_SECRET_0 44c2901aaa75c9d3e9e6e30fc9460e4f20563413ec9adceb6eaef0e94c7d4547 b4aa7ace7c06af2679bf7bdd8c1660ad914fdb13e80c38cc1adabf7132a33309
EXPORTER_SECRET 44c2901aaa75c9d3e9e6e30fc9460e4f20563413ec9adceb6eaef0e94c7d4547 8a1e15cb45dfb50f45a7c3c57c34c60b483f67020585dd9a2812e793d1c4d7ef
CLIENT_HANDSHAKE_TRAFFIC_SECRET 5fcc2ed59f46d75796b40a4ace63ddc851b9446c86888ef6cc9fd3c77f9e9856 285046e59ad0b2627e9e5afc8b224a50235d97d8063d635c7ca670a77271c90c
SERVER_HANDSHAKE_TRAFFIC_SECRET 5fcc2ed59f46d75796b40a4ace63ddc851b9446c86888ef6cc9fd3c77f9e9856 12b90f7ff6af6c588f0bb8b7f703495d6ebb76be167bb62d8ecbc91f226674aa
CLIENT_TRAFFIC_SECRET_0 5fcc2ed59f46d75796b40a4ace63ddc851b9446c86888ef6cc9fd3c77f9e9856 7b2483f04007345676f8b8a941abb674fabaf67a982c93dce33798e83247f239
SERVER_TRAFFIC_SECRET_0 5fcc2ed59f46d75796b40a4ace63ddc851b9446c86888ef6cc9fd3c77f9e9856 6d36f0773c638553c6b10b23ec2d1645e4d8c7a332c495d1db9329b60fae85d5
EXPORTER_SECRET 5fcc2ed59f46d75796b40a4ace63ddc851b9446c86888ef6cc9fd3c77f9e9856 28970c00ef712b21456dc4af1487632f4de5877ca6d6db998048b4d904213215
CLIENT_HANDSHAKE_TRAFFIC_SECRET 69db0ae638de9a185d0869de82dfe978ac955655d9b5a10049ed84a9f002b2ca 29820df089d223e8f2796e3a49ed1e78feb3b00df73b68fab6607433e962e047
SERVER_HANDSHAKE_TRAFFIC_SECRET 69db0ae638de9a185d0869de82dfe978ac955655d9b5a10049ed84a9f002b2ca ee13aee708ba6abd3f0b32af67558cbd2fd63b30556b6f14f89708d04c9715fb
CLIENT_TRAFFIC_SECRET_0 69db0ae638de9a185d0869de82dfe978ac955655d9b5a10049ed84a9f002b2ca 391cc14034c99906d0a93600c7501ec3e5376cd3bd8d095ec35745ed5e8906c8
SERVER_TRAFFIC_SECRET_0 69db0ae638de9a185d0869de82dfe978ac955655d9b5a10049ed84a9f002b2ca 187260f16c8c11df3b1900cbc9181fc763a3e4982412e266e1cf0ff1a443f0df
EXPORTER_SECRET 69db0ae638de9a185d0869de82dfe978ac955655d9b5a10049ed84a9f002b2ca 374fb0e91a8ddad30bdf5e819f9a8cc7a1549ed05da71040d41b47c1f72d4b16
CLIENT_HANDSHAKE_TRAFFIC_SECRET 9f73c48971cffdf5c5bc73f7a8dea4bbc57aac963161e095609f057de5281242 84e4b5d04b5f0c4b37bb207796fc66f7d365431609a21ffd51ae6bc2460c704a
SERVER_HANDSHAKE_TRAFFIC_SECRET 9f73c48971cffdf5c5bc73f7a8dea4bbc57aac963161e095609f057de5281242 0e34618a4f494a435571d6870e50ec65235195ff0c52f1ac86eb205cc34e8f47
CLIENT_TRAFFIC_SECRET_0 9f73c48971cffdf5c5bc73f7a8dea4bbc57aac963161e095609f057de5281242 a7d649fd8d5b33cd343452cd5846e066b9dce0000e473cdef52e088b0ef5b454
SERVER_TRAFFIC_SECRET_0 9f73c48971cffdf5c5bc73f7a8dea4bbc57aac963161e095609f057de5281242 9ce860b1fd0c1940fee2d80393f6d6bf8ee86c8289a40aba51a383abfb86551e
EXPORTER_SECRET 9f73c48971cffdf5c5bc73f7a8dea4bbc57aac963161e095609f057de5281242 efe75ac0d8996b888d055ea22f8a61e00dd5849c3fe3e981d9a355f9da939541
CLIENT_HANDSHAKE_TRAFFIC_SECRET 35352731e90c9971d7427a05149da51c558ef47eaef0f91f30e2e83c3281ca2b a0be72ecf4b93d3d4436b1fa4293c1b56c5a647a3b1324a166066851c8e5cf51
SERVER_HANDSHAKE_TRAFFIC_SECRET 35352731e90c9971d7427a05149da51c558ef47eaef0f91f30e2e83c3281ca2b 88aaad6979f9b0c8ed432734244a9304036400a17f6de6fa5f4c185c873eb766
CLIENT_TRAFFIC_SECRET_0 35352731e90c9971d7427a05149da51c558ef47eaef0f91f30e2e83c3281ca2b 8efc6e57ba317776e902a4ec7244d6ad10cca80115aa0fbe37d141adf2c83932
SERVER_TRAFFIC_SECRET_0 35352731e90c9971d7427a05149da51c558ef47eaef0f91f30e2e83c3281ca2b fd3c9d22980983820b9fc47e9af078e34e4b213a3f04082a56794ff241428e93
EXPORTER_SECRET 35352731e90c9971d7427a05149da51c558ef47eaef0f91f30e2e83c3281ca2b 4226206e54469e9e1567bdf71b7a2de1e78ff27d66a38a4e04e74d3a608a56e8
CLIENT_HANDSHAKE_TRAFFIC_SECRET 546e8e4a8eb78b76a5482aafefd3a21e3ed4451940e1047cbf232d71b4b92f15 e97a5ea50c5566223bb1f11f36378f790cdff6275c8a964cb80ab3281b4d47cd
SERVER_HANDSHAKE_TRAFFIC_SECRET 546e8e4a8eb78b76a5482aafefd3a21e3ed4451940e1047cbf232d71b4b92f15 885342977ef71a2b3f36a2b206534e66ca6f2322c78387f9efd5a0fc72e0208c
CLIENT_TRAFFIC_SECRET_0 546e8e4a8eb78b76a5482aafefd3a21e3ed4451940e1047cbf232d71b4b92f15 78c1aba8e7e2508d8c16c9cec83257aa8a569c260a8958b70c864404f10905fe
SERVER_TRAFFIC_SECRET_0 546e8e4a8eb78b76a5482aafefd3a21e3ed4451940e1047cbf232d71b4b92f15 ac83f504fe403b9d70e3387da9684c6195254626964ed0e87f9ee7d86d55f394
EXPORTER_SECRET 546e8e4a8eb78b76a5482aafefd3a21e3ed4451940e1047cbf232d71b4b92f15 e45776694a9cc44db7eabe956a11fb4dec1bb3257b080ea198baae277d374865
CLIENT_HANDSHAKE_TRAFFIC_SECRET 0c6899483fcf88364f92111759352f64818fafb4a4c90f1415a2576f1756c7e4 b5040327820ae3a7cfc2d697d1f5edcea022d07f48a0dcd1b29ae9741b69cbe3
SERVER_HANDSHAKE_TRAFFIC_SECRET 0c6899483fcf88364f92111759352f64818fafb4a4c90f1415a2576f1756c7e4 bb1fda62c2fc5204baae1803c2306673f652b6b0b977efb99316cebb2d76de64
CLIENT_TRAFFIC_SECRET_0 0c6899483fcf88364f92111759352f64818fafb4a4c90f1415a2576f1756c7e4 9708d5497faac46c40e0b3fb1c1f100f999ff7114feb838649df411a95c49f71
SERVER_TRAFFIC_SECRET_0 0c6899483fcf88364f92111759352f64818fafb4a4c90f1415a2576f1756c7e4 b2ffdf3fd99ecade5ff9f2ea387d817802e1e9f499f598cae89aadd13d5b2366
EXPORTER_SECRET 0c6899483fcf88364f92111759352f64818fafb4a4c90f1415a2576f1756c7e4 874eb0d0e78d81b756d2154a0874a2ba08f12759c9500274a44c3b858cd4b627
CLIENT_RANDOM 9fdcc2a6f332d7cc51b97fddf49bf35b251c96fcd6f6356c3f53028263263b83 38695e792cb02b9208f2cde1b8a3896cd53b48a57ff7cffce823b24cf4ff7345408fa1e533153a742391e7065acc7a0e
CLIENT_HANDSHAKE_TRAFFIC_SECRET 8546a8b566713401d67cab5ebbd6646fb5f1dea782ad8a1ce60f3171ee063331 3b60bd4e2da6efed1eb46bac86e9721cbd941ce0aea0732f86a7be0a57dcdd2f
SERVER_HANDSHAKE_TRAFFIC_SECRET 8546a8b566713401d67cab5ebbd6646fb5f1dea782ad8a1ce60f3171ee063331 e77490987a0e5b7ac1d2270c070cca4db576c6a71fc4dcb562f1728847b3162f
CLIENT_TRAFFIC_SECRET_0 8546a8b566713401d67cab5ebbd6646fb5f1dea782ad8a1ce60f3171ee063331 b90df83cebec87b3596c08371147a4d77d6499277c6dded2cc2ecbe014cdae88
SERVER_TRAFFIC_SECRET_0 8546a8b566713401d67cab5ebbd6646fb5f1dea782ad8a1ce60f3171ee063331 7b9c417096b9735f94c623bec23e49b4aaa56997e5a0dcd82ac0cb7cff245747
EXPORTER_SECRET 8546a8b566713401d67cab5ebbd6646fb5f1dea782ad8a1ce60f3171ee063331 8ae4a7efec99ede0d7702d0beeaf3b23c4270700d8b15321732cc51761b65d7f
CLIENT_HANDSHAKE_TRAFFIC_SECRET 87daa3a433763c738117d74e160528c3ab9b34ae695e0cee0ff6302e78b9e31e a9c9f07a540d69b886682d9e17820e532c3f638d0434011bfd082149a96fd228
SERVER_HANDSHAKE_TRAFFIC_SECRET 87daa3a433763c738117d74e160528c3ab9b34ae695e0cee0ff6302e78b9e31e cf830c8255559e0ea08ff4a25fbf49844c2f4c598ad816c02152697c4fd4f6a0
CLIENT_TRAFFIC_SECRET_0 87daa3a433763c738117d74e160528c3ab9b34ae695e0cee0ff6302e78b9e31e e9524e928f9ff8bfc7b8698307b468c22bc7aac020768218db719c25a8882168
SERVER_TRAFFIC_SECRET_0 87daa3a433763c738117d74e160528c3ab9b34ae695e0cee0ff6302e78b9e31e 9eacfa4854c12af736f2d77cd44fd603e548969cdb0f46b092cc9b60e2e6d7db
EXPORTER_SECRET 87daa3a433763c738117d74e160528c3ab9b34ae695e0cee0ff6302e78b9e31e 71dd6a0321ab0c5fd618d05acfb5420fe8e9c9d0e733c073627782850ea522d1
CLIENT_HANDSHAKE_TRAFFIC_SECRET 114777b18bb23cb1836f9f7c389e2c8b31cf2adf9e8e0cd3545965acefcd82d8 5dd8794640c4de186c26db5ab1403effc8649e7aece6d4b1ca91b130d38a28f2bc1940b9c78a6324bdda9601034cd44a
SERVER_HANDSHAKE_TRAFFIC_SECRET 114777b18bb23cb1836f9f7c389e2c8b31cf2adf9e8e0cd3545965acefcd82d8 4676f960026927ed83f03b13ba64c7c49f1ab68c1f865d40c66818e4ed61f5e7857c7cd36a0ad04ccffaed07576e552a
CLIENT_TRAFFIC_SECRET_0 114777b18bb23cb1836f9f7c389e2c8b31cf2adf9e8e0cd3545965acefcd82d8 cd9479f9f8b680e3d789f22dd154add196b441675a019e6b921083cb55e87eaf9ddb9707eaa5db442fe6c475d2a38c08
SERVER_TRAFFIC_SECRET_0 114777b18bb23cb1836f9f7c389e2c8b31cf2adf9e8e0cd3545965acefcd82d8 378da1b55f88b79d3588cd2eeeeb38e6f676853336b314485ebcbd1d0b06f746c5ae7a014696a12ee2409fd62d256e6b
EXPORTER_SECRET 114777b18bb23cb1836f9f7c389e2c8b31cf2adf9e8e0cd3545965acefcd82d8 59556a940c5cb89f25735bb905686a8a0a061dd20743526520520f2c916398e4466e785ca3de7c5a722ca7971e953be5
CLIENT_HANDSHAKE_TRAFFIC_SECRET 0b3ffc58e27b43195b7c41dc0e05f0116d417db19366f64d724ed9f41311764c 0a381f166a948b73c9e846720bcce58c883288710250c42f0ec61c396084aa706fcb911b181d6fff3d076930fe34436e
SERVER_HANDSHAKE_TRAFFIC_SECRET 0b3ffc58e27b43195b7c41dc0e05f0116d417db19366f64d724ed9f41311764c 8ec2d30e8134c7e15197df036e4cf586d99ef95ef0a66d6f49174c4199444019aaf22196589881192a2428d5d6b5453b
CLIENT_TRAFFIC_SECRET_0 0b3ffc58e27b43195b7c41dc0e05f0116d417db19366f64d724ed9f41311764c 509f52f856906f65247dee8ed03f5e8a12885cb56cb3e74f3828aa4f9ef531e6fb39d800c9712a359b95debe78970503
SERVER_TRAFFIC_SECRET_0 0b3ffc58e27b43195b7c41dc0e05f0116d417db19366f64d724ed9f41311764c 2ba7d3144c7e598e9b6a85e0218558438bd5545e70674b7d7c952e19bab33cbacd4a3758cddd0a98bb8887e0c63f1e84
EXPORTER_SECRET 0b3ffc58e27b43195b7c41dc0e05f0116d417db19366f64d724ed9f41311764c bc8a8122b5f68ca89959d21fb74dfe0df65f5994edb8e8b6327f0d9c7faffc80a1afaed3499f2debb74af3215bba9375
CLIENT_RANDOM 6c1de9d16d97710029231b28ab59e4e85b9cf37a5d5c0defe8e322cd8ec3ae33 03588aff47b9b4d7680a9371f1e3c312232ba87ef5cab02a7d372ad304a0eda9cf125916cb8633b552ba4ce475f765cd
CLIENT_RANDOM c55cee5921267ed5bb44b241e78f47347bcc73df64de90a8d9dde7acbeaff67f b6866e8c0d950bc37c55efabbcb3bb05df211922c657fe3dad3b3518f267dce67be3cf277fe1c5eb780cfd665d3e4a80
CLIENT_HANDSHAKE_TRAFFIC_SECRET 0686b153e5fd6fc361d1065220c351856b61d99cb9952d0a9b043cd00ba803c9 934dc15ea3e09756e950845002b8eb65f0c7c4702e77d4e5d615545ba2fb9c74bb8204c25d7720dac8246e5fbb11916f
SERVER_HANDSHAKE_TRAFFIC_SECRET 0686b153e5fd6fc361d1065220c351856b61d99cb9952d0a9b043cd00ba803c9 5c4d1bf96eb798af02d340b4cfa28e8765f9b1d31c345a8b111e18353864aa31db5012f97895adf255dc768a9b2e8547
CLIENT_TRAFFIC_SECRET_0 0686b153e5fd6fc361d1065220c351856b61d99cb9952d0a9b043cd00ba803c9 b82b02e696641f9017c74b1dca3a37f0dd1716bbee1fe647b329aca7adddb6fd993875bac8a38057e744ad2a8a01fd7f
SERVER_TRAFFIC_SECRET_0 0686b153e5fd6fc361d1065220c351856b61d99cb9952d0a9b043cd00ba803c9 1f9584b9228ebd80b2e1b55730ab293da95081211bcf4aa9eb0a4654ad612d3cac5031349162fb881b1a99ce015b7541
EXPORTER_SECRET 0686b153e5fd6fc361d1065220c351856b61d99cb9952d0a9b043cd00ba803c9 51e6db45c941a8cd5038df287bc23bf4017ae1898cdd78880e348a40289624f51ace1dbc860702de645fe81995bf3f3a
CLIENT_HANDSHAKE_TRAFFIC_SECRET 532ee7806ad5b76c2eb8a4fd9e374c7babc473210313c21c9193a00364bd7f62 cef7ecde9d3471996b37869f71aa77a22250826eec001e2cabd7ea73fbc21eb22a57179f08223fc77545500db0290627
SERVER_HANDSHAKE_TRAFFIC_SECRET 532ee7806ad5b76c2eb8a4fd9e374c7babc473210313c21c9193a00364bd7f62 fa07e913ed4d9398a44bed1c343eba6e9efec8bf1ae50499b22b8dec38fbae46bee70c468d37cc4c92291a40f25be55b
CLIENT_RANDOM 7e902f7f55d392e6325edb3ef94a2ee300c9f43d26b78eb247fb181987b73f68 5b5b4e13e74346cb2bea60ec050bb557bec796c7e76a7a4200528b80f4b0f4b7bcc359a1a8f0ccc4dbbe11ba495c6452
CLIENT_TRAFFIC_SECRET_0 532ee7806ad5b76c2eb8a4fd9e374c7babc473210313c21c9193a00364bd7f62 46a9116374169265aaabb88ef72d512be8eb859fa766201eb918bc6bc02bbe110b31c890cd239ad469e05d9bdddba64c
SERVER_TRAFFIC_SECRET_0 532ee7806ad5b76c2eb8a4fd9e374c7babc473210313c21c9193a00364bd7f62 725753f9630eac38740daf6e16f2f7033e5c39892166bf346300d323cb29845f7246ea504257db6c7c50b1a22015b8db
EXPORTER_SECRET 532ee7806ad5b76c2eb8a4fd9e374c7babc473210313c21c9193a00364bd7f62 c79addef23cbec5ac835cc55fcc853782e7bba8cba1157d5511737818f11c85cab830c1045fa0dd0e69634cd7126982b
CLIENT_RANDOM ec38abd14852b71a1adcbe80d73d06d23e96ae35dc993d5492516a087f7b404f c996f743d401b6f91761ff0c68ca95a064d9d6f80fbe4544f0b17d6713a4433a663fad083242a0d32aaba3492859f3fa
CLIENT_HANDSHAKE_TRAFFIC_SECRET 57a1daa01731453eb0d87e12f9a20e364d43b6348b167949bd6c3a39a61595c1 ca83c102bd9514c26b8492756cf47964cf91f30f84e3dd6ef475f7e896178b20
SERVER_HANDSHAKE_TRAFFIC_SECRET 57a1daa01731453eb0d87e12f9a20e364d43b6348b167949bd6c3a39a61595c1 71c879d414a444c6f2c2d45cee3e9e770fb200072215abdfa07b4c7b9221f0ae
CLIENT_TRAFFIC_SECRET_0 57a1daa01731453eb0d87e12f9a20e364d43b6348b167949bd6c3a39a61595c1 8be789fae97d4845c8e48fcad31fe82f08444c24d76ae0b23377ed0c6e9e46d4
SERVER_TRAFFIC_SECRET_0 57a1daa01731453eb0d87e12f9a20e364d43b6348b167949bd6c3a39a61595c1 9114380df9c01c691fba5e7c6b21e9b8126f0a98d1325eb4870ed7a3d7b028a3
EXPORTER_SECRET 57a1daa01731453eb0d87e12f9a20e364d43b6348b167949bd6c3a39a61595c1 3acecf5d2fe942ff82d5ad2c3c499628a85ffd74b55ca1586370f149cbb9250d
CLIENT_HANDSHAKE_TRAFFIC_SECRET 9c36b9f721c97bb324c3334eaa460095301759b2e2642f250ca04834b332b3d0 51efe4897377844ef530337be3c8c61ca695faddc8f596766251cb9fc0fb7c7f
SERVER_HANDSHAKE_TRAFFIC_SECRET 9c36b9f721c97bb324c3334eaa460095301759b2e2642f250ca04834b332b3d0 12813515db2bbd2a699d39ad281cc69bc8e3c829b6f3e49c34c4c1d55fb5b41e
CLIENT_TRAFFIC_SECRET_0 9c36b9f721c97bb324c3334eaa460095301759b2e2642f250ca04834b332b3d0 7c1412d7f563991fcb4d0ca6ff459fec989c60d4f356063518475acf5a9e4266
SERVER_TRAFFIC_SECRET_0 9c36b9f721c97bb324c3334eaa460095301759b2e2642f250ca04834b332b3d0 afa11245dfd358926b7b747e7d79a4ecc0b261b66d36cf88e499498097176ce2
EXPORTER_SECRET 9c36b9f721c97bb324c3334eaa460095301759b2e2642f250ca04834b332b3d0 0974eb393992ab5f1e223a695adb23f62bb83052254817a1cf1d7536749c7ebb
CLIENT_HANDSHAKE_TRAFFIC_SECRET 75f0f8352556d86d68585e9fd8c7e39e2e2bc88d44f123a63af2fcbfc12f7216 c2728624ca9a7f9019e9efa6710280f3e420bf17ff557e8b1d0734df7c91ce17
SERVER_HANDSHAKE_TRAFFIC_SECRET 75f0f8352556d86d68585e9fd8c7e39e2e2bc88d44f123a63af2fcbfc12f7216 bd2eaf24a03e6c129de513d3d9780d6662541d97c7174ebee723ba7663f85b21
CLIENT_TRAFFIC_SECRET_0 75f0f8352556d86d68585e9fd8c7e39e2e2bc88d44f123a63af2fcbfc12f7216 03b24caeadab5f35b845a0707f1a96956f221ac0582d51b831455541014927a3
SERVER_TRAFFIC_SECRET_0 75f0f8352556d86d68585e9fd8c7e39e2e2bc88d44f123a63af2fcbfc12f7216 83d90c83754de8a2995d8158ceaa7dcd01504a3456d7b3fb97b44ff10aeee7e1
EXPORTER_SECRET 75f0f8352556d86d68585e9fd8c7e39e2e2bc88d44f123a63af2fcbfc12f7216 038c9d79be76653fed2683798b148be172d08059463fc95f933527b82d03378a
CLIENT_HANDSHAKE_TRAFFIC_SECRET fae82d147b7c90bc280347a7c0022b6aae3954c20911ab440f07704fa4ec4850 3ee4dfb845117c9ac958766678e74907bd6a5bd6150e96ac81ffe78f66d126d7
SERVER_HANDSHAKE_TRAFFIC_SECRET fae82d147b7c90bc280347a7c0022b6aae3954c20911ab440f07704fa4ec4850 e1a14d32ad0ea62b880ccf5fc2ed9700a2fd437862c832f69c0c481f23b20b56
CLIENT_TRAFFIC_SECRET_0 fae82d147b7c90bc280347a7c0022b6aae3954c20911ab440f07704fa4ec4850 2ec4f611de01f34c6d8d58220b12ca2e9f5514ef2ae4635505dad4b378a8c232
SERVER_TRAFFIC_SECRET_0 fae82d147b7c90bc280347a7c0022b6aae3954c20911ab440f07704fa4ec4850 4131386d7ecef5e8103bed1db98a62ea89be0d11e74123ad71160879b58bf4b7
EXPORTER_SECRET fae82d147b7c90bc280347a7c0022b6aae3954c20911ab440f07704fa4ec4850 1b2a1dd72b019060d745228a8748fc6d3fdc038928b74880537afd1337adeaa4
CLIENT_HANDSHAKE_TRAFFIC_SECRET cf8feaa9a98d3637396b3856471e94888103afdd81987f81bc09131f7afce53a 5412d94c076e28c62582c0f839be1791575886d1f189d160c3d94bf0c132d312
SERVER_HANDSHAKE_TRAFFIC_SECRET cf8feaa9a98d3637396b3856471e94888103afdd81987f81bc09131f7afce53a f075c2fef199c95f89f72ea41e5dafe43c62ac34494592f71e0cae3e1c19627f
CLIENT_TRAFFIC_SECRET_0 cf8feaa9a98d3637396b3856471e94888103afdd81987f81bc09131f7afce53a 345f05b3026e8ad6d43ea6fa42dac3e201f7f098a4bf00e3cbc199e0bc78447a
SERVER_TRAFFIC_SECRET_0 cf8feaa9a98d3637396b3856471e94888103afdd81987f81bc09131f7afce53a 6132028cdc2429cd009c20a4810e40834541a0cc502e9429205fbc183a781462
EXPORTER_SECRET cf8feaa9a98d3637396b3856471e94888103afdd81987f81bc09131f7afce53a da77d84cbf6a216e2c79f11a12350c8d93d6033e842a9b0e47b50fb5b6affc38
CLIENT_RANDOM 732dee2401057914acf7073e864e3bea3bb054e66e13878368ffe5b80383b1eb 2fbb1fcfb2831e20a5faab34be230e6c20ae4adf55c6a53ef3881ebdff276111701972b94485c63594b3c7917fc82290
CLIENT_RANDOM 9353ca61d176e18b922146577a6de0d1e4b13703768076585e120bc235fb1267 b6866e8c0d950bc37c55efabbcb3bb05df211922c657fe3dad3b3518f267dce67be3cf277fe1c5eb780cfd665d3e4a80
CLIENT_RANDOM cbb13c26c6a5f37be2162d48f3d9144ea3d29b4276d247599a2e44b2d0257d18 03588aff47b9b4d7680a9371f1e3c312232ba87ef5cab02a7d372ad304a0eda9cf125916cb8633b552ba4ce475f765cd
CLIENT_RANDOM e9fff1d34da3a678c060d8bebab123ad25acb009582b7a381ba870feeb3ba000 899cab3d49ef557788ebea541b70707568b97dda91b634184976785697f6597d0838d3321645b39316d9fcb1e5d0637f
CLIENT_HANDSHAKE_TRAFFIC_SECRET 9adf727da4ba8678eb3da88aeb995a6bc77fdac85691756c6d519f59b16cda92 919e19c8572edc7970104d094020c26bbe5df8c34f33869adda01ef0ae556944
SERVER_HANDSHAKE_TRAFFIC_SECRET 9adf727da4ba8678eb3da88aeb995a6bc77fdac85691756c6d519f59b16cda92 c0e931c30887cc48bbc96e89de99a07a0af70f1c8babff2fa0f7db6427c2c6a7
CLIENT_TRAFFIC_SECRET_0 9adf727da4ba8678eb3da88aeb995a6bc77fdac85691756c6d519f59b16cda92 a86b59330859b3a27c3858475e365f359920d765f7e2e36c849e98caab1d511b
SERVER_TRAFFIC_SECRET_0 9adf727da4ba8678eb3da88aeb995a6bc77fdac85691756c6d519f59b16cda92 075a13a6469cd0743674e6aa5a4603eacd445b1714468ea9b13ab6dcaddce913
EXPORTER_SECRET 9adf727da4ba8678eb3da88aeb995a6bc77fdac85691756c6d519f59b16cda92 2e4ff4cf3da4be45b1363819808f0739ac01b91b7d4f5442e1158b9807d2ff8c
CLIENT_HANDSHAKE_TRAFFIC_SECRET e03ecf16bcc2badf45286fad3be97f49020d70d7cadf10613e8307f9d878f310 3bb3975b62387aac875e5c133e9443f0ec658e2f8bc325b0bcfe885b05fc4e7a
SERVER_HANDSHAKE_TRAFFIC_SECRET e03ecf16bcc2badf45286fad3be97f49020d70d7cadf10613e8307f9d878f310 640c03a70461a26e0532d2f01faa5909092a487b3aeffaba542fa6360dee616d
CLIENT_TRAFFIC_SECRET_0 e03ecf16bcc2badf45286fad3be97f49020d70d7cadf10613e8307f9d878f310 6413ffcd9e9f9ac5bc082f8a7190f86488b6344831882aa0eb405687a76ca322
SERVER_TRAFFIC_SECRET_0 e03ecf16bcc2badf45286fad3be97f49020d70d7cadf10613e8307f9d878f310 7c7180f2c34fbe3a19de0323fbdd2dfd9dd3abb2d7d04c5c025b46575eed9ef8
EXPORTER_SECRET e03ecf16bcc2badf45286fad3be97f49020d70d7cadf10613e8307f9d878f310 effaa4f43dda1e10be34fe7642117845d739100526a12833c8121c5898fc4bf7
CLIENT_RANDOM 467f0e003738fa68a37570ef568a09a6e62df6d2fa4897cbf48ba298df66413d 681c26705acf01e333b1640d6280a5f91c2a0e62eb855c122e7ee34d19b8049c20401e7ea332394a8bebb99207d2d174
CLIENT_RANDOM 921d0093daa518ebef17c38dd65f70d3763e32da906df13337d16875e8e5b2fe 38695e792cb02b9208f2cde1b8a3896cd53b48a57ff7cffce823b24cf4ff7345408fa1e533153a742391e7065acc7a0e
CLIENT_EARLY_TRAFFIC_SECRET ef30b9c077923585fe81d3adf497fa9484ea4bc3d4e414516ecf2fcd29b8729f 0fc6ed93e70c246d5c7e90b02bc415b090dfc39470674b24b6aaf2d1d5723c55
CLIENT_HANDSHAKE_TRAFFIC_SECRET ef30b9c077923585fe81d3adf497fa9484ea4bc3d4e414516ecf2fcd29b8729f c32b5bb9454db9d81ba8b461546e404752135b61ff613f3c4eee8a13216dd3a5
SERVER_HANDSHAKE_TRAFFIC_SECRET ef30b9c077923585fe81d3adf497fa9484ea4bc3d4e414516ecf2fcd29b8729f b0ff6506225328fcfa0cdd1dda80389c5d538183726a3fd05903fe19ae3d85ce
CLIENT_TRAFFIC_SECRET_0 ef30b9c077923585fe81d3adf497fa9484ea4bc3d4e414516ecf2fcd29b8729f 5b51dc8fc9775d87a4aab5b693738bcca3e1e432accf87b213f4ee7547d59313
SERVER_TRAFFIC_SECRET_0 ef30b9c077923585fe81d3adf497fa9484ea4bc3d4e414516ecf2fcd29b8729f 20ff94abd66a5c13f46782804bbf9d6d5e60749dca7d781e69155db82c461c90
EXPORTER_SECRET ef30b9c077923585fe81d3adf497fa9484ea4bc3d4e414516ecf2fcd29b8729f 979190fba29988a1184a8d7a7b93db3062246f64d4dd9230f5236e94df03bedc
CLIENT_RANDOM 9e22d5b8104544ea277a30529997e380e0ac879538cb9bc541c094727e621cd3 392cd7bd4aefa782b26b92a176e715f6a326d6a81fa5f003698da1ef81a43ab07bec5955b9bec96d2526f64f67f85163
CLIENT_EARLY_TRAFFIC_SECRET ae4e0bf1eb71fedfdc6056c8a0dad24393a20571ff0b62febccdf8c3ba620f43 1e0daa3f01723a090099b3a2e59a74d2b4f9bfaae88060e9658c6a4d1d4ed2cb
CLIENT_HANDSHAKE_TRAFFIC_SECRET ae4e0bf1eb71fedfdc6056c8a0dad24393a20571ff0b62febccdf8c3ba620f43 adacc5662bc72961940fdcb4da674b5d95053de023ede2c987ac1f61f3797ba7
SERVER_HANDSHAKE_TRAFFIC_SECRET ae4e0bf1eb71fedfdc6056c8a0dad24393a20571ff0b62febccdf8c3ba620f43 856e672dcf1f62c1303cec9db4635e374990055d287184768a6c61338bdb3632
CLIENT_TRAFFIC_SECRET_0 ae4e0bf1eb71fedfdc6056c8a0dad24393a20571ff0b62febccdf8c3ba620f43 8bb11b8fcd19fe69928d116d9860421295374e53a3695508cc6f05950ca7f745
SERVER_TRAFFIC_SECRET_0 ae4e0bf1eb71fedfdc6056c8a0dad24393a20571ff0b62febccdf8c3ba620f43 73184b503814852f60d817a244e1fe7515eda73870fccd6677e348a21dd4d2c0
EXPORTER_SECRET ae4e0bf1eb71fedfdc6056c8a0dad24393a20571ff0b62febccdf8c3ba620f43 145ef8ade7af683b498f5a2cc0149c5721c8229b5e9c2a06f05749575eadf705
CLIENT_RANDOM 7cd9318bcdcccac7f0116c363b699b0df5bd282d9c1575c48597bf7b770ce983 3f37753972ec886b595573cb29a61638d94152ecc394fbd7ac92906f4df83dc9b7e9bbac0fa1f71138ed0c6d468e3b95
CLIENT_HANDSHAKE_TRAFFIC_SECRET 0ed50719fefaf0690c36b98d0f72fc54d65230adafc148319626152f72eb2c80 140c9988d9310266b9fc01e289950650e1e8f352e34e2dc3cc4ef8ead208a8c4
SERVER_HANDSHAKE_TRAFFIC_SECRET 0ed50719fefaf0690c36b98d0f72fc54d65230adafc148319626152f72eb2c80 fee89b319e5f347a0cd893bb908f0447e8c7101712ab1eb3381707328fe844cf
CLIENT_TRAFFIC_SECRET_0 0ed50719fefaf0690c36b98d0f72fc54d65230adafc148319626152f72eb2c80 9f04d6673cd8c9047e224d8c522cd3fc0b40dd32d77e64a14dfe65e971eb28ce
SERVER_TRAFFIC_SECRET_0 0ed50719fefaf0690c36b98d0f72fc54d65230adafc148319626152f72eb2c80 b7d77ad44dfdaf8e17a270555804026f3b25023f074069f46513351e2cecd446
EXPORTER_SECRET 0ed50719fefaf0690c36b98d0f72fc54d65230adafc148319626152f72eb2c80 712e2c7b49bd8b97cca3e8e041e679043814fab68e9848a65a364d0e3fd8d5d0
CLIENT_RANDOM 5805bd50823fe9e4caee6d3f66c0af958b806a8aa360c69139786c10e2b820ce 5c50e0f13f1135849ffb9de3c2b95f3363104ff3c3593ea70e2174d48be95d96ea8d1b602333875b9ec6e31a3a2d6ff4
CLIENT_RANDOM f26a367c40d6d83561979071111d0f1951e4ac394e55fa08f2bcfa5d83f6c89b f177f51e76e54bbad4c637d7b91f879bb67bae98bc3f42032cfbb9e1b1915528f767d78dce43c5a9aa0e9b43f8c8bb9e
