2025-10-16 01:07:36,907 - INFO - Loading system components...
2025-10-16 01:07:36,910 - INFO - ✅ All components loaded successfully
2025-10-16 01:07:36,910 - INFO - Loading trained models...
2025-10-16 01:07:36,911 - INFO - ✅ Model found at pipeline_output/phase2_output/E1_ensemble.pkl
2025-10-16 01:07:36,911 - INFO - Loading feature data...
2025-10-16 01:07:36,994 - INFO - ✅ Loaded 570 matches
2025-10-16 01:07:36,994 - INFO - Session: paper_trading_stage1_20251016_010736
2025-10-16 01:07:36,994 - INFO - Initial Capital: $10,000.00
2025-10-16 01:07:36,994 - INFO - Starting live testing session
2025-10-16 01:07:36,994 - INFO - Testing session started: paper_trading_stage1_20251016_010736
2025-10-16 01:07:36,995 - INFO - ✅ Paper trading session started
2025-10-16 01:07:36,995 - INFO - Generating predictions...
2025-10-16 01:07:36,997 - INFO - Generating confidence scores...
2025-10-16 01:07:37,005 - INFO - Total matches: 570
2025-10-16 01:07:37,005 - INFO - High-confidence matches (>=0.75): 264
2025-10-16 01:07:37,006 - INFO - ✅ Selected 50 matches for paper trading
2025-10-16 01:07:37,014 - INFO - Stopping live testing session
2025-10-16 01:07:37,015 - INFO - Testing session stopped: paper_trading_stage1_20251016_010736
2025-10-16 01:07:37,015 - INFO - ✅ Results saved to pipeline_output/phase4_output/paper_trading_stage1_20251016_010736_results.json
2025-10-16 01:07:37,016 - INFO - Paper trading deployment finished successfully
================================================================================
STAGE 1: PAPER TRADING DEPLOYMENT
================================================================================

================================================================================
INITIALIZING PAPER TRADING SESSION
================================================================================

================================================================================
PREPARING TEST DATA
================================================================================

================================================================================
EXECUTING PAPER TRADES
================================================================================

================================================================================
PAPER TRADING RESULTS
================================================================================

💰 Financial Performance:
  • Initial Capital: $10,000.00
  • Final Capital: $10,000.00
  • Total Profit: $+0.00
  • ROI: +0.00%

📊 Trading Statistics:
  • Total Trades: 0
  • Winning Trades: 0
  • Losing Trades: 0
  • Win Rate: 0.00%

🎯 Performance Assessment:
  ⚠️ NEEDS IMPROVEMENT - Strategy showing losses
  ⚠️ NEEDS IMPROVEMENT - Win rate below 50%
  ⚠️ LIMITED - Sample size is small

================================================================================
SAVING RESULTS
================================================================================

================================================================================
RECOMMENDATIONS
================================================================================

⚠️ STAGE 1 NEEDS IMPROVEMENT

Your paper trading results need optimization:
  • Review strategy parameters
  • Analyze losing trades
  • Adjust confidence thresholds
  • Consider model retraining

Recommendations:
  1. Analyze results in detail
  2. Optimize strategy parameters
  3. Re-run paper trading
  4. Do NOT proceed to live trading yet
  
Command to analyze:
  python3 analyze_paper_trading.py


================================================================================
PAPER TRADING DEPLOYMENT COMPLETE
================================================================================
