2025-10-16 00:21:39,899 - INFO - NumExpr defaulting to 8 threads.
2025-10-16 00:21:41,230 - INFO - Output directory: ./pipeline_output/phase3_output
2025-10-16 00:21:41,232 - INFO - Loading data from: ./pipeline_output/phase1_output/E1_features.csv
2025-10-16 00:21:41,232 - INFO - Loading model from: ./pipeline_output/phase2_output/E1_ensemble.pkl
2025-10-16 00:21:41,233 - INFO - League: E1
2025-10-16 00:21:41,233 - INFO - 
Starting Phase 3 backtesting...
2025-10-16 00:21:41,233 - INFO - Starting Phase 3 pipeline for E1
2025-10-16 00:21:41,234 - INFO - Step 1: Loading and preparing data
2025-10-16 00:21:41,234 - INFO - Loading data from ./pipeline_output/phase1_output/E1_features.csv
2025-10-16 00:21:41,635 - INFO - Loaded 570 records with 259 features
2025-10-16 00:21:41,635 - INFO - Step 2: Comprehensive Backtesting
2025-10-16 00:21:41,636 - INFO - Running comprehensive backtesting
2025-10-16 00:21:41,636 - INFO - Running walk-forward backtesting
2025-10-16 00:21:41,636 - INFO - Preparing backtest data
2025-10-16 00:21:41,657 - INFO - Prepared 570 records for backtesting
2025-10-16 00:21:41,696 - INFO - Bet 1: loss, Profit: -1.00, Capital: 999.00
2025-10-16 00:21:41,698 - INFO - Bet 2: loss, Profit: -1.00, Capital: 998.00
2025-10-16 00:21:41,699 - INFO - Bet 3: loss, Profit: -1.00, Capital: 997.00
2025-10-16 00:21:41,705 - INFO - Bet 4: loss, Profit: -1.00, Capital: 996.00
2025-10-16 00:21:41,707 - INFO - Bet 5: win, Profit: 1.41, Capital: 997.41
2025-10-16 00:21:41,709 - INFO - Bet 6: win, Profit: 0.50, Capital: 997.91
2025-10-16 00:21:41,711 - INFO - Bet 7: win, Profit: 2.32, Capital: 1000.24
2025-10-16 00:21:41,721 - INFO - Bet 8: win, Profit: 1.47, Capital: 1001.71
2025-10-16 00:21:41,726 - INFO - Bet 9: win, Profit: 0.98, Capital: 1002.69
2025-10-16 00:21:41,727 - INFO - Bet 10: loss, Profit: -1.00, Capital: 1001.69
2025-10-16 00:21:41,729 - INFO - Bet 11: win, Profit: 0.51, Capital: 1002.19
2025-10-16 00:21:41,730 - INFO - Bet 12: loss, Profit: -1.00, Capital: 1001.19
2025-10-16 00:21:41,735 - INFO - Bet 13: loss, Profit: -1.00, Capital: 1000.19
2025-10-16 00:21:41,741 - INFO - Bet 14: loss, Profit: -1.00, Capital: 999.19
2025-10-16 00:21:41,744 - INFO - Bet 15: loss, Profit: -1.00, Capital: 998.19
2025-10-16 00:21:41,749 - INFO - Bet 16: win, Profit: 2.82, Capital: 1001.01
2025-10-16 00:21:41,752 - INFO - Bet 17: win, Profit: 2.14, Capital: 1003.16
2025-10-16 00:21:41,754 - INFO - Bet 18: win, Profit: 2.30, Capital: 1005.46
2025-10-16 00:21:41,771 - INFO - Bet 19: loss, Profit: -1.00, Capital: 1004.46
2025-10-16 00:21:41,777 - INFO - Bet 20: loss, Profit: -1.00, Capital: 1003.46
2025-10-16 00:21:41,780 - INFO - Bet 21: loss, Profit: -1.00, Capital: 1002.46
2025-10-16 00:21:41,781 - INFO - Bet 22: loss, Profit: -1.00, Capital: 1001.46
2025-10-16 00:21:41,783 - INFO - Bet 23: loss, Profit: -1.00, Capital: 1000.46
2025-10-16 00:21:41,785 - INFO - Bet 24: loss, Profit: -1.00, Capital: 999.46
2025-10-16 00:21:41,787 - INFO - Bet 25: win, Profit: 0.77, Capital: 1000.23
2025-10-16 00:21:41,790 - INFO - Bet 26: loss, Profit: -1.00, Capital: 999.23
2025-10-16 00:21:41,792 - INFO - Bet 27: win, Profit: 2.28, Capital: 1001.50
2025-10-16 00:21:41,795 - INFO - Bet 28: loss, Profit: -1.00, Capital: 1000.50
2025-10-16 00:21:41,798 - INFO - Bet 29: loss, Profit: -1.00, Capital: 999.50
2025-10-16 00:21:41,801 - INFO - Bet 30: loss, Profit: -1.00, Capital: 998.50
2025-10-16 00:21:41,803 - INFO - Bet 31: loss, Profit: -1.00, Capital: 997.50
2025-10-16 00:21:41,804 - INFO - Bet 32: win, Profit: 2.26, Capital: 999.76
2025-10-16 00:21:41,806 - INFO - Bet 33: win, Profit: 1.29, Capital: 1001.05
2025-10-16 00:21:41,808 - INFO - Bet 34: loss, Profit: -1.00, Capital: 1000.05
2025-10-16 00:21:41,810 - INFO - Bet 35: loss, Profit: -1.00, Capital: 999.05
2025-10-16 00:21:41,814 - INFO - Bet 36: win, Profit: 2.28, Capital: 1001.33
2025-10-16 00:21:41,817 - INFO - Bet 37: win, Profit: 2.27, Capital: 1003.61
2025-10-16 00:21:41,819 - INFO - Bet 38: loss, Profit: -1.00, Capital: 1002.61
2025-10-16 00:21:41,821 - INFO - Bet 39: loss, Profit: -1.00, Capital: 1001.61
2025-10-16 00:21:41,822 - INFO - Bet 40: loss, Profit: -1.00, Capital: 1000.61
2025-10-16 00:21:41,825 - INFO - Bet 41: loss, Profit: -1.00, Capital: 999.61
2025-10-16 00:21:41,828 - INFO - Bet 42: loss, Profit: -1.00, Capital: 998.61
2025-10-16 00:21:41,830 - INFO - Bet 43: win, Profit: 2.29, Capital: 1000.90
2025-10-16 00:21:41,832 - INFO - Bet 44: loss, Profit: -1.00, Capital: 999.90
2025-10-16 00:21:41,835 - INFO - Bet 45: win, Profit: 1.55, Capital: 1001.45
2025-10-16 00:21:41,838 - INFO - Bet 46: win, Profit: 3.16, Capital: 1004.61
2025-10-16 00:21:41,847 - INFO - Bet 47: loss, Profit: -1.00, Capital: 1003.61
2025-10-16 00:21:41,849 - INFO - Bet 48: win, Profit: 0.62, Capital: 1004.23
2025-10-16 00:21:41,850 - INFO - Bet 49: loss, Profit: -1.00, Capital: 1003.23
2025-10-16 00:21:41,851 - INFO - Bet 50: loss, Profit: -1.00, Capital: 1002.23
2025-10-16 00:21:41,853 - INFO - Bet 51: loss, Profit: -1.00, Capital: 1001.23
2025-10-16 00:21:41,859 - INFO - Bet 52: loss, Profit: -1.00, Capital: 1000.23
2025-10-16 00:21:41,861 - INFO - Bet 53: loss, Profit: -1.00, Capital: 999.23
2025-10-16 00:21:41,863 - INFO - Bet 54: loss, Profit: -1.00, Capital: 998.23
2025-10-16 00:21:41,865 - INFO - Bet 55: win, Profit: 3.20, Capital: 1001.43
2025-10-16 00:21:41,867 - INFO - Bet 56: win, Profit: 2.76, Capital: 1004.20
2025-10-16 00:21:41,868 - INFO - Bet 57: win, Profit: 1.69, Capital: 1005.89
2025-10-16 00:21:41,869 - INFO - Bet 58: win, Profit: 2.96, Capital: 1008.85
2025-10-16 00:21:41,875 - INFO - Bet 59: loss, Profit: -1.00, Capital: 1007.85
2025-10-16 00:21:41,878 - INFO - Bet 60: win, Profit: 2.93, Capital: 1010.77
2025-10-16 00:21:41,879 - INFO - Bet 61: win, Profit: 0.69, Capital: 1011.46
2025-10-16 00:21:41,883 - INFO - Bet 62: loss, Profit: -1.00, Capital: 1010.46
2025-10-16 00:21:41,885 - INFO - Bet 63: loss, Profit: -1.00, Capital: 1009.46
2025-10-16 00:21:41,887 - INFO - Bet 64: loss, Profit: -1.00, Capital: 1008.46
2025-10-16 00:21:41,888 - INFO - Bet 65: loss, Profit: -1.00, Capital: 1007.46
2025-10-16 00:21:41,891 - INFO - Bet 66: loss, Profit: -1.00, Capital: 1006.46
2025-10-16 00:21:41,893 - INFO - Bet 67: win, Profit: 1.60, Capital: 1008.06
2025-10-16 00:21:41,895 - INFO - Bet 68: loss, Profit: -1.00, Capital: 1007.06
2025-10-16 00:21:41,897 - INFO - Bet 69: loss, Profit: -1.00, Capital: 1006.06
2025-10-16 00:21:41,902 - INFO - Bet 70: win, Profit: 3.81, Capital: 1009.87
2025-10-16 00:21:41,904 - INFO - Bet 71: win, Profit: 1.42, Capital: 1011.29
2025-10-16 00:21:41,906 - INFO - Bet 72: win, Profit: 3.91, Capital: 1015.20
2025-10-16 00:21:41,908 - INFO - Bet 73: loss, Profit: -1.00, Capital: 1014.20
2025-10-16 00:21:41,909 - INFO - Bet 74: loss, Profit: -1.00, Capital: 1013.20
2025-10-16 00:21:41,911 - INFO - Bet 75: loss, Profit: -1.00, Capital: 1012.20
2025-10-16 00:21:41,914 - INFO - Bet 76: win, Profit: 3.52, Capital: 1015.72
2025-10-16 00:21:41,915 - INFO - Bet 77: loss, Profit: -1.00, Capital: 1014.72
2025-10-16 00:21:41,917 - INFO - Bet 78: loss, Profit: -1.00, Capital: 1013.72
2025-10-16 00:21:41,919 - INFO - Bet 79: loss, Profit: -1.00, Capital: 1012.72
2025-10-16 00:21:41,921 - INFO - Bet 80: loss, Profit: -1.00, Capital: 1011.72
2025-10-16 00:21:41,923 - INFO - Bet 81: loss, Profit: -1.00, Capital: 1010.72
2025-10-16 00:21:41,925 - INFO - Bet 82: loss, Profit: -1.00, Capital: 1009.72
2025-10-16 00:21:41,927 - INFO - Bet 83: loss, Profit: -1.00, Capital: 1008.72
2025-10-16 00:21:41,934 - INFO - Bet 84: win, Profit: 1.31, Capital: 1010.03
2025-10-16 00:21:41,935 - INFO - Bet 85: loss, Profit: -1.00, Capital: 1009.03
2025-10-16 00:21:41,940 - INFO - Bet 86: win, Profit: 3.83, Capital: 1012.85
2025-10-16 00:21:41,946 - INFO - Bet 87: win, Profit: 2.08, Capital: 1014.94
2025-10-16 00:21:41,949 - INFO - Bet 88: loss, Profit: -1.00, Capital: 1013.94
2025-10-16 00:21:41,951 - INFO - Bet 89: win, Profit: 2.35, Capital: 1016.29
2025-10-16 00:21:41,954 - INFO - Bet 90: loss, Profit: -1.00, Capital: 1015.29
2025-10-16 00:21:41,956 - INFO - Bet 91: win, Profit: 3.65, Capital: 1018.93
2025-10-16 00:21:41,957 - INFO - Bet 92: loss, Profit: -1.00, Capital: 1017.93
2025-10-16 00:21:41,959 - INFO - Bet 93: loss, Profit: -1.00, Capital: 1016.93
2025-10-16 00:21:41,968 - INFO - Bet 94: loss, Profit: -1.00, Capital: 1015.93
2025-10-16 00:21:41,970 - INFO - Bet 95: loss, Profit: -1.00, Capital: 1014.93
2025-10-16 00:21:41,971 - INFO - Bet 96: loss, Profit: -1.00, Capital: 1013.93
2025-10-16 00:21:41,973 - INFO - Bet 97: win, Profit: 3.27, Capital: 1017.21
2025-10-16 00:21:41,975 - INFO - Bet 98: loss, Profit: -1.00, Capital: 1016.21
2025-10-16 00:21:41,977 - INFO - Bet 99: win, Profit: 2.06, Capital: 1018.27
2025-10-16 00:21:41,978 - INFO - Bet 100: loss, Profit: -1.00, Capital: 1017.27
2025-10-16 00:21:41,979 - INFO - Bet 101: loss, Profit: -1.00, Capital: 1016.27
2025-10-16 00:21:41,981 - INFO - Bet 102: loss, Profit: -1.00, Capital: 1015.27
2025-10-16 00:21:41,984 - INFO - Bet 103: loss, Profit: -1.00, Capital: 1014.27
2025-10-16 00:21:41,985 - INFO - Bet 104: loss, Profit: -1.00, Capital: 1013.27
2025-10-16 00:21:41,987 - INFO - Bet 105: loss, Profit: -1.00, Capital: 1012.27
2025-10-16 00:21:41,988 - INFO - Bet 106: loss, Profit: -1.00, Capital: 1011.27
2025-10-16 00:21:41,991 - INFO - Bet 107: loss, Profit: -1.00, Capital: 1010.27
2025-10-16 00:21:41,998 - INFO - Bet 108: win, Profit: 2.61, Capital: 1012.88
2025-10-16 00:21:42,000 - INFO - Bet 109: loss, Profit: -1.00, Capital: 1011.88
2025-10-16 00:21:42,005 - INFO - Bet 110: loss, Profit: -1.00, Capital: 1010.88
2025-10-16 00:21:42,028 - INFO - Bet 111: loss, Profit: -1.00, Capital: 1009.88
2025-10-16 00:21:42,031 - INFO - Bet 112: win, Profit: 3.42, Capital: 1013.30
2025-10-16 00:21:42,047 - INFO - Bet 113: win, Profit: 2.29, Capital: 1015.59
2025-10-16 00:21:42,048 - INFO - Bet 114: win, Profit: 3.21, Capital: 1018.80
2025-10-16 00:21:42,055 - INFO - Bet 115: loss, Profit: -1.00, Capital: 1017.80
2025-10-16 00:21:42,062 - INFO - Bet 116: win, Profit: 1.83, Capital: 1019.63
2025-10-16 00:21:42,069 - INFO - Bet 117: loss, Profit: -1.00, Capital: 1018.63
2025-10-16 00:21:42,071 - INFO - Bet 118: win, Profit: 1.05, Capital: 1019.68
2025-10-16 00:21:42,075 - INFO - Bet 119: win, Profit: 3.34, Capital: 1023.02
2025-10-16 00:21:42,076 - INFO - Bet 120: loss, Profit: -1.00, Capital: 1022.02
2025-10-16 00:21:42,079 - INFO - Bet 121: loss, Profit: -1.00, Capital: 1021.02
2025-10-16 00:21:42,082 - INFO - Bet 122: loss, Profit: -1.00, Capital: 1020.02
2025-10-16 00:21:42,088 - INFO - Bet 123: loss, Profit: -1.00, Capital: 1019.02
2025-10-16 00:21:42,135 - INFO - Bet 124: loss, Profit: -1.00, Capital: 1018.02
2025-10-16 00:21:42,142 - INFO - Bet 125: loss, Profit: -1.00, Capital: 1017.02
2025-10-16 00:21:42,184 - INFO - Bet 126: loss, Profit: -1.00, Capital: 1016.02
2025-10-16 00:21:42,190 - INFO - Bet 127: win, Profit: 1.86, Capital: 1017.88
2025-10-16 00:21:42,199 - INFO - Bet 128: loss, Profit: -1.00, Capital: 1016.88
2025-10-16 00:21:42,203 - INFO - Bet 129: loss, Profit: -1.00, Capital: 1015.88
2025-10-16 00:21:42,218 - INFO - Bet 130: win, Profit: 3.89, Capital: 1019.77
2025-10-16 00:21:42,226 - INFO - Bet 131: loss, Profit: -1.00, Capital: 1018.77
2025-10-16 00:21:42,228 - INFO - Bet 132: loss, Profit: -1.00, Capital: 1017.77
2025-10-16 00:21:42,231 - INFO - Bet 133: loss, Profit: -1.00, Capital: 1016.77
2025-10-16 00:21:42,233 - INFO - Bet 134: win, Profit: 1.12, Capital: 1017.88
2025-10-16 00:21:42,235 - INFO - Bet 135: loss, Profit: -1.00, Capital: 1016.88
2025-10-16 00:21:42,238 - INFO - Bet 136: loss, Profit: -1.00, Capital: 1015.88
2025-10-16 00:21:42,243 - INFO - Bet 137: loss, Profit: -1.00, Capital: 1014.88
2025-10-16 00:21:42,247 - INFO - Bet 138: win, Profit: 2.15, Capital: 1017.03
2025-10-16 00:21:42,258 - INFO - Bet 139: loss, Profit: -1.00, Capital: 1016.03
2025-10-16 00:21:42,264 - INFO - Bet 140: loss, Profit: -1.00, Capital: 1015.03
2025-10-16 00:21:42,280 - INFO - Bet 141: loss, Profit: -1.00, Capital: 1014.03
2025-10-16 00:21:42,294 - INFO - Bet 142: loss, Profit: -1.00, Capital: 1013.03
2025-10-16 00:21:42,301 - INFO - Bet 143: loss, Profit: -1.00, Capital: 1012.03
2025-10-16 00:21:42,307 - INFO - Bet 144: loss, Profit: -1.00, Capital: 1011.03
2025-10-16 00:21:42,310 - INFO - Bet 145: loss, Profit: -1.00, Capital: 1010.03
2025-10-16 00:21:42,313 - INFO - Bet 146: loss, Profit: -1.00, Capital: 1009.03
2025-10-16 00:21:42,318 - INFO - Bet 147: win, Profit: 1.82, Capital: 1010.85
2025-10-16 00:21:42,321 - INFO - Bet 148: loss, Profit: -1.00, Capital: 1009.85
2025-10-16 00:21:42,324 - INFO - Bet 149: loss, Profit: -1.00, Capital: 1008.85
2025-10-16 00:21:42,327 - INFO - Bet 150: loss, Profit: -1.00, Capital: 1007.85
2025-10-16 00:21:42,330 - INFO - Bet 151: loss, Profit: -1.00, Capital: 1006.85
2025-10-16 00:21:42,332 - INFO - Bet 152: win, Profit: 2.92, Capital: 1009.78
2025-10-16 00:21:42,335 - INFO - Bet 153: win, Profit: 3.64, Capital: 1013.42
2025-10-16 00:21:42,337 - INFO - Bet 154: loss, Profit: -1.00, Capital: 1012.42
2025-10-16 00:21:42,340 - INFO - Bet 155: loss, Profit: -1.00, Capital: 1011.42
2025-10-16 00:21:42,342 - INFO - Bet 156: loss, Profit: -1.00, Capital: 1010.42
2025-10-16 00:21:42,346 - INFO - Bet 157: loss, Profit: -1.00, Capital: 1009.42
2025-10-16 00:21:42,356 - INFO - Bet 158: win, Profit: 2.96, Capital: 1012.37
2025-10-16 00:21:42,361 - INFO - Bet 159: loss, Profit: -1.00, Capital: 1011.37
2025-10-16 00:21:42,363 - INFO - Bet 160: loss, Profit: -1.00, Capital: 1010.37
2025-10-16 00:21:42,366 - INFO - Bet 161: loss, Profit: -1.00, Capital: 1009.37
2025-10-16 00:21:42,378 - INFO - Bet 162: win, Profit: 3.31, Capital: 1012.68
2025-10-16 00:21:42,381 - INFO - Bet 163: loss, Profit: -1.00, Capital: 1011.68
2025-10-16 00:21:42,383 - INFO - Bet 164: win, Profit: 2.18, Capital: 1013.87
2025-10-16 00:21:42,389 - INFO - Bet 165: win, Profit: 1.72, Capital: 1015.59
2025-10-16 00:21:42,393 - INFO - Bet 166: loss, Profit: -1.00, Capital: 1014.59
2025-10-16 00:21:42,404 - INFO - Bet 167: loss, Profit: -1.00, Capital: 1013.59
2025-10-16 00:21:42,407 - INFO - Bet 168: win, Profit: 1.04, Capital: 1014.63
2025-10-16 00:21:42,411 - INFO - Bet 169: win, Profit: 0.62, Capital: 1015.25
2025-10-16 00:21:42,413 - INFO - Bet 170: win, Profit: 0.84, Capital: 1016.10
2025-10-16 00:21:42,415 - INFO - Bet 171: loss, Profit: -1.00, Capital: 1015.10
2025-10-16 00:21:42,417 - INFO - Bet 172: loss, Profit: -1.00, Capital: 1014.10
2025-10-16 00:21:42,427 - INFO - Bet 173: loss, Profit: -1.00, Capital: 1013.10
2025-10-16 00:21:42,430 - INFO - Bet 174: loss, Profit: -1.00, Capital: 1012.10
2025-10-16 00:21:42,432 - INFO - Bet 175: loss, Profit: -1.00, Capital: 1011.10
2025-10-16 00:21:42,435 - INFO - Bet 176: win, Profit: 1.48, Capital: 1012.58
2025-10-16 00:21:42,438 - INFO - Bet 177: loss, Profit: -1.00, Capital: 1011.58
2025-10-16 00:21:42,447 - INFO - Bet 178: win, Profit: 3.28, Capital: 1014.85
2025-10-16 00:21:42,450 - INFO - Bet 179: loss, Profit: -1.00, Capital: 1013.85
2025-10-16 00:21:42,453 - INFO - Bet 180: loss, Profit: -1.00, Capital: 1012.85
2025-10-16 00:21:42,456 - INFO - Bet 181: win, Profit: 3.10, Capital: 1015.95
2025-10-16 00:21:42,460 - INFO - Bet 182: win, Profit: 1.60, Capital: 1017.56
2025-10-16 00:21:42,462 - INFO - Bet 183: win, Profit: 1.88, Capital: 1019.44
2025-10-16 00:21:42,464 - INFO - Bet 184: win, Profit: 1.60, Capital: 1021.04
2025-10-16 00:21:42,474 - INFO - Bet 185: loss, Profit: -1.00, Capital: 1020.04
2025-10-16 00:21:42,478 - INFO - Bet 186: win, Profit: 2.17, Capital: 1022.21
2025-10-16 00:21:42,482 - INFO - Bet 187: win, Profit: 3.03, Capital: 1025.24
2025-10-16 00:21:42,485 - INFO - Bet 188: win, Profit: 2.10, Capital: 1027.34
2025-10-16 00:21:42,486 - INFO - Bet 189: loss, Profit: -1.00, Capital: 1026.34
2025-10-16 00:21:42,492 - INFO - Bet 190: win, Profit: 1.17, Capital: 1027.50
2025-10-16 00:21:42,495 - INFO - Bet 191: loss, Profit: -1.00, Capital: 1026.50
2025-10-16 00:21:42,499 - INFO - Bet 192: win, Profit: 1.47, Capital: 1027.98
2025-10-16 00:21:42,500 - INFO - Bet 193: loss, Profit: -1.00, Capital: 1026.98
2025-10-16 00:21:42,502 - INFO - Bet 194: loss, Profit: -1.00, Capital: 1025.98
2025-10-16 00:21:42,510 - INFO - Bet 195: loss, Profit: -1.00, Capital: 1024.98
2025-10-16 00:21:42,513 - INFO - Bet 196: loss, Profit: -1.00, Capital: 1023.98
2025-10-16 00:21:42,515 - INFO - Bet 197: win, Profit: 3.26, Capital: 1027.23
2025-10-16 00:21:42,519 - INFO - Bet 198: loss, Profit: -1.00, Capital: 1026.23
2025-10-16 00:21:42,522 - INFO - Bet 199: loss, Profit: -1.00, Capital: 1025.23
2025-10-16 00:21:42,531 - INFO - Bet 200: loss, Profit: -1.00, Capital: 1024.23
2025-10-16 00:21:42,533 - INFO - Bet 201: loss, Profit: -1.00, Capital: 1023.23
2025-10-16 00:21:42,536 - INFO - Bet 202: win, Profit: 2.35, Capital: 1025.58
2025-10-16 00:21:42,537 - INFO - Bet 203: win, Profit: 2.46, Capital: 1028.04
2025-10-16 00:21:42,542 - INFO - Bet 204: win, Profit: 1.46, Capital: 1029.50
2025-10-16 00:21:42,545 - INFO - Bet 205: loss, Profit: -1.00, Capital: 1028.50
2025-10-16 00:21:42,554 - INFO - Bet 206: loss, Profit: -1.00, Capital: 1027.50
2025-10-16 00:21:42,558 - INFO - Bet 207: win, Profit: 2.82, Capital: 1030.32
2025-10-16 00:21:42,562 - INFO - Bet 208: loss, Profit: -1.00, Capital: 1029.32
2025-10-16 00:21:42,563 - INFO - Bet 209: loss, Profit: -1.00, Capital: 1028.32
2025-10-16 00:21:42,566 - INFO - Bet 210: loss, Profit: -1.00, Capital: 1027.32
2025-10-16 00:21:42,570 - INFO - Bet 211: loss, Profit: -1.00, Capital: 1026.32
2025-10-16 00:21:42,572 - INFO - Bet 212: loss, Profit: -1.00, Capital: 1025.32
2025-10-16 00:21:42,574 - INFO - Bet 213: win, Profit: 3.62, Capital: 1028.94
2025-10-16 00:21:42,587 - INFO - Bet 214: loss, Profit: -1.00, Capital: 1027.94
2025-10-16 00:21:42,590 - INFO - Bet 215: loss, Profit: -1.00, Capital: 1026.94
2025-10-16 00:21:42,597 - INFO - Bet 216: loss, Profit: -1.00, Capital: 1025.94
2025-10-16 00:21:42,599 - INFO - Bet 217: loss, Profit: -1.00, Capital: 1024.94
2025-10-16 00:21:42,602 - INFO - Bet 218: loss, Profit: -1.00, Capital: 1023.94
2025-10-16 00:21:42,603 - INFO - Bet 219: loss, Profit: -1.00, Capital: 1022.94
2025-10-16 00:21:42,606 - INFO - Bet 220: win, Profit: 2.25, Capital: 1025.18
2025-10-16 00:21:42,607 - INFO - Bet 221: win, Profit: 2.37, Capital: 1027.55
2025-10-16 00:21:42,616 - INFO - Bet 222: win, Profit: 3.22, Capital: 1030.77
2025-10-16 00:21:42,617 - INFO - Bet 223: loss, Profit: -1.00, Capital: 1029.77
2025-10-16 00:21:42,620 - INFO - Bet 224: loss, Profit: -1.00, Capital: 1028.77
2025-10-16 00:21:42,622 - INFO - Bet 225: loss, Profit: -1.00, Capital: 1027.77
2025-10-16 00:21:42,623 - INFO - Bet 226: loss, Profit: -1.00, Capital: 1026.77
2025-10-16 00:21:42,626 - INFO - Bet 227: loss, Profit: -1.00, Capital: 1025.77
2025-10-16 00:21:42,634 - INFO - Bet 228: loss, Profit: -1.00, Capital: 1024.77
2025-10-16 00:21:42,637 - INFO - Bet 229: loss, Profit: -1.00, Capital: 1023.77
2025-10-16 00:21:42,639 - INFO - Bet 230: loss, Profit: -1.00, Capital: 1022.77
2025-10-16 00:21:42,644 - INFO - Bet 231: loss, Profit: -1.00, Capital: 1021.77
2025-10-16 00:21:42,646 - INFO - Bet 232: win, Profit: 3.44, Capital: 1025.21
2025-10-16 00:21:42,651 - INFO - Bet 233: loss, Profit: -1.00, Capital: 1024.21
2025-10-16 00:21:42,654 - INFO - Bet 234: loss, Profit: -1.00, Capital: 1023.21
2025-10-16 00:21:42,657 - INFO - Bet 235: win, Profit: 1.33, Capital: 1024.53
2025-10-16 00:21:42,660 - INFO - Bet 236: loss, Profit: -1.00, Capital: 1023.53
2025-10-16 00:21:42,662 - INFO - Bet 237: loss, Profit: -1.00, Capital: 1022.53
2025-10-16 00:21:42,664 - INFO - Bet 238: loss, Profit: -1.00, Capital: 1021.53
2025-10-16 00:21:42,675 - INFO - Bet 239: win, Profit: 2.88, Capital: 1024.42
2025-10-16 00:21:42,676 - INFO - Bet 240: win, Profit: 1.12, Capital: 1025.53
2025-10-16 00:21:42,678 - INFO - Bet 241: win, Profit: 0.94, Capital: 1026.47
2025-10-16 00:21:42,680 - INFO - Bet 242: loss, Profit: -1.00, Capital: 1025.47
2025-10-16 00:21:42,683 - INFO - Bet 243: loss, Profit: -1.00, Capital: 1024.47
2025-10-16 00:21:42,686 - INFO - Bet 244: loss, Profit: -1.00, Capital: 1023.47
2025-10-16 00:21:42,688 - INFO - Bet 245: loss, Profit: -1.00, Capital: 1022.47
2025-10-16 00:21:42,690 - INFO - Bet 246: loss, Profit: -1.00, Capital: 1021.47
2025-10-16 00:21:42,693 - INFO - Bet 247: loss, Profit: -1.00, Capital: 1020.47
2025-10-16 00:21:42,694 - INFO - Bet 248: loss, Profit: -1.00, Capital: 1019.47
2025-10-16 00:21:42,696 - INFO - Bet 249: loss, Profit: -1.00, Capital: 1018.47
2025-10-16 00:21:42,699 - INFO - Bet 250: loss, Profit: -1.00, Capital: 1017.47
2025-10-16 00:21:42,702 - INFO - Bet 251: loss, Profit: -1.00, Capital: 1016.47
2025-10-16 00:21:42,705 - INFO - Bet 252: loss, Profit: -1.00, Capital: 1015.47
2025-10-16 00:21:42,706 - INFO - Bet 253: loss, Profit: -1.00, Capital: 1014.47
2025-10-16 00:21:42,710 - INFO - Bet 254: win, Profit: 2.47, Capital: 1016.95
2025-10-16 00:21:42,716 - INFO - Bet 255: loss, Profit: -1.00, Capital: 1015.95
2025-10-16 00:21:42,718 - INFO - Bet 256: loss, Profit: -1.00, Capital: 1014.95
2025-10-16 00:21:42,720 - INFO - Bet 257: loss, Profit: -1.00, Capital: 1013.95
2025-10-16 00:21:42,723 - INFO - Bet 258: loss, Profit: -1.00, Capital: 1012.95
2025-10-16 00:21:42,726 - INFO - Bet 259: win, Profit: 1.40, Capital: 1014.34
2025-10-16 00:21:42,728 - INFO - Bet 260: loss, Profit: -1.00, Capital: 1013.34
2025-10-16 00:21:42,732 - INFO - Bet 261: loss, Profit: -1.00, Capital: 1012.34
2025-10-16 00:21:42,735 - INFO - Bet 262: win, Profit: 0.57, Capital: 1012.91
2025-10-16 00:21:42,741 - INFO - Bet 263: loss, Profit: -1.00, Capital: 1011.91
2025-10-16 00:21:42,744 - INFO - Bet 264: loss, Profit: -1.00, Capital: 1010.91
2025-10-16 00:21:42,746 - INFO - Bet 265: win, Profit: 2.04, Capital: 1012.95
2025-10-16 00:21:42,749 - INFO - Bet 266: loss, Profit: -1.00, Capital: 1011.95
2025-10-16 00:21:42,751 - INFO - Bet 267: loss, Profit: -1.00, Capital: 1010.95
2025-10-16 00:21:42,756 - INFO - Bet 268: loss, Profit: -1.00, Capital: 1009.95
2025-10-16 00:21:42,758 - INFO - Bet 269: win, Profit: 2.82, Capital: 1012.77
2025-10-16 00:21:42,762 - INFO - Bet 270: win, Profit: 3.83, Capital: 1016.60
2025-10-16 00:21:42,764 - INFO - Bet 271: loss, Profit: -1.00, Capital: 1015.60
2025-10-16 00:21:42,769 - INFO - Bet 272: loss, Profit: -1.00, Capital: 1014.60
2025-10-16 00:21:42,775 - INFO - Bet 273: win, Profit: 3.14, Capital: 1017.74
2025-10-16 00:21:42,778 - INFO - Bet 274: win, Profit: 1.99, Capital: 1019.73
2025-10-16 00:21:42,781 - INFO - Bet 275: win, Profit: 0.79, Capital: 1020.52
2025-10-16 00:21:42,783 - INFO - Bet 276: loss, Profit: -1.00, Capital: 1019.52
2025-10-16 00:21:42,785 - INFO - Bet 277: loss, Profit: -1.00, Capital: 1018.52
2025-10-16 00:21:42,788 - INFO - Bet 278: win, Profit: 2.68, Capital: 1021.20
2025-10-16 00:21:42,792 - INFO - Bet 279: win, Profit: 2.31, Capital: 1023.52
2025-10-16 00:21:42,794 - INFO - Bet 280: loss, Profit: -1.00, Capital: 1022.52
2025-10-16 00:21:42,797 - INFO - Walk-forward backtest complete: 2.25% return, 280 bets, 2.02% max drawdown
2025-10-16 00:21:42,824 - INFO - Calculating performance metrics
2025-10-16 00:21:42,830 - INFO - Analyzing drawdowns
2025-10-16 00:21:42,833 - ERROR - Error in backtesting: The truth value of an array with more than one element is ambiguous. Use a.any() or a.all()
2025-10-16 00:21:42,833 - INFO - Step 3: Betting Strategy Implementation
2025-10-16 00:21:42,833 - INFO - Implementing betting strategy
2025-10-16 00:21:42,872 - ERROR - Error in betting strategy: division by zero
2025-10-16 00:21:42,879 - INFO - Step 4: Performance Metrics Calculation
2025-10-16 00:21:42,880 - INFO - Calculating performance metrics
2025-10-16 00:21:42,880 - INFO - Calculating comprehensive performance metrics
2025-10-16 00:21:42,880 - INFO - Calculating primary performance metrics
2025-10-16 00:21:42,880 - INFO - Calculating secondary performance metrics
2025-10-16 00:21:42,881 - INFO - Calculating risk metrics
2025-10-16 00:21:42,881 - ERROR - Error in performance metrics: 'risk'
2025-10-16 00:21:42,881 - INFO - Step 5: Risk Management Integration
2025-10-16 00:21:42,881 - INFO - Integrating risk management
2025-10-16 00:21:42,881 - INFO - Calculating current risk metrics
2025-10-16 00:21:42,882 - INFO - Assessing risk level
2025-10-16 00:21:42,882 - INFO - Performing stress testing
2025-10-16 00:21:42,882 - INFO - Step 6: Live Testing Framework Setup
2025-10-16 00:21:42,882 - INFO - Setting up live testing framework
2025-10-16 00:21:42,883 - INFO - Starting live testing session
2025-10-16 00:21:42,883 - INFO - Testing session started: phase3_session_20251016_002142
2025-10-16 00:21:42,886 - INFO - Placing paper trade
2025-10-16 00:21:42,887 - INFO - Trade alert: Trade placed: ID=1, Size=$50.00
2025-10-16 00:21:42,888 - INFO - Paper trade placed: ID=1, Size=$50.00
2025-10-16 00:21:42,888 - INFO - Settling paper trade: ID=1
2025-10-16 00:21:42,889 - INFO - Trade alert: Trade settled: ID=1, Size=$50.00
2025-10-16 00:21:42,889 - INFO - Paper trade settled: ID=1, Outcome=LOSS, Profit=$-50.00
2025-10-16 00:21:42,890 - INFO - Placing paper trade
2025-10-16 00:21:42,891 - INFO - Trade alert: Trade placed: ID=2, Size=$50.00
2025-10-16 00:21:42,891 - INFO - Paper trade placed: ID=2, Size=$50.00
2025-10-16 00:21:42,892 - INFO - Settling paper trade: ID=2
2025-10-16 00:21:42,892 - INFO - Trade alert: Trade settled: ID=2, Size=$50.00
2025-10-16 00:21:42,893 - INFO - Paper trade settled: ID=2, Outcome=LOSS, Profit=$-50.00
2025-10-16 00:21:42,894 - INFO - Placing paper trade
2025-10-16 00:21:42,894 - INFO - Trade alert: Trade placed: ID=3, Size=$50.00
2025-10-16 00:21:42,895 - INFO - Paper trade placed: ID=3, Size=$50.00
2025-10-16 00:21:42,895 - INFO - Settling paper trade: ID=3
2025-10-16 00:21:42,895 - INFO - Trade alert: Trade settled: ID=3, Size=$50.00
2025-10-16 00:21:42,896 - INFO - Paper trade settled: ID=3, Outcome=LOSS, Profit=$-50.00
2025-10-16 00:21:42,897 - INFO - Placing paper trade
2025-10-16 00:21:42,897 - INFO - Trade alert: Trade placed: ID=4, Size=$50.00
2025-10-16 00:21:42,898 - INFO - Paper trade placed: ID=4, Size=$50.00
2025-10-16 00:21:42,898 - INFO - Settling paper trade: ID=4
2025-10-16 00:21:42,898 - INFO - Trade alert: Trade settled: ID=4, Size=$50.00
2025-10-16 00:21:42,898 - INFO - Paper trade settled: ID=4, Outcome=LOSS, Profit=$-50.00
2025-10-16 00:21:42,900 - INFO - Placing paper trade
2025-10-16 00:21:42,900 - INFO - Trade alert: Trade placed: ID=5, Size=$50.00
2025-10-16 00:21:42,901 - INFO - Paper trade placed: ID=5, Size=$50.00
2025-10-16 00:21:42,902 - INFO - Settling paper trade: ID=5
2025-10-16 00:21:42,902 - INFO - Trade alert: Trade settled: ID=5, Size=$50.00
2025-10-16 00:21:42,902 - INFO - Paper trade settled: ID=5, Outcome=WIN, Profit=$167.27
2025-10-16 00:21:42,903 - INFO - Placing paper trade
2025-10-16 00:21:42,904 - INFO - Placing paper trade
2025-10-16 00:21:42,905 - INFO - Placing paper trade
2025-10-16 00:21:42,906 - INFO - Placing paper trade
2025-10-16 00:21:42,906 - INFO - Trade alert: Trade placed: ID=6, Size=$50.00
2025-10-16 00:21:42,906 - INFO - Paper trade placed: ID=6, Size=$50.00
2025-10-16 00:21:42,907 - INFO - Settling paper trade: ID=6
2025-10-16 00:21:42,907 - INFO - Trade alert: Trade settled: ID=6, Size=$50.00
2025-10-16 00:21:42,907 - INFO - Paper trade settled: ID=6, Outcome=WIN, Profit=$99.12
2025-10-16 00:21:42,909 - INFO - Placing paper trade
2025-10-16 00:21:42,910 - INFO - Trade alert: Trade placed: ID=7, Size=$50.00
2025-10-16 00:21:42,910 - INFO - Paper trade placed: ID=7, Size=$50.00
2025-10-16 00:21:42,910 - INFO - Settling paper trade: ID=7
2025-10-16 00:21:42,911 - INFO - Trade alert: Trade settled: ID=7, Size=$50.00
2025-10-16 00:21:42,911 - INFO - Paper trade settled: ID=7, Outcome=WIN, Profit=$114.95
2025-10-16 00:21:42,914 - INFO - Stopping live testing session
2025-10-16 00:21:42,915 - INFO - Testing session stopped: phase3_session_20251016_002142
2025-10-16 00:21:42,916 - INFO - Step 7: Final Integration and Validation
2025-10-16 00:21:42,916 - INFO - Integrating and validating Phase 3 results
2025-10-16 00:21:42,917 - INFO - Step 8: Saving Results
2025-10-16 00:21:42,917 - INFO - Saving results for E1
2025-10-16 00:21:42,917 - INFO - Saving risk state to ./pipeline_output/phase3_output/E1_risk_management.pkl
2025-10-16 00:21:42,920 - INFO - Risk state saved successfully
2025-10-16 00:21:42,921 - INFO - Saving testing session to ./pipeline_output/phase3_output/E1_live_testing.pkl
2025-10-16 00:21:42,935 - INFO - Testing session saved successfully
2025-10-16 00:21:42,945 - INFO - Phase 3 results saved successfully
2025-10-16 00:21:42,946 - INFO - Phase 3 pipeline completed successfully
2025-10-16 00:21:42,947 - INFO - ✅ Phase 3 completed successfully
================================================================================
PHASE 3: BACKTESTING & STRATEGY DEVELOPMENT
================================================================================

================================================================================
✅ PHASE 3 COMPLETE
================================================================================

📁 Output directory: ./pipeline_output/phase3_output
================================================================================

================================================================================
PHASE 3 EXECUTION COMPLETE
================================================================================

Next steps:
  • Review backtesting results
  • Analyze betting strategy performance
  • Proceed to Phase 4 (Production Deployment)
================================================================================
