2025-10-10 23:55:55,685 - __main__ - INFO - Master Pipeline initialized
2025-10-10 23:55:55,685 - __main__ - INFO - Using default configuration
2025-10-10 23:55:55,686 - __main__ - INFO - ================================================================================
2025-10-10 23:55:55,686 - __main__ - INFO - STARTING MULTI-MARKET BETTING PIPELINE
2025-10-10 23:55:55,686 - __main__ - INFO - ================================================================================
2025-10-10 23:55:55,687 - multi_market_integration - INFO - Initializing multi-market components
2025-10-10 23:55:55,687 - multi_market_integration - INFO - All components initialized
2025-10-10 23:55:55,687 - multi_market_integration - INFO - Running complete multi-market pipeline for E1
2025-10-10 23:55:55,687 - multi_market_integration - INFO - Phase 1: Data Collection
2025-10-10 23:55:55,687 - multi_market_integration - INFO - Collecting multi-market data for E1
2025-10-10 23:55:55,688 - non_major_league_data_collector - INFO - Collecting multi-market data for E1
2025-10-10 23:55:55,688 - non_major_league_data_collector - INFO - Collecting historical data for E1, seasons: ['2324', '2223']
2025-10-10 23:55:59,141 - non_major_league_data_collector - INFO - Collected 552 matches for E1 2324
2025-10-10 23:56:02,610 - non_major_league_data_collector - INFO - Collected 552 matches for E1 2223
2025-10-10 23:56:02,611 - non_major_league_data_collector - INFO - Validating data quality for E1
2025-10-10 23:56:02,637 - non_major_league_data_collector - INFO - Removed 0 duplicate rows
2025-10-10 23:56:02,658 - non_major_league_data_collector - WARNING - Found 634 invalid dates
2025-10-10 23:56:02,672 - non_major_league_data_collector - INFO - Found 30 unique teams
2025-10-10 23:56:02,701 - non_major_league_data_collector - INFO - Data validation complete. Final dataset: 470 matches
2025-10-10 23:56:02,702 - non_major_league_data_collector - INFO - Total historical data collected: 470 matches
2025-10-10 23:56:02,703 - non_major_league_data_collector - INFO - Enhancing with match statistics
2025-10-10 23:56:02,704 - non_major_league_data_collector - INFO - Enhancing with half-time data
2025-10-10 23:56:02,712 - non_major_league_data_collector - INFO - Enhancing with detailed statistics
2025-10-10 23:56:02,733 - non_major_league_data_collector - INFO - Multi-market data collection complete: 470 matches
2025-10-10 23:56:02,734 - multi_market_integration - INFO - Collected 470 matches with 126 features
2025-10-10 23:56:02,734 - multi_market_integration - INFO - Phase 2: Feature Engineering
2025-10-10 23:56:02,734 - multi_market_integration - INFO - Engineering multi-market features
2025-10-10 23:56:02,734 - multi_market_strategy - INFO - Creating multi-market targets
2025-10-10 23:56:02,827 - multi_market_strategy - INFO - Created 14 market targets
2025-10-10 23:56:02,827 - multi_market_strategy - INFO - Creating market-specific features
2025-10-10 23:56:02,970 - multi_market_strategy - INFO - Created market-specific features
2025-10-10 23:56:02,971 - non_major_league_feature_engineer - INFO - Starting feature engineering for 470 matches
2025-10-10 23:56:02,974 - non_major_league_feature_engineer - INFO - Creating basic features
2025-10-10 23:56:02,985 - non_major_league_feature_engineer - INFO - Creating form features
2025-10-10 23:56:12,106 - non_major_league_feature_engineer - INFO - Creating consistency features
2025-10-10 23:56:15,293 - non_major_league_feature_engineer - INFO - Creating market features
2025-10-10 23:56:15,316 - non_major_league_feature_engineer - INFO - Creating temporal features
2025-10-10 23:56:17,431 - non_major_league_feature_engineer - INFO - Creating seasonal features
2025-10-10 23:56:19,688 - non_major_league_feature_engineer - INFO - Creating fixture congestion features
2025-10-10 23:56:27,558 - non_major_league_feature_engineer - INFO - Creating temporal context features
2025-10-10 23:56:27,568 - non_major_league_feature_engineer - INFO - Creating momentum features
2025-10-10 23:56:32,754 - non_major_league_feature_engineer - INFO - Creating league position features
2025-10-10 23:56:32,984 - non_major_league_feature_engineer - INFO - Creating league-specific features
2025-10-10 23:56:32,985 - non_major_league_feature_engineer - INFO - Creating cross-league features
2025-10-10 23:56:32,986 - non_major_league_feature_engineer - INFO - Creating advanced statistical features
2025-10-10 23:56:32,990 - non_major_league_feature_engineer - INFO - Creating team embedding features
2025-10-10 23:56:33,303 - non_major_league_feature_engineer - INFO - Finalizing features
2025-10-10 23:56:33,601 - non_major_league_feature_engineer - INFO - Feature engineering complete. Final features: 286
2025-10-10 23:56:33,601 - multi_market_integration - INFO - Feature engineering complete: 286 features
2025-10-10 23:56:33,602 - multi_market_integration - INFO - Phase 3: Model Training
2025-10-10 23:56:33,602 - multi_market_integration - INFO - Training multi-market models
2025-10-10 23:56:33,602 - multi_market_model_architecture - INFO - Creating market-specific features
2025-10-10 23:56:33,607 - multi_market_model_architecture - INFO - Created features for 6 markets
2025-10-10 23:56:33,608 - multi_market_integration - ERROR - Pipeline execution failed: 'model_training'
2025-10-10 23:56:33,610 - __main__ - INFO - Multi-market pipeline completed successfully in 37.92 seconds
