2025-10-11 00:21:16,760 - __main__ - INFO - Master Pipeline initialized
2025-10-11 00:21:16,760 - __main__ - INFO - Using default configuration
2025-10-11 00:21:16,761 - __main__ - INFO - ================================================================================
2025-10-11 00:21:16,761 - __main__ - INFO - STARTING MULTI-MARKET BETTING PIPELINE
2025-10-11 00:21:16,761 - __main__ - INFO - ================================================================================
2025-10-11 00:21:16,761 - multi_market_integration - INFO - Initializing multi-market components
2025-10-11 00:21:16,761 - multi_market_integration - INFO - All components initialized
2025-10-11 00:21:16,761 - multi_market_integration - INFO - Running complete multi-market pipeline for E1
2025-10-11 00:21:16,761 - multi_market_integration - INFO - Phase 1: Data Collection
2025-10-11 00:21:16,761 - multi_market_integration - INFO - Collecting multi-market data for E1
2025-10-11 00:21:16,761 - non_major_league_data_collector - INFO - Collecting multi-market data for E1
2025-10-11 00:21:16,761 - non_major_league_data_collector - INFO - Collecting historical data for E1, seasons: ['2324', '2223']
2025-10-11 00:21:20,906 - non_major_league_data_collector - INFO - Collected 552 matches for E1 2324
2025-10-11 00:21:24,229 - non_major_league_data_collector - INFO - Collected 552 matches for E1 2223
2025-10-11 00:21:24,231 - non_major_league_data_collector - INFO - Validating data quality for E1
2025-10-11 00:21:24,248 - non_major_league_data_collector - INFO - Removed 0 duplicate rows
2025-10-11 00:21:24,258 - non_major_league_data_collector - WARNING - Found 634 invalid dates
2025-10-11 00:21:24,263 - non_major_league_data_collector - INFO - Found 30 unique teams
2025-10-11 00:21:24,272 - non_major_league_data_collector - INFO - Data validation complete. Final dataset: 470 matches
2025-10-11 00:21:24,273 - non_major_league_data_collector - INFO - Total historical data collected: 470 matches
2025-10-11 00:21:24,273 - non_major_league_data_collector - INFO - Enhancing with match statistics
2025-10-11 00:21:24,273 - non_major_league_data_collector - INFO - Enhancing with half-time data
2025-10-11 00:21:24,278 - non_major_league_data_collector - INFO - Enhancing with detailed statistics
2025-10-11 00:21:24,285 - non_major_league_data_collector - INFO - Multi-market data collection complete: 470 matches
2025-10-11 00:21:24,285 - multi_market_integration - INFO - Collected 470 matches with 126 features
2025-10-11 00:21:24,286 - multi_market_integration - INFO - Phase 2: Feature Engineering
2025-10-11 00:21:24,286 - multi_market_integration - INFO - Engineering multi-market features
2025-10-11 00:21:24,286 - multi_market_strategy - INFO - Creating multi-market targets
2025-10-11 00:21:24,317 - multi_market_strategy - INFO - Created 14 market targets
2025-10-11 00:21:24,317 - multi_market_strategy - INFO - Creating market-specific features
2025-10-11 00:21:24,372 - multi_market_strategy - INFO - Created market-specific features
2025-10-11 00:21:24,372 - non_major_league_feature_engineer - INFO - Starting feature engineering for 470 matches
2025-10-11 00:21:24,373 - non_major_league_feature_engineer - INFO - Creating basic features
2025-10-11 00:21:24,378 - non_major_league_feature_engineer - INFO - Creating form features
2025-10-11 00:21:33,280 - non_major_league_feature_engineer - INFO - Creating consistency features
2025-10-11 00:21:37,103 - non_major_league_feature_engineer - INFO - Creating market features
2025-10-11 00:21:37,129 - non_major_league_feature_engineer - INFO - Creating temporal features
2025-10-11 00:21:39,626 - non_major_league_feature_engineer - INFO - Creating seasonal features
2025-10-11 00:21:42,327 - non_major_league_feature_engineer - INFO - Creating fixture congestion features
2025-10-11 00:21:51,887 - non_major_league_feature_engineer - INFO - Creating temporal context features
2025-10-11 00:21:51,893 - non_major_league_feature_engineer - INFO - Creating momentum features
2025-10-11 00:21:57,480 - non_major_league_feature_engineer - INFO - Creating league position features
2025-10-11 00:21:57,735 - non_major_league_feature_engineer - INFO - Creating league-specific features
2025-10-11 00:21:57,735 - non_major_league_feature_engineer - INFO - Creating cross-league features
2025-10-11 00:21:57,737 - non_major_league_feature_engineer - INFO - Creating advanced statistical features
2025-10-11 00:21:57,745 - non_major_league_feature_engineer - INFO - Creating team embedding features
2025-10-11 00:21:58,066 - non_major_league_feature_engineer - INFO - Finalizing features
2025-10-11 00:21:58,384 - non_major_league_feature_engineer - INFO - Feature engineering complete. Final features: 286
2025-10-11 00:21:58,384 - multi_market_integration - INFO - Feature engineering complete: 286 features
2025-10-11 00:21:58,385 - multi_market_integration - INFO - Phase 3: Model Training
2025-10-11 00:21:58,385 - multi_market_integration - INFO - Training multi-market models
2025-10-11 00:21:58,385 - multi_market_model_architecture - INFO - Creating market-specific features
2025-10-11 00:21:58,400 - multi_market_model_architecture - INFO - Created features for 6 markets
2025-10-11 00:21:58,401 - multi_market_model_architecture - INFO - Training separate models
2025-10-11 00:21:58,402 - multi_market_model_architecture - INFO - Creating separate models for each market
2025-10-11 00:21:58,402 - multi_market_model_architecture - INFO - Created separate models for 10 markets
2025-10-11 00:21:58,403 - multi_market_model_architecture - INFO - Training xgboost for match_result...
2025-10-11 00:21:58,404 - multi_market_model_architecture - ERROR - Error training xgboost for match_result: Invalid classes inferred from unique values of `y`.  Expected: [0 1 2], got [-1.27950804 -0.11180167  1.05590469]
2025-10-11 00:21:58,404 - multi_market_model_architecture - INFO - Training lightgbm for match_result...
2025-10-11 00:21:58,405 - multi_market_model_architecture - ERROR - Error training lightgbm for match_result: Unknown label type: continuous. Maybe you are trying to fit a classifier, which expects discrete classes on a regression target with continuous values.
2025-10-11 00:21:58,405 - multi_market_model_architecture - INFO - Training random_forest for match_result...
2025-10-11 00:21:58,408 - multi_market_model_architecture - ERROR - Error training random_forest for match_result: Unknown label type: continuous. Maybe you are trying to fit a classifier, which expects discrete classes on a regression target with continuous values.
2025-10-11 00:21:58,408 - multi_market_model_architecture - INFO - Training xgboost for both_teams_score...
2025-10-11 00:21:58,409 - multi_market_model_architecture - ERROR - Error training xgboost for both_teams_score: Invalid classes inferred from unique values of `y`.  Expected: [0 1], got [-0.95423745  1.0479572 ]
2025-10-11 00:21:58,409 - multi_market_model_architecture - INFO - Training lightgbm for both_teams_score...
2025-10-11 00:21:58,409 - multi_market_model_architecture - ERROR - Error training lightgbm for both_teams_score: Unknown label type: continuous. Maybe you are trying to fit a classifier, which expects discrete classes on a regression target with continuous values.
2025-10-11 00:21:58,409 - multi_market_model_architecture - INFO - Training random_forest for both_teams_score...
2025-10-11 00:21:58,411 - multi_market_model_architecture - ERROR - Error training random_forest for both_teams_score: Unknown label type: continuous. Maybe you are trying to fit a classifier, which expects discrete classes on a regression target with continuous values.
2025-10-11 00:21:58,412 - multi_market_model_architecture - INFO - Training xgboost for over_under_25...
2025-10-11 00:21:58,412 - multi_market_model_architecture - ERROR - Error training xgboost for over_under_25: Invalid classes inferred from unique values of `y`.  Expected: [0 1], got [-0.926125    1.07976785]
2025-10-11 00:21:58,412 - multi_market_model_architecture - INFO - Training lightgbm for over_under_25...
2025-10-11 00:21:58,413 - multi_market_model_architecture - ERROR - Error training lightgbm for over_under_25: Unknown label type: continuous. Maybe you are trying to fit a classifier, which expects discrete classes on a regression target with continuous values.
2025-10-11 00:21:58,413 - multi_market_model_architecture - INFO - Training random_forest for over_under_25...
2025-10-11 00:21:58,415 - multi_market_model_architecture - ERROR - Error training random_forest for over_under_25: Unknown label type: continuous. Maybe you are trying to fit a classifier, which expects discrete classes on a regression target with continuous values.
2025-10-11 00:21:58,415 - multi_market_model_architecture - INFO - Training xgboost for over_under_15...
2025-10-11 00:21:58,416 - multi_market_model_architecture - ERROR - Error training xgboost for over_under_15: Invalid classes inferred from unique values of `y`.  Expected: [0 1], got [-1.46059349  0.6846532 ]
2025-10-11 00:21:58,416 - multi_market_model_architecture - INFO - Training lightgbm for over_under_15...
2025-10-11 00:21:58,417 - multi_market_model_architecture - ERROR - Error training lightgbm for over_under_15: Unknown label type: continuous. Maybe you are trying to fit a classifier, which expects discrete classes on a regression target with continuous values.
2025-10-11 00:21:58,417 - multi_market_model_architecture - INFO - Training random_forest for over_under_15...
2025-10-11 00:21:58,419 - multi_market_model_architecture - ERROR - Error training random_forest for over_under_15: Unknown label type: continuous. Maybe you are trying to fit a classifier, which expects discrete classes on a regression target with continuous values.
2025-10-11 00:21:58,419 - multi_market_model_architecture - INFO - Training xgboost for half_time_result...
2025-10-11 00:21:58,420 - multi_market_model_architecture - ERROR - Error training xgboost for half_time_result: Invalid classes inferred from unique values of `y`.  Expected: [0 1 2], got [-1.45522512 -0.1035338   1.24815751]
2025-10-11 00:21:58,420 - multi_market_model_architecture - INFO - Training lightgbm for half_time_result...
2025-10-11 00:21:58,421 - multi_market_model_architecture - ERROR - Error training lightgbm for half_time_result: Unknown label type: continuous. Maybe you are trying to fit a classifier, which expects discrete classes on a regression target with continuous values.
2025-10-11 00:21:58,421 - multi_market_model_architecture - INFO - Training random_forest for half_time_result...
2025-10-11 00:21:58,423 - multi_market_model_architecture - ERROR - Error training random_forest for half_time_result: Unknown label type: continuous. Maybe you are trying to fit a classifier, which expects discrete classes on a regression target with continuous values.
2025-10-11 00:21:58,424 - multi_market_model_architecture - INFO - Training xgboost for double_chance...
2025-10-11 00:21:58,425 - multi_market_model_architecture - ERROR - Error training xgboost for double_chance: Invalid classes inferred from unique values of `y`.  Expected: [0 1], got [-1.44641117  0.69136634]
2025-10-11 00:21:58,425 - multi_market_model_architecture - INFO - Training lightgbm for double_chance...
2025-10-11 00:21:58,426 - multi_market_model_architecture - ERROR - Error training lightgbm for double_chance: Unknown label type: continuous. Maybe you are trying to fit a classifier, which expects discrete classes on a regression target with continuous values.
2025-10-11 00:21:58,426 - multi_market_model_architecture - INFO - Training random_forest for double_chance...
2025-10-11 00:21:58,428 - multi_market_model_architecture - ERROR - Error training random_forest for double_chance: Unknown label type: continuous. Maybe you are trying to fit a classifier, which expects discrete classes on a regression target with continuous values.
2025-10-11 00:21:58,429 - multi_market_model_architecture - INFO - Creating market ensembles
2025-10-11 00:21:58,429 - multi_market_model_architecture - INFO - Created 0 ensemble models
2025-10-11 00:21:58,429 - multi_market_integration - INFO - Multi-market model training complete
2025-10-11 00:21:58,429 - multi_market_integration - INFO - Phase 4: Making Predictions
2025-10-11 00:21:58,429 - multi_market_integration - INFO - Making multi-market predictions
2025-10-11 00:21:58,429 - multi_market_model_architecture - INFO - Creating market-specific features
2025-10-11 00:21:58,440 - multi_market_model_architecture - INFO - Created features for 6 markets
2025-10-11 00:21:58,441 - multi_market_model_architecture - INFO - Making multi-market predictions
2025-10-11 00:21:58,441 - multi_market_model_architecture - INFO - Creating market-specific features
2025-10-11 00:21:58,453 - multi_market_model_architecture - INFO - Created features for 6 markets
2025-10-11 00:21:58,453 - multi_market_model_architecture - WARNING - Skipping match_result - model is None
2025-10-11 00:21:58,453 - multi_market_model_architecture - WARNING - Skipping both_teams_score - model is None
2025-10-11 00:21:58,453 - multi_market_model_architecture - WARNING - Skipping over_under_25 - model is None
2025-10-11 00:21:58,454 - multi_market_model_architecture - WARNING - Skipping over_under_15 - model is None
2025-10-11 00:21:58,454 - multi_market_model_architecture - WARNING - Skipping half_time_result - model is None
2025-10-11 00:21:58,454 - multi_market_model_architecture - WARNING - Skipping double_chance - model is None
2025-10-11 00:21:58,454 - multi_market_model_architecture - INFO - Calculating market correlations
2025-10-11 00:21:58,454 - multi_market_integration - INFO - Predictions made for 0 models
2025-10-11 00:21:58,454 - multi_market_integration - INFO - Phase 5: Strategy Execution
2025-10-11 00:21:58,455 - multi_market_integration - INFO - Executing multi-market strategy
2025-10-11 00:21:58,456 - multi_market_strategy - INFO - Executing multi-market strategy
2025-10-11 00:21:58,456 - multi_market_strategy - INFO - Selecting best markets
2025-10-11 00:21:58,456 - multi_market_strategy - INFO - Selected markets: ['match_result', 'both_teams_score']
2025-10-11 00:21:58,456 - multi_market_strategy - INFO - Calculating position sizes
2025-10-11 00:21:58,456 - multi_market_strategy - INFO - Optimizing portfolio weights
2025-10-11 00:21:58,456 - multi_market_strategy - INFO - Optimized weights: {'match_result': 0.625, 'both_teams_score': 0.375}
2025-10-11 00:21:58,457 - multi_market_strategy - INFO - Position sizes: {'match_result': 31.25, 'both_teams_score': 18.75}
2025-10-11 00:21:58,457 - multi_market_strategy - INFO - Multi-market strategy executed: 2 bets, 50.00 total risk
2025-10-11 00:21:58,457 - multi_market_integration - INFO - Complete multi-market pipeline executed successfully
2025-10-11 00:21:58,462 - __main__ - INFO - Multi-market pipeline completed successfully in 41.70 seconds
