2025-10-11 00:18:06,436 - __main__ - INFO - Master Pipeline initialized
2025-10-11 00:18:06,436 - __main__ - INFO - Using default configuration
2025-10-11 00:18:06,437 - __main__ - INFO - ================================================================================
2025-10-11 00:18:06,437 - __main__ - INFO - STARTING MULTI-MARKET BETTING PIPELINE
2025-10-11 00:18:06,437 - __main__ - INFO - ================================================================================
2025-10-11 00:18:06,437 - multi_market_integration - INFO - Initializing multi-market components
2025-10-11 00:18:06,437 - multi_market_integration - INFO - All components initialized
2025-10-11 00:18:06,437 - multi_market_integration - INFO - Running complete multi-market pipeline for E1
2025-10-11 00:18:06,437 - multi_market_integration - INFO - Phase 1: Data Collection
2025-10-11 00:18:06,437 - multi_market_integration - INFO - Collecting multi-market data for E1
2025-10-11 00:18:06,437 - non_major_league_data_collector - INFO - Collecting multi-market data for E1
2025-10-11 00:18:06,437 - non_major_league_data_collector - INFO - Collecting historical data for E1, seasons: ['2324', '2223']
2025-10-11 00:18:09,492 - non_major_league_data_collector - INFO - Collected 552 matches for E1 2324
2025-10-11 00:18:12,865 - non_major_league_data_collector - INFO - Collected 552 matches for E1 2223
2025-10-11 00:18:12,869 - non_major_league_data_collector - INFO - Validating data quality for E1
2025-10-11 00:18:12,900 - non_major_league_data_collector - INFO - Removed 0 duplicate rows
2025-10-11 00:18:12,925 - non_major_league_data_collector - WARNING - Found 634 invalid dates
2025-10-11 00:18:12,940 - non_major_league_data_collector - INFO - Found 30 unique teams
2025-10-11 00:18:12,970 - non_major_league_data_collector - INFO - Data validation complete. Final dataset: 470 matches
2025-10-11 00:18:12,971 - non_major_league_data_collector - INFO - Total historical data collected: 470 matches
2025-10-11 00:18:12,971 - non_major_league_data_collector - INFO - Enhancing with match statistics
2025-10-11 00:18:12,971 - non_major_league_data_collector - INFO - Enhancing with half-time data
2025-10-11 00:18:12,978 - non_major_league_data_collector - INFO - Enhancing with detailed statistics
2025-10-11 00:18:12,990 - non_major_league_data_collector - INFO - Multi-market data collection complete: 470 matches
2025-10-11 00:18:12,990 - multi_market_integration - INFO - Collected 470 matches with 126 features
2025-10-11 00:18:12,990 - multi_market_integration - INFO - Phase 2: Feature Engineering
2025-10-11 00:18:12,990 - multi_market_integration - INFO - Engineering multi-market features
2025-10-11 00:18:12,990 - multi_market_strategy - INFO - Creating multi-market targets
2025-10-11 00:18:13,061 - multi_market_strategy - INFO - Created 14 market targets
2025-10-11 00:18:13,061 - multi_market_strategy - INFO - Creating market-specific features
2025-10-11 00:18:13,173 - multi_market_strategy - INFO - Created market-specific features
2025-10-11 00:18:13,173 - non_major_league_feature_engineer - INFO - Starting feature engineering for 470 matches
2025-10-11 00:18:13,175 - non_major_league_feature_engineer - INFO - Creating basic features
2025-10-11 00:18:13,182 - non_major_league_feature_engineer - INFO - Creating form features
2025-10-11 00:18:22,435 - non_major_league_feature_engineer - INFO - Creating consistency features
2025-10-11 00:18:25,337 - non_major_league_feature_engineer - INFO - Creating market features
2025-10-11 00:18:25,356 - non_major_league_feature_engineer - INFO - Creating temporal features
2025-10-11 00:18:27,737 - non_major_league_feature_engineer - INFO - Creating seasonal features
2025-10-11 00:18:29,853 - non_major_league_feature_engineer - INFO - Creating fixture congestion features
2025-10-11 00:18:37,606 - non_major_league_feature_engineer - INFO - Creating temporal context features
2025-10-11 00:18:37,615 - non_major_league_feature_engineer - INFO - Creating momentum features
2025-10-11 00:18:42,496 - non_major_league_feature_engineer - INFO - Creating league position features
2025-10-11 00:18:42,699 - non_major_league_feature_engineer - INFO - Creating league-specific features
2025-10-11 00:18:42,700 - non_major_league_feature_engineer - INFO - Creating cross-league features
2025-10-11 00:18:42,702 - non_major_league_feature_engineer - INFO - Creating advanced statistical features
2025-10-11 00:18:42,707 - non_major_league_feature_engineer - INFO - Creating team embedding features
2025-10-11 00:18:43,007 - non_major_league_feature_engineer - INFO - Finalizing features
2025-10-11 00:18:43,287 - non_major_league_feature_engineer - INFO - Feature engineering complete. Final features: 286
2025-10-11 00:18:43,287 - multi_market_integration - INFO - Feature engineering complete: 286 features
2025-10-11 00:18:43,288 - multi_market_integration - INFO - Phase 3: Model Training
2025-10-11 00:18:43,288 - multi_market_integration - INFO - Training multi-market models
2025-10-11 00:18:43,288 - multi_market_model_architecture - INFO - Creating market-specific features
2025-10-11 00:18:43,295 - multi_market_model_architecture - INFO - Created features for 6 markets
2025-10-11 00:18:43,296 - multi_market_model_architecture - INFO - Training separate models
2025-10-11 00:18:43,296 - multi_market_model_architecture - INFO - Creating separate models for each market
2025-10-11 00:18:43,297 - multi_market_model_architecture - INFO - Created separate models for 10 markets
2025-10-11 00:18:43,297 - multi_market_model_architecture - INFO - Creating market ensembles
2025-10-11 00:18:43,297 - multi_market_model_architecture - INFO - Created 0 ensemble models
2025-10-11 00:18:43,298 - multi_market_integration - INFO - Multi-market model training complete
2025-10-11 00:18:43,298 - multi_market_integration - INFO - Phase 4: Making Predictions
2025-10-11 00:18:43,298 - multi_market_integration - INFO - Making multi-market predictions
2025-10-11 00:18:43,298 - multi_market_model_architecture - INFO - Creating market-specific features
2025-10-11 00:18:43,307 - multi_market_model_architecture - INFO - Created features for 6 markets
2025-10-11 00:18:43,308 - multi_market_model_architecture - INFO - Making multi-market predictions
2025-10-11 00:18:43,308 - multi_market_model_architecture - INFO - Creating market-specific features
2025-10-11 00:18:43,318 - multi_market_model_architecture - INFO - Created features for 6 markets
2025-10-11 00:18:43,319 - multi_market_model_architecture - ERROR - Error predicting with match_result: need to call fit or load_model beforehand
2025-10-11 00:18:43,319 - multi_market_model_architecture - ERROR - Error predicting with both_teams_score: need to call fit or load_model beforehand
2025-10-11 00:18:43,319 - multi_market_model_architecture - ERROR - Error predicting with over_under_25: need to call fit or load_model beforehand
2025-10-11 00:18:43,319 - multi_market_model_architecture - ERROR - Error predicting with over_under_15: need to call fit or load_model beforehand
2025-10-11 00:18:43,320 - multi_market_model_architecture - ERROR - Error predicting with half_time_result: need to call fit or load_model beforehand
2025-10-11 00:18:43,320 - multi_market_model_architecture - ERROR - Error predicting with double_chance: need to call fit or load_model beforehand
2025-10-11 00:18:43,325 - multi_market_model_architecture - ERROR - Error predicting with correct_score: need to call fit or load_model beforehand
2025-10-11 00:18:43,331 - multi_market_model_architecture - ERROR - Error predicting with clean_sheet: need to call fit or load_model beforehand
2025-10-11 00:18:43,337 - multi_market_model_architecture - ERROR - Error predicting with first_goal: need to call fit or load_model beforehand
2025-10-11 00:18:43,344 - multi_market_model_architecture - ERROR - Error predicting with win_to_nil: need to call fit or load_model beforehand
2025-10-11 00:18:43,344 - multi_market_model_architecture - INFO - Calculating market correlations
2025-10-11 00:18:43,344 - multi_market_integration - INFO - Predictions made for 0 models
2025-10-11 00:18:43,344 - multi_market_integration - INFO - Phase 5: Strategy Execution
2025-10-11 00:18:43,345 - multi_market_integration - INFO - Executing multi-market strategy
2025-10-11 00:18:43,345 - multi_market_strategy - INFO - Executing multi-market strategy
2025-10-11 00:18:43,345 - multi_market_strategy - INFO - Selecting best markets
2025-10-11 00:18:43,345 - multi_market_strategy - INFO - Selected markets: ['match_result', 'both_teams_score']
2025-10-11 00:18:43,345 - multi_market_strategy - INFO - Calculating position sizes
2025-10-11 00:18:43,345 - multi_market_strategy - INFO - Optimizing portfolio weights
2025-10-11 00:18:43,345 - multi_market_strategy - INFO - Optimized weights: {'match_result': 0.625, 'both_teams_score': 0.375}
2025-10-11 00:18:43,345 - multi_market_strategy - INFO - Position sizes: {'match_result': 31.25, 'both_teams_score': 18.75}
2025-10-11 00:18:43,345 - multi_market_strategy - INFO - Multi-market strategy executed: 2 bets, 50.00 total risk
2025-10-11 00:18:43,346 - multi_market_integration - INFO - Complete multi-market pipeline executed successfully
2025-10-11 00:18:43,347 - __main__ - INFO - Multi-market pipeline completed successfully in 36.91 seconds
