2025-10-11 00:23:03,996 - __main__ - INFO - Master Pipeline initialized
2025-10-11 00:23:03,997 - __main__ - INFO - Using default configuration
2025-10-11 00:23:03,997 - __main__ - INFO - ================================================================================
2025-10-11 00:23:03,997 - __main__ - INFO - STARTING MULTI-MARKET BETTING PIPELINE
2025-10-11 00:23:03,997 - __main__ - INFO - ================================================================================
2025-10-11 00:23:03,997 - multi_market_integration - INFO - Initializing multi-market components
2025-10-11 00:23:03,997 - multi_market_integration - INFO - All components initialized
2025-10-11 00:23:03,997 - multi_market_integration - INFO - Running complete multi-market pipeline for E1
2025-10-11 00:23:03,997 - multi_market_integration - INFO - Phase 1: Data Collection
2025-10-11 00:23:03,997 - multi_market_integration - INFO - Collecting multi-market data for E1
2025-10-11 00:23:03,998 - non_major_league_data_collector - INFO - Collecting multi-market data for E1
2025-10-11 00:23:03,998 - non_major_league_data_collector - INFO - Collecting historical data for E1, seasons: ['2324', '2223']
2025-10-11 00:23:08,736 - non_major_league_data_collector - INFO - Collected 552 matches for E1 2324
2025-10-11 00:23:12,729 - non_major_league_data_collector - INFO - Collected 552 matches for E1 2223
2025-10-11 00:23:12,730 - non_major_league_data_collector - INFO - Validating data quality for E1
2025-10-11 00:23:12,745 - non_major_league_data_collector - INFO - Removed 0 duplicate rows
2025-10-11 00:23:12,755 - non_major_league_data_collector - WARNING - Found 634 invalid dates
2025-10-11 00:23:12,760 - non_major_league_data_collector - INFO - Found 30 unique teams
2025-10-11 00:23:12,775 - non_major_league_data_collector - INFO - Data validation complete. Final dataset: 470 matches
2025-10-11 00:23:12,776 - non_major_league_data_collector - INFO - Total historical data collected: 470 matches
2025-10-11 00:23:12,776 - non_major_league_data_collector - INFO - Enhancing with match statistics
2025-10-11 00:23:12,776 - non_major_league_data_collector - INFO - Enhancing with half-time data
2025-10-11 00:23:12,779 - non_major_league_data_collector - INFO - Enhancing with detailed statistics
2025-10-11 00:23:12,786 - non_major_league_data_collector - INFO - Multi-market data collection complete: 470 matches
2025-10-11 00:23:12,786 - multi_market_integration - INFO - Collected 470 matches with 126 features
2025-10-11 00:23:12,786 - multi_market_integration - INFO - Phase 2: Feature Engineering
2025-10-11 00:23:12,786 - multi_market_integration - INFO - Engineering multi-market features
2025-10-11 00:23:12,786 - multi_market_strategy - INFO - Creating multi-market targets
2025-10-11 00:23:12,822 - multi_market_strategy - INFO - Created 14 market targets
2025-10-11 00:23:12,822 - multi_market_strategy - INFO - Creating market-specific features
2025-10-11 00:23:12,896 - multi_market_strategy - INFO - Created market-specific features
2025-10-11 00:23:12,896 - non_major_league_feature_engineer - INFO - Starting feature engineering for 470 matches
2025-10-11 00:23:12,898 - non_major_league_feature_engineer - INFO - Creating basic features
2025-10-11 00:23:12,906 - non_major_league_feature_engineer - INFO - Creating form features
2025-10-11 00:23:25,091 - non_major_league_feature_engineer - INFO - Creating consistency features
2025-10-11 00:23:30,787 - non_major_league_feature_engineer - INFO - Creating market features
2025-10-11 00:23:30,825 - non_major_league_feature_engineer - INFO - Creating temporal features
2025-10-11 00:23:34,502 - non_major_league_feature_engineer - INFO - Creating seasonal features
2025-10-11 00:23:38,336 - non_major_league_feature_engineer - INFO - Creating fixture congestion features
2025-10-11 00:23:51,284 - non_major_league_feature_engineer - INFO - Creating temporal context features
2025-10-11 00:23:51,298 - non_major_league_feature_engineer - INFO - Creating momentum features
2025-10-11 00:23:58,950 - non_major_league_feature_engineer - INFO - Creating league position features
2025-10-11 00:23:59,289 - non_major_league_feature_engineer - INFO - Creating league-specific features
2025-10-11 00:23:59,289 - non_major_league_feature_engineer - INFO - Creating cross-league features
2025-10-11 00:23:59,292 - non_major_league_feature_engineer - INFO - Creating advanced statistical features
2025-10-11 00:23:59,305 - non_major_league_feature_engineer - INFO - Creating team embedding features
2025-10-11 00:23:59,750 - non_major_league_feature_engineer - INFO - Finalizing features
2025-10-11 00:24:00,309 - non_major_league_feature_engineer - INFO - Feature engineering complete. Final features: 286
2025-10-11 00:24:00,309 - multi_market_integration - INFO - Feature engineering complete: 286 features
2025-10-11 00:24:00,310 - multi_market_integration - INFO - Phase 3: Model Training
2025-10-11 00:24:00,310 - multi_market_integration - INFO - Training multi-market models
2025-10-11 00:24:00,310 - multi_market_model_architecture - INFO - Creating market-specific features
2025-10-11 00:24:00,322 - multi_market_model_architecture - INFO - Created features for 6 markets
2025-10-11 00:24:00,324 - multi_market_model_architecture - INFO - Training separate models
2025-10-11 00:24:00,324 - multi_market_model_architecture - INFO - Creating separate models for each market
2025-10-11 00:24:00,325 - multi_market_model_architecture - INFO - Created separate models for 10 markets
2025-10-11 00:24:00,326 - multi_market_model_architecture - INFO - Training xgboost for match_result...
2025-10-11 00:25:03,817 - multi_market_model_architecture - INFO - Training lightgbm for match_result...
2025-10-11 00:25:34,771 - multi_market_model_architecture - INFO - Training random_forest for match_result...
2025-10-11 00:25:35,115 - multi_market_model_architecture - INFO - Training xgboost for both_teams_score...
2025-10-11 00:25:46,835 - multi_market_model_architecture - INFO - Training lightgbm for both_teams_score...
2025-10-11 00:25:57,456 - multi_market_model_architecture - INFO - Training random_forest for both_teams_score...
2025-10-11 00:25:57,742 - multi_market_model_architecture - INFO - Training xgboost for over_under_25...
2025-10-11 00:26:09,183 - multi_market_model_architecture - INFO - Training lightgbm for over_under_25...
2025-10-11 00:26:23,880 - multi_market_model_architecture - INFO - Training random_forest for over_under_25...
2025-10-11 00:26:24,209 - multi_market_model_architecture - INFO - Training xgboost for over_under_15...
2025-10-11 00:26:37,000 - multi_market_model_architecture - INFO - Training lightgbm for over_under_15...
2025-10-11 00:26:44,150 - multi_market_model_architecture - INFO - Training random_forest for over_under_15...
2025-10-11 00:26:44,557 - multi_market_model_architecture - INFO - Training xgboost for half_time_result...
2025-10-11 00:27:35,542 - multi_market_model_architecture - INFO - Training lightgbm for half_time_result...
2025-10-11 00:28:13,328 - multi_market_model_architecture - INFO - Training random_forest for half_time_result...
2025-10-11 00:28:13,623 - multi_market_model_architecture - INFO - Training xgboost for double_chance...
2025-10-11 00:28:25,283 - multi_market_model_architecture - INFO - Training lightgbm for double_chance...
2025-10-11 00:28:42,402 - multi_market_model_architecture - INFO - Training random_forest for double_chance...
2025-10-11 00:28:42,704 - multi_market_model_architecture - INFO - Creating market ensembles
2025-10-11 00:28:42,705 - multi_market_model_architecture - INFO - Created 0 ensemble models
2025-10-11 00:28:42,705 - multi_market_integration - INFO - Multi-market model training complete
2025-10-11 00:28:42,705 - multi_market_integration - INFO - Phase 4: Making Predictions
2025-10-11 00:28:42,705 - multi_market_integration - INFO - Making multi-market predictions
2025-10-11 00:28:42,705 - multi_market_model_architecture - INFO - Creating market-specific features
2025-10-11 00:28:42,736 - multi_market_model_architecture - INFO - Created features for 6 markets
2025-10-11 00:28:42,736 - multi_market_model_architecture - INFO - Making multi-market predictions
2025-10-11 00:28:42,736 - multi_market_model_architecture - INFO - Creating market-specific features
2025-10-11 00:28:42,756 - multi_market_model_architecture - INFO - Created features for 6 markets
2025-10-11 00:28:42,961 - multi_market_model_architecture - INFO - Calculating market correlations
2025-10-11 00:28:42,979 - multi_market_integration - INFO - Predictions made for 6 models
2025-10-11 00:28:42,979 - multi_market_integration - INFO - Phase 5: Strategy Execution
2025-10-11 00:28:42,981 - multi_market_integration - INFO - Executing multi-market strategy
2025-10-11 00:28:42,981 - multi_market_strategy - INFO - Executing multi-market strategy
2025-10-11 00:28:42,981 - multi_market_strategy - INFO - Selecting best markets
2025-10-11 00:28:42,981 - multi_market_strategy - INFO - Selected markets: ['match_result', 'both_teams_score']
2025-10-11 00:28:42,981 - multi_market_strategy - INFO - Calculating position sizes
2025-10-11 00:28:42,981 - multi_market_strategy - INFO - Optimizing portfolio weights
2025-10-11 00:28:42,981 - multi_market_strategy - INFO - Optimized weights: {'match_result': 0.625, 'both_teams_score': 0.375}
2025-10-11 00:28:42,981 - multi_market_strategy - INFO - Position sizes: {'match_result': 31.25, 'both_teams_score': 18.75}
2025-10-11 00:28:42,981 - multi_market_strategy - INFO - Multi-market strategy executed: 2 bets, 50.00 total risk
2025-10-11 00:28:42,981 - multi_market_integration - INFO - Complete multi-market pipeline executed successfully
2025-10-11 00:28:42,984 - __main__ - INFO - Multi-market pipeline completed successfully in 338.99 seconds
