2025-10-11 00:13:52,894 - __main__ - INFO - Master Pipeline initialized
2025-10-11 00:13:52,894 - __main__ - INFO - Using default configuration
2025-10-11 00:13:52,894 - __main__ - INFO - ================================================================================
2025-10-11 00:13:52,895 - __main__ - INFO - STARTING MULTI-MARKET BETTING PIPELINE
2025-10-11 00:13:52,895 - __main__ - INFO - ================================================================================
2025-10-11 00:13:52,895 - multi_market_integration - INFO - Initializing multi-market components
2025-10-11 00:13:52,895 - multi_market_integration - INFO - All components initialized
2025-10-11 00:13:52,895 - multi_market_integration - INFO - Running complete multi-market pipeline for E1
2025-10-11 00:13:52,895 - multi_market_integration - INFO - Phase 1: Data Collection
2025-10-11 00:13:52,895 - multi_market_integration - INFO - Collecting multi-market data for E1
2025-10-11 00:13:52,895 - non_major_league_data_collector - INFO - Collecting multi-market data for E1
2025-10-11 00:13:52,895 - non_major_league_data_collector - INFO - Collecting historical data for E1, seasons: ['2324', '2223']
2025-10-11 00:13:56,428 - non_major_league_data_collector - INFO - Collected 552 matches for E1 2324
2025-10-11 00:13:59,937 - non_major_league_data_collector - INFO - Collected 552 matches for E1 2223
2025-10-11 00:13:59,941 - non_major_league_data_collector - INFO - Validating data quality for E1
2025-10-11 00:13:59,965 - non_major_league_data_collector - INFO - Removed 0 duplicate rows
2025-10-11 00:13:59,976 - non_major_league_data_collector - WARNING - Found 634 invalid dates
2025-10-11 00:13:59,983 - non_major_league_data_collector - INFO - Found 30 unique teams
2025-10-11 00:13:59,995 - non_major_league_data_collector - INFO - Data validation complete. Final dataset: 470 matches
2025-10-11 00:13:59,995 - non_major_league_data_collector - INFO - Total historical data collected: 470 matches
2025-10-11 00:13:59,996 - non_major_league_data_collector - INFO - Enhancing with match statistics
2025-10-11 00:13:59,996 - non_major_league_data_collector - INFO - Enhancing with half-time data
2025-10-11 00:13:59,999 - non_major_league_data_collector - INFO - Enhancing with detailed statistics
2025-10-11 00:14:00,007 - non_major_league_data_collector - INFO - Multi-market data collection complete: 470 matches
2025-10-11 00:14:00,007 - multi_market_integration - INFO - Collected 470 matches with 126 features
2025-10-11 00:14:00,007 - multi_market_integration - INFO - Phase 2: Feature Engineering
2025-10-11 00:14:00,007 - multi_market_integration - INFO - Engineering multi-market features
2025-10-11 00:14:00,007 - multi_market_strategy - INFO - Creating multi-market targets
2025-10-11 00:14:00,051 - multi_market_strategy - INFO - Created 14 market targets
2025-10-11 00:14:00,051 - multi_market_strategy - INFO - Creating market-specific features
2025-10-11 00:14:00,104 - multi_market_strategy - INFO - Created market-specific features
2025-10-11 00:14:00,104 - non_major_league_feature_engineer - INFO - Starting feature engineering for 470 matches
2025-10-11 00:14:00,105 - non_major_league_feature_engineer - INFO - Creating basic features
2025-10-11 00:14:00,109 - non_major_league_feature_engineer - INFO - Creating form features
2025-10-11 00:14:09,368 - non_major_league_feature_engineer - INFO - Creating consistency features
2025-10-11 00:14:12,641 - non_major_league_feature_engineer - INFO - Creating market features
2025-10-11 00:14:12,668 - non_major_league_feature_engineer - INFO - Creating temporal features
2025-10-11 00:14:15,919 - non_major_league_feature_engineer - INFO - Creating seasonal features
2025-10-11 00:14:18,574 - non_major_league_feature_engineer - INFO - Creating fixture congestion features
2025-10-11 00:14:27,336 - non_major_league_feature_engineer - INFO - Creating temporal context features
2025-10-11 00:14:27,344 - non_major_league_feature_engineer - INFO - Creating momentum features
2025-10-11 00:14:33,336 - non_major_league_feature_engineer - INFO - Creating league position features
2025-10-11 00:14:33,590 - non_major_league_feature_engineer - INFO - Creating league-specific features
2025-10-11 00:14:33,591 - non_major_league_feature_engineer - INFO - Creating cross-league features
2025-10-11 00:14:33,592 - non_major_league_feature_engineer - INFO - Creating advanced statistical features
2025-10-11 00:14:33,596 - non_major_league_feature_engineer - INFO - Creating team embedding features
2025-10-11 00:14:33,913 - non_major_league_feature_engineer - INFO - Finalizing features
2025-10-11 00:14:34,210 - non_major_league_feature_engineer - INFO - Feature engineering complete. Final features: 286
2025-10-11 00:14:34,210 - multi_market_integration - INFO - Feature engineering complete: 286 features
2025-10-11 00:14:34,211 - multi_market_integration - INFO - Phase 3: Model Training
2025-10-11 00:14:34,211 - multi_market_integration - INFO - Training multi-market models
2025-10-11 00:14:34,211 - multi_market_model_architecture - INFO - Creating market-specific features
2025-10-11 00:14:34,220 - multi_market_model_architecture - INFO - Created features for 6 markets
2025-10-11 00:14:34,221 - multi_market_model_architecture - INFO - Training separate models
2025-10-11 00:14:34,221 - multi_market_model_architecture - INFO - Creating separate models for each market
2025-10-11 00:14:34,222 - multi_market_model_architecture - INFO - Created separate models for 10 markets
2025-10-11 00:14:34,222 - multi_market_model_architecture - INFO - Creating market ensembles
2025-10-11 00:14:34,222 - multi_market_model_architecture - INFO - Created 0 ensemble models
2025-10-11 00:14:34,222 - multi_market_integration - INFO - Multi-market model training complete
2025-10-11 00:14:34,222 - multi_market_integration - INFO - Phase 4: Making Predictions
2025-10-11 00:14:34,222 - multi_market_integration - INFO - Making multi-market predictions
2025-10-11 00:14:34,222 - multi_market_model_architecture - INFO - Creating market-specific features
2025-10-11 00:14:34,237 - multi_market_model_architecture - INFO - Created features for 6 markets
2025-10-11 00:14:34,237 - multi_market_model_architecture - INFO - Making multi-market predictions
2025-10-11 00:14:34,237 - multi_market_model_architecture - INFO - Creating market-specific features
2025-10-11 00:14:34,250 - multi_market_model_architecture - INFO - Created features for 6 markets
2025-10-11 00:14:34,251 - multi_market_model_architecture - ERROR - Error predicting with match_result: need to call fit or load_model beforehand
2025-10-11 00:14:34,252 - multi_market_model_architecture - ERROR - Error predicting with both_teams_score: need to call fit or load_model beforehand
2025-10-11 00:14:34,252 - multi_market_model_architecture - ERROR - Error predicting with over_under_25: need to call fit or load_model beforehand
2025-10-11 00:14:34,253 - multi_market_model_architecture - ERROR - Error predicting with over_under_15: need to call fit or load_model beforehand
2025-10-11 00:14:34,253 - multi_market_model_architecture - ERROR - Error predicting with half_time_result: need to call fit or load_model beforehand
2025-10-11 00:14:34,253 - multi_market_model_architecture - ERROR - Error predicting with double_chance: need to call fit or load_model beforehand
2025-10-11 00:14:34,262 - multi_market_model_architecture - ERROR - Error predicting with correct_score: need to call fit or load_model beforehand
2025-10-11 00:14:34,272 - multi_market_model_architecture - ERROR - Error predicting with clean_sheet: need to call fit or load_model beforehand
2025-10-11 00:14:34,279 - multi_market_model_architecture - ERROR - Error predicting with first_goal: need to call fit or load_model beforehand
2025-10-11 00:14:34,289 - multi_market_model_architecture - ERROR - Error predicting with win_to_nil: need to call fit or load_model beforehand
2025-10-11 00:14:34,290 - multi_market_model_architecture - INFO - Calculating market correlations
2025-10-11 00:14:34,290 - multi_market_integration - INFO - Predictions made for 0 models
2025-10-11 00:14:34,290 - multi_market_integration - INFO - Phase 5: Strategy Execution
2025-10-11 00:14:34,292 - multi_market_integration - INFO - Executing multi-market strategy
2025-10-11 00:14:34,292 - multi_market_strategy - INFO - Executing multi-market strategy
2025-10-11 00:14:34,292 - multi_market_strategy - INFO - Selecting best markets
2025-10-11 00:14:34,292 - multi_market_strategy - INFO - Selected markets: ['match_result', 'both_teams_score']
2025-10-11 00:14:34,292 - multi_market_strategy - INFO - Calculating position sizes
2025-10-11 00:14:34,292 - multi_market_strategy - INFO - Optimizing portfolio weights
2025-10-11 00:14:34,293 - multi_market_strategy - INFO - Optimized weights: {'match_result': 0.625, 'both_teams_score': 0.375}
2025-10-11 00:14:34,293 - multi_market_strategy - INFO - Position sizes: {'match_result': 31.25, 'both_teams_score': 18.75}
2025-10-11 00:14:34,293 - multi_market_strategy - INFO - Multi-market strategy executed: 2 bets, 50.00 total risk
2025-10-11 00:14:34,293 - multi_market_integration - INFO - Complete multi-market pipeline executed successfully
2025-10-11 00:14:34,296 - __main__ - INFO - Multi-market pipeline completed successfully in 41.40 seconds
